{"D:\\backup(m)\\node-project-git\\node-js-project\\src\\tests\\ApiResponse.test.js":{"path":"D:\\backup(m)\\node-project-git\\node-js-project\\src\\tests\\ApiResponse.test.js","statementMap":{"0":{"start":{"line":40,"column":19},"end":{"line":40,"column":34}},"1":{"start":{"line":41,"column":20},"end":{"line":41,"column":51}},"2":{"start":{"line":46,"column":0},"end":{"line":80,"column":3}},"3":{"start":{"line":47,"column":2},"end":{"line":59,"column":5}},"4":{"start":{"line":48,"column":4},"end":{"line":52,"column":7}},"5":{"start":{"line":49,"column":18},"end":{"line":49,"column":39}},"6":{"start":{"line":50,"column":6},"end":{"line":50,"column":41}},"7":{"start":{"line":51,"column":6},"end":{"line":51,"column":58}},"8":{"start":{"line":54,"column":4},"end":{"line":58,"column":7}},"9":{"start":{"line":55,"column":18},"end":{"line":55,"column":64}},"10":{"start":{"line":56,"column":6},"end":{"line":56,"column":45}},"11":{"start":{"line":57,"column":6},"end":{"line":57,"column":63}},"12":{"start":{"line":61,"column":2},"end":{"line":79,"column":5}},"13":{"start":{"line":62,"column":4},"end":{"line":66,"column":7}},"14":{"start":{"line":63,"column":18},"end":{"line":63,"column":37}},"15":{"start":{"line":64,"column":6},"end":{"line":64,"column":42}},"16":{"start":{"line":65,"column":6},"end":{"line":65,"column":71}},"17":{"start":{"line":68,"column":4},"end":{"line":72,"column":7}},"18":{"start":{"line":69,"column":18},"end":{"line":69,"column":62}},"19":{"start":{"line":70,"column":6},"end":{"line":70,"column":58}},"20":{"start":{"line":71,"column":6},"end":{"line":71,"column":50}},"21":{"start":{"line":74,"column":4},"end":{"line":78,"column":7}},"22":{"start":{"line":75,"column":18},"end":{"line":75,"column":57}},"23":{"start":{"line":76,"column":6},"end":{"line":76,"column":42}},"24":{"start":{"line":77,"column":6},"end":{"line":77,"column":59}}},"fnMap":{"0":{"name":"(anonymous_0)","decl":{"start":{"line":46,"column":24},"end":{"line":46,"column":25}},"loc":{"start":{"line":46,"column":30},"end":{"line":80,"column":1}},"line":46},"1":{"name":"(anonymous_1)","decl":{"start":{"line":47,"column":22},"end":{"line":47,"column":23}},"loc":{"start":{"line":47,"column":28},"end":{"line":59,"column":3}},"line":47},"2":{"name":"(anonymous_2)","decl":{"start":{"line":48,"column":53},"end":{"line":48,"column":54}},"loc":{"start":{"line":48,"column":59},"end":{"line":52,"column":5}},"line":48},"3":{"name":"(anonymous_3)","decl":{"start":{"line":54,"column":49},"end":{"line":54,"column":50}},"loc":{"start":{"line":54,"column":55},"end":{"line":58,"column":5}},"line":54},"4":{"name":"(anonymous_4)","decl":{"start":{"line":61,"column":20},"end":{"line":61,"column":21}},"loc":{"start":{"line":61,"column":26},"end":{"line":79,"column":3}},"line":61},"5":{"name":"(anonymous_5)","decl":{"start":{"line":62,"column":50},"end":{"line":62,"column":51}},"loc":{"start":{"line":62,"column":56},"end":{"line":66,"column":5}},"line":62},"6":{"name":"(anonymous_6)","decl":{"start":{"line":68,"column":59},"end":{"line":68,"column":60}},"loc":{"start":{"line":68,"column":65},"end":{"line":72,"column":5}},"line":68},"7":{"name":"(anonymous_7)","decl":{"start":{"line":74,"column":49},"end":{"line":74,"column":50}},"loc":{"start":{"line":74,"column":55},"end":{"line":78,"column":5}},"line":74}},"branchMap":{},"s":{"0":1,"1":1,"2":1,"3":1,"4":1,"5":1,"6":1,"7":1,"8":1,"9":1,"10":1,"11":1,"12":1,"13":1,"14":1,"15":1,"16":1,"17":1,"18":1,"19":1,"20":1,"21":1,"22":1,"23":1,"24":1},"f":{"0":1,"1":1,"2":1,"3":1,"4":1,"5":1,"6":1,"7":1},"b":{},"_coverageSchema":"1a1c01bbd47fc00a2c39e90264f33305004495a9","hash":"a46e3608e160f0933396dc62d1a84dcc6aa0930c"},"D:\\backup(m)\\node-project-git\\node-js-project\\src\\utils\\ApiResponse.js":{"path":"D:\\backup(m)\\node-project-git\\node-js-project\\src\\utils\\ApiResponse.js","statementMap":{"0":{"start":{"line":3,"column":4},"end":{"line":9,"column":6}},"1":{"start":{"line":13,"column":4},"end":{"line":19,"column":6}},"2":{"start":{"line":35,"column":0},"end":{"line":35,"column":29}}},"fnMap":{"0":{"name":"(anonymous_0)","decl":{"start":{"line":2,"column":2},"end":{"line":2,"column":3}},"loc":{"start":{"line":2,"column":49},"end":{"line":10,"column":3}},"line":2},"1":{"name":"(anonymous_1)","decl":{"start":{"line":12,"column":2},"end":{"line":12,"column":3}},"loc":{"start":{"line":12,"column":72},"end":{"line":20,"column":3}},"line":12}},"branchMap":{"0":{"loc":{"start":{"line":2,"column":17},"end":{"line":2,"column":26}},"type":"default-arg","locations":[{"start":{"line":2,"column":24},"end":{"line":2,"column":26}}],"line":2},"1":{"loc":{"start":{"line":2,"column":28},"end":{"line":2,"column":47}},"type":"default-arg","locations":[{"start":{"line":2,"column":38},"end":{"line":2,"column":47}}],"line":2},"2":{"loc":{"start":{"line":12,"column":15},"end":{"line":12,"column":47}},"type":"default-arg","locations":[{"start":{"line":12,"column":25},"end":{"line":12,"column":47}}],"line":12},"3":{"loc":{"start":{"line":12,"column":49},"end":{"line":12,"column":59}},"type":"default-arg","locations":[{"start":{"line":12,"column":56},"end":{"line":12,"column":59}}],"line":12},"4":{"loc":{"start":{"line":12,"column":61},"end":{"line":12,"column":70}},"type":"default-arg","locations":[{"start":{"line":12,"column":68},"end":{"line":12,"column":70}}],"line":12},"5":{"loc":{"start":{"line":17,"column":11},"end":{"line":17,"column":27}},"type":"binary-expr","locations":[{"start":{"line":17,"column":11},"end":{"line":17,"column":15}},{"start":{"line":17,"column":19},"end":{"line":17,"column":27}}],"line":17}},"s":{"0":2,"1":3,"2":1},"f":{"0":2,"1":3},"b":{"0":[1],"1":[1],"2":[1],"3":[1],"4":[1],"5":[3,2]},"_coverageSchema":"1a1c01bbd47fc00a2c39e90264f33305004495a9","hash":"aaf73db900abaae304fbd930d08080edf4b87a2c"},"D:\\backup(m)\\node-project-git\\node-js-project\\src\\tests\\constants.test.js":{"path":"D:\\backup(m)\\node-project-git\\node-js-project\\src\\tests\\constants.test.js","statementMap":{"0":{"start":{"line":22,"column":19},"end":{"line":22,"column":34}},"1":{"start":{"line":23,"column":24},"end":{"line":23,"column":63}},"2":{"start":{"line":25,"column":0},"end":{"line":40,"column":3}},"3":{"start":{"line":26,"column":2},"end":{"line":29,"column":5}},"4":{"start":{"line":27,"column":16},"end":{"line":27,"column":60}},"5":{"start":{"line":28,"column":4},"end":{"line":28,"column":60}},"6":{"start":{"line":31,"column":2},"end":{"line":34,"column":5}},"7":{"start":{"line":32,"column":16},"end":{"line":32,"column":72}},"8":{"start":{"line":33,"column":4},"end":{"line":33,"column":61}},"9":{"start":{"line":36,"column":2},"end":{"line":39,"column":5}},"10":{"start":{"line":37,"column":16},"end":{"line":37,"column":59}},"11":{"start":{"line":38,"column":4},"end":{"line":38,"column":75}}},"fnMap":{"0":{"name":"(anonymous_0)","decl":{"start":{"line":25,"column":46},"end":{"line":25,"column":47}},"loc":{"start":{"line":25,"column":52},"end":{"line":40,"column":1}},"line":25},"1":{"name":"(anonymous_1)","decl":{"start":{"line":26,"column":59},"end":{"line":26,"column":60}},"loc":{"start":{"line":26,"column":65},"end":{"line":29,"column":3}},"line":26},"2":{"name":"(anonymous_2)","decl":{"start":{"line":31,"column":68},"end":{"line":31,"column":69}},"loc":{"start":{"line":31,"column":74},"end":{"line":34,"column":3}},"line":31},"3":{"name":"(anonymous_3)","decl":{"start":{"line":36,"column":57},"end":{"line":36,"column":58}},"loc":{"start":{"line":36,"column":63},"end":{"line":39,"column":3}},"line":36}},"branchMap":{},"s":{"0":1,"1":1,"2":1,"3":1,"4":1,"5":1,"6":1,"7":1,"8":1,"9":1,"10":1,"11":1},"f":{"0":1,"1":1,"2":1,"3":1},"b":{},"_coverageSchema":"1a1c01bbd47fc00a2c39e90264f33305004495a9","hash":"5d4fcf2d19fa076c2ba712715ab6afdf52c713e9"},"D:\\backup(m)\\node-project-git\\node-js-project\\src\\constants\\MessageConstant.js":{"path":"D:\\backup(m)\\node-project-git\\node-js-project\\src\\constants\\MessageConstant.js","statementMap":{"0":{"start":{"line":3,"column":0},"end":{"line":72,"column":2}},"1":{"start":{"line":43,"column":39},"end":{"line":43,"column":81}},"2":{"start":{"line":45,"column":6},"end":{"line":45,"column":60}},"3":{"start":{"line":46,"column":39},"end":{"line":46,"column":95}},"4":{"start":{"line":48,"column":8},"end":{"line":48,"column":54}}},"fnMap":{"0":{"name":"(anonymous_0)","decl":{"start":{"line":43,"column":26},"end":{"line":43,"column":27}},"loc":{"start":{"line":43,"column":39},"end":{"line":43,"column":81}},"line":43},"1":{"name":"(anonymous_1)","decl":{"start":{"line":44,"column":32},"end":{"line":44,"column":33}},"loc":{"start":{"line":45,"column":6},"end":{"line":45,"column":60}},"line":45},"2":{"name":"(anonymous_2)","decl":{"start":{"line":46,"column":26},"end":{"line":46,"column":27}},"loc":{"start":{"line":46,"column":39},"end":{"line":46,"column":95}},"line":46},"3":{"name":"(anonymous_3)","decl":{"start":{"line":47,"column":37},"end":{"line":47,"column":38}},"loc":{"start":{"line":48,"column":8},"end":{"line":48,"column":54}},"line":48}},"branchMap":{},"s":{"0":1,"1":1,"2":1,"3":2,"4":1},"f":{"0":1,"1":1,"2":2,"3":1},"b":{},"_coverageSchema":"1a1c01bbd47fc00a2c39e90264f33305004495a9","hash":"c455ff3a20d9e13b6609ac6e12e2bc9d90f54c14"},"D:\\backup(m)\\node-project-git\\node-js-project\\src\\tests\\envHelper.test.js":{"path":"D:\\backup(m)\\node-project-git\\node-js-project\\src\\tests\\envHelper.test.js","statementMap":{"0":{"start":{"line":2,"column":15},"end":{"line":2,"column":32}},"1":{"start":{"line":3,"column":14},"end":{"line":3,"column":30}},"2":{"start":{"line":4,"column":19},"end":{"line":4,"column":34}},"3":{"start":{"line":5,"column":18},"end":{"line":5,"column":47}},"4":{"start":{"line":9,"column":0},"end":{"line":50,"column":3}},"5":{"start":{"line":10,"column":2},"end":{"line":13,"column":5}},"6":{"start":{"line":12,"column":4},"end":{"line":12,"column":37}},"7":{"start":{"line":15,"column":2},"end":{"line":24,"column":5}},"8":{"start":{"line":17,"column":4},"end":{"line":17,"column":37}},"9":{"start":{"line":20,"column":4},"end":{"line":23,"column":7}},"10":{"start":{"line":26,"column":2},"end":{"line":29,"column":5}},"11":{"start":{"line":28,"column":4},"end":{"line":28,"column":20}},"12":{"start":{"line":31,"column":2},"end":{"line":33,"column":5}},"13":{"start":{"line":32,"column":4},"end":{"line":32,"column":55}},"14":{"start":{"line":35,"column":2},"end":{"line":38,"column":5}},"15":{"start":{"line":36,"column":18},"end":{"line":36,"column":46}},"16":{"start":{"line":37,"column":4},"end":{"line":37,"column":43}},"17":{"start":{"line":40,"column":2},"end":{"line":44,"column":5}},"18":{"start":{"line":41,"column":23},"end":{"line":41,"column":37}},"19":{"start":{"line":42,"column":18},"end":{"line":42,"column":66}},"20":{"start":{"line":43,"column":4},"end":{"line":43,"column":42}},"21":{"start":{"line":46,"column":2},"end":{"line":49,"column":5}},"22":{"start":{"line":47,"column":18},"end":{"line":47,"column":62}},"23":{"start":{"line":48,"column":4},"end":{"line":48,"column":36}}},"fnMap":{"0":{"name":"(anonymous_0)","decl":{"start":{"line":9,"column":35},"end":{"line":9,"column":36}},"loc":{"start":{"line":9,"column":41},"end":{"line":50,"column":1}},"line":9},"1":{"name":"(anonymous_1)","decl":{"start":{"line":10,"column":9},"end":{"line":10,"column":10}},"loc":{"start":{"line":10,"column":15},"end":{"line":13,"column":3}},"line":10},"2":{"name":"(anonymous_2)","decl":{"start":{"line":15,"column":13},"end":{"line":15,"column":14}},"loc":{"start":{"line":15,"column":19},"end":{"line":24,"column":3}},"line":15},"3":{"name":"(anonymous_3)","decl":{"start":{"line":26,"column":12},"end":{"line":26,"column":13}},"loc":{"start":{"line":26,"column":18},"end":{"line":29,"column":3}},"line":26},"4":{"name":"(anonymous_4)","decl":{"start":{"line":31,"column":44},"end":{"line":31,"column":45}},"loc":{"start":{"line":31,"column":50},"end":{"line":33,"column":3}},"line":31},"5":{"name":"(anonymous_5)","decl":{"start":{"line":35,"column":60},"end":{"line":35,"column":61}},"loc":{"start":{"line":35,"column":66},"end":{"line":38,"column":3}},"line":35},"6":{"name":"(anonymous_6)","decl":{"start":{"line":40,"column":83},"end":{"line":40,"column":84}},"loc":{"start":{"line":40,"column":89},"end":{"line":44,"column":3}},"line":40},"7":{"name":"(anonymous_7)","decl":{"start":{"line":46,"column":83},"end":{"line":46,"column":84}},"loc":{"start":{"line":46,"column":89},"end":{"line":49,"column":3}},"line":46}},"branchMap":{},"s":{"0":1,"1":1,"2":1,"3":1,"4":1,"5":1,"6":1,"7":1,"8":4,"9":4,"10":1,"11":4,"12":1,"13":1,"14":1,"15":1,"16":1,"17":1,"18":1,"19":1,"20":1,"21":1,"22":1,"23":1},"f":{"0":1,"1":1,"2":4,"3":4,"4":1,"5":1,"6":1,"7":1},"b":{},"_coverageSchema":"1a1c01bbd47fc00a2c39e90264f33305004495a9","hash":"616074c0d9e4edc39f688a1f806583c945ebdecd"},"D:\\backup(m)\\node-project-git\\node-js-project\\src\\utils\\envHelper.js":{"path":"D:\\backup(m)\\node-project-git\\node-js-project\\src\\utils\\envHelper.js","statementMap":{"0":{"start":{"line":1,"column":0},"end":{"line":1,"column":27}},"1":{"start":{"line":3,"column":15},"end":{"line":5,"column":1}},"2":{"start":{"line":4,"column":2},"end":{"line":4,"column":42}},"3":{"start":{"line":7,"column":0},"end":{"line":7,"column":28}}},"fnMap":{"0":{"name":"(anonymous_0)","decl":{"start":{"line":3,"column":15},"end":{"line":3,"column":16}},"loc":{"start":{"line":3,"column":45},"end":{"line":5,"column":1}},"line":3}},"branchMap":{"0":{"loc":{"start":{"line":3,"column":21},"end":{"line":3,"column":40}},"type":"default-arg","locations":[{"start":{"line":3,"column":36},"end":{"line":3,"column":40}}],"line":3},"1":{"loc":{"start":{"line":4,"column":9},"end":{"line":4,"column":41}},"type":"binary-expr","locations":[{"start":{"line":4,"column":9},"end":{"line":4,"column":25}},{"start":{"line":4,"column":29},"end":{"line":4,"column":41}}],"line":4}},"s":{"0":1,"1":1,"2":11,"3":1},"f":{"0":11},"b":{"0":[10],"1":[11,2]},"_coverageSchema":"1a1c01bbd47fc00a2c39e90264f33305004495a9","hash":"1dffc9b97a0d7f8d8e638bf15f5b0d5cbc8e985b"},"D:\\backup(m)\\node-project-git\\node-js-project\\src\\tests\\jsonapi.test.js":{"path":"D:\\backup(m)\\node-project-git\\node-js-project\\src\\tests\\jsonapi.test.js","statementMap":{"0":{"start":{"line":1,"column":14},"end":{"line":1,"column":30}},"1":{"start":{"line":2,"column":19},"end":{"line":2,"column":34}},"2":{"start":{"line":3,"column":14},"end":{"line":3,"column":30}},"3":{"start":{"line":4,"column":26},"end":{"line":4,"column":55}},"4":{"start":{"line":6,"column":0},"end":{"line":48,"column":3}},"5":{"start":{"line":9,"column":2},"end":{"line":14,"column":5}},"6":{"start":{"line":11,"column":4},"end":{"line":13,"column":7}},"7":{"start":{"line":12,"column":6},"end":{"line":12,"column":43}},"8":{"start":{"line":16,"column":2},"end":{"line":18,"column":5}},"9":{"start":{"line":17,"column":4},"end":{"line":17,"column":20}},"10":{"start":{"line":20,"column":2},"end":{"line":26,"column":5}},"11":{"start":{"line":21,"column":4},"end":{"line":21,"column":52}},"12":{"start":{"line":23,"column":19},"end":{"line":23,"column":67}},"13":{"start":{"line":24,"column":4},"end":{"line":24,"column":52}},"14":{"start":{"line":25,"column":4},"end":{"line":25,"column":44}},"15":{"start":{"line":28,"column":2},"end":{"line":35,"column":5}},"16":{"start":{"line":29,"column":4},"end":{"line":29,"column":64}},"17":{"start":{"line":30,"column":4},"end":{"line":30,"column":67}},"18":{"start":{"line":32,"column":19},"end":{"line":32,"column":80}},"19":{"start":{"line":33,"column":4},"end":{"line":33,"column":52}},"20":{"start":{"line":34,"column":4},"end":{"line":34,"column":44}},"21":{"start":{"line":37,"column":2},"end":{"line":47,"column":5}},"22":{"start":{"line":38,"column":4},"end":{"line":38,"column":50}},"23":{"start":{"line":40,"column":4},"end":{"line":45,"column":5}},"24":{"start":{"line":41,"column":6},"end":{"line":41,"column":68}},"25":{"start":{"line":42,"column":6},"end":{"line":42,"column":45}},"26":{"start":{"line":44,"column":6},"end":{"line":44,"column":72}},"27":{"start":{"line":46,"column":4},"end":{"line":46,"column":44}}},"fnMap":{"0":{"name":"(anonymous_0)","decl":{"start":{"line":6,"column":26},"end":{"line":6,"column":27}},"loc":{"start":{"line":6,"column":32},"end":{"line":48,"column":1}},"line":6},"1":{"name":"(anonymous_1)","decl":{"start":{"line":9,"column":13},"end":{"line":9,"column":14}},"loc":{"start":{"line":9,"column":19},"end":{"line":14,"column":3}},"line":9},"2":{"name":"(anonymous_2)","decl":{"start":{"line":11,"column":55},"end":{"line":11,"column":56}},"loc":{"start":{"line":11,"column":67},"end":{"line":13,"column":5}},"line":11},"3":{"name":"(anonymous_3)","decl":{"start":{"line":16,"column":12},"end":{"line":16,"column":13}},"loc":{"start":{"line":16,"column":18},"end":{"line":18,"column":3}},"line":16},"4":{"name":"(anonymous_4)","decl":{"start":{"line":20,"column":44},"end":{"line":20,"column":45}},"loc":{"start":{"line":20,"column":56},"end":{"line":26,"column":3}},"line":20},"5":{"name":"(anonymous_5)","decl":{"start":{"line":28,"column":51},"end":{"line":28,"column":52}},"loc":{"start":{"line":28,"column":63},"end":{"line":35,"column":3}},"line":28},"6":{"name":"(anonymous_6)","decl":{"start":{"line":37,"column":38},"end":{"line":37,"column":39}},"loc":{"start":{"line":37,"column":50},"end":{"line":47,"column":3}},"line":37}},"branchMap":{},"s":{"0":1,"1":1,"2":1,"3":1,"4":1,"5":1,"6":3,"7":0,"8":1,"9":3,"10":1,"11":1,"12":1,"13":1,"14":1,"15":1,"16":1,"17":1,"18":1,"19":1,"20":1,"21":1,"22":1,"23":1,"24":1,"25":0,"26":1,"27":1},"f":{"0":1,"1":3,"2":0,"3":3,"4":1,"5":1,"6":1},"b":{},"_coverageSchema":"1a1c01bbd47fc00a2c39e90264f33305004495a9","hash":"f213fe3ff79744f48ff3409fb4678eefe6ee4b4d"},"D:\\backup(m)\\node-project-git\\node-js-project\\src\\Service\\jsonapi.js":{"path":"D:\\backup(m)\\node-project-git\\node-js-project\\src\\Service\\jsonapi.js","statementMap":{"0":{"start":{"line":30,"column":14},"end":{"line":30,"column":30}},"1":{"start":{"line":32,"column":22},"end":{"line":62,"column":1}},"2":{"start":{"line":33,"column":16},"end":{"line":33,"column":17}},"3":{"start":{"line":35,"column":2},"end":{"line":61,"column":3}},"4":{"start":{"line":36,"column":4},"end":{"line":60,"column":5}},"5":{"start":{"line":37,"column":6},"end":{"line":37,"column":105}},"6":{"start":{"line":39,"column":21},"end":{"line":39,"column":58}},"7":{"start":{"line":40,"column":6},"end":{"line":42,"column":7}},"8":{"start":{"line":41,"column":8},"end":{"line":41,"column":27}},"9":{"start":{"line":44,"column":23},"end":{"line":44,"column":50}},"10":{"start":{"line":46,"column":6},"end":{"line":46,"column":71}},"11":{"start":{"line":47,"column":6},"end":{"line":47,"column":27}},"12":{"start":{"line":50,"column":6},"end":{"line":50,"column":16}},"13":{"start":{"line":51,"column":6},"end":{"line":51,"column":88}},"14":{"start":{"line":53,"column":6},"end":{"line":56,"column":7}},"15":{"start":{"line":54,"column":8},"end":{"line":54,"column":73}},"16":{"start":{"line":55,"column":8},"end":{"line":55,"column":103}},"17":{"start":{"line":58,"column":6},"end":{"line":58,"column":65}},"18":{"start":{"line":59,"column":6},"end":{"line":59,"column":57}},"19":{"start":{"line":59,"column":31},"end":{"line":59,"column":55}},"20":{"start":{"line":64,"column":0},"end":{"line":64,"column":35}}},"fnMap":{"0":{"name":"(anonymous_0)","decl":{"start":{"line":32,"column":22},"end":{"line":32,"column":23}},"loc":{"start":{"line":32,"column":86},"end":{"line":62,"column":1}},"line":32},"1":{"name":"(anonymous_1)","decl":{"start":{"line":59,"column":24},"end":{"line":59,"column":25}},"loc":{"start":{"line":59,"column":31},"end":{"line":59,"column":55}},"line":59}},"branchMap":{"0":{"loc":{"start":{"line":32,"column":42},"end":{"line":32,"column":53}},"type":"default-arg","locations":[{"start":{"line":32,"column":49},"end":{"line":32,"column":53}}],"line":32},"1":{"loc":{"start":{"line":32,"column":55},"end":{"line":32,"column":66}},"type":"default-arg","locations":[{"start":{"line":32,"column":65},"end":{"line":32,"column":66}}],"line":32},"2":{"loc":{"start":{"line":32,"column":68},"end":{"line":32,"column":81}},"type":"default-arg","locations":[{"start":{"line":32,"column":78},"end":{"line":32,"column":81}}],"line":32},"3":{"loc":{"start":{"line":40,"column":6},"end":{"line":42,"column":7}},"type":"if","locations":[{"start":{"line":40,"column":6},"end":{"line":42,"column":7}},{"start":{},"end":{}}],"line":40},"4":{"loc":{"start":{"line":40,"column":10},"end":{"line":40,"column":48}},"type":"binary-expr","locations":[{"start":{"line":40,"column":10},"end":{"line":40,"column":40}},{"start":{"line":40,"column":44},"end":{"line":40,"column":48}}],"line":40},"5":{"loc":{"start":{"line":51,"column":66},"end":{"line":51,"column":84}},"type":"binary-expr","locations":[{"start":{"line":51,"column":66},"end":{"line":51,"column":77}},{"start":{"line":51,"column":81},"end":{"line":51,"column":84}}],"line":51},"6":{"loc":{"start":{"line":53,"column":6},"end":{"line":56,"column":7}},"type":"if","locations":[{"start":{"line":53,"column":6},"end":{"line":56,"column":7}},{"start":{},"end":{}}],"line":53},"7":{"loc":{"start":{"line":55,"column":69},"end":{"line":55,"column":99}},"type":"binary-expr","locations":[{"start":{"line":55,"column":69},"end":{"line":55,"column":80}},{"start":{"line":55,"column":84},"end":{"line":55,"column":99}}],"line":55}},"s":{"0":1,"1":1,"2":3,"3":3,"4":5,"5":5,"6":5,"7":5,"8":0,"9":5,"10":2,"11":2,"12":3,"13":3,"14":3,"15":1,"16":1,"17":2,"18":2,"19":2,"20":1},"f":{"0":3,"1":2},"b":{"0":[1],"1":[1],"2":[1],"3":[0,5],"4":[5,0],"5":[3,0],"6":[1,2],"7":[1,0]},"_coverageSchema":"1a1c01bbd47fc00a2c39e90264f33305004495a9","hash":"f60d3ec3235d479d96ef168491170b74051ed291"},"D:\\backup(m)\\node-project-git\\node-js-project\\src\\tests\\jwt.test.js":{"path":"D:\\backup(m)\\node-project-git\\node-js-project\\src\\tests\\jwt.test.js","statementMap":{"0":{"start":{"line":53,"column":19},"end":{"line":53,"column":34}},"1":{"start":{"line":54,"column":14},"end":{"line":54,"column":30}},"2":{"start":{"line":55,"column":12},"end":{"line":55,"column":35}},"3":{"start":{"line":57,"column":19},"end":{"line":57,"column":32}},"4":{"start":{"line":60,"column":18},"end":{"line":63,"column":1}},"5":{"start":{"line":61,"column":30},"end":{"line":61,"column":80}},"6":{"start":{"line":62,"column":26},"end":{"line":62,"column":55}},"7":{"start":{"line":65,"column":0},"end":{"line":99,"column":3}},"8":{"start":{"line":69,"column":2},"end":{"line":71,"column":5}},"9":{"start":{"line":70,"column":4},"end":{"line":70,"column":20}},"10":{"start":{"line":73,"column":2},"end":{"line":81,"column":5}},"11":{"start":{"line":74,"column":20},"end":{"line":74,"column":29}},"12":{"start":{"line":75,"column":4},"end":{"line":75,"column":63}},"13":{"start":{"line":77,"column":18},"end":{"line":77,"column":50}},"14":{"start":{"line":79,"column":4},"end":{"line":79,"column":43}},"15":{"start":{"line":80,"column":4},"end":{"line":80,"column":86}},"16":{"start":{"line":83,"column":2},"end":{"line":92,"column":5}},"17":{"start":{"line":84,"column":18},"end":{"line":84,"column":32}},"18":{"start":{"line":85,"column":20},"end":{"line":85,"column":29}},"19":{"start":{"line":86,"column":4},"end":{"line":86,"column":60}},"20":{"start":{"line":88,"column":19},"end":{"line":88,"column":47}},"21":{"start":{"line":90,"column":4},"end":{"line":90,"column":42}},"22":{"start":{"line":91,"column":4},"end":{"line":91,"column":64}},"23":{"start":{"line":94,"column":2},"end":{"line":98,"column":5}},"24":{"start":{"line":95,"column":4},"end":{"line":95,"column":78}},"25":{"start":{"line":97,"column":4},"end":{"line":97,"column":79}},"26":{"start":{"line":97,"column":17},"end":{"line":97,"column":51}}},"fnMap":{"0":{"name":"(anonymous_0)","decl":{"start":{"line":61,"column":17},"end":{"line":61,"column":18}},"loc":{"start":{"line":61,"column":30},"end":{"line":61,"column":80}},"line":61},"1":{"name":"(anonymous_1)","decl":{"start":{"line":62,"column":15},"end":{"line":62,"column":16}},"loc":{"start":{"line":62,"column":26},"end":{"line":62,"column":55}},"line":62},"2":{"name":"(anonymous_2)","decl":{"start":{"line":65,"column":23},"end":{"line":65,"column":24}},"loc":{"start":{"line":65,"column":29},"end":{"line":99,"column":1}},"line":65},"3":{"name":"(anonymous_3)","decl":{"start":{"line":69,"column":12},"end":{"line":69,"column":13}},"loc":{"start":{"line":69,"column":18},"end":{"line":71,"column":3}},"line":69},"4":{"name":"(anonymous_4)","decl":{"start":{"line":73,"column":45},"end":{"line":73,"column":46}},"loc":{"start":{"line":73,"column":51},"end":{"line":81,"column":3}},"line":73},"5":{"name":"(anonymous_5)","decl":{"start":{"line":83,"column":45},"end":{"line":83,"column":46}},"loc":{"start":{"line":83,"column":51},"end":{"line":92,"column":3}},"line":83},"6":{"name":"(anonymous_6)","decl":{"start":{"line":94,"column":47},"end":{"line":94,"column":48}},"loc":{"start":{"line":94,"column":53},"end":{"line":98,"column":3}},"line":94},"7":{"name":"(anonymous_7)","decl":{"start":{"line":97,"column":11},"end":{"line":97,"column":12}},"loc":{"start":{"line":97,"column":17},"end":{"line":97,"column":51}},"line":97}},"branchMap":{},"s":{"0":1,"1":1,"2":1,"3":1,"4":1,"5":1,"6":2,"7":1,"8":1,"9":3,"10":1,"11":1,"12":1,"13":1,"14":1,"15":1,"16":1,"17":1,"18":1,"19":1,"20":1,"21":1,"22":1,"23":1,"24":1,"25":1,"26":1},"f":{"0":1,"1":2,"2":1,"3":3,"4":1,"5":1,"6":1,"7":1},"b":{},"_coverageSchema":"1a1c01bbd47fc00a2c39e90264f33305004495a9","hash":"b5b01423281788d56f098934a8a63c088f967461"},"D:\\backup(m)\\node-project-git\\node-js-project\\src\\tests\\mailService.test.js":{"path":"D:\\backup(m)\\node-project-git\\node-js-project\\src\\tests\\mailService.test.js","statementMap":{"0":{"start":{"line":2,"column":19},"end":{"line":2,"column":34}},"1":{"start":{"line":3,"column":14},"end":{"line":3,"column":30}},"2":{"start":{"line":4,"column":19},"end":{"line":4,"column":40}},"3":{"start":{"line":5,"column":18},"end":{"line":5,"column":47}},"4":{"start":{"line":6,"column":20},"end":{"line":6,"column":53}},"5":{"start":{"line":8,"column":0},"end":{"line":68,"column":3}},"6":{"start":{"line":13,"column":2},"end":{"line":26,"column":5}},"7":{"start":{"line":15,"column":4},"end":{"line":15,"column":47}},"8":{"start":{"line":16,"column":4},"end":{"line":18,"column":7}},"9":{"start":{"line":21,"column":4},"end":{"line":25,"column":7}},"10":{"start":{"line":22,"column":6},"end":{"line":22,"column":60}},"11":{"start":{"line":22,"column":32},"end":{"line":22,"column":60}},"12":{"start":{"line":23,"column":6},"end":{"line":23,"column":50}},"13":{"start":{"line":23,"column":32},"end":{"line":23,"column":50}},"14":{"start":{"line":24,"column":6},"end":{"line":24,"column":16}},"15":{"start":{"line":28,"column":2},"end":{"line":30,"column":5}},"16":{"start":{"line":29,"column":4},"end":{"line":29,"column":20}},"17":{"start":{"line":32,"column":2},"end":{"line":56,"column":5}},"18":{"start":{"line":33,"column":24},"end":{"line":38,"column":5}},"19":{"start":{"line":40,"column":4},"end":{"line":40,"column":44}},"20":{"start":{"line":42,"column":4},"end":{"line":48,"column":20}},"21":{"start":{"line":50,"column":4},"end":{"line":55,"column":20}},"22":{"start":{"line":58,"column":2},"end":{"line":67,"column":5}},"23":{"start":{"line":59,"column":17},"end":{"line":59,"column":23}},"24":{"start":{"line":61,"column":4},"end":{"line":61,"column":56}},"25":{"start":{"line":63,"column":4},"end":{"line":66,"column":19}}},"fnMap":{"0":{"name":"(anonymous_0)","decl":{"start":{"line":8,"column":24},"end":{"line":8,"column":25}},"loc":{"start":{"line":8,"column":30},"end":{"line":68,"column":1}},"line":8},"1":{"name":"(anonymous_1)","decl":{"start":{"line":13,"column":13},"end":{"line":13,"column":14}},"loc":{"start":{"line":13,"column":19},"end":{"line":26,"column":3}},"line":13},"2":{"name":"(anonymous_2)","decl":{"start":{"line":21,"column":59},"end":{"line":21,"column":60}},"loc":{"start":{"line":21,"column":68},"end":{"line":25,"column":5}},"line":21},"3":{"name":"(anonymous_3)","decl":{"start":{"line":28,"column":12},"end":{"line":28,"column":13}},"loc":{"start":{"line":28,"column":18},"end":{"line":30,"column":3}},"line":28},"4":{"name":"(anonymous_4)","decl":{"start":{"line":32,"column":53},"end":{"line":32,"column":54}},"loc":{"start":{"line":32,"column":65},"end":{"line":56,"column":3}},"line":32},"5":{"name":"(anonymous_5)","decl":{"start":{"line":58,"column":60},"end":{"line":58,"column":61}},"loc":{"start":{"line":58,"column":72},"end":{"line":67,"column":3}},"line":58}},"branchMap":{"0":{"loc":{"start":{"line":22,"column":6},"end":{"line":22,"column":60}},"type":"if","locations":[{"start":{"line":22,"column":6},"end":{"line":22,"column":60}},{"start":{},"end":{}}],"line":22},"1":{"loc":{"start":{"line":23,"column":6},"end":{"line":23,"column":50}},"type":"if","locations":[{"start":{"line":23,"column":6},"end":{"line":23,"column":50}},{"start":{},"end":{}}],"line":23}},"s":{"0":1,"1":1,"2":1,"3":1,"4":1,"5":1,"6":1,"7":2,"8":2,"9":2,"10":0,"11":0,"12":0,"13":0,"14":0,"15":1,"16":2,"17":1,"18":1,"19":1,"20":1,"21":1,"22":1,"23":1,"24":1,"25":1},"f":{"0":1,"1":2,"2":0,"3":2,"4":1,"5":1},"b":{"0":[0,0],"1":[0,0]},"_coverageSchema":"1a1c01bbd47fc00a2c39e90264f33305004495a9","hash":"eabb5a60b58fb4f949f92d2509e7a02433795f18"},"D:\\backup(m)\\node-project-git\\node-js-project\\src\\Service\\mailService.js":{"path":"D:\\backup(m)\\node-project-git\\node-js-project\\src\\Service\\mailService.js","statementMap":{"0":{"start":{"line":2,"column":19},"end":{"line":2,"column":40}},"1":{"start":{"line":3,"column":19},"end":{"line":3,"column":48}},"2":{"start":{"line":5,"column":20},"end":{"line":7,"column":1}},"3":{"start":{"line":6,"column":2},"end":{"line":6,"column":76}},"4":{"start":{"line":9,"column":17},"end":{"line":27,"column":1}},"5":{"start":{"line":10,"column":20},"end":{"line":10,"column":40}},"6":{"start":{"line":11,"column":22},"end":{"line":11,"column":45}},"7":{"start":{"line":13,"column":22},"end":{"line":19,"column":4}},"8":{"start":{"line":21,"column":2},"end":{"line":26,"column":5}},"9":{"start":{"line":29,"column":0},"end":{"line":29,"column":43}}},"fnMap":{"0":{"name":"(anonymous_0)","decl":{"start":{"line":5,"column":20},"end":{"line":5,"column":21}},"loc":{"start":{"line":5,"column":30},"end":{"line":7,"column":1}},"line":5},"1":{"name":"(anonymous_1)","decl":{"start":{"line":9,"column":17},"end":{"line":9,"column":18}},"loc":{"start":{"line":9,"column":56},"end":{"line":27,"column":1}},"line":9}},"branchMap":{"0":{"loc":{"start":{"line":6,"column":22},"end":{"line":6,"column":36}},"type":"binary-expr","locations":[{"start":{"line":6,"column":22},"end":{"line":6,"column":26}},{"start":{"line":6,"column":30},"end":{"line":6,"column":36}}],"line":6},"1":{"loc":{"start":{"line":11,"column":22},"end":{"line":11,"column":45}},"type":"binary-expr","locations":[{"start":{"line":11,"column":22},"end":{"line":11,"column":29}},{"start":{"line":11,"column":33},"end":{"line":11,"column":45}}],"line":11},"2":{"loc":{"start":{"line":25,"column":10},"end":{"line":25,"column":35}},"type":"binary-expr","locations":[{"start":{"line":25,"column":10},"end":{"line":25,"column":14}},{"start":{"line":25,"column":18},"end":{"line":25,"column":35}}],"line":25}},"s":{"0":1,"1":1,"2":1,"3":4,"4":1,"5":4,"6":4,"7":4,"8":4,"9":1},"f":{"0":4,"1":4},"b":{"0":[4,2],"1":[4,3],"2":[4,3]},"_coverageSchema":"1a1c01bbd47fc00a2c39e90264f33305004495a9","hash":"650aa11ba4e2f44a19accad1bfc7bef55683add7"},"D:\\backup(m)\\node-project-git\\node-js-project\\src\\tests\\Res.test.js":{"path":"D:\\backup(m)\\node-project-git\\node-js-project\\src\\tests\\Res.test.js","statementMap":{"0":{"start":{"line":127,"column":19},"end":{"line":127,"column":34}},"1":{"start":{"line":128,"column":14},"end":{"line":128,"column":30}},"2":{"start":{"line":129,"column":12},"end":{"line":129,"column":35}},"3":{"start":{"line":131,"column":0},"end":{"line":259,"column":3}},"4":{"start":{"line":134,"column":2},"end":{"line":139,"column":5}},"5":{"start":{"line":135,"column":4},"end":{"line":138,"column":6}},"6":{"start":{"line":141,"column":2},"end":{"line":143,"column":5}},"7":{"start":{"line":142,"column":4},"end":{"line":142,"column":20}},"8":{"start":{"line":145,"column":2},"end":{"line":158,"column":5}},"9":{"start":{"line":146,"column":4},"end":{"line":146,"column":86}},"10":{"start":{"line":148,"column":4},"end":{"line":148,"column":50}},"11":{"start":{"line":149,"column":4},"end":{"line":157,"column":19}},"12":{"start":{"line":160,"column":2},"end":{"line":172,"column":5}},"13":{"start":{"line":161,"column":4},"end":{"line":161,"column":55}},"14":{"start":{"line":163,"column":4},"end":{"line":163,"column":50}},"15":{"start":{"line":164,"column":4},"end":{"line":171,"column":19}},"16":{"start":{"line":174,"column":2},"end":{"line":186,"column":5}},"17":{"start":{"line":175,"column":4},"end":{"line":175,"column":60}},"18":{"start":{"line":177,"column":4},"end":{"line":177,"column":50}},"19":{"start":{"line":178,"column":4},"end":{"line":185,"column":19}},"20":{"start":{"line":188,"column":2},"end":{"line":200,"column":5}},"21":{"start":{"line":189,"column":4},"end":{"line":189,"column":59}},"22":{"start":{"line":191,"column":4},"end":{"line":191,"column":50}},"23":{"start":{"line":192,"column":4},"end":{"line":199,"column":19}},"24":{"start":{"line":202,"column":2},"end":{"line":214,"column":5}},"25":{"start":{"line":203,"column":4},"end":{"line":203,"column":66}},"26":{"start":{"line":205,"column":4},"end":{"line":205,"column":50}},"27":{"start":{"line":206,"column":4},"end":{"line":213,"column":19}},"28":{"start":{"line":216,"column":2},"end":{"line":228,"column":5}},"29":{"start":{"line":217,"column":4},"end":{"line":217,"column":61}},"30":{"start":{"line":219,"column":4},"end":{"line":219,"column":50}},"31":{"start":{"line":220,"column":4},"end":{"line":227,"column":19}},"32":{"start":{"line":230,"column":2},"end":{"line":242,"column":5}},"33":{"start":{"line":231,"column":4},"end":{"line":231,"column":44}},"34":{"start":{"line":233,"column":4},"end":{"line":233,"column":50}},"35":{"start":{"line":234,"column":4},"end":{"line":241,"column":19}},"36":{"start":{"line":244,"column":2},"end":{"line":258,"column":5}},"37":{"start":{"line":245,"column":24},"end":{"line":252,"column":5}},"38":{"start":{"line":254,"column":4},"end":{"line":254,"column":39}},"39":{"start":{"line":256,"column":4},"end":{"line":256,"column":50}},"40":{"start":{"line":257,"column":4},"end":{"line":257,"column":56}}},"fnMap":{"0":{"name":"(anonymous_0)","decl":{"start":{"line":131,"column":30},"end":{"line":131,"column":31}},"loc":{"start":{"line":131,"column":36},"end":{"line":259,"column":1}},"line":131},"1":{"name":"(anonymous_1)","decl":{"start":{"line":134,"column":13},"end":{"line":134,"column":14}},"loc":{"start":{"line":134,"column":19},"end":{"line":139,"column":3}},"line":134},"2":{"name":"(anonymous_2)","decl":{"start":{"line":141,"column":12},"end":{"line":141,"column":13}},"loc":{"start":{"line":141,"column":18},"end":{"line":143,"column":3}},"line":141},"3":{"name":"(anonymous_3)","decl":{"start":{"line":145,"column":37},"end":{"line":145,"column":38}},"loc":{"start":{"line":145,"column":43},"end":{"line":158,"column":3}},"line":145},"4":{"name":"(anonymous_4)","decl":{"start":{"line":160,"column":35},"end":{"line":160,"column":36}},"loc":{"start":{"line":160,"column":41},"end":{"line":172,"column":3}},"line":160},"5":{"name":"(anonymous_5)","decl":{"start":{"line":174,"column":37},"end":{"line":174,"column":38}},"loc":{"start":{"line":174,"column":43},"end":{"line":186,"column":3}},"line":174},"6":{"name":"(anonymous_6)","decl":{"start":{"line":188,"column":41},"end":{"line":188,"column":42}},"loc":{"start":{"line":188,"column":47},"end":{"line":200,"column":3}},"line":188},"7":{"name":"(anonymous_7)","decl":{"start":{"line":202,"column":42},"end":{"line":202,"column":43}},"loc":{"start":{"line":202,"column":48},"end":{"line":214,"column":3}},"line":202},"8":{"name":"(anonymous_8)","decl":{"start":{"line":216,"column":39},"end":{"line":216,"column":40}},"loc":{"start":{"line":216,"column":45},"end":{"line":228,"column":3}},"line":216},"9":{"name":"(anonymous_9)","decl":{"start":{"line":230,"column":40},"end":{"line":230,"column":41}},"loc":{"start":{"line":230,"column":46},"end":{"line":242,"column":3}},"line":230},"10":{"name":"(anonymous_10)","decl":{"start":{"line":244,"column":59},"end":{"line":244,"column":60}},"loc":{"start":{"line":244,"column":65},"end":{"line":258,"column":3}},"line":244}},"branchMap":{},"s":{"0":1,"1":1,"2":1,"3":1,"4":1,"5":8,"6":1,"7":8,"8":1,"9":1,"10":1,"11":1,"12":1,"13":1,"14":1,"15":1,"16":1,"17":1,"18":1,"19":1,"20":1,"21":1,"22":1,"23":1,"24":1,"25":1,"26":1,"27":1,"28":1,"29":1,"30":1,"31":1,"32":1,"33":1,"34":1,"35":1,"36":1,"37":1,"38":1,"39":1,"40":1},"f":{"0":1,"1":8,"2":8,"3":1,"4":1,"5":1,"6":1,"7":1,"8":1,"9":1,"10":1},"b":{},"_coverageSchema":"1a1c01bbd47fc00a2c39e90264f33305004495a9","hash":"365f44404660abdd648e971fa861b2d48857d97e"},"D:\\backup(m)\\node-project-git\\node-js-project\\src\\utils\\Res.js":{"path":"D:\\backup(m)\\node-project-git\\node-js-project\\src\\utils\\Res.js","statementMap":{"0":{"start":{"line":3,"column":4},"end":{"line":11,"column":7}},"1":{"start":{"line":15,"column":4},"end":{"line":22,"column":7}},"2":{"start":{"line":26,"column":4},"end":{"line":26,"column":53}},"3":{"start":{"line":30,"column":4},"end":{"line":30,"column":51}},"4":{"start":{"line":34,"column":4},"end":{"line":34,"column":51}},"5":{"start":{"line":38,"column":4},"end":{"line":38,"column":51}},"6":{"start":{"line":42,"column":4},"end":{"line":42,"column":65}},"7":{"start":{"line":47,"column":4},"end":{"line":54,"column":7}},"8":{"start":{"line":58,"column":0},"end":{"line":58,"column":21}}},"fnMap":{"0":{"name":"(anonymous_0)","decl":{"start":{"line":2,"column":2},"end":{"line":2,"column":3}},"loc":{"start":{"line":2,"column":90},"end":{"line":12,"column":3}},"line":2},"1":{"name":"(anonymous_1)","decl":{"start":{"line":14,"column":2},"end":{"line":14,"column":3}},"loc":{"start":{"line":14,"column":87},"end":{"line":23,"column":3}},"line":14},"2":{"name":"(anonymous_2)","decl":{"start":{"line":25,"column":2},"end":{"line":25,"column":3}},"loc":{"start":{"line":25,"column":58},"end":{"line":27,"column":3}},"line":25},"3":{"name":"(anonymous_3)","decl":{"start":{"line":29,"column":2},"end":{"line":29,"column":3}},"loc":{"start":{"line":29,"column":65},"end":{"line":31,"column":3}},"line":29},"4":{"name":"(anonymous_4)","decl":{"start":{"line":33,"column":2},"end":{"line":33,"column":3}},"loc":{"start":{"line":33,"column":68},"end":{"line":35,"column":3}},"line":33},"5":{"name":"(anonymous_5)","decl":{"start":{"line":37,"column":2},"end":{"line":37,"column":3}},"loc":{"start":{"line":37,"column":61},"end":{"line":39,"column":3}},"line":37},"6":{"name":"(anonymous_6)","decl":{"start":{"line":41,"column":2},"end":{"line":41,"column":3}},"loc":{"start":{"line":41,"column":40},"end":{"line":43,"column":3}},"line":41},"7":{"name":"(anonymous_7)","decl":{"start":{"line":46,"column":2},"end":{"line":46,"column":3}},"loc":{"start":{"line":46,"column":52},"end":{"line":55,"column":3}},"line":46}},"branchMap":{"0":{"loc":{"start":{"line":2,"column":22},"end":{"line":2,"column":31}},"type":"default-arg","locations":[{"start":{"line":2,"column":29},"end":{"line":2,"column":31}}],"line":2},"1":{"loc":{"start":{"line":2,"column":33},"end":{"line":2,"column":56}},"type":"default-arg","locations":[{"start":{"line":2,"column":47},"end":{"line":2,"column":56}}],"line":2},"2":{"loc":{"start":{"line":2,"column":58},"end":{"line":2,"column":74}},"type":"default-arg","locations":[{"start":{"line":2,"column":71},"end":{"line":2,"column":74}}],"line":2},"3":{"loc":{"start":{"line":2,"column":76},"end":{"line":2,"column":88}},"type":"default-arg","locations":[{"start":{"line":2,"column":84},"end":{"line":2,"column":88}}],"line":2},"4":{"loc":{"start":{"line":5,"column":10},"end":{"line":5,"column":28}},"type":"binary-expr","locations":[{"start":{"line":5,"column":10},"end":{"line":5,"column":15}},{"start":{"line":5,"column":19},"end":{"line":5,"column":28}}],"line":5},"5":{"loc":{"start":{"line":14,"column":20},"end":{"line":14,"column":56}},"type":"default-arg","locations":[{"start":{"line":14,"column":34},"end":{"line":14,"column":56}}],"line":14},"6":{"loc":{"start":{"line":14,"column":58},"end":{"line":14,"column":67}},"type":"default-arg","locations":[{"start":{"line":14,"column":65},"end":{"line":14,"column":67}}],"line":14},"7":{"loc":{"start":{"line":14,"column":69},"end":{"line":14,"column":85}},"type":"default-arg","locations":[{"start":{"line":14,"column":82},"end":{"line":14,"column":85}}],"line":14},"8":{"loc":{"start":{"line":25,"column":22},"end":{"line":25,"column":31}},"type":"default-arg","locations":[{"start":{"line":25,"column":29},"end":{"line":25,"column":31}}],"line":25},"9":{"loc":{"start":{"line":25,"column":33},"end":{"line":25,"column":56}},"type":"default-arg","locations":[{"start":{"line":25,"column":47},"end":{"line":25,"column":56}}],"line":25},"10":{"loc":{"start":{"line":29,"column":25},"end":{"line":29,"column":52}},"type":"default-arg","locations":[{"start":{"line":29,"column":39},"end":{"line":29,"column":52}}],"line":29},"11":{"loc":{"start":{"line":29,"column":54},"end":{"line":29,"column":63}},"type":"default-arg","locations":[{"start":{"line":29,"column":61},"end":{"line":29,"column":63}}],"line":29},"12":{"loc":{"start":{"line":33,"column":27},"end":{"line":33,"column":55}},"type":"default-arg","locations":[{"start":{"line":33,"column":41},"end":{"line":33,"column":55}}],"line":33},"13":{"loc":{"start":{"line":33,"column":57},"end":{"line":33,"column":66}},"type":"default-arg","locations":[{"start":{"line":33,"column":64},"end":{"line":33,"column":66}}],"line":33},"14":{"loc":{"start":{"line":37,"column":23},"end":{"line":37,"column":48}},"type":"default-arg","locations":[{"start":{"line":37,"column":37},"end":{"line":37,"column":48}}],"line":37},"15":{"loc":{"start":{"line":37,"column":50},"end":{"line":37,"column":59}},"type":"default-arg","locations":[{"start":{"line":37,"column":57},"end":{"line":37,"column":59}}],"line":37},"16":{"loc":{"start":{"line":46,"column":24},"end":{"line":46,"column":50}},"type":"default-arg","locations":[{"start":{"line":46,"column":38},"end":{"line":46,"column":50}}],"line":46}},"s":{"0":2,"1":4,"2":1,"3":1,"4":1,"5":1,"6":1,"7":1,"8":1},"f":{"0":2,"1":4,"2":1,"3":1,"4":1,"5":1,"6":1,"7":1},"b":{"0":[0],"1":[0],"2":[0],"3":[1],"4":[2,1],"5":[0],"6":[0],"7":[0],"8":[0],"9":[0],"10":[0],"11":[0],"12":[0],"13":[0],"14":[0],"15":[0],"16":[0]},"_coverageSchema":"1a1c01bbd47fc00a2c39e90264f33305004495a9","hash":"50f84d69cad4799d508dd652e774342dbc661099"},"D:\\backup(m)\\node-project-git\\node-js-project\\src\\tests\\rmqService.test.js":{"path":"D:\\backup(m)\\node-project-git\\node-js-project\\src\\tests\\rmqService.test.js","statementMap":{"0":{"start":{"line":51,"column":19},"end":{"line":51,"column":34}},"1":{"start":{"line":52,"column":14},"end":{"line":52,"column":30}},"2":{"start":{"line":54,"column":16},"end":{"line":54,"column":34}},"3":{"start":{"line":55,"column":20},"end":{"line":55,"column":53}},"4":{"start":{"line":56,"column":19},"end":{"line":56,"column":51}},"5":{"start":{"line":58,"column":0},"end":{"line":105,"column":3}},"6":{"start":{"line":61,"column":2},"end":{"line":83,"column":5}},"7":{"start":{"line":63,"column":4},"end":{"line":73,"column":6}},"8":{"start":{"line":67,"column":20},"end":{"line":69,"column":9}},"9":{"start":{"line":70,"column":8},"end":{"line":70,"column":16}},"10":{"start":{"line":76,"column":4},"end":{"line":76,"column":59}},"11":{"start":{"line":77,"column":4},"end":{"line":79,"column":7}},"12":{"start":{"line":82,"column":4},"end":{"line":82,"column":63}},"13":{"start":{"line":85,"column":2},"end":{"line":87,"column":5}},"14":{"start":{"line":86,"column":4},"end":{"line":86,"column":20}},"15":{"start":{"line":89,"column":2},"end":{"line":95,"column":5}},"16":{"start":{"line":90,"column":4},"end":{"line":90,"column":36}},"17":{"start":{"line":92,"column":4},"end":{"line":92,"column":88}},"18":{"start":{"line":93,"column":4},"end":{"line":93,"column":46}},"19":{"start":{"line":94,"column":4},"end":{"line":94,"column":52}},"20":{"start":{"line":97,"column":2},"end":{"line":104,"column":5}},"21":{"start":{"line":98,"column":4},"end":{"line":98,"column":36}},"22":{"start":{"line":100,"column":17},"end":{"line":100,"column":45}},"23":{"start":{"line":101,"column":4},"end":{"line":101,"column":43}},"24":{"start":{"line":103,"column":4},"end":{"line":103,"column":58}}},"fnMap":{"0":{"name":"(anonymous_0)","decl":{"start":{"line":58,"column":23},"end":{"line":58,"column":24}},"loc":{"start":{"line":58,"column":29},"end":{"line":105,"column":1}},"line":58},"1":{"name":"(anonymous_1)","decl":{"start":{"line":61,"column":13},"end":{"line":61,"column":14}},"loc":{"start":{"line":61,"column":19},"end":{"line":83,"column":3}},"line":61},"2":{"name":"(anonymous_2)","decl":{"start":{"line":66,"column":38},"end":{"line":66,"column":39}},"loc":{"start":{"line":66,"column":53},"end":{"line":71,"column":7}},"line":66},"3":{"name":"(anonymous_3)","decl":{"start":{"line":85,"column":12},"end":{"line":85,"column":13}},"loc":{"start":{"line":85,"column":18},"end":{"line":87,"column":3}},"line":85},"4":{"name":"(anonymous_4)","decl":{"start":{"line":89,"column":47},"end":{"line":89,"column":48}},"loc":{"start":{"line":89,"column":59},"end":{"line":95,"column":3}},"line":89},"5":{"name":"(anonymous_5)","decl":{"start":{"line":97,"column":27},"end":{"line":97,"column":28}},"loc":{"start":{"line":97,"column":39},"end":{"line":104,"column":3}},"line":97}},"branchMap":{},"s":{"0":1,"1":1,"2":1,"3":1,"4":1,"5":1,"6":1,"7":2,"8":2,"9":2,"10":2,"11":2,"12":2,"13":1,"14":2,"15":1,"16":1,"17":1,"18":1,"19":1,"20":1,"21":1,"22":1,"23":1,"24":1},"f":{"0":1,"1":2,"2":2,"3":2,"4":1,"5":1},"b":{},"_coverageSchema":"1a1c01bbd47fc00a2c39e90264f33305004495a9","hash":"f5cbe29193105f62a24ffeead21e933d94bce753"},"D:\\backup(m)\\node-project-git\\node-js-project\\src\\Service\\rmqService.js":{"path":"D:\\backup(m)\\node-project-git\\node-js-project\\src\\Service\\rmqService.js","statementMap":{"0":{"start":{"line":1,"column":13},"end":{"line":1,"column":31}},"1":{"start":{"line":2,"column":21},"end":{"line":2,"column":45}},"2":{"start":{"line":3,"column":14},"end":{"line":3,"column":26}},"3":{"start":{"line":5,"column":14},"end":{"line":5,"column":18}},"4":{"start":{"line":8,"column":21},"end":{"line":19,"column":1}},"5":{"start":{"line":9,"column":2},"end":{"line":18,"column":3}},"6":{"start":{"line":10,"column":23},"end":{"line":10,"column":61}},"7":{"start":{"line":11,"column":4},"end":{"line":11,"column":47}},"8":{"start":{"line":12,"column":4},"end":{"line":12,"column":56}},"9":{"start":{"line":13,"column":4},"end":{"line":13,"column":60}},"10":{"start":{"line":14,"column":4},"end":{"line":14,"column":23}},"11":{"start":{"line":16,"column":4},"end":{"line":16,"column":62}},"12":{"start":{"line":17,"column":4},"end":{"line":17,"column":35}},"13":{"start":{"line":22,"column":24},"end":{"line":30,"column":1}},"14":{"start":{"line":23,"column":2},"end":{"line":27,"column":3}},"15":{"start":{"line":24,"column":4},"end":{"line":24,"column":57}},"16":{"start":{"line":25,"column":4},"end":{"line":25,"column":50}},"17":{"start":{"line":25,"column":21},"end":{"line":25,"column":42}},"18":{"start":{"line":26,"column":4},"end":{"line":26,"column":11}},"19":{"start":{"line":28,"column":2},"end":{"line":28,"column":86}},"20":{"start":{"line":29,"column":2},"end":{"line":29,"column":39}},"21":{"start":{"line":33,"column":25},"end":{"line":51,"column":1}},"22":{"start":{"line":34,"column":2},"end":{"line":34,"column":23}},"23":{"start":{"line":34,"column":16},"end":{"line":34,"column":23}},"24":{"start":{"line":36,"column":2},"end":{"line":50,"column":5}},"25":{"start":{"line":37,"column":4},"end":{"line":49,"column":5}},"26":{"start":{"line":38,"column":22},"end":{"line":38,"column":56}},"27":{"start":{"line":39,"column":6},"end":{"line":39,"column":48}},"28":{"start":{"line":41,"column":6},"end":{"line":46,"column":7}},"29":{"start":{"line":42,"column":8},"end":{"line":42,"column":32}},"30":{"start":{"line":43,"column":8},"end":{"line":43,"column":49}},"31":{"start":{"line":45,"column":8},"end":{"line":45,"column":56}},"32":{"start":{"line":48,"column":6},"end":{"line":48,"column":23}},"33":{"start":{"line":53,"column":0},"end":{"line":55,"column":19}}},"fnMap":{"0":{"name":"(anonymous_0)","decl":{"start":{"line":8,"column":21},"end":{"line":8,"column":22}},"loc":{"start":{"line":8,"column":33},"end":{"line":19,"column":1}},"line":8},"1":{"name":"(anonymous_1)","decl":{"start":{"line":22,"column":24},"end":{"line":22,"column":25}},"loc":{"start":{"line":22,"column":40},"end":{"line":30,"column":1}},"line":22},"2":{"name":"(anonymous_2)","decl":{"start":{"line":25,"column":15},"end":{"line":25,"column":16}},"loc":{"start":{"line":25,"column":21},"end":{"line":25,"column":42}},"line":25},"3":{"name":"(anonymous_3)","decl":{"start":{"line":33,"column":25},"end":{"line":33,"column":26}},"loc":{"start":{"line":33,"column":31},"end":{"line":51,"column":1}},"line":33},"4":{"name":"(anonymous_4)","decl":{"start":{"line":36,"column":25},"end":{"line":36,"column":26}},"loc":{"start":{"line":36,"column":40},"end":{"line":50,"column":3}},"line":36}},"branchMap":{"0":{"loc":{"start":{"line":23,"column":2},"end":{"line":27,"column":3}},"type":"if","locations":[{"start":{"line":23,"column":2},"end":{"line":27,"column":3}},{"start":{},"end":{}}],"line":23},"1":{"loc":{"start":{"line":34,"column":2},"end":{"line":34,"column":23}},"type":"if","locations":[{"start":{"line":34,"column":2},"end":{"line":34,"column":23}},{"start":{},"end":{}}],"line":34},"2":{"loc":{"start":{"line":37,"column":4},"end":{"line":49,"column":5}},"type":"if","locations":[{"start":{"line":37,"column":4},"end":{"line":49,"column":5}},{"start":{},"end":{}}],"line":37}},"s":{"0":1,"1":1,"2":1,"3":1,"4":1,"5":2,"6":2,"7":2,"8":2,"9":2,"10":2,"11":0,"12":0,"13":1,"14":1,"15":0,"16":0,"17":0,"18":0,"19":1,"20":1,"21":1,"22":2,"23":0,"24":2,"25":2,"26":2,"27":2,"28":2,"29":2,"30":2,"31":0,"32":2,"33":1},"f":{"0":2,"1":1,"2":0,"3":2,"4":2},"b":{"0":[0,1],"1":[0,2],"2":[2,0]},"_coverageSchema":"1a1c01bbd47fc00a2c39e90264f33305004495a9","hash":"ba6b9bd2a842480069a41f8075006c366f747175"},"D:\\backup(m)\\node-project-git\\node-js-project\\src\\tests\\schedulerService.test.js":{"path":"D:\\backup(m)\\node-project-git\\node-js-project\\src\\tests\\schedulerService.test.js","statementMap":{"0":{"start":{"line":132,"column":19},"end":{"line":132,"column":34}},"1":{"start":{"line":133,"column":19},"end":{"line":133,"column":53}},"2":{"start":{"line":136,"column":21},"end":{"line":141,"column":1}},"3":{"start":{"line":137,"column":30},"end":{"line":140,"column":3}},"4":{"start":{"line":144,"column":18},"end":{"line":146,"column":2}},"5":{"start":{"line":148,"column":0},"end":{"line":156,"column":3}},"6":{"start":{"line":149,"column":2},"end":{"line":155,"column":5}},"7":{"start":{"line":151,"column":19},"end":{"line":151,"column":50}},"8":{"start":{"line":153,"column":4},"end":{"line":153,"column":54}},"9":{"start":{"line":154,"column":4},"end":{"line":154,"column":62}}},"fnMap":{"0":{"name":"(anonymous_0)","decl":{"start":{"line":137,"column":17},"end":{"line":137,"column":18}},"loc":{"start":{"line":137,"column":30},"end":{"line":140,"column":3}},"line":137},"1":{"name":"(anonymous_1)","decl":{"start":{"line":148,"column":39},"end":{"line":148,"column":40}},"loc":{"start":{"line":148,"column":45},"end":{"line":156,"column":1}},"line":148},"2":{"name":"(anonymous_2)","decl":{"start":{"line":149,"column":36},"end":{"line":149,"column":37}},"loc":{"start":{"line":149,"column":48},"end":{"line":155,"column":3}},"line":149}},"branchMap":{},"s":{"0":1,"1":1,"2":1,"3":1,"4":1,"5":1,"6":1,"7":1,"8":1,"9":1},"f":{"0":1,"1":1,"2":1},"b":{},"_coverageSchema":"1a1c01bbd47fc00a2c39e90264f33305004495a9","hash":"17eaa81fcff7335c0c15c5ce843573f8d3e2efff"},"D:\\backup(m)\\node-project-git\\node-js-project\\src\\Service\\schedulerService.js":{"path":"D:\\backup(m)\\node-project-git\\node-js-project\\src\\Service\\schedulerService.js","statementMap":{"0":{"start":{"line":1,"column":17},"end":{"line":1,"column":47}},"1":{"start":{"line":2,"column":17},"end":{"line":2,"column":41}},"2":{"start":{"line":3,"column":17},"end":{"line":3,"column":56}},"3":{"start":{"line":5,"column":21},"end":{"line":5,"column":25}},"4":{"start":{"line":7,"column":28},"end":{"line":9,"column":1}},"5":{"start":{"line":12,"column":22},"end":{"line":14,"column":1}},"6":{"start":{"line":13,"column":2},"end":{"line":13,"column":40}},"7":{"start":{"line":16,"column":36},"end":{"line":20,"column":1}},"8":{"start":{"line":17,"column":2},"end":{"line":19,"column":3}},"9":{"start":{"line":18,"column":4},"end":{"line":18,"column":27}},"10":{"start":{"line":22,"column":0},"end":{"line":26,"column":2}}},"fnMap":{"0":{"name":"(anonymous_0)","decl":{"start":{"line":7,"column":28},"end":{"line":7,"column":29}},"loc":{"start":{"line":7,"column":57},"end":{"line":9,"column":1}},"line":7},"1":{"name":"(anonymous_1)","decl":{"start":{"line":12,"column":22},"end":{"line":12,"column":23}},"loc":{"start":{"line":12,"column":34},"end":{"line":14,"column":1}},"line":12},"2":{"name":"(anonymous_2)","decl":{"start":{"line":16,"column":36},"end":{"line":16,"column":37}},"loc":{"start":{"line":16,"column":48},"end":{"line":20,"column":1}},"line":16}},"branchMap":{"0":{"loc":{"start":{"line":17,"column":2},"end":{"line":19,"column":3}},"type":"if","locations":[{"start":{"line":17,"column":2},"end":{"line":19,"column":3}},{"start":{},"end":{}}],"line":17}},"s":{"0":2,"1":2,"2":2,"3":2,"4":2,"5":2,"6":1,"7":2,"8":0,"9":0,"10":2},"f":{"0":0,"1":1,"2":0},"b":{"0":[0,0]},"_coverageSchema":"1a1c01bbd47fc00a2c39e90264f33305004495a9","hash":"033efa4a183d0ffadc0b2df138da6ba1289b2905"},"D:\\backup(m)\\node-project-git\\node-js-project\\src\\repository\\userRepository.js":{"path":"D:\\backup(m)\\node-project-git\\node-js-project\\src\\repository\\userRepository.js","statementMap":{"0":{"start":{"line":2,"column":24},"end":{"line":2,"column":44}},"1":{"start":{"line":3,"column":13},"end":{"line":3,"column":38}},"2":{"start":{"line":4,"column":15},"end":{"line":4,"column":40}},"3":{"start":{"line":5,"column":18},"end":{"line":5,"column":38}},"4":{"start":{"line":6,"column":15},"end":{"line":6,"column":32}},"5":{"start":{"line":8,"column":18},"end":{"line":8,"column":48}},"6":{"start":{"line":11,"column":19},"end":{"line":13,"column":1}},"7":{"start":{"line":12,"column":2},"end":{"line":12,"column":33}},"8":{"start":{"line":16,"column":16},"end":{"line":27,"column":1}},"9":{"start":{"line":17,"column":2},"end":{"line":26,"column":5}},"10":{"start":{"line":31,"column":27},"end":{"line":47,"column":1}},"11":{"start":{"line":32,"column":2},"end":{"line":46,"column":5}},"12":{"start":{"line":50,"column":17},"end":{"line":52,"column":1}},"13":{"start":{"line":51,"column":2},"end":{"line":51,"column":33}},"14":{"start":{"line":54,"column":19},"end":{"line":60,"column":1}},"15":{"start":{"line":55,"column":20},"end":{"line":58,"column":4}},"16":{"start":{"line":59,"column":2},"end":{"line":59,"column":17}},"17":{"start":{"line":63,"column":22},"end":{"line":69,"column":1}},"18":{"start":{"line":64,"column":20},"end":{"line":67,"column":4}},"19":{"start":{"line":68,"column":2},"end":{"line":68,"column":17}},"20":{"start":{"line":73,"column":23},"end":{"line":77,"column":1}},"21":{"start":{"line":74,"column":25},"end":{"line":74,"column":59}},"22":{"start":{"line":75,"column":2},"end":{"line":75,"column":69}},"23":{"start":{"line":76,"column":2},"end":{"line":76,"column":24}},"24":{"start":{"line":88,"column":20},"end":{"line":106,"column":1}},"25":{"start":{"line":89,"column":2},"end":{"line":89,"column":59}},"26":{"start":{"line":91,"column":2},"end":{"line":94,"column":3}},"27":{"start":{"line":92,"column":4},"end":{"line":92,"column":67}},"28":{"start":{"line":93,"column":4},"end":{"line":93,"column":16}},"29":{"start":{"line":96,"column":2},"end":{"line":105,"column":3}},"30":{"start":{"line":97,"column":17},"end":{"line":99,"column":6}},"31":{"start":{"line":100,"column":4},"end":{"line":100,"column":51}},"32":{"start":{"line":101,"column":4},"end":{"line":101,"column":16}},"33":{"start":{"line":103,"column":4},"end":{"line":103,"column":67}},"34":{"start":{"line":104,"column":4},"end":{"line":104,"column":14}},"35":{"start":{"line":110,"column":24},"end":{"line":112,"column":1}},"36":{"start":{"line":111,"column":2},"end":{"line":111,"column":69}},"37":{"start":{"line":115,"column":20},"end":{"line":117,"column":1}},"38":{"start":{"line":116,"column":2},"end":{"line":116,"column":66}},"39":{"start":{"line":122,"column":23},"end":{"line":131,"column":1}},"40":{"start":{"line":123,"column":2},"end":{"line":123,"column":25}},"41":{"start":{"line":124,"column":20},"end":{"line":127,"column":4}},"42":{"start":{"line":129,"column":2},"end":{"line":129,"column":35}},"43":{"start":{"line":130,"column":2},"end":{"line":130,"column":17}},"44":{"start":{"line":133,"column":27},"end":{"line":150,"column":1}},"45":{"start":{"line":134,"column":2},"end":{"line":149,"column":3}},"46":{"start":{"line":135,"column":4},"end":{"line":135,"column":27}},"47":{"start":{"line":135,"column":17},"end":{"line":135,"column":27}},"48":{"start":{"line":137,"column":18},"end":{"line":143,"column":5}},"49":{"start":{"line":145,"column":4},"end":{"line":145,"column":41}},"50":{"start":{"line":147,"column":4},"end":{"line":147,"column":23}},"51":{"start":{"line":148,"column":4},"end":{"line":148,"column":14}},"52":{"start":{"line":154,"column":23},"end":{"line":160,"column":1}},"53":{"start":{"line":155,"column":2},"end":{"line":159,"column":5}},"54":{"start":{"line":163,"column":21},"end":{"line":165,"column":1}},"55":{"start":{"line":164,"column":2},"end":{"line":164,"column":66}},"56":{"start":{"line":169,"column":24},"end":{"line":172,"column":1}},"57":{"start":{"line":170,"column":2},"end":{"line":170,"column":25}},"58":{"start":{"line":171,"column":2},"end":{"line":171,"column":27}},"59":{"start":{"line":174,"column":30},"end":{"line":176,"column":1}},"60":{"start":{"line":175,"column":2},"end":{"line":175,"column":58}},"61":{"start":{"line":178,"column":21},"end":{"line":182,"column":1}},"62":{"start":{"line":179,"column":2},"end":{"line":181,"column":5}},"63":{"start":{"line":184,"column":21},"end":{"line":188,"column":1}},"64":{"start":{"line":185,"column":2},"end":{"line":187,"column":5}},"65":{"start":{"line":190,"column":22},"end":{"line":196,"column":1}},"66":{"start":{"line":191,"column":2},"end":{"line":195,"column":5}},"67":{"start":{"line":199,"column":25},"end":{"line":220,"column":1}},"68":{"start":{"line":200,"column":2},"end":{"line":219,"column":3}},"69":{"start":{"line":201,"column":18},"end":{"line":213,"column":6}},"70":{"start":{"line":215,"column":4},"end":{"line":215,"column":17}},"71":{"start":{"line":217,"column":4},"end":{"line":217,"column":40}},"72":{"start":{"line":218,"column":4},"end":{"line":218,"column":61}},"73":{"start":{"line":223,"column":17},"end":{"line":276,"column":1}},"74":{"start":{"line":224,"column":2},"end":{"line":275,"column":3}},"75":{"start":{"line":225,"column":22},"end":{"line":225,"column":42}},"76":{"start":{"line":226,"column":23},"end":{"line":226,"column":44}},"77":{"start":{"line":228,"column":24},"end":{"line":228,"column":45}},"78":{"start":{"line":230,"column":4},"end":{"line":232,"column":5}},"79":{"start":{"line":231,"column":6},"end":{"line":231,"column":61}},"80":{"start":{"line":234,"column":4},"end":{"line":236,"column":5}},"81":{"start":{"line":235,"column":6},"end":{"line":235,"column":47}},"82":{"start":{"line":239,"column":22},"end":{"line":239,"column":41}},"83":{"start":{"line":240,"column":22},"end":{"line":240,"column":44}},"84":{"start":{"line":242,"column":19},"end":{"line":242,"column":41}},"85":{"start":{"line":244,"column":19},"end":{"line":260,"column":6}},"86":{"start":{"line":262,"column":23},"end":{"line":262,"column":58}},"87":{"start":{"line":264,"column":4},"end":{"line":270,"column":6}},"88":{"start":{"line":273,"column":4},"end":{"line":273,"column":40}},"89":{"start":{"line":274,"column":4},"end":{"line":274,"column":16}},"90":{"start":{"line":280,"column":19},"end":{"line":290,"column":1}},"91":{"start":{"line":281,"column":2},"end":{"line":289,"column":3}},"92":{"start":{"line":282,"column":28},"end":{"line":282,"column":72}},"93":{"start":{"line":283,"column":4},"end":{"line":283,"column":29}},"94":{"start":{"line":285,"column":4},"end":{"line":287,"column":5}},"95":{"start":{"line":286,"column":6},"end":{"line":286,"column":89}},"96":{"start":{"line":288,"column":4},"end":{"line":288,"column":16}},"97":{"start":{"line":293,"column":26},"end":{"line":300,"column":1}},"98":{"start":{"line":294,"column":2},"end":{"line":299,"column":5}},"99":{"start":{"line":302,"column":22},"end":{"line":320,"column":1}},"100":{"start":{"line":303,"column":12},"end":{"line":303,"column":41}},"101":{"start":{"line":305,"column":2},"end":{"line":319,"column":3}},"102":{"start":{"line":306,"column":23},"end":{"line":311,"column":6}},"103":{"start":{"line":313,"column":4},"end":{"line":313,"column":21}},"104":{"start":{"line":314,"column":4},"end":{"line":314,"column":22}},"105":{"start":{"line":317,"column":4},"end":{"line":317,"column":23}},"106":{"start":{"line":318,"column":4},"end":{"line":318,"column":16}},"107":{"start":{"line":323,"column":17},"end":{"line":339,"column":1}},"108":{"start":{"line":324,"column":2},"end":{"line":326,"column":3}},"109":{"start":{"line":325,"column":4},"end":{"line":325,"column":41}},"110":{"start":{"line":329,"column":2},"end":{"line":334,"column":3}},"111":{"start":{"line":330,"column":27},"end":{"line":330,"column":86}},"112":{"start":{"line":331,"column":4},"end":{"line":333,"column":5}},"113":{"start":{"line":332,"column":6},"end":{"line":332,"column":49}},"114":{"start":{"line":337,"column":18},"end":{"line":337,"column":45}},"115":{"start":{"line":338,"column":2},"end":{"line":338,"column":55}},"116":{"start":{"line":342,"column":20},"end":{"line":349,"column":1}},"117":{"start":{"line":343,"column":2},"end":{"line":348,"column":3}},"118":{"start":{"line":344,"column":18},"end":{"line":344,"column":38}},"119":{"start":{"line":345,"column":4},"end":{"line":345,"column":17}},"120":{"start":{"line":347,"column":4},"end":{"line":347,"column":16}},"121":{"start":{"line":351,"column":33},"end":{"line":360,"column":1}},"122":{"start":{"line":352,"column":2},"end":{"line":359,"column":5}},"123":{"start":{"line":367,"column":0},"end":{"line":395,"column":1}}},"fnMap":{"0":{"name":"(anonymous_0)","decl":{"start":{"line":11,"column":19},"end":{"line":11,"column":20}},"loc":{"start":{"line":11,"column":35},"end":{"line":13,"column":1}},"line":11},"1":{"name":"(anonymous_1)","decl":{"start":{"line":16,"column":16},"end":{"line":16,"column":17}},"loc":{"start":{"line":16,"column":28},"end":{"line":27,"column":1}},"line":16},"2":{"name":"(anonymous_2)","decl":{"start":{"line":31,"column":27},"end":{"line":31,"column":28}},"loc":{"start":{"line":31,"column":39},"end":{"line":47,"column":1}},"line":31},"3":{"name":"(anonymous_3)","decl":{"start":{"line":50,"column":17},"end":{"line":50,"column":18}},"loc":{"start":{"line":50,"column":31},"end":{"line":52,"column":1}},"line":50},"4":{"name":"(anonymous_4)","decl":{"start":{"line":54,"column":19},"end":{"line":54,"column":20}},"loc":{"start":{"line":54,"column":39},"end":{"line":60,"column":1}},"line":54},"5":{"name":"(anonymous_5)","decl":{"start":{"line":63,"column":22},"end":{"line":63,"column":23}},"loc":{"start":{"line":63,"column":45},"end":{"line":69,"column":1}},"line":63},"6":{"name":"(anonymous_6)","decl":{"start":{"line":73,"column":23},"end":{"line":73,"column":24}},"loc":{"start":{"line":73,"column":50},"end":{"line":77,"column":1}},"line":73},"7":{"name":"(anonymous_7)","decl":{"start":{"line":88,"column":20},"end":{"line":88,"column":21}},"loc":{"start":{"line":88,"column":37},"end":{"line":106,"column":1}},"line":88},"8":{"name":"(anonymous_8)","decl":{"start":{"line":110,"column":24},"end":{"line":110,"column":25}},"loc":{"start":{"line":110,"column":41},"end":{"line":112,"column":1}},"line":110},"9":{"name":"(anonymous_9)","decl":{"start":{"line":115,"column":20},"end":{"line":115,"column":21}},"loc":{"start":{"line":115,"column":34},"end":{"line":117,"column":1}},"line":115},"10":{"name":"(anonymous_10)","decl":{"start":{"line":122,"column":23},"end":{"line":122,"column":24}},"loc":{"start":{"line":122,"column":37},"end":{"line":131,"column":1}},"line":122},"11":{"name":"(anonymous_11)","decl":{"start":{"line":133,"column":27},"end":{"line":133,"column":28}},"loc":{"start":{"line":133,"column":49},"end":{"line":150,"column":1}},"line":133},"12":{"name":"(anonymous_12)","decl":{"start":{"line":154,"column":23},"end":{"line":154,"column":24}},"loc":{"start":{"line":154,"column":38},"end":{"line":160,"column":1}},"line":154},"13":{"name":"(anonymous_13)","decl":{"start":{"line":163,"column":21},"end":{"line":163,"column":22}},"loc":{"start":{"line":163,"column":35},"end":{"line":165,"column":1}},"line":163},"14":{"name":"(anonymous_14)","decl":{"start":{"line":169,"column":24},"end":{"line":169,"column":25}},"loc":{"start":{"line":169,"column":49},"end":{"line":172,"column":1}},"line":169},"15":{"name":"(anonymous_15)","decl":{"start":{"line":174,"column":30},"end":{"line":174,"column":31}},"loc":{"start":{"line":174,"column":42},"end":{"line":176,"column":1}},"line":174},"16":{"name":"(anonymous_16)","decl":{"start":{"line":178,"column":21},"end":{"line":178,"column":22}},"loc":{"start":{"line":178,"column":33},"end":{"line":182,"column":1}},"line":178},"17":{"name":"(anonymous_17)","decl":{"start":{"line":184,"column":21},"end":{"line":184,"column":22}},"loc":{"start":{"line":184,"column":33},"end":{"line":188,"column":1}},"line":184},"18":{"name":"(anonymous_18)","decl":{"start":{"line":190,"column":22},"end":{"line":190,"column":23}},"loc":{"start":{"line":190,"column":41},"end":{"line":196,"column":1}},"line":190},"19":{"name":"(anonymous_19)","decl":{"start":{"line":199,"column":25},"end":{"line":199,"column":26}},"loc":{"start":{"line":199,"column":45},"end":{"line":220,"column":1}},"line":199},"20":{"name":"(anonymous_20)","decl":{"start":{"line":223,"column":17},"end":{"line":223,"column":18}},"loc":{"start":{"line":223,"column":66},"end":{"line":276,"column":1}},"line":223},"21":{"name":"(anonymous_21)","decl":{"start":{"line":280,"column":19},"end":{"line":280,"column":20}},"loc":{"start":{"line":280,"column":35},"end":{"line":290,"column":1}},"line":280},"22":{"name":"(anonymous_22)","decl":{"start":{"line":293,"column":26},"end":{"line":293,"column":27}},"loc":{"start":{"line":293,"column":44},"end":{"line":300,"column":1}},"line":293},"23":{"name":"(anonymous_23)","decl":{"start":{"line":302,"column":22},"end":{"line":302,"column":23}},"loc":{"start":{"line":302,"column":39},"end":{"line":320,"column":1}},"line":302},"24":{"name":"(anonymous_24)","decl":{"start":{"line":323,"column":17},"end":{"line":323,"column":18}},"loc":{"start":{"line":323,"column":37},"end":{"line":339,"column":1}},"line":323},"25":{"name":"(anonymous_25)","decl":{"start":{"line":342,"column":20},"end":{"line":342,"column":21}},"loc":{"start":{"line":342,"column":32},"end":{"line":349,"column":1}},"line":342},"26":{"name":"(anonymous_26)","decl":{"start":{"line":351,"column":33},"end":{"line":351,"column":34}},"loc":{"start":{"line":351,"column":45},"end":{"line":360,"column":1}},"line":351}},"branchMap":{"0":{"loc":{"start":{"line":91,"column":2},"end":{"line":94,"column":3}},"type":"if","locations":[{"start":{"line":91,"column":2},"end":{"line":94,"column":3}},{"start":{},"end":{}}],"line":91},"1":{"loc":{"start":{"line":135,"column":4},"end":{"line":135,"column":27}},"type":"if","locations":[{"start":{"line":135,"column":4},"end":{"line":135,"column":27}},{"start":{},"end":{}}],"line":135},"2":{"loc":{"start":{"line":223,"column":26},"end":{"line":223,"column":37}},"type":"default-arg","locations":[{"start":{"line":223,"column":35},"end":{"line":223,"column":37}}],"line":223},"3":{"loc":{"start":{"line":223,"column":39},"end":{"line":223,"column":48}},"type":"default-arg","locations":[{"start":{"line":223,"column":46},"end":{"line":223,"column":48}}],"line":223},"4":{"loc":{"start":{"line":223,"column":50},"end":{"line":223,"column":59}},"type":"default-arg","locations":[{"start":{"line":223,"column":57},"end":{"line":223,"column":59}}],"line":223},"5":{"loc":{"start":{"line":225,"column":22},"end":{"line":225,"column":42}},"type":"binary-expr","locations":[{"start":{"line":225,"column":22},"end":{"line":225,"column":37}},{"start":{"line":225,"column":41},"end":{"line":225,"column":42}}],"line":225},"6":{"loc":{"start":{"line":226,"column":23},"end":{"line":226,"column":44}},"type":"binary-expr","locations":[{"start":{"line":226,"column":23},"end":{"line":226,"column":39}},{"start":{"line":226,"column":43},"end":{"line":226,"column":44}}],"line":226},"7":{"loc":{"start":{"line":230,"column":4},"end":{"line":232,"column":5}},"type":"if","locations":[{"start":{"line":230,"column":4},"end":{"line":232,"column":5}},{"start":{},"end":{}}],"line":230},"8":{"loc":{"start":{"line":234,"column":4},"end":{"line":236,"column":5}},"type":"if","locations":[{"start":{"line":234,"column":4},"end":{"line":236,"column":5}},{"start":{},"end":{}}],"line":234},"9":{"loc":{"start":{"line":239,"column":22},"end":{"line":239,"column":41}},"type":"binary-expr","locations":[{"start":{"line":239,"column":22},"end":{"line":239,"column":33}},{"start":{"line":239,"column":37},"end":{"line":239,"column":41}}],"line":239},"10":{"loc":{"start":{"line":240,"column":22},"end":{"line":240,"column":44}},"type":"binary-expr","locations":[{"start":{"line":240,"column":22},"end":{"line":240,"column":34}},{"start":{"line":240,"column":38},"end":{"line":240,"column":44}}],"line":240},"11":{"loc":{"start":{"line":285,"column":4},"end":{"line":287,"column":5}},"type":"if","locations":[{"start":{"line":285,"column":4},"end":{"line":287,"column":5}},{"start":{},"end":{}}],"line":285},"12":{"loc":{"start":{"line":324,"column":2},"end":{"line":326,"column":3}},"type":"if","locations":[{"start":{"line":324,"column":2},"end":{"line":326,"column":3}},{"start":{},"end":{}}],"line":324},"13":{"loc":{"start":{"line":324,"column":6},"end":{"line":324,"column":47}},"type":"binary-expr","locations":[{"start":{"line":324,"column":6},"end":{"line":324,"column":15}},{"start":{"line":324,"column":19},"end":{"line":324,"column":47}}],"line":324},"14":{"loc":{"start":{"line":329,"column":2},"end":{"line":334,"column":3}},"type":"if","locations":[{"start":{"line":329,"column":2},"end":{"line":334,"column":3}},{"start":{},"end":{}}],"line":329},"15":{"loc":{"start":{"line":331,"column":4},"end":{"line":333,"column":5}},"type":"if","locations":[{"start":{"line":331,"column":4},"end":{"line":333,"column":5}},{"start":{},"end":{}}],"line":331}},"s":{"0":2,"1":2,"2":2,"3":2,"4":2,"5":2,"6":2,"7":1,"8":2,"9":1,"10":2,"11":1,"12":2,"13":2,"14":2,"15":0,"16":0,"17":2,"18":0,"19":0,"20":2,"21":0,"22":0,"23":0,"24":2,"25":2,"26":2,"27":1,"28":1,"29":1,"30":1,"31":1,"32":1,"33":0,"34":0,"35":2,"36":0,"37":2,"38":0,"39":2,"40":1,"41":1,"42":1,"43":1,"44":2,"45":0,"46":0,"47":0,"48":0,"49":0,"50":0,"51":0,"52":2,"53":0,"54":2,"55":0,"56":2,"57":0,"58":0,"59":2,"60":0,"61":2,"62":0,"63":2,"64":0,"65":2,"66":0,"67":2,"68":0,"69":0,"70":0,"71":0,"72":0,"73":2,"74":0,"75":0,"76":0,"77":0,"78":0,"79":0,"80":0,"81":0,"82":0,"83":0,"84":0,"85":0,"86":0,"87":0,"88":0,"89":0,"90":2,"91":0,"92":0,"93":0,"94":0,"95":0,"96":0,"97":2,"98":0,"99":2,"100":0,"101":0,"102":0,"103":0,"104":0,"105":0,"106":0,"107":2,"108":0,"109":0,"110":0,"111":0,"112":0,"113":0,"114":0,"115":0,"116":2,"117":0,"118":0,"119":0,"120":0,"121":2,"122":0,"123":2},"f":{"0":1,"1":1,"2":1,"3":2,"4":0,"5":0,"6":0,"7":2,"8":0,"9":0,"10":1,"11":0,"12":0,"13":0,"14":0,"15":0,"16":0,"17":0,"18":0,"19":0,"20":0,"21":0,"22":0,"23":0,"24":0,"25":0,"26":0},"b":{"0":[1,1],"1":[0,0],"2":[0],"3":[0],"4":[0],"5":[0,0],"6":[0,0],"7":[0,0],"8":[0,0],"9":[0,0],"10":[0,0],"11":[0,0],"12":[0,0],"13":[0,0],"14":[0,0],"15":[0,0]},"_coverageSchema":"1a1c01bbd47fc00a2c39e90264f33305004495a9","hash":"8a9d374f766b03aba4c5f20f9e6f0872fed9c10b"},"D:\\backup(m)\\node-project-git\\node-js-project\\src\\models\\User.js":{"path":"D:\\backup(m)\\node-project-git\\node-js-project\\src\\models\\User.js","statementMap":{"0":{"start":{"line":1,"column":22},"end":{"line":1,"column":42}},"1":{"start":{"line":2,"column":11},"end":{"line":2,"column":41}},"2":{"start":{"line":3,"column":15},"end":{"line":3,"column":32}},"3":{"start":{"line":5,"column":13},"end":{"line":137,"column":2}},"4":{"start":{"line":56,"column":8},"end":{"line":59,"column":9}},"5":{"start":{"line":57,"column":23},"end":{"line":57,"column":47}},"6":{"start":{"line":58,"column":10},"end":{"line":58,"column":65}},"7":{"start":{"line":62,"column":8},"end":{"line":65,"column":9}},"8":{"start":{"line":63,"column":23},"end":{"line":63,"column":47}},"9":{"start":{"line":64,"column":10},"end":{"line":64,"column":65}},"10":{"start":{"line":68,"column":8},"end":{"line":73,"column":9}},"11":{"start":{"line":69,"column":10},"end":{"line":72,"column":11}},"12":{"start":{"line":70,"column":25},"end":{"line":70,"column":49}},"13":{"start":{"line":71,"column":12},"end":{"line":71,"column":67}},"14":{"start":{"line":76,"column":8},"end":{"line":79,"column":9}},"15":{"start":{"line":77,"column":23},"end":{"line":77,"column":47}},"16":{"start":{"line":78,"column":10},"end":{"line":78,"column":93}},"17":{"start":{"line":83,"column":8},"end":{"line":86,"column":9}},"18":{"start":{"line":84,"column":23},"end":{"line":84,"column":47}},"19":{"start":{"line":85,"column":10},"end":{"line":85,"column":59}},"20":{"start":{"line":92,"column":8},"end":{"line":95,"column":9}},"21":{"start":{"line":93,"column":23},"end":{"line":93,"column":47}},"22":{"start":{"line":94,"column":10},"end":{"line":94,"column":65}},"23":{"start":{"line":97,"column":8},"end":{"line":100,"column":9}},"24":{"start":{"line":98,"column":23},"end":{"line":98,"column":47}},"25":{"start":{"line":99,"column":10},"end":{"line":99,"column":59}},"26":{"start":{"line":102,"column":8},"end":{"line":102,"column":59}},"27":{"start":{"line":107,"column":6},"end":{"line":107,"column":84}},"28":{"start":{"line":111,"column":6},"end":{"line":111,"column":60}},"29":{"start":{"line":140,"column":0},"end":{"line":144,"column":2}},"30":{"start":{"line":141,"column":17},"end":{"line":141,"column":34}},"31":{"start":{"line":142,"column":2},"end":{"line":142,"column":25}},"32":{"start":{"line":143,"column":2},"end":{"line":143,"column":16}},"33":{"start":{"line":147,"column":0},"end":{"line":149,"column":2}},"34":{"start":{"line":148,"column":2},"end":{"line":148,"column":60}},"35":{"start":{"line":153,"column":0},"end":{"line":153,"column":22}}},"fnMap":{"0":{"name":"(anonymous_0)","decl":{"start":{"line":55,"column":20},"end":{"line":55,"column":21}},"loc":{"start":{"line":55,"column":36},"end":{"line":60,"column":7}},"line":55},"1":{"name":"(anonymous_1)","decl":{"start":{"line":61,"column":20},"end":{"line":61,"column":21}},"loc":{"start":{"line":61,"column":36},"end":{"line":66,"column":7}},"line":61},"2":{"name":"(anonymous_2)","decl":{"start":{"line":67,"column":24},"end":{"line":67,"column":25}},"loc":{"start":{"line":67,"column":41},"end":{"line":74,"column":7}},"line":67},"3":{"name":"(anonymous_3)","decl":{"start":{"line":75,"column":24},"end":{"line":75,"column":25}},"loc":{"start":{"line":75,"column":43},"end":{"line":80,"column":7}},"line":75},"4":{"name":"(anonymous_4)","decl":{"start":{"line":82,"column":20},"end":{"line":82,"column":21}},"loc":{"start":{"line":82,"column":36},"end":{"line":87,"column":7}},"line":82},"5":{"name":"(anonymous_5)","decl":{"start":{"line":91,"column":18},"end":{"line":91,"column":19}},"loc":{"start":{"line":91,"column":34},"end":{"line":103,"column":7}},"line":91},"6":{"name":"(anonymous_6)","decl":{"start":{"line":106,"column":21},"end":{"line":106,"column":22}},"loc":{"start":{"line":106,"column":40},"end":{"line":108,"column":5}},"line":106},"7":{"name":"(anonymous_7)","decl":{"start":{"line":110,"column":17},"end":{"line":110,"column":18}},"loc":{"start":{"line":110,"column":42},"end":{"line":112,"column":5}},"line":110},"8":{"name":"(anonymous_8)","decl":{"start":{"line":140,"column":24},"end":{"line":140,"column":25}},"loc":{"start":{"line":140,"column":36},"end":{"line":144,"column":1}},"line":140},"9":{"name":"(anonymous_9)","decl":{"start":{"line":147,"column":33},"end":{"line":147,"column":34}},"loc":{"start":{"line":147,"column":64},"end":{"line":149,"column":1}},"line":147}},"branchMap":{"0":{"loc":{"start":{"line":56,"column":8},"end":{"line":59,"column":9}},"type":"if","locations":[{"start":{"line":56,"column":8},"end":{"line":59,"column":9}},{"start":{},"end":{}}],"line":56},"1":{"loc":{"start":{"line":62,"column":8},"end":{"line":65,"column":9}},"type":"if","locations":[{"start":{"line":62,"column":8},"end":{"line":65,"column":9}},{"start":{},"end":{}}],"line":62},"2":{"loc":{"start":{"line":69,"column":10},"end":{"line":72,"column":11}},"type":"if","locations":[{"start":{"line":69,"column":10},"end":{"line":72,"column":11}},{"start":{},"end":{}}],"line":69},"3":{"loc":{"start":{"line":76,"column":8},"end":{"line":79,"column":9}},"type":"if","locations":[{"start":{"line":76,"column":8},"end":{"line":79,"column":9}},{"start":{},"end":{}}],"line":76},"4":{"loc":{"start":{"line":83,"column":8},"end":{"line":86,"column":9}},"type":"if","locations":[{"start":{"line":83,"column":8},"end":{"line":86,"column":9}},{"start":{},"end":{}}],"line":83},"5":{"loc":{"start":{"line":92,"column":8},"end":{"line":95,"column":9}},"type":"if","locations":[{"start":{"line":92,"column":8},"end":{"line":95,"column":9}},{"start":{},"end":{}}],"line":92},"6":{"loc":{"start":{"line":92,"column":12},"end":{"line":92,"column":53}},"type":"binary-expr","locations":[{"start":{"line":92,"column":12},"end":{"line":92,"column":36}},{"start":{"line":92,"column":40},"end":{"line":92,"column":53}}],"line":92},"7":{"loc":{"start":{"line":97,"column":8},"end":{"line":100,"column":9}},"type":"if","locations":[{"start":{"line":97,"column":8},"end":{"line":100,"column":9}},{"start":{},"end":{}}],"line":97},"8":{"loc":{"start":{"line":97,"column":12},"end":{"line":97,"column":47}},"type":"binary-expr","locations":[{"start":{"line":97,"column":12},"end":{"line":97,"column":33}},{"start":{"line":97,"column":37},"end":{"line":97,"column":47}}],"line":97}},"s":{"0":1,"1":1,"2":1,"3":1,"4":0,"5":0,"6":0,"7":1,"8":0,"9":0,"10":0,"11":0,"12":0,"13":0,"14":0,"15":0,"16":0,"17":0,"18":0,"19":0,"20":1,"21":0,"22":0,"23":1,"24":0,"25":0,"26":1,"27":0,"28":0,"29":1,"30":0,"31":0,"32":0,"33":1,"34":0,"35":1},"f":{"0":0,"1":1,"2":0,"3":0,"4":0,"5":1,"6":0,"7":0,"8":0,"9":0},"b":{"0":[0,0],"1":[0,1],"2":[0,0],"3":[0,0],"4":[0,0],"5":[0,1],"6":[1,0],"7":[0,1],"8":[1,0]},"_coverageSchema":"1a1c01bbd47fc00a2c39e90264f33305004495a9","hash":"3e9c2818141930622fdbf051196005b96d930940"},"D:\\backup(m)\\node-project-git\\node-js-project\\src\\config\\db.config.js":{"path":"D:\\backup(m)\\node-project-git\\node-js-project\\src\\config\\db.config.js","statementMap":{"0":{"start":{"line":33,"column":0},"end":{"line":33,"column":27}},"1":{"start":{"line":34,"column":22},"end":{"line":34,"column":42}},"2":{"start
[...]
ine":192,"column":47}},"loc":{"start":{"line":192,"column":58},"end":{"line":196,"column":3}},"line":192}},"branchMap":{},"s":{"0":1,"1":1,"2":1,"3":1,"4":1,"5":2,"6":1,"7":1,"8":1,"9":1,"10":1,"11":1,"12":1,"13":1,"14":1,"15":1,"16":1,"17":1,"18":1,"19":1,"20":1,"21":1,"22":1,"23":1,"24":1,"25":1,"26":1,"27":1,"28":1,"29":1,"30":1,"31":1,"32":1,"33":1,"34":1,"35":1,"36":1,"37":1,"38":1,"39":1,"40":1,"41":1,"42":1,"43":1,"44":1,"45":1,"46":1,"47":1,"48":1,"49":1,"50":1,"51":1,"52":1,"53":1,"54":1,"55":1,"56":1,"57":1,"58":1,"59":1,"60":1,"61":1,"62":1,"63":1,"64":1,"65":1,"66":1,"67":1,"68":1,"69":1,"70":1,"71":1,"72":1,"73":1,"74":1,"75":1,"76":1,"77":1,"78":1,"79":1,"80":1,"81":1,"82":1,"83":1,"84":1,"85":1,"86":1,"87":1,"88":1,"89":1,"90":1,"91":1,"92":1,"93":1,"94":1,"95":1,"96":1,"97":1,"98":1,"99":1,"100":1,"101":1,"102":1,"103":1,"104":1,"105":1,"106":1,"107":1,"108":1,"109":1,"110":1,"111":1,"112":1,"113":1,"114":1,"115":1,"116":1,"117":1,"118":1,"119":1,"120":1,"121":1,"122":1,"123":1,"124":1,"125":1,"126":1,"127":1,"128":1,"129":1,"130":1,"131":1,"132":1,"133":1,"134":1,"135":1,"136":1,"137":1,"138":1},"f":{"0":1,"1":2,"2":1,"3":1,"4":1,"5":1,"6":1,"7":1,"8":1,"9":1,"10":1,"11":1,"12":1,"13":1,"14":1,"15":1,"16":1,"17":1,"18":1,"19":1,"20":1,"21":1,"22":1,"23":1,"24":1,"25":1,"26":1,"27":1,"28":1,"29":1,"30":1,"31":1,"32":1,"33":1,"34":1,"35":1,"36":1,"37":1,"38":1,"39":1,"40":1,"41":1,"42":1,"43":1},"b":{},"_coverageSchema":"1a1c01bbd47fc00a2c39e90264f33305004495a9","hash":"4f27ba154943af3dbb3d56a4ed6b9f2009e389db"},"D:\\backup(m)\\node-project-git\\node-js-project\\src\\tests\\userService.test.js":{"path":"D:\\backup(m)\\node-project-git\\node-js-project\\src\\tests\\userService.test.js","statementMap":{"0":{"start":{"line":1,"column":13},"end":{"line":1,"column":28}},"1":{"start":{"line":2,"column":14},"end":{"line":2,"column":30}},"2":{"start":{"line":3,"column":15},"end":{"line":3,"column":26}},"3":{"start":{"line":4,"column":19},"end":{"line":4,"column":53}},"4":{"start":{"line":6,"column":17},"end":{"line":6,"column":56}},"5":{"start":{"line":7,"column":15},"end":{"line":7,"column":32}},"6":{"start":{"line":8,"column":16},"end":{"line":8,"column":39}},"7":{"start":{"line":9,"column":21},"end":{"line":9,"column":53}},"8":{"start":{"line":10,"column":19},"end":{"line":10,"column":51}},"9":{"start":{"line":12,"column":0},"end":{"line":286,"column":3}},"10":{"start":{"line":16,"column":2},"end":{"line":20,"column":5}},"11":{"start":{"line":17,"column":4},"end":{"line":17,"column":36}},"12":{"start":{"line":19,"column":4},"end":{"line":19,"column":52}},"13":{"start":{"line":22,"column":2},"end":{"line":25,"column":5}},"14":{"start":{"line":23,"column":4},"end":{"line":23,"column":22}},"15":{"start":{"line":24,"column":4},"end":{"line":24,"column":68}},"16":{"start":{"line":27,"column":2},"end":{"line":78,"column":7}},"17":{"start":{"line":28,"column":4},"end":{"line":34,"column":7}},"18":{"start":{"line":29,"column":6},"end":{"line":33,"column":7}},"19":{"start":{"line":30,"column":8},"end":{"line":30,"column":41}},"20":{"start":{"line":32,"column":8},"end":{"line":32,"column":66}},"21":{"start":{"line":36,"column":4},"end":{"line":50,"column":7}},"22":{"start":{"line":37,"column":6},"end":{"line":37,"column":93}},"23":{"start":{"line":39,"column":6},"end":{"line":49,"column":7}},"24":{"start":{"line":40,"column":8},"end":{"line":46,"column":11}},"25":{"start":{"line":48,"column":8},"end":{"line":48,"column":63}},"26":{"start":{"line":52,"column":4},"end":{"line":77,"column":7}},"27":{"start":{"line":54,"column":26},"end":{"line":54,"column":62}},"28":{"start":{"line":54,"column":49},"end":{"line":54,"column":60}},"29":{"start":{"line":55,"column":31},"end":{"line":59,"column":8}},"30":{"start":{"line":61,"column":6},"end":{"line":76,"column":9}},"31":{"start":{"line":62,"column":8},"end":{"line":62,"column":61}},"32":{"start":{"line":63,"column":8},"end":{"line":63,"column":92}},"33":{"start":{"line":64,"column":8},"end":{"line":64,"column":60}},"34":{"start":{"line":66,"column":23},"end":{"line":72,"column":10}},"35":{"start":{"line":74,"column":8},"end":{"line":74,"column":62}},"36":{"start":{"line":75,"column":8},"end":{"line":75,"column":74}},"37":{"start":{"line":80,"column":2},"end":{"line":142,"column":5}},"38":{"start":{"line":81,"column":4},"end":{"line":87,"column":7}},"39":{"start":{"line":82,"column":6},"end":{"line":86,"column":7}},"40":{"start":{"line":83,"column":8},"end":{"line":83,"column":61}},"41":{"start":{"line":85,"column":8},"end":{"line":85,"column":66}},"42":{"start":{"line":89,"column":4},"end":{"line":97,"column":7}},"43":{"start":{"line":90,"column":6},"end":{"line":90,"column":59}},"44":{"start":{"line":92,"column":6},"end":{"line":96,"column":7}},"45":{"start":{"line":93,"column":8},"end":{"line":93,"column":83}},"46":{"start":{"line":95,"column":8},"end":{"line":95,"column":68}},"47":{"start":{"line":99,"column":4},"end":{"line":113,"column":7}},"48":{"start":{"line":100,"column":19},"end":{"line":104,"column":7}},"49":{"start":{"line":105,"column":6},"end":{"line":105,"column":59}},"50":{"start":{"line":106,"column":6},"end":{"line":106,"column":104}},"51":{"start":{"line":108,"column":6},"end":{"line":112,"column":7}},"52":{"start":{"line":109,"column":8},"end":{"line":109,"column":84}},"53":{"start":{"line":111,"column":8},"end":{"line":111,"column":50}},"54":{"start":{"line":115,"column":4},"end":{"line":127,"column":7}},"55":{"start":{"line":116,"column":19},"end":{"line":116,"column":108}},"56":{"start":{"line":117,"column":6},"end":{"line":117,"column":59}},"57":{"start":{"line":118,"column":6},"end":{"line":118,"column":104}},"58":{"start":{"line":119,"column":6},"end":{"line":119,"column":54}},"59":{"start":{"line":120,"column":6},"end":{"line":120,"column":57}},"60":{"start":{"line":122,"column":6},"end":{"line":126,"column":7}},"61":{"start":{"line":123,"column":8},"end":{"line":123,"column":86}},"62":{"start":{"line":125,"column":8},"end":{"line":125,"column":68}},"63":{"start":{"line":129,"column":4},"end":{"line":141,"column":7}},"64":{"start":{"line":130,"column":19},"end":{"line":130,"column":115}},"65":{"start":{"line":131,"column":6},"end":{"line":131,"column":59}},"66":{"start":{"line":132,"column":6},"end":{"line":132,"column":104}},"67":{"start":{"line":133,"column":6},"end":{"line":133,"column":53}},"68":{"start":{"line":134,"column":6},"end":{"line":134,"column":57}},"69":{"start":{"line":135,"column":6},"end":{"line":135,"column":66}},"70":{"start":{"line":137,"column":21},"end":{"line":137,"column":100}},"71":{"start":{"line":139,"column":6},"end":{"line":139,"column":60}},"72":{"start":{"line":140,"column":6},"end":{"line":140,"column":41}},"73":{"start":{"line":144,"column":2},"end":{"line":164,"column":5}},"74":{"start":{"line":145,"column":4},"end":{"line":153,"column":7}},"75":{"start":{"line":146,"column":6},"end":{"line":146,"column":56}},"76":{"start":{"line":148,"column":6},"end":{"line":152,"column":7}},"77":{"start":{"line":149,"column":8},"end":{"line":149,"column":63}},"78":{"start":{"line":151,"column":8},"end":{"line":151,"column":52}},"79":{"start":{"line":155,"column":4},"end":{"line":163,"column":7}},"80":{"start":{"line":156,"column":19},"end":{"line":156,"column":71}},"81":{"start":{"line":157,"column":6},"end":{"line":157,"column":56}},"82":{"start":{"line":159,"column":6},"end":{"line":159,"column":59}},"83":{"start":{"line":161,"column":6},"end":{"line":161,"column":44}},"84":{"start":{"line":162,"column":6},"end":{"line":162,"column":46}},"85":{"start":{"line":166,"column":2},"end":{"line":196,"column":5}},"86":{"start":{"line":167,"column":4},"end":{"line":185,"column":7}},"87":{"start":{"line":168,"column":23},"end":{"line":171,"column":7}},"88":{"start":{"line":174,"column":6},"end":{"line":174,"column":60}},"89":{"start":{"line":177,"column":6},"end":{"line":177,"column":62}},"90":{"start":{"line":179,"column":21},"end":{"line":179,"column":67}},"91":{"start":{"line":182,"column":6},"end":{"line":182,"column":40}},"92":{"start":{"line":183,"column":6},"end":{"line":183,"column":59}},"93":{"start":{"line":184,"column":6},"end":{"line":184,"column":50}},"94":{"start":{"line":187,"column":4},"end":{"line":195,"column":7}},"95":{"start":{"line":188,"column":6},"end":{"line":188,"column":56}},"96":{"start":{"line":190,"column":6},"end":{"line":194,"column":7}},"97":{"start":{"line":191,"column":8},"end":{"line":191,"column":57}},"98":{"start":{"line":193,"column":8},"end":{"line":193,"column":52}},"99":{"start":{"line":198,"column":2},"end":{"line":206,"column":5}},"100":{"start":{"line":199,"column":4},"end":{"line":205,"column":7}},"101":{"start":{"line":200,"column":27},"end":{"line":200,"column":44}},"102":{"start":{"line":201,"column":6},"end":{"line":201,"column":70}},"103":{"start":{"line":203,"column":21},"end":{"line":203,"column":52}},"104":{"start":{"line":204,"column":6},"end":{"line":204,"column":44}},"105":{"start":{"line":208,"column":2},"end":{"line":234,"column":5}},"106":{"start":{"line":209,"column":4},"end":{"line":215,"column":7}},"107":{"start":{"line":210,"column":6},"end":{"line":214,"column":7}},"108":{"start":{"line":211,"column":8},"end":{"line":211,"column":42}},"109":{"start":{"line":213,"column":8},"end":{"line":213,"column":57}},"110":{"start":{"line":217,"column":4},"end":{"line":225,"column":7}},"111":{"start":{"line":218,"column":6},"end":{"line":218,"column":59}},"112":{"start":{"line":220,"column":6},"end":{"line":224,"column":7}},"113":{"start":{"line":221,"column":8},"end":{"line":221,"column":71}},"114":{"start":{"line":223,"column":8},"end":{"line":223,"column":52}},"115":{"start":{"line":227,"column":4},"end":{"line":233,"column":7}},"116":{"start":{"line":228,"column":19},"end":{"line":228,"column":48}},"117":{"start":{"line":229,"column":6},"end":{"line":229,"column":59}},"118":{"start":{"line":231,"column":21},"end":{"line":231,"column":81}},"119":{"start":{"line":232,"column":6},"end":{"line":232,"column":36}},"120":{"start":{"line":236,"column":2},"end":{"line":256,"column":5}},"121":{"start":{"line":237,"column":4},"end":{"line":245,"column":7}},"122":{"start":{"line":238,"column":6},"end":{"line":238,"column":60}},"123":{"start":{"line":240,"column":6},"end":{"line":244,"column":7}},"124":{"start":{"line":241,"column":8},"end":{"line":241,"column":57}},"125":{"start":{"line":243,"column":8},"end":{"line":243,"column":52}},"126":{"start":{"line":247,"column":4},"end":{"line":255,"column":7}},"127":{"start":{"line":248,"column":19},"end":{"line":248,"column":28}},"128":{"start":{"line":249,"column":6},"end":{"line":249,"column":60}},"129":{"start":{"line":250,"column":6},"end":{"line":250,"column":85}},"130":{"start":{"line":252,"column":21},"end":{"line":252,"column":67}},"131":{"start":{"line":253,"column":6},"end":{"line":253,"column":43}},"132":{"start":{"line":254,"column":6},"end":{"line":254,"column":43}},"133":{"start":{"line":258,"column":2},"end":{"line":276,"column":5}},"134":{"start":{"line":259,"column":4},"end":{"line":267,"column":7}},"135":{"start":{"line":260,"column":6},"end":{"line":260,"column":64}},"136":{"start":{"line":262,"column":6},"end":{"line":266,"column":7}},"137":{"start":{"line":263,"column":8},"end":{"line":263,"column":70}},"138":{"start":{"line":265,"column":8},"end":{"line":265,"column":57}},"139":{"start":{"line":269,"column":4},"end":{"line":275,"column":7}},"140":{"start":{"line":270,"column":20},"end":{"line":270,"column":31}},"141":{"start":{"line":271,"column":6},"end":{"line":271,"column":67}},"142":{"start":{"line":273,"column":21},"end":{"line":273,"column":82}},"143":{"start":{"line":274,"column":6},"end":{"line":274,"column":40}},"144":{"start":{"line":278,"column":2},"end":{"line":285,"column":5}},"145":{"start":{"line":279,"column":4},"end":{"line":284,"column":7}},"146":{"start":{"line":280,"column":6},"end":{"line":280,"column":65}},"147":{"start":{"line":282,"column":21},"end":{"line":282,"column":69}},"148":{"start":{"line":283,"column":6},"end":{"line":283,"column":32}}},"fnMap":{"0":{"name":"(anonymous_0)","decl":{"start":{"line":12,"column":24},"end":{"line":12,"column":25}},"loc":{"start":{"line":12,"column":30},"end":{"line":286,"column":1}},"line":12},"1":{"name":"(anonymous_1)","decl":{"start":{"line":16,"column":13},"end":{"line":16,"column":14}},"loc":{"start":{"line":16,"column":19},"end":{"line":20,"column":3}},"line":16},"2":{"name":"(anonymous_2)","decl":{"start":{"line":22,"column":12},"end":{"line":22,"column":13}},"loc":{"start":{"line":22,"column":18},"end":{"line":25,"column":3}},"line":22},"3":{"name":"(anonymous_3)","decl":{"start":{"line":27,"column":25},"end":{"line":27,"column":26}},"loc":{"start":{"line":27,"column":31},"end":{"line":78,"column":5}},"line":27},"4":{"name":"(anonymous_4)","decl":{"start":{"line":28,"column":50},"end":{"line":28,"column":51}},"loc":{"start":{"line":28,"column":62},"end":{"line":34,"column":5}},"line":28},"5":{"name":"(anonymous_5)","decl":{"start":{"line":36,"column":39},"end":{"line":36,"column":40}},"loc":{"start":{"line":36,"column":51},"end":{"line":50,"column":5}},"line":36},"6":{"name":"(anonymous_6)","decl":{"start":{"line":52,"column":46},"end":{"line":52,"column":47}},"loc":{"start":{"line":52,"column":58},"end":{"line":77,"column":5}},"line":52},"7":{"name":"(anonymous_7)","decl":{"start":{"line":54,"column":43},"end":{"line":54,"column":44}},"loc":{"start":{"line":54,"column":49},"end":{"line":54,"column":60}},"line":54},"8":{"name":"(anonymous_8)","decl":{"start":{"line":61,"column":48},"end":{"line":61,"column":49}},"loc":{"start":{"line":61,"column":60},"end":{"line":76,"column":7}},"line":61},"9":{"name":"(anonymous_9)","decl":{"start":{"line":80,"column":20},"end":{"line":80,"column":21}},"loc":{"start":{"line":80,"column":26},"end":{"line":142,"column":3}},"line":80},"10":{"name":"(anonymous_10)","decl":{"start":{"line":81,"column":52},"end":{"line":81,"column":53}},"loc":{"start":{"line":81,"column":64},"end":{"line":87,"column":5}},"line":81},"11":{"name":"(anonymous_11)","decl":{"start":{"line":89,"column":41},"end":{"line":89,"column":42}},"loc":{"start":{"line":89,"column":53},"end":{"line":97,"column":5}},"line":89},"12":{"name":"(anonymous_12)","decl":{"start":{"line":99,"column":39},"end":{"line":99,"column":40}},"loc":{"start":{"line":99,"column":51},"end":{"line":113,"column":5}},"line":99},"13":{"name":"(anonymous_13)","decl":{"start":{"line":115,"column":68},"end":{"line":115,"column":69}},"loc":{"start":{"line":115,"column":80},"end":{"line":127,"column":5}},"line":115},"14":{"name":"(anonymous_14)","decl":{"start":{"line":129,"column":59},"end":{"line":129,"column":60}},"loc":{"start":{"line":129,"column":71},"end":{"line":141,"column":5}},"line":129},"15":{"name":"(anonymous_15)","decl":{"start":{"line":144,"column":25},"end":{"line":144,"column":26}},"loc":{"start":{"line":144,"column":31},"end":{"line":164,"column":3}},"line":144},"16":{"name":"(anonymous_16)","decl":{"start":{"line":145,"column":47},"end":{"line":145,"column":48}},"loc":{"start":{"line":145,"column":59},"end":{"line":153,"column":5}},"line":145},"17":{"name":"(anonymous_17)","decl":{"start":{"line":155,"column":43},"end":{"line":155,"column":44}},"loc":{"start":{"line":155,"column":55},"end":{"line":163,"column":5}},"line":155},"18":{"name":"(anonymous_18)","decl":{"start":{"line":166,"column":29},"end":{"line":166,"column":30}},"loc":{"start":{"line":166,"column":35},"end":{"line":196,"column":3}},"line":166},"19":{"name":"(anonymous_19)","decl":{"start":{"line":167,"column":46},"end":{"line":167,"column":47}},"loc":{"start":{"line":167,"column":58},"end":{"line":185,"column":5}},"line":167},"20":{"name":"(anonymous_20)","decl":{"start":{"line":187,"column":41},"end":{"line":187,"column":42}},"loc":{"start":{"line":187,"column":53},"end":{"line":195,"column":5}},"line":187},"21":{"name":"(anonymous_21)","decl":{"start":{"line":198,"column":25},"end":{"line":198,"column":26}},"loc":{"start":{"line":198,"column":31},"end":{"line":206,"column":3}},"line":198},"22":{"name":"(anonymous_22)","decl":{"start":{"line":199,"column":55},"end":{"line":199,"column":56}},"loc":{"start":{"line":199,"column":67},"end":{"line":205,"column":5}},"line":199},"23":{"name":"(anonymous_23)","decl":{"start":{"line":208,"column":26},"end":{"line":208,"column":27}},"loc":{"start":{"line":208,"column":32},"end":{"line":234,"column":3}},"line":208},"24":{"name":"(anonymous_24)","decl":{"start":{"line":209,"column":40},"end":{"line":209,"column":41}},"loc":{"start":{"line":209,"column":52},"end":{"line":215,"column":5}},"line":209},"25":{"name":"(anonymous_25)","decl":{"start":{"line":217,"column":41},"end":{"line":217,"column":42}},"loc":{"start":{"line":217,"column":53},"end":{"line":225,"column":5}},"line":217},"26":{"name":"(anonymous_26)","decl":{"start":{"line":227,"column":38},"end":{"line":227,"column":39}},"loc":{"start":{"line":227,"column":50},"end":{"line":233,"column":5}},"line":227},"27":{"name":"(anonymous_27)","decl":{"start":{"line":236,"column":32},"end":{"line":236,"column":33}},"loc":{"start":{"line":236,"column":38},"end":{"line":256,"column":3}},"line":236},"28":{"name":"(anonymous_28)","decl":{"start":{"line":237,"column":41},"end":{"line":237,"column":42}},"loc":{"start":{"line":237,"column":53},"end":{"line":245,"column":5}},"line":237},"29":{"name":"(anonymous_29)","decl":{"start":{"line":247,"column":44},"end":{"line":247,"column":45}},"loc":{"start":{"line":247,"column":56},"end":{"line":255,"column":5}},"line":247},"30":{"name":"(anonymous_30)","decl":{"start":{"line":258,"column":23},"end":{"line":258,"column":24}},"loc":{"start":{"line":258,"column":29},"end":{"line":276,"column":3}},"line":258},"31":{"name":"(anonymous_31)","decl":{"start":{"line":259,"column":41},"end":{"line":259,"column":42}},"loc":{"start":{"line":259,"column":53},"end":{"line":267,"column":5}},"line":259},"32":{"name":"(anonymous_32)","decl":{"start":{"line":269,"column":39},"end":{"line":269,"column":40}},"loc":{"start":{"line":269,"column":51},"end":{"line":275,"column":5}},"line":269},"33":{"name":"(anonymous_33)","decl":{"start":{"line":278,"column":23},"end":{"line":278,"column":24}},"loc":{"start":{"line":278,"column":29},"end":{"line":285,"column":3}},"line":278},"34":{"name":"(anonymous_34)","decl":{"start":{"line":279,"column":34},"end":{"line":279,"column":35}},"loc":{"start":{"line":279,"column":46},"end":{"line":284,"column":5}},"line":279}},"branchMap":{},"s":{"0":1,"1":1,"2":1,"3":1,"4":1,"5":1,"6":1,"7":1,"8":1,"9":1,"10":1,"11":21,"12":21,"13":1,"14":21,"15":21,"16":1,"17":1,"18":1,"19":1,"20":1,"21":1,"22":1,"23":1,"24":1,"25":1,"26":1,"27":1,"28":0,"29":1,"30":1,"31":0,"32":0,"33":0,"34":0,"35":0,"36":0,"37":1,"38":1,"39":1,"40":1,"41":1,"42":1,"43":1,"44":1,"45":1,"46":1,"47":1,"48":1,"49":1,"50":1,"51":1,"52":1,"53":1,"54":1,"55":1,"56":1,"57":1,"58":1,"59":1,"60":1,"61":1,"62":1,"63":1,"64":1,"65":1,"66":1,"67":1,"68":1,"69":1,"70":1,"71":1,"72":1,"73":1,"74":1,"75":1,"76":1,"77":1,"78":1,"79":1,"80":1,"81":1,"82":1,"83":1,"84":1,"85":1,"86":1,"87":1,"88":1,"89":1,"90":1,"91":1,"92":1,"93":1,"94":1,"95":1,"96":1,"97":1,"98":1,"99":1,"100":1,"101":1,"102":1,"103":1,"104":1,"105":1,"106":1,"107":1,"108":1,"109":1,"110":1,"111":1,"112":1,"113":1,"114":1,"115":1,"116":1,"117":1,"118":1,"119":1,"120":1,"121":1,"122":1,"123":1,"124":1,"125":1,"126":1,"127":1,"128":1,"129":1,"130":1,"131":1,"132":1,"133":1,"134":1,"135":1,"136":1,"137":1,"138":1,"139":1,"140":1,"141":1,"142":1,"143":1,"144":1,"145":1,"146":1,"147":1,"148":1},"f":{"0":1,"1":21,"2":21,"3":1,"4":1,"5":1,"6":1,"7":0,"8":0,"9":1,"10":1,"11":1,"12":1,"13":1,"14":1,"15":1,"16":1,"17":1,"18":1,"19":1,"20":1,"21":1,"22":1,"23":1,"24":1,"25":1,"26":1,"27":1,"28":1,"29":1,"30":1,"31":1,"32":1,"33":1,"34":1},"b":{},"_coverageSchema":"1a1c01bbd47fc00a2c39e90264f33305004495a9","hash":"f5813b025c4a8fc4d3956903aa3b69ba07bbd4ca"}}