{"D:\\backup(m)\\node-project-git\\node-js-project\\src\\utils\\ApiResponse.js":{"path":"D:\\backup(m)\\node-project-git\\node-js-project\\src\\utils\\ApiResponse.js","statementMap":{"0":{"start":{"line":3,"column":4},"end":{"line":9,"column":6}},"1":{"start":{"line":13,"column":4},"end":{"line":19,"column":6}},"2":{"start":{"line":35,"column":0},"end":{"line":35,"column":29}}},"fnMap":{"0":{"name":"(anonymous_0)","decl":{"start":{"line":2,"column":2},"end":{"line":2,"column":3}},"loc":{"start":{"line":2,"column":49},"end":{"line":10,"column":3}},"line":2},"1":{"name":"(anonymous_1)","decl":{"start":{"line":12,"column":2},"end":{"line":12,"column":3}},"loc":{"start":{"line":12,"column":72},"end":{"line":20,"column":3}},"line":12}},"branchMap":{"0":{"loc":{"start":{"line":2,"column":17},"end":{"line":2,"column":26}},"type":"default-arg","locations":[{"start":{"line":2,"column":24},"end":{"line":2,"column":26}}],"line":2},"1":{"loc":{"start":{"line":2,"column":28},"end":{"line":2,"column":47}},"type":"default-arg","locations":[{"start":{"line":2,"column":38},"end":{"line":2,"column":47}}],"line":2},"2":{"loc":{"start":{"line":12,"column":15},"end":{"line":12,"column":47}},"type":"default-arg","locations":[{"start":{"line":12,"column":25},"end":{"line":12,"column":47}}],"line":12},"3":{"loc":{"start":{"line":12,"column":49},"end":{"line":12,"column":59}},"type":"default-arg","locations":[{"start":{"line":12,"column":56},"end":{"line":12,"column":59}}],"line":12},"4":{"loc":{"start":{"line":12,"column":61},"end":{"line":12,"column":70}},"type":"default-arg","locations":[{"start":{"line":12,"column":68},"end":{"line":12,"column":70}}],"line":12},"5":{"loc":{"start":{"line":17,"column":11},"end":{"line":17,"column":27}},"type":"binary-expr","locations":[{"start":{"line":17,"column":11},"end":{"line":17,"column":15}},{"start":{"line":17,"column":19},"end":{"line":17,"column":27}}],"line":17}},"s":{"0":2,"1":3,"2":1},"f":{"0":2,"1":3},"b":{"0":[1],"1":[1],"2":[1],"3":[1],"4":[1],"5":[3,2]},"_coverageSchema":"1a1c01bbd47fc00a2c39e90264f33305004495a9","hash":"aaf73db900abaae304fbd930d08080edf4b87a2c","contentHash":"2bc482d66b6d5e0cb55797e09180acac2c702b9cbb0f207fb23809bbb34b603f"},"D:\\backup(m)\\node-project-git\\node-js-project\\src\\constants\\MessageConstant.js":{"path":"D:\\backup(m)\\node-project-git\\node-js-project\\src\\constants\\MessageConstant.js","statementMap":{"0":{"start":{"line":3,"column":0},"end":{"line":66,"column":2}},"1":{"start":{"line":37,"column":39},"end":{"line":37,"column":81}},"2":{"start":{"line":39,"column":6},"end":{"line":39,"column":60}},"3":{"start":{"line":40,"column":39},"end":{"line":40,"column":95}},"4":{"start":{"line":42,"column":8},"end":{"line":42,"column":54}}},"fnMap":{"0":{"name":"(anonymous_0)","decl":{"start":{"line":37,"column":26},"end":{"line":37,"column":27}},"loc":{"start":{"line":37,"column":39},"end":{"line":37,"column":81}},"line":37},"1":{"name":"(anonymous_1)","decl":{"start":{"line":38,"column":32},"end":{"line":38,"column":33}},"loc":{"start":{"line":39,"column":6},"end":{"line":39,"column":60}},"line":39},"2":{"name":"(anonymous_2)","decl":{"start":{"line":40,"column":26},"end":{"line":40,"column":27}},"loc":{"start":{"line":40,"column":39},"end":{"line":40,"column":95}},"line":40},"3":{"name":"(anonymous_3)","decl":{"start":{"line":41,"column":37},"end":{"line":41,"column":38}},"loc":{"start":{"line":42,"column":8},"end":{"line":42,"column":54}},"line":42}},"branchMap":{},"s":{"0":1,"1":1,"2":1,"3":2,"4":1},"f":{"0":1,"1":1,"2":2,"3":1},"b":{},"_coverageSchema":"1a1c01bbd47fc00a2c39e90264f33305004495a9","hash":"bf23a64e6422ee3278c33e97a4331d6cb492fc29","contentHash":"3fe9e769030a66be0f43076f131cc6c5d8c03bb278f374b43cba4df6582d6420"},"D:\\backup(m)\\node-project-git\\node-js-project\\src\\utils\\envHelper.js":{"path":"D:\\backup(m)\\node-project-git\\node-js-project\\src\\utils\\envHelper.js","statementMap":{"0":{"start":{"line":1,"column":0},"end":{"line":1,"column":27}},"1":{"start":{"line":3,"column":15},"end":{"line":5,"column":1}},"2":{"start":{"line":4,"column":2},"end":{"line":4,"column":42}},"3":{"start":{"line":7,"column":0},"end":{"line":7,"column":28}}},"fnMap":{"0":{"name":"(anonymous_0)","decl":{"start":{"line":3,"column":15},"end":{"line":3,"column":16}},"loc":{"start":{"line":3,"column":45},"end":{"line":5,"column":1}},"line":3}},"branchMap":{"0":{"loc":{"start":{"line":3,"column":21},"end":{"line":3,"column":40}},"type":"default-arg","locations":[{"start":{"line":3,"column":36},"end":{"line":3,"column":40}}],"line":3},"1":{"loc":{"start":{"line":4,"column":9},"end":{"line":4,"column":41}},"type":"binary-expr","locations":[{"start":{"line":4,"column":9},"end":{"line":4,"column":25}},{"start":{"line":4,"column":29},"end":{"line":4,"column":41}}],"line":4}},"s":{"0":1,"1":1,"2":11,"3":1},"f":{"0":11},"b":{"0":[10],"1":[11,2]},"_coverageSchema":"1a1c01bbd47fc00a2c39e90264f33305004495a9","hash":"1dffc9b97a0d7f8d8e638bf15f5b0d5cbc8e985b","contentHash":"02b89ba033b1b71d916d25f593b1516c8adfb21c880d8ff2c7aa28d4d9c90169"},"D:\\backup(m)\\node-project-git\\node-js-project\\src\\Service\\jsonapi.js":{"path":"D:\\backup(m)\\node-project-git\\node-js-project\\src\\Service\\jsonapi.js","statementMap":{"0":{"start":{"line":30,"column":14},"end":{"line":30,"column":30}},"1":{"start":{"line":32,"column":22},"end":{"line":62,"column":1}},"2":{"start":{"line":33,"column":16},"end":{"line":33,"column":17}},"3":{"start":{"line":35,"column":2},"end":{"line":61,"column":3}},"4":{"start":{"line":36,"column":4},"end":{"line":60,"column":5}},"5":{"start":{"line":37,"column":6},"end":{"line":37,"column":105}},"6":{"start":{"line":39,"column":21},"end":{"line":39,"column":58}},"7":{"start":{"line":40,"column":6},"end":{"line":42,"column":7}},"8":{"start":{"line":41,"column":8},"end":{"line":41,"column":27}},"9":{"start":{"line":44,"column":23},"end":{"line":44,"column":50}},"10":{"start":{"line":46,"column":6},"end":{"line":46,"column":71}},"11":{"start":{"line":47,"column":6},"end":{"line":47,"column":27}},"12":{"start":{"line":50,"column":6},"end":{"line":50,"column":16}},"13":{"start":{"line":51,"column":6},"end":{"line":51,"column":88}},"14":{"start":{"line":53,"column":6},"end":{"line":56,"column":7}},"15":{"start":{"line":54,"column":8},"end":{"line":54,"column":73}},"16":{"start":{"line":55,"column":8},"end":{"line":55,"column":103}},"17":{"start":{"line":58,"column":6},"end":{"line":58,"column":65}},"18":{"start":{"line":59,"column":6},"end":{"line":59,"column":57}},"19":{"start":{"line":59,"column":31},"end":{"line":59,"column":55}},"20":{"start":{"line":64,"column":0},"end":{"line":64,"column":35}}},"fnMap":{"0":{"name":"(anonymous_0)","decl":{"start":{"line":32,"column":22},"end":{"line":32,"column":23}},"loc":{"start":{"line":32,"column":86},"end":{"line":62,"column":1}},"line":32},"1":{"name":"(anonymous_1)","decl":{"start":{"line":59,"column":24},"end":{"line":59,"column":25}},"loc":{"start":{"line":59,"column":31},"end":{"line":59,"column":55}},"line":59}},"branchMap":{"0":{"loc":{"start":{"line":32,"column":42},"end":{"line":32,"column":53}},"type":"default-arg","locations":[{"start":{"line":32,"column":49},"end":{"line":32,"column":53}}],"line":32},"1":{"loc":{"start":{"line":32,"column":55},"end":{"line":32,"column":66}},"type":"default-arg","locations":[{"start":{"line":32,"column":65},"end":{"line":32,"column":66}}],"line":32},"2":{"loc":{"start":{"line":32,"column":68},"end":{"line":32,"column":81}},"type":"default-arg","locations":[{"start":{"line":32,"column":78},"end":{"line":32,"column":81}}],"line":32},"3":{"loc":{"start":{"line":40,"column":6},"end":{"line":42,"column":7}},"type":"if","locations":[{"start":{"line":40,"column":6},"end":{"line":42,"column":7}},{"start":{},"end":{}}],"line":40},"4":{"loc":{"start":{"line":40,"column":10},"end":{"line":40,"column":48}},"type":"binary-expr","locations":[{"start":{"line":40,"column":10},"end":{"line":40,"column":40}},{"start":{"line":40,"column":44},"end":{"line":40,"column":48}}],"line":40},"5":{"loc":{"start":{"line":51,"column":66},"end":{"line":51,"column":84}},"type":"binary-expr","locations":[{"start":{"line":51,"column":66},"end":{"line":51,"column":77}},{"start":{"line":51,"column":81},"end":{"line":51,"column":84}}],"line":51},"6":{"loc":{"start":{"line":53,"column":6},"end":{"line":56,"column":7}},"type":"if","locations":[{"start":{"line":53,"column":6},"end":{"line":56,"column":7}},{"start":{},"end":{}}],"line":53},"7":{"loc":{"start":{"line":55,"column":69},"end":{"line":55,"column":99}},"type":"binary-expr","locations":[{"start":{"line":55,"column":69},"end":{"line":55,"column":80}},{"start":{"line":55,"column":84},"end":{"line":55,"column":99}}],"line":55}},"s":{"0":1,"1":1,"2":3,"3":3,"4":5,"5":5,"6":5,"7":5,"8":0,"9":5,"10":2,"11":2,"12":3,"13":3,"14":3,"15":1,"16":1,"17":2,"18":2,"19":2,"20":1},"f":{"0":3,"1":2},"b":{"0":[1],"1":[1],"2":[1],"3":[0,5],"4":[5,0],"5":[3,0],"6":[1,2],"7":[1,0]},"_coverageSchema":"1a1c01bbd47fc00a2c39e90264f33305004495a9","hash":"f60d3ec3235d479d96ef168491170b74051ed291","contentHash":"2d06ec4a5ab99631ca177157302f44b0ed6ca297a8b7eb81cb59afb107dca9b4"},"D:\\backup(m)\\node-project-git\\node-js-project\\src\\Service\\mailService.js":{"path":"D:\\backup(m)\\node-project-git\\node-js-project\\src\\Service\\mailService.js","statementMap":{"0":{"start":{"line":2,"column":19},"end":{"line":2,"column":40}},"1":{"start":{"line":3,"column":19},"end":{"line":3,"column":48}},"2":{"start":{"line":5,"column":20},"end":{"line":7,"column":1}},"3":{"start":{"line":6,"column":2},"end":{"line":6,"column":76}},"4":{"start":{"line":9,"column":17},"end":{"line":27,"column":1}},"5":{"start":{"line":10,"column":20},"end":{"line":10,"column":40}},"6":{"start":{"line":11,"column":22},"end":{"line":11,"column":45}},"7":{"start":{"line":13,"column":22},"end":{"line":19,"column":4}},"8":{"start":{"line":21,"column":2},"end":{"line":26,"column":5}},"9":{"start":{"line":29,"column":0},"end":{"line":29,"column":43}}},"fnMap":{"0":{"name":"(anonymous_0)","decl":{"start":{"line":5,"column":20},"end":{"line":5,"column":21}},"loc":{"start":{"line":5,"column":30},"end":{"line":7,"column":1}},"line":5},"1":{"name":"(anonymous_1)","decl":{"start":{"line":9,"column":17},"end":{"line":9,"column":18}},"loc":{"start":{"line":9,"column":56},"end":{"line":27,"column":1}},"line":9}},"branchMap":{"0":{"loc":{"start":{"line":6,"column":22},"end":{"line":6,"column":36}},"type":"binary-expr","locations":[{"start":{"line":6,"column":22},"end":{"line":6,"column":26}},{"start":{"line":6,"column":30},"end":{"line":6,"column":36}}],"line":6},"1":{"loc":{"start":{"line":11,"column":22},"end":{"line":11,"column":45}},"type":"binary-expr","locations":[{"start":{"line":11,"column":22},"end":{"line":11,"column":29}},{"start":{"line":11,"column":33},"end":{"line":11,"column":45}}],"line":11},"2":{"loc":{"start":{"line":25,"column":10},"end":{"line":25,"column":35}},"type":"binary-expr","locations":[{"start":{"line":25,"column":10},"end":{"line":25,"column":14}},{"start":{"line":25,"column":18},"end":{"line":25,"column":35}}],"line":25}},"s":{"0":1,"1":1,"2":1,"3":4,"4":1,"5":4,"6":4,"7":4,"8":4,"9":1},"f":{"0":4,"1":4},"b":{"0":[4,2],"1":[4,3],"2":[4,3]},"_coverageSchema":"1a1c01bbd47fc00a2c39e90264f33305004495a9","hash":"650aa11ba4e2f44a19accad1bfc7bef55683add7","contentHash":"6a564dd71b862a3933a582fb2283a2db5963147dfdcdfd6444600db815b63db5"},"D:\\backup(m)\\node-project-git\\node-js-project\\src\\utils\\Res.js":{"path":"D:\\backup(m)\\node-project-git\\node-js-project\\src\\utils\\Res.js","statementMap":{"0":{"start":{"line":3,"column":4},"end":{"line":11,"column":7}},"1":{"start":{"line":15,"column":4},"end":{"line":22,"column":7}},"2":{"start":{"line":26,"column":4},"end":{"line":26,"column":53}},"3":{"start":{"line":30,"column":4},"end":{"line":30,"column":51}},"4":{"start":{"line":34,"column":4},"end":{"line":34,"column":51}},"5":{"start":{"line":38,"column":4},"end":{"line":38,"column":51}},"6":{"start":{"line":42,"column":4},"end":{"line":42,"column":65}},"7":{"start":{"line":47,"column":4},"end":{"line":54,"column":7}},"8":{"start":{"line":58,"column":0},"end":{"line":58,"column":21}}},"fnMap":{"0":{"name":"(anonymous_0)","decl":{"start":{"line":2,"column":2},"end":{"line":2,"column":3}},"loc":{"start":{"line":2,"column":90},"end":{"line":12,"column":3}},"line":2},"1":{"name":"(anonymous_1)","decl":{"start":{"line":14,"column":2},"end":{"line":14,"column":3}},"loc":{"start":{"line":14,"column":87},"end":{"line":23,"column":3}},"line":14},"2":{"name":"(anonymous_2)","decl":{"start":{"line":25,"column":2},"end":{"line":25,"column":3}},"loc":{"start":{"line":25,"column":58},"end":{"line":27,"column":3}},"line":25},"3":{"name":"(anonymous_3)","decl":{"start":{"line":29,"column":2},"end":{"line":29,"column":3}},"loc":{"start":{"line":29,"column":65},"end":{"line":31,"column":3}},"line":29},"4":{"name":"(anonymous_4)","decl":{"start":{"line":33,"column":2},"end":{"line":33,"column":3}},"loc":{"start":{"line":33,"column":68},"end":{"line":35,"column":3}},"line":33},"5":{"name":"(anonymous_5)","decl":{"start":{"line":37,"column":2},"end":{"line":37,"column":3}},"loc":{"start":{"line":37,"column":61},"end":{"line":39,"column":3}},"line":37},"6":{"name":"(anonymous_6)","decl":{"start":{"line":41,"column":2},"end":{"line":41,"column":3}},"loc":{"start":{"line":41,"column":40},"end":{"line":43,"column":3}},"line":41},"7":{"name":"(anonymous_7)","decl":{"start":{"line":46,"column":2},"end":{"line":46,"column":3}},"loc":{"start":{"line":46,"column":52},"end":{"line":55,"column":3}},"line":46}},"branchMap":{"0":{"loc":{"start":{"line":2,"column":22},"end":{"line":2,"column":31}},"type":"default-arg","locations":[{"start":{"line":2,"column":29},"end":{"line":2,"column":31}}],"line":2},"1":{"loc":{"start":{"line":2,"column":33},"end":{"line":2,"column":56}},"type":"default-arg","locations":[{"start":{"line":2,"column":47},"end":{"line":2,"column":56}}],"line":2},"2":{"loc":{"start":{"line":2,"column":58},"end":{"line":2,"column":74}},"type":"default-arg","locations":[{"start":{"line":2,"column":71},"end":{"line":2,"column":74}}],"line":2},"3":{"loc":{"start":{"line":2,"column":76},"end":{"line":2,"column":88}},"type":"default-arg","locations":[{"start":{"line":2,"column":84},"end":{"line":2,"column":88}}],"line":2},"4":{"loc":{"start":{"line":5,"column":10},"end":{"line":5,"column":28}},"type":"binary-expr","locations":[{"start":{"line":5,"column":10},"end":{"line":5,"column":15}},{"start":{"line":5,"column":19},"end":{"line":5,"column":28}}],"line":5},"5":{"loc":{"start":{"line":14,"column":20},"end":{"line":14,"column":56}},"type":"default-arg","locations":[{"start":{"line":14,"column":34},"end":{"line":14,"column":56}}],"line":14},"6":{"loc":{"start":{"line":14,"column":58},"end":{"line":14,"column":67}},"type":"default-arg","locations":[{"start":{"line":14,"column":65},"end":{"line":14,"column":67}}],"line":14},"7":{"loc":{"start":{"line":14,"column":69},"end":{"line":14,"column":85}},"type":"default-arg","locations":[{"start":{"line":14,"column":82},"end":{"line":14,"column":85}}],"line":14},"8":{"loc":{"start":{"line":25,"column":22},"end":{"line":25,"column":31}},"type":"default-arg","locations":[{"start":{"line":25,"column":29},"end":{"line":25,"column":31}}],"line":25},"9":{"loc":{"start":{"line":25,"column":33},"end":{"line":25,"column":56}},"type":"default-arg","locations":[{"start":{"line":25,"column":47},"end":{"line":25,"column":56}}],"line":25},"10":{"loc":{"start":{"line":29,"column":25},"end":{"line":29,"column":52}},"type":"default-arg","locations":[{"start":{"line":29,"column":39},"end":{"line":29,"column":52}}],"line":29},"11":{"loc":{"start":{"line":29,"column":54},"end":{"line":29,"column":63}},"type":"default-arg","locations":[{"start":{"line":29,"column":61},"end":{"line":29,"column":63}}],"line":29},"12":{"loc":{"start":{"line":33,"column":27},"end":{"line":33,"column":55}},"type":"default-arg","locations":[{"start":{"line":33,"column":41},"end":{"line":33,"column":55}}],"line":33},"13":{"loc":{"start":{"line":33,"column":57},"end":{"line":33,"column":66}},"type":"default-arg","locations":[{"start":{"line":33,"column":64},"end":{"line":33,"column":66}}],"line":33},"14":{"loc":{"start":{"line":37,"column":23},"end":{"line":37,"column":48}},"type":"default-arg","locations":[{"start":{"line":37,"column":37},"end":{"line":37,"column":48}}],"line":37},"15":{"loc":{"start":{"line":37,"column":50},"end":{"line":37,"column":59}},"type":"default-arg","locations":[{"start":{"line":37,"column":57},"end":{"line":37,"column":59}}],"line":37},"16":{"loc":{"start":{"line":46,"column":24},"end":{"line":46,"column":50}},"type":"default-arg","locations":[{"start":{"line":46,"column":38},"end":{"line":46,"column":50}}],"line":46}},"s":{"0":2,"1":5,"2":1,"3":1,"4":1,"5":1,"6":1,"7":1,"8":1},"f":{"0":2,"1":5,"2":1,"3":1,"4":1,"5":1,"6":1,"7":1},"b":{"0":[0],"1":[0],"2":[0],"3":[1],"4":[2,1],"5":[0],"6":[0],"7":[1],"8":[0],"9":[0],"10":[0],"11":[0],"12":[0],"13":[0],"14":[0],"15":[0],"16":[0]},"_coverageSchema":"1a1c01bbd47fc00a2c39e90264f33305004495a9","hash":"50f84d69cad4799d508dd652e774342dbc661099","contentHash":"90bf68470b77cac1d95faaaedfb80562476bf834e915c2553c5448cf8f2ca059"},"D:\\backup(m)\\node-project-git\\node-js-project\\src\\Service\\rmqService.js":{"path":"D:\\backup(m)\\node-project-git\\node-js-project\\src\\Service\\rmqService.js","statementMap":{"0":{"start":{"line":1,"column":13},"end":{"line":1,"column":31}},"1":{"start":{"line":2,"column":21},"end":{"line":2,"column":45}},"2":{"start":{"line":3,"column":14},"end":{"line":3,"column":26}},"3":{"start":{"line":5,"column":14},"end":{"line":5,"column":18}},"4":{"start":{"line":8,"column":21},"end":{"line":19,"column":1}},"5":{"start":{"line":9,"column":2},"end":{"line":18,"column":3}},"6":{"start":{"line":10,"column":23},"end":{"line":10,"column":61}},"7":{"start":{"line":11,"column":4},"end":{"line":11,"column":47}},"8":{"start":{"line":12,"column":4},"end":{"line":12,"column":56}},"9":{"start":{"line":13,"column":4},"end":{"line":13,"column":60}},"10":{"start":{"line":14,"column":4},"end":{"line":14,"column":23}},"11":{"start":{"line":16,"column":4},"end":{"line":16,"column":62}},"12":{"start":{"line":17,"column":4},"end":{"line":17,"column":35}},"13":{"start":{"line":22,"column":24},"end":{"line":30,"column":1}},"14":{"start":{"line":23,"column":2},"end":{"line":27,"column":3}},"15":{"start":{"line":24,"column":4},"end":{"line":24,"column":57}},"16":{"start":{"line":25,"column":4},"end":{"line":25,"column":50}},"17":{"start":{"line":25,"column":21},"end":{"line":25,"column":42}},"18":{"start":{"line":26,"column":4},"end":{"line":26,"column":11}},"19":{"start":{"line":28,"column":2},"end":{"line":28,"column":86}},"20":{"start":{"line":29,"column":2},"end":{"line":29,"column":39}},"21":{"start":{"line":33,"column":25},"end":{"line":51,"column":1}},"22":{"start":{"line":34,"column":2},"end":{"line":34,"column":23}},"23":{"start":{"line":34,"column":16},"end":{"line":34,"column":23}},"24":{"start":{"line":36,"column":2},"end":{"line":50,"column":5}},"25":{"start":{"line":37,"column":4},"end":{"line":49,"column":5}},"26":{"start":{"line":38,"column":22},"end":{"line":38,"column":56}},"27":{"start":{"line":39,"column":6},"end":{"line":39,"column":48}},"28":{"start":{"line":41,"column":6},"end":{"line":46,"column":7}},"29":{"start":{"line":42,"column":8},"end":{"line":42,"column":32}},"30":{"start":{"line":43,"column":8},"end":{"line":43,"column":49}},"31":{"start":{"line":45,"column":8},"end":{"line":45,"column":56}},"32":{"start":{"line":48,"column":6},"end":{"line":48,"column":23}},"33":{"start":{"line":53,"column":0},"end":{"line":55,"column":19}}},"fnMap":{"0":{"name":"(anonymous_0)","decl":{"start":{"line":8,"column":21},"end":{"line":8,"column":22}},"loc":{"start":{"line":8,"column":33},"end":{"line":19,"column":1}},"line":8},"1":{"name":"(anonymous_1)","decl":{"start":{"line":22,"column":24},"end":{"line":22,"column":25}},"loc":{"start":{"line":22,"column":40},"end":{"line":30,"column":1}},"line":22},"2":{"name":"(anonymous_2)","decl":{"start":{"line":25,"column":15},"end":{"line":25,"column":16}},"loc":{"start":{"line":25,"column":21},"end":{"line":25,"column":42}},"line":25},"3":{"name":"(anonymous_3)","decl":{"start":{"line":33,"column":25},"end":{"line":33,"column":26}},"loc":{"start":{"line":33,"column":31},"end":{"line":51,"column":1}},"line":33},"4":{"name":"(anonymous_4)","decl":{"start":{"line":36,"column":25},"end":{"line":36,"column":26}},"loc":{"start":{"line":36,"column":40},"end":{"line":50,"column":3}},"line":36}},"branchMap":{"0":{"loc":{"start":{"line":23,"column":2},"end":{"line":27,"column":3}},"type":"if","locations":[{"start":{"line":23,"column":2},"end":{"line":27,"column":3}},{"start":{},"end":{}}],"line":23},"1":{"loc":{"start":{"line":34,"column":2},"end":{"line":34,"column":23}},"type":"if","locations":[{"start":{"line":34,"column":2},"end":{"line":34,"column":23}},{"start":{},"end":{}}],"line":34},"2":{"loc":{"start":{"line":37,"column":4},"end":{"line":49,"column":5}},"type":"if","locations":[{"start":{"line":37,"column":4},"end":{"line":49,"column":5}},{"start":{},"end":{}}],"line":37}},"s":{"0":1,"1":1,"2":1,"3":1,"4":1,"5":2,"6":2,"7":2,"8":2,"9":2,"10":2,"11":0,"12":0,"13":1,"14":1,"15":0,"16":0,"17":0,"18":0,"19":1,"20":1,"21":1,"22":2,"23":0,"24":2,"25":2,"26":2,"27":2,"28":2,"29":2,"30":2,"31":0,"32":2,"33":1},"f":{"0":2,"1":1,"2":0,"3":2,"4":2},"b":{"0":[0,1],"1":[0,2],"2":[2,0]},"_coverageSchema":"1a1c01bbd47fc00a2c39e90264f33305004495a9","hash":"ba6b9bd2a842480069a41f8075006c366f747175","contentHash":"e5e4fdf480dacc806dfea643958509d6a726f86450d747b29ec5a488680ae724"},"D:\\backup(m)\\node-project-git\\node-js-project\\src\\Service\\schedulerService.js":{"path":"D:\\backup(m)\\node-project-git\\node-js-project\\src\\Service\\schedulerService.js","statementMap":{"0":{"start":{"line":1,"column":17},"end":{"line":1,"column":47}},"1":{"start":{"line":2,"column":17},"end":{"line":2,"column":41}},"2":{"start":{"line":3,"column":17},"end":{"line":3,"column":56}},"3":{"start":{"line":5,"column":21},"end":{"line":5,"column":25}},"4":{"start":{"line":7,"column":28},"end":{"line":9,"column":1}},"5":{"start":{"line":12,"column":22},"end":{"line":14,"column":1}},"6":{"start":{"line":13,"column":2},"end":{"line":13,"column":40}},"7":{"start":{"line":16,"column":36},"end":{"line":20,"column":1}},"8":{"start":{"line":17,"column":2},"end":{"line":19,"column":3}},"9":{"start":{"line":18,"column":4},"end":{"line":18,"column":27}},"10":{"start":{"line":22,"column":0},"end":{"line":26,"column":2}}},"fnMap":{"0":{"name":"(anonymous_0)","decl":{"start":{"line":7,"column":28},"end":{"line":7,"column":29}},"loc":{"start":{"line":7,"column":57},"end":{"line":9,"column":1}},"line":7},"1":{"name":"(anonymous_1)","decl":{"start":{"line":12,"column":22},"end":{"line":12,"column":23}},"loc":{"start":{"line":12,"column":34},"end":{"line":14,"column":1}},"line":12},"2":{"name":"(anonymous_2)","decl":{"start":{"line":16,"column":36},"end":{"line":16,"column":37}},"loc":{"start":{"line":16,"column":48},"end":{"line":20,"column":1}},"line":16}},"branchMap":{"0":{"loc":{"start":{"line":17,"column":2},"end":{"line":19,"column":3}},"type":"if","locations":[{"start":{"line":17,"column":2},"end":{"line":19,"column":3}},{"start":{},"end":{}}],"line":17}},"s":{"0":2,"1":2,"2":2,"3":2,"4":2,"5":2,"6":1,"7":2,"8":0,"9":0,"10":2},"f":{"0":0,"1":1,"2":0},"b":{"0":[0,0]},"_coverageSchema":"1a1c01bbd47fc00a2c39e90264f33305004495a9","hash":"033efa4a183d0ffadc0b2df138da6ba1289b2905","contentHash":"bca6bb90a76b23dce90c278e0e553778c27f9e37fc861ea132025c0a1acb0cc4"},"D:\\backup(m)\\node-project-git\\node-js-project\\src\\repository\\userRepository.js":{"path":"D:\\backup(m)\\node-project-git\\node-js-project\\src\\repository\\userRepository.js","statementMap":{"0":{"start":{"line":2,"column":24},"end":{"line":2,"column":44}},"1":{"start":{"line":3,"column":13},"end":{"line":3,"column":38}},"2":{"start":{"line":4,"column":15},"end":{"line":4,"column":40}},"3":{"start":{"line":5,"column":18},"end":{"line":5,"column":38}},"4":{"start":{"line":6,"column":15},"end":{"line":6,"column":32}},"5":{"start":{"line":8,"column":18},"end":{"line":8,"column":48}},"6":{"start":{"line":11,"column":19},"end":{"line":13,"column":1}},"7":{"start":{"line":12,"column":2},"end":{"line":12,"column":33}},"8":{"start":{"line":16,"column":16},"end":{"line":27,"column":1}},"9":{"start":{"line":17,"column":2},"end":{"line":26,"column":5}},"10":{"start":{"line":31,"column":27},"end":{"line":47,"column":1}},"11":{"start":{"line":32,"column":2},"end":{"line":46,"column":5}},"12":{"start":{"line":50,"column":17},"end":{"line":52,"column":1}},"13":{"start":{"line":51,"column":2},"end":{"line":51,"column":33}},"14":{"start":{"line":54,"column":19},"end":{"line":60,"column":1}},"15":{"start":{"line":55,"column":20},"end":{"line":58,"column":4}},"16":{"start":{"line":59,"column":2},"end":{"line":59,"column":17}},"17":{"start":{"line":63,"column":22},"end":{"line":69,"column":1}},"18":{"start":{"line":64,"column":20},"end":{"line":67,"column":4}},"19":{"start":{"line":68,"column":2},"end":{"line":68,"column":17}},"20":{"start":{"line":73,"column":23},"end":{"line":77,"column":1}},"21":{"start":{"line":74,"column":25},"end":{"line":74,"column":59}},"22":{"start":{"line":75,"column":2},"end":{"line":75,"column":69}},"23":{"start":{"line":76,"column":2},"end":{"line":76,"column":24}},"24":{"start":{"line":88,"column":20},"end":{"line":106,"column":1}},"25":{"start":{"line":89,"column":2},"end":{"line":89,"column":59}},"26":{"start":{"line":91,"column":2},"end":{"line":94,"column":3}},"27":{"start":{"line":92,"column":4},"end":{"line":92,"column":67}},"28":{"start":{"line":93,"column":4},"end":{"line":93,"column":16}},"29":{"start":{"line":96,"column":2},"end":{"line":105,"column":3}},"30":{"start":{"line":97,"column":17},"end":{"line":99,"column":6}},"31":{"start":{"line":100,"column":4},"end":{"line":100,"column":51}},"32":{"start":{"line":101,"column":4},"end":{"line":101,"column":16}},"33":{"start":{"line":103,"column":4},"end":{"line":103,"column":67}},"34":{"start":{"line":104,"column":4},"end":{"line":104,"column":14}},"35":{"start":{"line":110,"column":24},"end":{"line":112,"column":1}},"36":{"start":{"line":111,"column":2},"end":{"line":111,"column":69}},"37":{"start":{"line":115,"column":20},"end":{"line":117,"column":1}},"38":{"start":{"line":116,"column":2},"end":{"line":116,"column":66}},"39":{"start":{"line":122,"column":23},"end":{"line":131,"column":1}},"40":{"start":{"line":123,"column":2},"end":{"line":123,"column":25}},"41":{"start":{"line":124,"column":20},"end":{"line":127,"column":4}},"42":{"start":{"line":129,"column":2},"end":{"line":129,"column":35}},"43":{"start":{"line":130,"column":2},"end":{"line":130,"column":17}},"44":{"start":{"line":133,"column":27},"end":{"line":150,"column":1}},"45":{"start":{"line":134,"column":2},"end":{"line":149,"column":3}},"46":{"start":{"line":135,"column":4},"end":{"line":135,"column":27}},"47":{"start":{"line":135,"column":17},"end":{"line":135,"column":27}},"48":{"start":{"line":137,"column":18},"end":{"line":143,"column":5}},"49":{"start":{"line":145,"column":4},"end":{"line":145,"column":41}},"50":{"start":{"line":147,"column":4},"end":{"line":147,"column":23}},"51":{"start":{"line":148,"column":4},"end":{"line":148,"column":14}},"52":{"start":{"line":154,"column":23},"end":{"line":160,"column":1}},"53":{"start":{"line":155,"column":2},"end":{"line":159,"column":5}},"54":{"start":{"line":163,"column":21},"end":{"line":165,"column":1}},"55":{"start":{"line":164,"column":2},"end":{"line":164,"column":66}},"56":{"start":{"line":169,"column":24},"end":{"line":172,"column":1}},"57":{"start":{"line":170,"column":2},"end":{"line":170,"column":25}},"58":{"start":{"line":171,"column":2},"end":{"line":171,"column":27}},"59":{"start":{"line":174,"column":30},"end":{"line":176,"column":1}},"60":{"start":{"line":175,"column":2},"end":{"line":175,"column":58}},"61":{"start":{"line":178,"column":21},"end":{"line":182,"column":1}},"62":{"start":{"line":179,"column":2},"end":{"line":181,"column":5}},"63":{"start":{"line":184,"column":21},"end":{"line":188,"column":1}},"64":{"start":{"line":185,"column":2},"end":{"line":187,"column":5}},"65":{"start":{"line":190,"column":22},"end":{"line":196,"column":1}},"66":{"start":{"line":191,"column":2},"end":{"line":195,"column":5}},"67":{"start":{"line":199,"column":25},"end":{"line":220,"column":1}},"68":{"start":{"line":200,"column":2},"end":{"line":219,"column":3}},"69":{"start":{"line":201,"column":18},"end":{"line":213,"column":6}},"70":{"start":{"line":215,"column":4},"end":{"line":215,"column":17}},"71":{"start":{"line":217,"column":4},"end":{"line":217,"column":40}},"72":{"start":{"line":218,"column":4},"end":{"line":218,"column":61}},"73":{"start":{"line":223,"column":17},"end":{"line":276,"column":1}},"74":{"start":{"line":224,"column":2},"end":{"line":275,"column":3}},"75":{"start":{"line":225,"column":22},"end":{"line":225,"column":42}},"76":{"start":{"line":226,"column":23},"end":{"line":226,"column":44}},"77":{"start":{"line":228,"column":24},"end":{"line":228,"column":45}},"78":{"start":{"line":230,"column":4},"end":{"line":232,"column":5}},"79":{"start":{"line":231,"column":6},"end":{"line":231,"column":61}},"80":{"start":{"line":234,"column":4},"end":{"line":236,"column":5}},"81":{"start":{"line":235,"column":6},"end":{"line":235,"column":47}},"82":{"start":{"line":239,"column":22},"end":{"line":239,"column":41}},"83":{"start":{"line":240,"column":22},"end":{"line":240,"column":44}},"84":{"start":{"line":242,"column":19},"end":{"line":242,"column":41}},"85":{"start":{"line":244,"column":19},"end":{"line":260,"column":6}},"86":{"start":{"line":262,"column":23},"end":{"line":262,"column":58}},"87":{"start":{"line":264,"column":4},"end":{"line":270,"column":6}},"88":{"start":{"line":273,"column":4},"end":{"line":273,"column":40}},"89":{"start":{"line":274,"column":4},"end":{"line":274,"column":16}},"90":{"start":{"line":280,"column":19},"end":{"line":290,"column":1}},"91":{"start":{"line":281,"column":2},"end":{"line":289,"column":3}},"92":{"start":{"line":282,"column":28},"end":{"line":282,"column":72}},"93":{"start":{"line":283,"column":4},"end":{"line":283,"column":29}},"94":{"start":{"line":285,"column":4},"end":{"line":287,"column":5}},"95":{"start":{"line":286,"column":6},"end":{"line":286,"column":89}},"96":{"start":{"line":288,"column":4},"end":{"line":288,"column":16}},"97":{"start":{"line":293,"column":26},"end":{"line":300,"column":1}},"98":{"start":{"line":294,"column":2},"end":{"line":299,"column":5}},"99":{"start":{"line":302,"column":22},"end":{"line":320,"column":1}},"100":{"start":{"line":303,"column":12},"end":{"line":303,"column":41}},"101":{"start":{"line":305,"column":2},"end":{"line":319,"column":3}},"102":{"start":{"line":306,"column":23},"end":{"line":311,"column":6}},"103":{"start":{"line":313,"column":4},"end":{"line":313,"column":21}},"104":{"start":{"line":314,"column":4},"end":{"line":314,"column":22}},"105":{"start":{"line":317,"column":4},"end":{"line":317,"column":23}},"106":{"start":{"line":318,"column":4},"end":{"line":318,"column":16}},"107":{"start":{"line":323,"column":17},"end":{"line":339,"column":1}},"108":{"start":{"line":324,"column":2},"end":{"line":326,"column":3}},"109":{"start":{"line":325,"column":4},"end":{"line":325,"column":41}},"110":{"start":{"line":329,"column":2},"end":{"line":334,"column":3}},"111":{"start":{"line":330,"column":27},"end":{"line":330,"column":86}},"112":{"start":{"line":331,"column":4},"end":{"line":333,"column":5}},"113":{"start":{"line":332,"column":6},"end":{"line":332,"column":49}},"114":{"start":{"line":337,"column":18},"end":{"line":337,"column":45}},"115":{"start":{"line":338,"column":2},"end":{"line":338,"column":55}},"116":{"start":{"line":342,"column":20},"end":{"line":349,"column":1}},"117":{"start":{"line":343,"column":2},"end":{"line":348,"column":3}},"118":{"start":{"line":344,"column":18},"end":{"line":344,"column":38}},"119":{"start":{"line":345,"column":4},"end":{"line":345,"column":17}},"120":{"start":{"line":347,"column":4},"end":{"line":347,"column":16}},"121":{"start":{"line":351,"column":33},"end":{"line":360,"column":1}},"122":{"start":{"line":352,"column":2},"end":{"line":359,"column":5}},"123":{"start":{"line":367,"column":0},"end":{"line":395,"column":1}}},"fnMap":{"0":{"name":"(anonymous_0)","decl":{"start":{"line":11,"column":19},"end":{"line":11,"column":20}},"loc":{"start":{"line":11,"column":35},"end":{"line":13,"column":1}},"line":11},"1":{"name":"(anonymous_1)","decl":{"start":{"line":16,"column":16},"end":{"line":16,"column":17}},"loc":{"start":{"line":16,"column":28},"end":{"line":27,"column":1}},"line":16},"2":{"name":"(anonymous_2)","decl":{"start":{"line":31,"column":27},"end":{"line":31,"column":28}},"loc":{"start":{"line":31,"column":39},"end":{"line":47,"column":1}},"line":31},"3":{"name":"(anonymous_3)","decl":{"start":{"line":50,"column":17},"end":{"line":50,"column":18}},"loc":{"start":{"line":50,"column":31},"end":{"line":52,"column":1}},"line":50},"4":{"name":"(anonymous_4)","decl":{"start":{"line":54,"column":19},"end":{"line":54,"column":20}},"loc":{"start":{"line":54,"column":39},"end":{"line":60,"column":1}},"line":54},"5":{"name":"(anonymous_5)","decl":{"start":{"line":63,"column":22},"end":{"line":63,"column":23}},"loc":{"start":{"line":63,"column":45},"end":{"line":69,"column":1}},"line":63},"6":{"name":"(anonymous_6)","decl":{"start":{"line":73,"column":23},"end":{"line":73,"column":24}},"loc":{"start":{"line":73,"column":50},"end":{"line":77,"column":1}},"line":73},"7":{"name":"(anonymous_7)","decl":{"start":{"line":88,"column":20},"end":{"line":88,"column":21}},"loc":{"start":{"line":88,"column":37},"end":{"line":106,"column":1}},"line":88},"8":{"name":"(anonymous_8)","decl":{"start":{"line":110,"column":24},"end":{"line":110,"column":25}},"loc":{"start":{"line":110,"column":41},"end":{"line":112,"column":1}},"line":110},"9":{"name":"(anonymous_9)","decl":{"start":{"line":115,"column":20},"end":{"line":115,"column":21}},"loc":{"start":{"line":115,"column":34},"end":{"line":117,"column":1}},"line":115},"10":{"name":"(anonymous_10)","decl":{"start":{"line":122,"column":23},"end":{"line":122,"column":24}},"loc":{"start":{"line":122,"column":37},"end":{"line":131,"column":1}},"line":122},"11":{"name":"(anonymous_11)","decl":{"start":{"line":133,"column":27},"end":{"line":133,"column":28}},"loc":{"start":{"line":133,"column":49},"end":{"line":150,"column":1}},"line":133},"12":{"name":"(anonymous_12)","decl":{"start":{"line":154,"column":23},"end":{"line":154,"column":24}},"loc":{"start":{"line":154,"column":38},"end":{"line":160,"column":1}},"line":154},"13":{"name":"(anonymous_13)","decl":{"start":{"line":163,"column":21},"end":{"line":163,"column":22}},"loc":{"start":{"line":163,"column":35},"end":{"line":165,"column":1}},"line":163},"14":{"name":"(anonymous_14)","decl":{"start":{"line":169,"column":24},"end":{"line":169,"column":25}},"loc":{"start":{"line":169,"column":49},"end":{"line":172,"column":1}},"line":169},"15":{"name":"(anonymous_15)","decl":{"start":{"line":174,"column":30},"end":{"line":174,"column":31}},"loc":{"start":{"line":174,"column":42},"end":{"line":176,"column":1}},"line":174},"16":{"name":"(anonymous_16)","decl":{"start":{"line":178,"column":21},"end":{"line":178,"column":22}},"loc":{"start":{"line":178,"column":33},"end":{"line":182,"column":1}},"line":178},"17":{"name":"(anonymous_17)","decl":{"start":{"line":184,"column":21},"end":{"line":184,"column":22}},"loc":{"start":{"line":184,"column":33},"end":{"line":188,"column":1}},"line":184},"18":{"name":"(anonymous_18)","decl":{"start":{"line":190,"column":22},"end":{"line":190,"column":23}},"loc":{"start":{"line":190,"column":41},"end":{"line":196,"column":1}},"line":190},"19":{"name":"(anonymous_19)","decl":{"start":{"line":199,"column":25},"end":{"line":199,"column":26}},"loc":{"start":{"line":199,"column":45},"end":{"line":220,"column":1}},"line":199},"20":{"name":"(anonymous_20)","decl":{"start":{"line":223,"column":17},"end":{"line":223,"column":18}},"loc":{"start":{"line":223,"column":66},"end":{"line":276,"column":1}},"line":223},"21":{"name":"(anonymous_21)","decl":{"start":{"line":280,"column":19},"end":{"line":280,"column":20}},"loc":{"start":{"line":280,"column":35},"end":{"line":290,"column":1}},"line":280},"22":{"name":"(anonymous_22)","decl":{"start":{"line":293,"column":26},"end":{"line":293,"column":27}},"loc":{"start":{"line":293,"column":44},"end":{"line":300,"column":1}},"line":293},"23":{"name":"(anonymous_23)","decl":{"start":{"line":302,"column":22},"end":{"line":302,"column":23}},"loc":{"start":{"line":302,"column":39},"end":{"line":320,"column":1}},"line":302},"24":{"name":"(anonymous_24)","decl":{"start":{"line":323,"column":17},"end":{"line":323,"column":18}},"loc":{"start":{"line":323,"column":37},"end":{"line":339,"column":1}},"line":323},"25":{"name":"(anonymous_25)","decl":{"start":{"line":342,"column":20},"end":{"line":342,"column":21}},"loc":{"start":{"line":342,"column":32},"end":{"line":349,"column":1}},"line":342},"26":{"name":"(anonymous_26)","decl":{"start":{"line":351,"column":33},"end":{"line":351,"column":34}},"loc":{"start":{"line":351,"column":45},"end":{"line":360,"column":1}},"line":351}},"branchMap":{"0":{"loc":{"start":{"line":91,"column":2},"end":{"line":94,"column":3}},"type":"if","locations":[{"start":{"line":91,"column":2},"end":{"line":94,"column":3}},{"start":{},"end":{}}],"line":91},"1":{"loc":{"start":{"line":135,"column":4},"end":{"line":135,"column":27}},"type":"if","locations":[{"start":{"line":135,"column":4},"end":{"line":135,"column":27}},{"start":{},"end":{}}],"line":135},"2":{"loc":{"start":{"line":223,"column":26},"end":{"line":223,"column":37}},"type":"default-arg","locations":[{"start":{"line":223,"column":35},"end":{"line":223,"column":37}}],"line":223},"3":{"loc":{"start":{"line":223,"column":39},"end":{"line":223,"column":48}},"type":"default-arg","locations":[{"start":{"line":223,"column":46},"end":{"line":223,"column":48}}],"line":223},"4":{"loc":{"start":{"line":223,"column":50},"end":{"line":223,"column":59}},"type":"default-arg","locations":[{"start":{"line":223,"column":57},"end":{"line":223,"column":59}}],"line":223},"5":{"loc":{"start":{"line":225,"column":22},"end":{"line":225,"column":42}},"type":"binary-expr","locations":[{"start":{"line":225,"column":22},"end":{"line":225,"column":37}},{"start":{"line":225,"column":41},"end":{"line":225,"column":42}}],"line":225},"6":{"loc":{"start":{"line":226,"column":23},"end":{"line":226,"column":44}},"type":"binary-expr","locations":[{"start":{"line":226,"column":23},"end":{"line":226,"column":39}},{"start":{"line":226,"column":43},"end":{"line":226,"column":44}}],"line":226},"7":{"loc":{"start":{"line":230,"column":4},"end":{"line":232,"column":5}},"type":"if","locations":[{"start":{"line":230,"column":4},"end":{"line":232,"column":5}},{"start":{},"end":{}}],"line":230},"8":{"loc":{"start":{"line":234,"column":4},"end":{"line":236,"column":5}},"type":"if","locations":[{"start":{"line":234,"column":4},"end":{"line":236,"column":5}},{"start":{},"end":{}}],"line":234},"9":{"loc":{"start":{"line":239,"column":22},"end":{"line":239,"column":41}},"type":"binary-expr","locations":[{"start":{"line":239,"column":22},"end":{"line":239,"column":33}},{"start":{"line":239,"column":37},"end":{"line":239,"column":41}}],"line":239},"10":{"loc":{"start":{"line":240,"column":22},"end":{"line":240,"column":44}},"type":"binary-expr","locations":[{"start":{"line":240,"column":22},"end":{"line":240,"column":34}},{"start":{"line":240,"column":38},"end":{"line":240,"column":44}}],"line":240},"11":{"loc":{"start":{"line":285,"column":4},"end":{"line":287,"column":5}},"type":"if","locations":[{"start":{"line":285,"column":4},"end":{"line":287,"column":5}},{"start":{},"end":{}}],"line":285},"12":{"loc":{"start":{"line":324,"column":2},"end":{"line":326,"column":3}},"type":"if","locations":[{"start":{"line":324,"column":2},"end":{"line":326,"column":3}},{"start":{},"end":{}}],"line":324},"13":{"loc":{"start":{"line":324,"column":6},"end":{"line":324,"column":47}},"type":"binary-expr","locations":[{"start":{"line":324,"column":6},"end":{"line":324,"column":15}},{"start":{"line":324,"column":19},"end":{"line":324,"column":47}}],"line":324},"14":{"loc":{"start":{"line":329,"column":2},"end":{"line":334,"column":3}},"type":"if","locations":[{"start":{"line":329,"column":2},"end":{"line":334,"column":3}},{"start":{},"end":{}}],"line":329},"15":{"loc":{"start":{"line":331,"column":4},"end":{"line":333,"column":5}},"type":"if","locations":[{"start":{"line":331,"column":4},"end":{"line":333,"column":5}},{"start":{},"end":{}}],"line":331}},"s":{"0":2,"1":2,"2":2,"3":2,"4":2,"5":2,"6":2,"7":1,"8":2,"9":1,"10":2,"11":0,"12":2,"13":2,"14":2,"15":0,"16":0,"17":2,"18":0,"19":0,"20":2,"21":0,"22":0,"23":0,"24":2,"25":2,"26":2,"27":1,"28":1,"29":1,"30":1,"31":1,"32":1,"33":0,"34":0,"35":2,"36":0,"37":2,"38":0,"39":2,"40":1,"41":1,"42":1,"43":1,"44":2,"45":0,"46":0,"47":0,"48":0,"49":0,"50":0,"51":0,"52":2,"53":0,"54":2,"55":0,"56":2,"57":0,"58":0,"59":2,"60":0,"61":2,"62":0,"63":2,"64":0,"65":2,"66":0,"67":2,"68":0,"69":0,"70":0,"71":0,"72":0,"73":2,"74":0,"75":0,"76":0,"77":0,"78":0,"79":0,"80":0,"81":0,"82":0,"83":0,"84":0,"85":0,"86":0,"87":0,"88":0,"89":0,"90":2,"91":0,"92":0,"93":0,"94":0,"95":0,"96":0,"97":2,"98":0,"99":2,"100":0,"101":0,"102":0,"103":0,"104":0,"105":0,"106":0,"107":2,"108":0,"109":0,"110":0,"111":0,"112":0,"113":0,"114":0,"115":0,"116":2,"117":0,"118":0,"119":0,"120":0,"121":2,"122":0,"123":2},"f":{"0":1,"1":1,"2":0,"3":2,"4":0,"5":0,"6":0,"7":2,"8":0,"9":0,"10":1,"11":0,"12":0,"13":0,"14":0,"15":0,"16":0,"17":0,"18":0,"19":0,"20":0,"21":0,"22":0,"23":0,"24":0,"25":0,"26":0},"b":{"0":[1,1],"1":[0,0],"2":[0],"3":[0],"4":[0],"5":[0,0],"6":[0,0],"7":[0,0],"8":[0,0],"9":[0,0],"10":[0,0],"11":[0,0],"12":[0,0],"13":[0,0],"14":[0,0],"15":[0,0]},"_coverageSchema":"1a1c01bbd47fc00a2c39e90264f33305004495a9","hash":"8a9d374f766b03aba4c5f20f9e6f0872fed9c10b","contentHash":"4a63241493d5ee83b9517d4ee7439fbb50fef87068b372815bd3a83e27d9ee9d"},"D:\\backup(m)\\node-project-git\\node-js-project\\src\\models\\User.js":{"path":"D:\\backup(m)\\node-project-git\\node-js-project\\src\\models\\User.js","statementMap":{"0":{"start":{"line":1,"column":22},"end":{"line":1,"column":42}},"1":{"start":{"line":2,"column":11},"end":{"line":2,"column":41}},"2":{"start":{"line":3,"column":15},"end":{"line":3,"column":32}},"3":{"start":{"line":5,"column":13},"end":{"line":137,"column":2}},"4":{"start":{"line":56,"column":8},"end":{"line":59,"column":9}},"5":{"start":{"line":57,"column":23},"end":{"line":57,"column":47}},"6":{"start":{"line":58,"column":10},"end":{"line":58,"column":65}},"7":{"start":{"line":62,"column":8},"end":{"line":65,"column":9}},"8":{"start":{"line":63,"column":23},"end":{"line":63,"column":47}},"9":{"start":{"line":64,"column":10},"end":{"line":64,"column":65}},"10":{"start":{"line":68,"column":8},"end":{"line":73,"column":9}},"11":{"start":{"line":69,"column":10},"end":{"line":72,"column":11}},"12":{"start":{"line":70,"column":25},"end":{"line":70,"column":49}},"13":{"start":{"line":71,"column":12},"end":{"line":71,"column":67}},"14":{"start":{"line":76,"column":8},"end":{"line":79,"column":9}},"15":{"start":{"line":77,"column":23},"end":{"line":77,"column":47}},"16":{"start":{"line":78,"column":10},"end":{"line":78,"column":93}},"17":{"start":{"line":83,"column":8},"end":{"line":86,"column":9}},"18":{"start":{"line":84,"column":23},"end":{"line":84,"column":47}},"19":{"start":{"line":85,"column":10},"end":{"line":85,"column":59}},"20":{"start":{"line":92,"column":8},"end":{"line":95,"column":9}},"21":{"start":{"line":93,"column":23},"end":{"line":93,"column":47}},"22":{"start":{"line":94,"column":10},"end":{"line":94,"column":65}},"23":{"start":{"line":97,"column":8},"end":{"line":100,"column":9}},"24":{"start":{"line":98,"column":23},"end":{"line":98,"column":47}},"25":{"start":{"line":99,"column":10},"end":{"line":99,"column":59}},"26":{"start":{"line":102,"column":8},"end":{"line":102,"column":59}},"27":{"start":{"line":107,"column":6},"end":{"line":107,"column":84}},"28":{"start":{"line":111,"column":6},"end":{"line":111,"column":60}},"29":{"start":{"line":140,"column":0},"end":{"line":144,"column":2}},"30":{"start":{"line":141,"column":17},"end":{"line":141,"column":34}},"31":{"start":{"line":142,"column":2},"end":{"line":142,"column":25}},"32":{"start":{"line":143,"column":2},"end":{"line":143,"column":16}},"33":{"start":{"line":147,"column":0},"end":{"line":149,"column":2}},"34":{"start":{"line":148,"column":2},"end":{"line":148,"column":60}},"35":{"start":{"line":153,"column":0},"end":{"line":153,"column":22}}},"fnMap":{"0":{"name":"(anonymous_0)","decl":{"start":{"line":55,"column":20},"end":{"line":55,"column":21}},"loc":{"start":{"line":55,"column":36},"end":{"line":60,"column":7}},"line":55},"1":{"name":"(anonymous_1)","decl":{"start":{"line":61,"column":20},"end":{"line":61,"column":21}},"loc":{"start":{"line":61,"column":36},"end":{"line":66,"column":7}},"line":61},"2":{"name":"(anonymous_2)","decl":{"start":{"line":67,"column":24},"end":{"line":67,"column":25}},"loc":{"start":{"line":67,"column":41},"end":{"line":74,"column":7}},"line":67},"3":{"name":"(anonymous_3)","decl":{"start":{"line":75,"column":24},"end":{"line":75,"column":25}},"loc":{"start":{"line":75,"column":43},"end":{"line":80,"column":7}},"line":75},"4":{"name":"(anonymous_4)","decl":{"start":{"line":82,"column":20},"end":{"line":82,"column":21}},"loc":{"start":{"line":82,"column":36},"end":{"line":87,"column":7}},"line":82},"5":{"name":"(anonymous_5)","decl":{"start":{"line":91,"column":18},"end":{"line":91,"column":19}},"loc":{"start":{"line":91,"column":34},"end":{"line":103,"column":7}},"line":91},"6":{"name":"(anonymous_6)","decl":{"start":{"line":106,"column":21},"end":{"line":106,"column":22}},"loc":{"start":{"line":106,"column":40},"end":{"line":108,"column":5}},"line":106},"7":{"name":"(anonymous_7)","decl":{"start":{"line":110,"column":17},"end":{"line":110,"column":18}},"loc":{"start":{"line":110,"column":42},"end":{"line":112,"column":5}},"line":110},"8":{"name":"(anonymous_8)","decl":{"start":{"line":140,"column":24},"end":{"line":140,"column":25}},"loc":{"start":{"line":140,"column":36},"end":{"line":144,"column":1}},"line":140},"9":{"name":"(anonymous_9)","decl":{"start":{"line":147,"column":33},"end":{"line":147,"column":34}},"loc":{"start":{"line":147,"column":64},"end":{"line":149,"column":1}},"line":147}},"branchMap":{"0":{"loc":{"start":{"line":56,"column":8},"end":{"line":59,"column":9}},"type":"if","locations":[{"start":{"line":56,"column":8},"end":{"line":59,"column":9}},{"start":{},"end":{}}],"line":56},"1":{"loc":{"start":{"line":62,"column":8},"end":{"line":65,"column":9}},"type":"if","locations":[{"start":{"line":62,"column":8},"end":{"line":65,"column":9}},{"start":{},"end":{}}],"line":62},"2":{"loc":{"start":{"line":69,"column":10},"end":{"line":72,"column":11}},"type":"if","locations":[{"start":{"line":69,"column":10},"end":{"line":72,"column":11}},{"start":{},"end":{}}],"line":69},"3":{"loc":{"start":{"line":76,"column":8},"end":{"line":79,"column":9}},"type":"if","locations":[{"start":{"line":76,"column":8},"end":{"line":79,"column":9}},{"start":{},"end":{}}],"line":76},"4":{"loc":{"start":{"line":83,"column":8},"end":{"line":86,"column":9}},"type":"if","locations":[{"start":{"line":83,"column":8},"end":{"line":86,"column":9}},{"start":{},"end":{}}],"line":83},"5":{"loc":{"start":{"line":92,"column":8},"end":{"line":95,"column":9}},"type":"if","locations":[{"start":{"line":92,"column":8},"end":{"line":95,"column":9}},{"start":{},"end":{}}],"line":92},"6":{"loc":{"start":{"line":92,"column":12},"end":{"line":92,"column":53}},"type":"binary-expr","locations":[{"start":{"line":92,"column":12},"end":{"line":92,"column":36}},{"start":{"line":92,"column":40},"end":{"line":92,"column":53}}],"line":92},"7":{"loc":{"start":{"line":97,"column":8},"end":{"line":100,"column":9}},"type":"if","locations":[{"start":{"line":97,"column":8},"end":{"line":100,"column":9}},{"start":{},"end":{}}],"line":97},"8":{"loc":{"start":{"line":97,"column":12},"end":{"line":97,"column":47}},"type":"binary-expr","locations":[{"start":{"line":97,"column":12},"end":{"line":97,"column":33}},{"start":{"line":97,"column":37},"end":{"line":97,"column":47}}],"line":97}},"s":{"0":1,"1":1,"2":1,"3":1,"4":0,"5":0,"6":0,"7":1,"8":0,"9":0,"10":0,"11":0,"12":0,"13":0,"14":0,"15":0,"16":0,"17":0,"18":0,"19":0,"20":1,"21":0,"22":0,"23":1,"24":0,"25":0,"26":1,"27":0,"28":0,"29":1,"30":0,"31":0,"32":0,"33":1,"34":0,"35":1},"f":{"0":0,"1":1,"2":0,"3":0,"4":0,"5":1,"6":0,"7":0,"8":0,"9":0},"b":{"0":[0,0],"1":[0,1],"2":[0,0],"3":[0,0],"4":[0,0],"5":[0,1],"6":[1,0],"7":[0,1],"8":[1,0]},"_coverageSchema":"1a1c01bbd47fc00a2c39e90264f33305004495a9","hash":"3e9c2818141930622fdbf051196005b96d930940","contentHash":"a1dce5683192754e53a4199abb8cd80e1aca94ed6ea6a9ac4e08b9755731d673"},"D:\\backup(m)\\node-project-git\\node-js-project\\src\\config\\db.config.js":{"path":"D:\\backup(m)\\node-project-git\\node-js-project\\src\\config\\db.config.js","statementMap":{"0":{"start":{"line":33,"column":0},"end":{"line":33,"column":27}},"1":{"start":{"line":34,"column":22},"end":{"line":34,"column":42}},"2":{"start":{"line":36,"column":18},"end":{"line":44,"column":1}},"3":{"start":{"line":46,"column":0},"end":{"line":48,"column":66}},"4":{"start":{"line":47,"column":14},"end":{"line":47,"column":59}},"5":{"start":{"line":48,"column":16},"end":{"line":48,"column":64}},"6":{"start":{"line":50,"column":22},"end":{"line":55,"column":1}},"7":{"start":{"line":51,"column":2},"end":{"line":54,"column":4}},"8":{"start":{"line":58,"column":0},"end":{"line":58,"column":27}},"9":{"start":{"line":59,"column":0},"end":{"line":59,"column":45}}},"fnMap":{"0":{"name":"(anonymous_0)","decl":{"start":{"line":47,"column":8},"end":{"line":47,"column":9}},"loc":{"start":{"line":47,"column":14},"end":{"line":47,"column":59}},"line":47},"1":{"name":"(anonymous_1)","decl":{"start":{"line":48,"column":9},"end":{"line":48,"column":10}},"loc":{"start":{"line":48,"column":16},"end":{"line":48,"column":64}},"line":48},"2":{"name":"(anonymous_2)","decl":{"start":{"line":50,"column":22},"end":{"line":50,"column":23}},"loc":{"start":{"line":50,"column":34},"end":{"line":55,"column":1}},"line":50}},"branchMap":{},"s":{"0":1,"1":1,"2":1,"3":1,"4":1,"5":0,"6":1,"7":0,"8":1,"9":1},"f":{"0":1,"1":0,"2":0},"b":{},"_coverageSchema":"1a1c01bbd47fc00a2c39e90264f33305004495a9","hash":"bdec0382af96d62cf7e3352e9aa7dee6d4595895","contentHash":"40464601a6e0406da8437c36911d1a15b516eb5e4caa4fa19fd3f6990ec5fd39"},"D:\\backup(m)\\node-project-git\\node-js-project\\src\\models\\menu.js":{"path":"D:\\backup(m)\\node-project-git\\node-js-project\\src\\models\\menu.js","statementMap":{"0":{"start":{"line":1,"column":22},"end":{"line":1,"column":42}},"1":{"start":{"line":2,"column":11},"end":{"line":2,"column":41}},"2":{"start":{"line":4,"column":13},"end":{"line":28,"column":2}},"3":{"start":{"line":36,"column":0},"end":{"line":36,"column":22}}},"fnMap":{},"branchMap":{},"s":{"0":1,"1":1,"2":1,"3":1},"f":{},"b":{},"_coverageSchema":"1a1c01bbd47fc00a2c39e90264f33305004495a9","hash":"bbc12ef63b7fd7345430dcccad72b10616347779","contentHash":"2e5f7adee217aaead409fcc0d51c7c67bcba079c52be4bd5592bb10be7b177f1"},"D:\\backup(m)\\node-project-git\\node-js-project\\src\\utils\\settingsUtil.js":{"path":"D:\\backup(m)\\node-project-git\\node-js-project\\src\\utils\\settingsUtil.js","statementMap":{"0":{"start":{"line":2,"column":17},"end":{"line":2,"column":46}},"1":{"start":{"line":4,"column":22},"end":{"line":15,"column":1}},"2":{"start":{"line":5,"column":15},"end":{"line":5,"column":71}},"3":{"start":{"line":7,"column":19},"end":{"line":9,"column":3}},"4":{"start":{"line":8,"column":20},"end":{"line":8,"column":81}},"5":{"start":{"line":11,"column":2},"end":{"line":14,"column":4}},"6":{"start":{"line":17,"column":0},"end":{"line":17,"column":35}}},"fnMap":{"0":{"name":"(anonymous_0)","decl":{"start":{"line":4,"column":22},"end":{"line":4,"column":23}},"loc":{"start":{"line":4,"column":34},"end":{"line":15,"column":1}},"line":4},"1":{"name":"(anonymous_1)","decl":{"start":{"line":8,"column":13},"end":{"line":8,"column":14}},"loc":{"start":{"line":8,"column":20},"end":{"line":8,"column":81}},"line":8}},"branchMap":{"0":{"loc":{"start":{"line":8,"column":30},"end":{"line":8,"column":80}},"type":"cond-expr","locations":[{"start":{"line":8,"column":49},"end":{"line":8,"column":58}},{"start":{"line":8,"column":61},"end":{"line":8,"column":80}}],"line":8},"1":{"loc":{"start":{"line":12,"column":17},"end":{"line":12,"column":47}},"type":"binary-expr","locations":[{"start":{"line":12,"column":17},"end":{"line":12,"column":42}},{"start":{"line":12,"column":46},"end":{"line":12,"column":47}}],"line":12},"2":{"loc":{"start":{"line":13,"column":22},"end":{"line":13,"column":56}},"type":"binary-expr","locations":[{"start":{"line":13,"column":22},"end":{"line":13,"column":51}},{"start":{"line":13,"column":55},"end":{"line":13,"column":56}}],"line":13}},"s":{"0":1,"1":1,"2":6,"3":6,"4":10,"5":6,"6":1},"f":{"0":6,"1":10},"b":{"0":[2,8],"1":[6,1],"2":[6,1]},"_coverageSchema":"1a1c01bbd47fc00a2c39e90264f33305004495a9","hash":"cb5abbbdb58c23ce69a735d76030c762772b4211","contentHash":"c200e19b6a81d0dea7fdefa2bba0445631bc460d5ee0af44f0a6641e0d630497"},"D:\\backup(m)\\node-project-git\\node-js-project\\src\\models\\Settings.js":{"path":"D:\\backup(m)\\node-project-git\\node-js-project\\src\\models\\Settings.js","statementMap":{"0":{"start":{"line":1,"column":22},"end":{"line":1,"column":42}},"1":{"start":{"line":2,"column":11},"end":{"line":2,"column":41}},"2":{"start":{"line":4,"column":17},"end":{"line":22,"column":2}},"3":{"start":{"line":24,"column":0},"end":{"line":24,"column":26}}},"fnMap":{},"branchMap":{},"s":{"0":1,"1":1,"2":1,"3":1},"f":{},"b":{},"_coverageSchema":"1a1c01bbd47fc00a2c39e90264f33305004495a9","hash":"a35fa3f8616de2e1f7ef4d16e84cb0be65f3a3e9","contentHash":"fcc112c960f54e1eb9c60b3c47a9b7bb343e68d5220e50816255f5f4fbbf4502"},"D:\\backup(m)\\node-project-git\\node-js-project\\src\\controllers\\UserController.js":{"path":"D:\\backup(m)\\node-project-git\\node-js-project\\src\\controllers\\UserController.js","statementMap":{"0":{"start":{"line":3,"column":20},"end":{"line":3,"column":53}},"1":{"start":{"line":4,"column":13},"end":{"line":4,"column":38}},"2":{"start":{"line":5,"column":24},"end":{"line":5,"column":63}},"3":{"start":{"line":6,"column":32},"end":{"line":6,"column":58}},"4":{"start":{"line":7,"column":28},"end":{"line":7,"column":60}},"5":{"start":{"line":8,"column":12},"end":{"line":8,"column":35}},"6":{"start":{"line":9,"column":20},"end":{"line":9,"column":51}},"7":{"start":{"line":10,"column":14},"end":{"line":10,"column":30}},"8":{"start":{"line":12,"column":16},"end":{"line":12,"column":45}},"9":{"start":{"line":13,"column":37},"end":{"line":13,"column":70}},"10":{"start":{"line":14,"column":13},"end":{"line":14,"column":38}},"11":{"start":{"line":15,"column":12},"end":{"line":15,"column":35}},"12":{"start":{"line":16,"column":15},"end":{"line":16,"column":32}},"13":{"start":{"line":19,"column":12},"end":{"line":19,"column":16}},"14":{"start":{"line":20,"column":0},"end":{"line":25,"column":1}},"15":{"start":{"line":22,"column":2},"end":{"line":22,"column":37}},"16":{"start":{"line":24,"column":2},"end":{"line":24,"column":15}},"17":{"start":{"line":34,"column":19},"end":{"line":50,"column":1}},"18":{"start":{"line":35,"column":2},"end":{"line":49,"column":3}},"19":{"start":{"line":36,"column":26},"end":{"line":36,"column":66}},"20":{"start":{"line":37,"column":4},"end":{"line":39,"column":5}},"21":{"start":{"line":38,"column":6},"end":{"line":38,"column":92}},"22":{"start":{"line":41,"column":17},"end":{"line":41,"column":70}},"23":{"start":{"line":44,"column":49},"end":{"line":44,"column":59}},"24":{"start":{"line":46,"column":4},"end":{"line":46,"column":96}},"25":{"start":{"line":48,"column":4},"end":{"line":48,"column":16}},"26":{"start":{"line":53,"column":21},"end":{"line":63,"column":1}},"27":{"start":{"line":54,"column":2},"end":{"line":62,"column":3}},"28":{"start":{"line":55,"column":18},"end":{"line":55,"column":61}},"29":{"start":{"line":56,"column":4},"end":{"line":56,"column":71}},"30":{"start":{"line":60,"column":4},"end":{"line":60,"column":62}},"31":{"start":{"line":61,"column":4},"end":{"line":61,"column":14}},"32":{"start":{"line":66,"column":20},"end":{"line":75,"column":1}},"33":{"start":{"line":67,"column":2},"end":{"line":74,"column":3}},"34":{"start":{"line":68,"column":18},"end":{"line":68,"column":49}},"35":{"start":{"line":69,"column":4},"end":{"line":69,"column":71}},"36":{"start":{"line":72,"column":4},"end":{"line":72,"column":65}},"37":{"start":{"line":73,"column":4},"end":{"line":73,"column":16}},"38":{"start":{"line":78,"column":20},"end":{"line":89,"column":1}},"39":{"start":{"line":79,"column":2},"end":{"line":88,"column":3}},"40":{"start":{"line":80,"column":15},"end":{"line":80,"column":29}},"41":{"start":{"line":81,"column":4},"end":{"line":83,"column":5}},"42":{"start":{"line":82,"column":6},"end":{"line":82,"column":89}},"43":{"start":{"line":84,"column":17},"end":{"line":84,"column":50}},"44":{"start":{"line":85,"column":4},"end":{"line":85,"column":70}},"45":{"start":{"line":87,"column":4},"end":{"line":87,"column":16}},"46":{"start":{"line":92,"column":14},"end":{"line":99,"column":1}},"47":{"start":{"line":93,"column":2},"end":{"line":98,"column":3}},"48":{"start":{"line":94,"column":21},"end":{"line":94,"column":54}},"49":{"start":{"line":95,"column":4},"end":{"line":95,"column":74}},"50":{"start":{"line":97,"column":4},"end":{"line":97,"column":23}},"51":{"start":{"line":101,"column":33},"end":{"line":112,"column":1}},"52":{"start":{"line":102,"column":2},"end":{"line":111,"column":3}},"53":{"start":{"line":103,"column":36},"end":{"line":103,"column":50}},"54":{"start":{"line":104,"column":4},"end":{"line":106,"column":5}},"55":{"start":{"line":105,"column":6},"end":{"line":105,"column":110}},"56":{"start":{"line":107,"column":4},"end":{"line":107,"column":58}},"57":{"start":{"line":108,"column":4},"end":{"line":108,"column":78}},"58":{"start":{"line":110,"column":4},"end":{"line":110,"column":16}},"59":{"start":{"line":115,"column":19},"end":{"line":144,"column":1}},"60":{"start":{"line":116,"column":2},"end":{"line":143,"column":3}},"61":{"start":{"line":117,"column":28},"end":{"line":117,"column":44}},"62":{"start":{"line":118,"column":41},"end":{"line":118,"column":55}},"63":{"start":{"line":120,"column":4},"end":{"line":122,"column":5}},"64":{"start":{"line":121,"column":6},"end":{"line":121,"column":93}},"65":{"start":{"line":124,"column":4},"end":{"line":126,"column":5}},"66":{"start":{"line":125,"column":6},"end":{"line":125,"column":108}},"67":{"start":{"line":128,"column":17},"end":{"line":128,"column":63}},"68":{"start":{"line":129,"column":4},"end":{"line":131,"column":5}},"69":{"start":{"line":130,"column":6},"end":{"line":130,"column":85}},"70":{"start":{"line":133,"column":20},"end":{"line":133,"column":68}},"71":{"start":{"line":134,"column":4},"end":{"line":136,"column":5}},"72":{"start":{"line":135,"column":6},"end":{"line":135,"column":102}},"73":{"start":{"line":138,"column":4},"end":{"line":138,"column":77}},"74":{"start":{"line":140,"column":4},"end":{"line":140,"column":73}},"75":{"start":{"line":142,"column":4},"end":{"line":142,"column":16}},"76":{"start":{"line":147,"column":20},"end":{"line":157,"column":1}},"77":{"start":{"line":148,"column":2},"end":{"line":156,"column":3}},"78":{"start":{"line":149,"column":4},"end":{"line":151,"column":5}},"79":{"start":{"line":150,"column":6},"end":{"line":150,"column":92}},"80":{"start":{"line":152,"column":17},"end":{"line":152,"column":56}},"81":{"start":{"line":153,"column":4},"end":{"line":153,"column":68}},"82":{"start":{"line":155,"column":4},"end":{"line":155,"column":16}},"83":{"start":{"line":160,"column":19},"end":{"line":170,"column":1}},"84":{"start":{"line":161,"column":2},"end":{"line":169,"column":3}},"85":{"start":{"line":162,"column":20},"end":{"line":162,"column":63}},"86":{"start":{"line":163,"column":4},"end":{"line":165,"column":5}},"87":{"start":{"line":164,"column":6},"end":{"line":164,"column":73}},"88":{"start":{"line":166,"column":4},"end":{"line":166,"column":63}},"89":{"start":{"line":168,"column":4},"end":{"line":168,"column":23}},"90":{"start":{"line":173,"column":30},"end":{"line":183,"column":1}},"91":{"start":{"line":174,"column":2},"end":{"line":182,"column":3}},"92":{"start":{"line":175,"column":4},"end":{"line":177,"column":5}},"93":{"start":{"line":176,"column":6},"end":{"line":176,"column":92}},"94":{"start":{"line":178,"column":18},"end":{"line":178,"column":66}},"95":{"start":{"line":179,"column":4},"end":{"line":179,"column":77}},"96":{"start":{"line":181,"column":4},"end":{"line":181,"column":16}},"97":{"start":{"line":185,"column":22},"end":{"line":198,"column":1}},"98":{"start":{"line":186,"column":2},"end":{"line":197,"column":3}},"99":{"start":{"line":187,"column":20},"end":{"line":187,"column":34}},"100":{"start":{"line":188,"column":4},"end":{"line":190,"column":5}},"101":{"start":{"line":189,"column":6},"end":{"line":189,"column":57}},"102":{"start":{"line":192,"column":18},"end":{"line":192,"column":54}},"103":{"start":{"line":194,"column":4},"end":{"line":194,"column":75}},"104":{"start":{"line":196,"column":4},"end":{"line":196,"column":16}},"105":{"start":{"line":200,"column":26},"end":{"line":212,"column":1}},"106":{"start":{"line":201,"column":2},"end":{"line":211,"column":3}},"107":{"start":{"line":202,"column":32},"end":{"line":202,"column":46}},"108":{"start":{"line":203,"column":4},"end":{"line":205,"column":5}},"109":{"start":{"line":204,"column":6},"end":{"line":204,"column":110}},"110":{"start":{"line":207,"column":4},"end":{"line":207,"column":57}},"111":{"start":{"line":208,"column":4},"end":{"line":208,"column":77}},"112":{"start":{"line":210,"column":4},"end":{"line":210,"column":16}},"113":{"start":{"line":214,"column":31},"end":{"line":222,"column":1}},"114":{"start":{"line":215,"column":2},"end":{"line":221,"column":3}},"115":{"start":{"line":216,"column":20},"end":{"line":216,"column":34}},"116":{"start":{"line":217,"column":19},"end":{"line":217,"column":68}},"117":{"start":{"line":218,"column":4},"end":{"line":218,"column":77}},"118":{"start":{"line":220,"column":4},"end":{"line":220,"column":16}},"119":{"start":{"line":224,"column":25},"end":{"line":232,"column":1}},"120":{"start":{"line":225,"column":2},"end":{"line":231,"column":3}},"121":{"start":{"line":226,"column":20},"end":{"line":226,"column":34}},"122":{"start":{"line":227,"column":19},"end":{"line":227,"column":62}},"123":{"start":{"line":228,"column":4},"end":{"line":228,"column":77}},"124":{"start":{"line":230,"column":4},"end":{"line":230,"column":16}},"125":{"start":{"line":234,"column":17},"end":{"line":263,"column":1}},"126":{"start":{"line":235,"column":15},"end":{"line":235,"column":31}},"127":{"start":{"line":236,"column":16},"end":{"line":236,"column":34}},"128":{"start":{"line":237,"column":17},"end":{"line":237,"column":35}},"129":{"start":{"line":240,"column":18},"end":{"line":240,"column":20}},"130":{"start":{"line":241,"column":2},"end":{"line":247,"column":3}},"131":{"start":{"line":242,"column":4},"end":{"line":246,"column":7}},"132":{"start":{"line":249,"column":17},"end":{"line":254,"column":4}},"133":{"start":{"line":256,"column":2},"end":{"line":262,"column":4}},"134":{"start":{"line":265,"column":19},"end":{"line":273,"column":1}},"135":{"start":{"line":266,"column":2},"end":{"line":272,"column":3}},"136":{"start":{"line":267,"column":30},"end":{"line":267,"column":68}},"137":{"start":{"line":268,"column":20},"end":{"line":268,"column":103}},"138":{"start":{"line":269,"column":4},"end":{"line":269,"column":43}},"139":{"start":{"line":271,"column":4},"end":{"line":271,"column":16}},"140":{"start":{"line":275,"column":24},"end":{"line":293,"column":1}},"141":{"start":{"line":276,"column":2},"end":{"line":292,"column":3}},"142":{"start":{"line":278,"column":22},"end":{"line":278,"column":30}},"143":{"start":{"line":279,"column":4},"end":{"line":281,"column":5}},"144":{"start":{"line":280,"column":6},"end":{"line":280,"column":71}},"145":{"start":{"line":283,"column":18},"end":{"line":283,"column":37}},"146":{"start":{"line":284,"column":4},"end":{"line":286,"column":5}},"147":{"start":{"line":285,"column":6},"end":{"line":285,"column":71}},"148":{"start":{"line":288,"column":19},"end":{"line":288,"column":59}},"149":{"start":{"line":289,"column":4},"end":{"line":289,"column":76}},"150":{"start":{"line":291,"column":4},"end":{"line":291,"column":16}},"151":{"start":{"line":295,"column":17},"end":{"line":302,"column":1}},"152":{"start":{"line":296,"column":2},"end":{"line":301,"column":3}},"153":{"start":{"line":297,"column":17},"end":{"line":297,"column":53}},"154":{"start":{"line":298,"column":4},"end":{"line":298,"column":71}},"155":{"start":{"line":300,"column":4},"end":{"line":300,"column":16}},"156":{"start":{"line":304,"column":22},"end":{"line":311,"column":1}},"157":{"start":{"line":305,"column":2},"end":{"line":310,"column":3}},"158":{"start":{"line":306,"column":18},"end":{"line":306,"column":51}},"159":{"start":{"line":307,"column":4},"end":{"line":307,"column":75}},"160":{"start":{"line":309,"column":4},"end":{"line":309,"column":16}},"161":{"start":{"line":313,"column":21},"end":{"line":320,"column":1}},"162":{"start":{"line":314,"column":2},"end":{"line":319,"column":3}},"163":{"start":{"line":315,"column":4},"end":{"line":315,"column":51}},"164":{"start":{"line":316,"column":4},"end":{"line":316,"column":30}},"165":{"start":{"line":318,"column":4},"end":{"line":318,"column":16}},"166":{"start":{"line":322,"column":27},"end":{"line":342,"column":1}},"167":{"start":{"line":323,"column":2},"end":{"line":341,"column":3}},"168":{"start":{"line":324,"column":34},"end":{"line":324,"column":48}},"169":{"start":{"line":326,"column":4},"end":{"line":328,"column":5}},"170":{"start":{"line":327,"column":6},"end":{"line":327,"column":108}},"171":{"start":{"line":330,"column":27},"end":{"line":330,"column":68}},"172":{"start":{"line":331,"column":4},"end":{"line":333,"column":5}},"173":{"start":{"line":332,"column":6},"end":{"line":332,"column":95}},"174":{"start":{"line":335,"column":19},"end":{"line":335,"column":57}},"175":{"start":{"line":336,"column":4},"end":{"line":336,"column":72}},"176":{"start":{"line":339,"column":4},"end":{"line":339,"column":78}},"177":{"start":{"line":340,"column":4},"end":{"line":340,"column":96}},"178":{"start":{"line":344,"column":26},"end":{"line":353,"column":1}},"179":{"start":{"line":345,"column":2},"end":{"line":352,"column":3}},"180":{"start":{"line":346,"column":19},"end":{"line":346,"column":63}},"181":{"start":{"line":347,"column":4},"end":{"line":347,"column":72}},"182":{"start":{"line":350,"column":4},"end":{"line":350,"column":69}},"183":{"start":{"line":351,"column":4},"end":{"line":351,"column":102}},"184":{"start":{"line":355,"column":33},"end":{"line":387,"column":1}},"185":{"start":{"line":356,"column":2},"end":{"line":386,"column":3}},"186":{"start":{"line":357,"column":4},"end":{"line":359,"column":5}},"187":{"start":{"line":358,"column":6},"end":{"line":358,"column":49}},"188":{"start":{"line":360,"column":4},"end":{"line":362,"column":5}},"189":{"start":{"line":361,"column":6},"end":{"line":361,"column":40}},"190":{"start":{"line":365,"column":20},"end":{"line":365,"column":78}},"191":{"start":{"line":366,"column":28},"end":{"line":366,"column":58}},"192":{"start":{"line":368,"column":4},"end":{"line":370,"column":5}},"193":{"start":{"line":369,"column":6},"end":{"line":369,"column":57}},"194":{"start":{"line":373,"column":27},"end":{"line":376,"column":5}},"195":{"start":{"line":378,"column":4},"end":{"line":380,"column":5}},"196":{"start":{"line":379,"column":6},"end":{"line":379,"column":64}},"197":{"start":{"line":382,"column":4},"end":{"line":382,"column":54}},"198":{"start":{"line":385,"column":4},"end":{"line":385,"column":16}},"199":{"start":{"line":389,"column":0},"end":{"line":413,"column":2}}},"fnMap":{"0":{"name":"(anonymous_0)","decl":{"start":{"line":34,"column":19},"end":{"line":34,"column":20}},"loc":{"start":{"line":34,"column":45},"end":{"line":50,"column":1}},"line":34},"1":{"name":"(anonymous_1)","decl":{"start":{"line":53,"column":21},"end":{"line":53,"column":22}},"loc":{"start":{"line":53,"column":47},"end":{"line":63,"column":1}},"line":53},"2":{"name":"(anonymous_2)","decl":{"start":{"line":66,"column":20},"end":{"line":66,"column":21}},"loc":{"start":{"line":66,"column":46},"end":{"line":75,"column":1}},"line":66},"3":{"name":"(anonymous_3)","decl":{"start":{"line":78,"column":20},"end":{"line":78,"column":21}},"loc":{"start":{"line":78,"column":46},"end":{"line":89,"column":1}},"line":78},"4":{"name":"(anonymous_4)","decl":{"start":{"line":92,"column":14},"end":{"line":92,"column":15}},"loc":{"start":{"line":92,"column":40},"end":{"line":99,"column":1}},"line":92},"5":{"name":"(anonymous_5)","decl":{"start":{"line":101,"column":33},"end":{"line":101,"column":34}},"loc":{"start":{"line":101,"column":59},"end":{"line":112,"column":1}},"line":101},"6":{"name":"(anonymous_6)","decl":{"start":{"line":115,"column":19},"end":{"line":115,"column":20}},"loc":{"start":{"line":115,"column":45},"end":{"line":144,"column":1}},"line":115},"7":{"name":"(anonymous_7)","decl":{"start":{"line":147,"column":20},"end":{"line":147,"column":21}},"loc":{"start":{"line":147,"column":46},"end":{"line":157,"column":1}},"line":147},"8":{"name":"(anonymous_8)","decl":{"start":{"line":160,"column":19},"end":{"line":160,"column":20}},"loc":{"start":{"line":160,"column":45},"end":{"line":170,"column":1}},"line":160},"9":{"name":"(anonymous_9)","decl":{"start":{"line":173,"column":30},"end":{"line":173,"column":31}},"loc":{"start":{"line":173,"column":56},"end":{"line":183,"column":1}},"line":173},"10":{"name":"(anonymous_10)","decl":{"start":{"line":185,"column":22},"end":{"line":185,"column":23}},"loc":{"start":{"line":185,"column":48},"end":{"line":198,"column":1}},"line":185},"11":{"name":"(anonymous_11)","decl":{"start":{"line":200,"column":26},"end":{"line":200,"column":27}},"loc":{"start":{"line":200,"column":52},"end":{"line":212,"column":1}},"line":200},"12":{"name":"(anonymous_12)","decl":{"start":{"line":214,"column":31},"end":{"line":214,"column":32}},"loc":{"start":{"line":214,"column":57},"end":{"line":222,"column":1}},"line":214},"13":{"name":"(anonymous_13)","decl":{"start":{"line":224,"column":25},"end":{"line":224,"column":26}},"loc":{"start":{"line":224,"column":51},"end":{"line":232,"column":1}},"line":224},"14":{"name":"(anonymous_14)","decl":{"start":{"line":234,"column":17},"end":{"line":234,"column":18}},"loc":{"start":{"line":234,"column":40},"end":{"line":263,"column":1}},"line":234},"15":{"name":"(anonymous_15)","decl":{"start":{"line":265,"column":19},"end":{"line":265,"column":20}},"loc":{"start":{"line":265,"column":45},"end":{"line":273,"column":1}},"line":265},"16":{"name":"(anonymous_16)","decl":{"start":{"line":275,"column":24},"end":{"line":275,"column":25}},"loc":{"start":{"line":275,"column":50},"end":{"line":293,"column":1}},"line":275},"17":{"name":"(anonymous_17)","decl":{"start":{"line":295,"column":17},"end":{"line":295,"column":18}},"loc":{"start":{"line":295,"column":43},"end":{"line":302,"column":1}},"line":295},"18":{"name":"(anonymous_18)","decl":{"start":{"line":304,"column":22},"end":{"line":304,"column":23}},"loc":{"start":{"line":304,"column":48},"end":{"line":311,"column":1}},"line":304},"19":{"name":"(anonymous_19)","decl":{"start":{"line":313,"column":21},"end":{"line":313,"column":22}},"loc":{"start":{"line":313,"column":47},"end":{"line":320,"column":1}},"line":313},"20":{"name":"(anonymous_20)","decl":{"start":{"line":322,"column":27},"end":{"line":322,"column":28}},"loc":{"start":{"line":322,"column":53},"end":{"line":342,"column":1}},"line":322},"21":{"name":"(anonymous_21)","decl":{"start":{"line":344,"column":26},"end":{"line":344,"column":27}},"loc":{"start":{"line":344,"column":52},"end":{"line":353,"column":1}},"line":344},"22":{"name":"(anonymous_22)","decl":{"start":{"line":355,"column":33},"end":{"line":355,"column":34}},"loc":{"start":{"line":355,"column":64},"end":{"line":387,"column":1}},"line":355}},"branchMap":{"0":{"loc":{"start":{"line":36,"column":26},"end":{"line":36,"column":66}},"type":"binary-expr","locations":[{"start":{"line":36,"column":26},"end":{"line":36,"column":42}},{"start":{"line":36,"column":46},"end":{"line":36,"column":58}},{"start":{"line":36,"column":62},"end":{"line":36,"column":66}}],"line":36},"1":{"loc":{"start":{"line":37,"column":4},"end":{"line":39,"column":5}},"type":"if","locations":[{"start":{"line":37,"column":4},"end":{"line":39,"column":5}},{"start":{},"end":{}}],"line":37},"2":{"loc":{"start":{"line":37,"column":8},"end":{"line":37,"column":49}},"type":"binary-expr","locations":[{"start":{"line":37,"column":8},"end":{"line":37,"column":17}},{"start":{"line":37,"column":21},"end":{"line":37,"column":49}}],"line":37},"3":{"loc":{"start":{"line":38,"column":28},"end":{"line":38,"column":85}},"type":"binary-expr","locations":[{"start":{"line":38,"column":28},"end":{"line":38,"column":64}},{"start":{"line":38,"column":68},"end":{"line":38,"column":85}}],"line":38},"4":{"loc":{"start":{"line":44,"column":49},"end":{"line":44,"column":59}},"type":"binary-expr","locations":[{"start":{"line":44,"column":49},"end":{"line":44,"column":53}},{"start":{"line":44,"column":57},"end":{"line":44,"column":59}}],"line":44},"5":{"loc":{"start":{"line":60,"column":41},"end":{"line":60,"column":60}},"type":"binary-expr","locations":[{"start":{"line":60,"column":41},"end":{"line":60,"column":53}},{"start":{"line":60,"column":57},"end":{"line":60,"column":60}}],"line":60},"6":{"loc":{"start":{"line":72,"column":40},"end":{"line":72,"column":63}},"type":"binary-expr","locations":[{"start":{"line":72,"column":40},"end":{"line":72,"column":54}},{"start":{"line":72,"column":58},"end":{"line":72,"column":63}}],"line":72},"7":{"loc":{"start":{"line":81,"column":4},"end":{"line":83,"column":5}},"type":"if","locations":[{"start":{"line":81,"column":4},"end":{"line":83,"column":5}},{"start":{},"end":{}}],"line":81},"8":{"loc":{"start":{"line":82,"column":28},"end":{"line":82,"column":82}},"type":"binary-expr","locations":[{"start":{"line":82,"column":28},"end":{"line":82,"column":60}},{"start":{"line":82,"column":64},"end":{"line":82,"column":82}}],"line":82},"9":{"loc":{"start":{"line":103,"column":36},"end":{"line":103,"column":50}},"type":"binary-expr","locations":[{"start":{"line":103,"column":36},"end":{"line":103,"column":44}},{"start":{"line":103,"column":48},"end":{"line":103,"column":50}}],"line":103},"10":{"loc":{"start":{"line":104,"column":4},"end":{"line":106,"column":5}},"type":"if","locations":[{"start":{"line":104,"column":4},"end":{"line":106,"column":5}},{"start":{},"end":{}}],"line":104},"11":{"loc":{"start":{"line":104,"column":8},"end":{"line":104,"column":31}},"type":"binary-expr","locations":[{"start":{"line":104,"column":8},"end":{"line":104,"column":15}},{"start":{"line":104,"column":19},"end":{"line":104,"column":31}}],"line":104},"12":{"loc":{"start":{"line":105,"column":28},"end":{"line":105,"column":103}},"type":"binary-expr","locations":[{"start":{"line":105,"column":28},"end":{"line":105,"column":66}},{"start":{"line":105,"column":70},"end":{"line":105,"column":103}}],"line":105},"13":{"loc":{"start":{"line":118,"column":41},"end":{"line":118,"column":55}},"type":"binary-expr","locations":[{"start":{"line":118,"column":41},"end":{"line":118,"column":49}},{"start":{"line":118,"column":53},"end":{"line":118,"column":55}}],"line":118},"14":{"loc":{"start":{"line":120,"column":4},"end":{"line":122,"column":5}},"type":"if","locations":[{"start":{"line":120,"column":4},"end":{"line":122,"column":5}},{"start":{},"end":{}}],"line":120},"15":{"loc":{"start":{"line":121,"column":28},"end":{"line":121,"column":86}},"type":"binary-expr","locations":[{"start":{"line":121,"column":28},"end":{"line":121,"column":61}},{"start":{"line":121,"column":65},"end":{"line":121,"column":86}}],"line":121},"16":{"loc":{"start":{"line":124,"column":4},"end":{"line":126,"column":5}},"type":"if","locations":[{"start":{"line":124,"column":4},"end":{"line":126,"column":5}},{"start":{},"end":{}}],"line":124},"17":{"loc":{"start":{"line":124,"column":8},"end":{"line":124,"column":36}},"type":"binary-expr","locations":[{"start":{"line":124,"column":8},"end":{"line":124,"column":20}},{"start":{"line":124,"column":24},"end":{"line":124,"column":36}}],"line":124},"18":{"loc":{"start":{"line":125,"column":28},"end":{"line":125,"column":101}},"type":"binary-expr","locations":[{"start":{"line":125,"column":28},"end":{"line":125,"column":66}},{"start":{"line":125,"column":70},"end":{"line":125,"column":101}}],"line":125},"19":{"loc":{"start":{"line":129,"column":4},"end":{"line":131,"column":5}},"type":"if","locations":[{"start":{"line":129,"column":4},"end":{"line":131,"column":5}},{"start":{},"end":{}}],"line":129},"20":{"loc":{"start":{"line":130,"column":28},"end":{"line":130,"column":78}},"type":"binary-expr","locations":[{"start":{"line":130,"column":28},"end":{"line":130,"column":58}},{"start":{"line":130,"column":62},"end":{"line":130,"column":78}}],"line":130},"21":{"loc":{"start":{"line":134,"column":4},"end":{"line":136,"column":5}},"type":"if","locations":[{"start":{"line":134,"column":4},"end":{"line":136,"column":5}},{"start":{},"end":{}}],"line":134},"22":{"loc":{"start":{"line":135,"column":28},"end":{"line":135,"column":95}},"type":"binary-expr","locations":[{"start":{"line":135,"column":28},"end":{"line":135,"column":69}},{"start":{"line":135,"column":73},"end":{"line":135,"column":95}}],"line":135},"23":{"loc":{"start":{"line":149,"column":4},"end":{"line":151,"column":5}},"type":"if","locations":[{"start":{"line":149,"column":4},"end":{"line":151,"column":5}},{"start":{},"end":{}}],"line":149},"24":{"loc":{"start":{"line":149,"column":8},"end":{"line":149,"column":55}},"type":"binary-expr","locations":[{"start":{"line":149,"column":8},"end":{"line":149,"column":17}},{"start":{"line":149,"column":21},"end":{"line":149,"column":55}}],"line":149},"25":{"loc":{"start":{"line":150,"column":28},"end":{"line":150,"column":85}},"type":"binary-expr","locations":[{"start":{"line":150,"column":28},"end":{"line":150,"column":64}},{"start":{"line":150,"column":68},"end":{"line":150,"column":85}}],"line":150},"26":{"loc":{"start":{"line":163,"column":4},"end":{"line":165,"column":5}},"type":"if","locations":[{"start":{"line":163,"column":4},"end":{"line":165,"column":5}},{"start":{},"end":{}}],"line":163},"27":{"loc":{"start":{"line":175,"column":4},"end":{"line":177,"column":5}},"type":"if","locations":[{"start":{"line":175,"column":4},"end":{"line":177,"column":5}},{"start":{},"end":{}}],"line":175},"28":{"loc":{"start":{"line":176,"column":28},"end":{"line":176,"column":85}},"type":"binary-expr","locations":[{"start":{"line":176,"column":28},"end":{"line":176,"column":64}},{"start":{"line":176,"column":68},"end":{"line":176,"column":85}}],"line":176},"29":{"loc":{"start":{"line":187,"column":20},"end":{"line":187,"column":34}},"type":"binary-expr","locations":[{"start":{"line":187,"
[...]
3,"column":25},"end":{"line":233,"column":26}},"loc":{"start":{"line":233,"column":37},"end":{"line":235,"column":1}},"line":233},"16":{"name":"(anonymous_16)","decl":{"start":{"line":238,"column":24},"end":{"line":238,"column":25}},"loc":{"start":{"line":238,"column":41},"end":{"line":240,"column":1}},"line":238},"17":{"name":"(anonymous_17)","decl":{"start":{"line":245,"column":17},"end":{"line":245,"column":18}},"loc":{"start":{"line":245,"column":37},"end":{"line":247,"column":1}},"line":245},"18":{"name":"(anonymous_18)","decl":{"start":{"line":251,"column":22},"end":{"line":251,"column":23}},"loc":{"start":{"line":251,"column":34},"end":{"line":257,"column":1}},"line":251},"19":{"name":"(anonymous_19)","decl":{"start":{"line":259,"column":35},"end":{"line":259,"column":36}},"loc":{"start":{"line":259,"column":47},"end":{"line":278,"column":1}},"line":259},"20":{"name":"(anonymous_20)","decl":{"start":{"line":280,"column":33},"end":{"line":280,"column":34}},"loc":{"start":{"line":280,"column":45},"end":{"line":282,"column":1}},"line":280},"21":{"name":"(anonymous_21)","decl":{"start":{"line":284,"column":17},"end":{"line":284,"column":18}},"loc":{"start":{"line":284,"column":37},"end":{"line":290,"column":1}},"line":284}},"branchMap":{"0":{"loc":{"start":{"line":26,"column":2},"end":{"line":28,"column":3}},"type":"if","locations":[{"start":{"line":26,"column":2},"end":{"line":28,"column":3}},{"start":{},"end":{}}],"line":26},"1":{"loc":{"start":{"line":26,"column":6},"end":{"line":26,"column":57}},"type":"binary-expr","locations":[{"start":{"line":26,"column":6},"end":{"line":26,"column":11}},{"start":{"line":26,"column":15},"end":{"line":26,"column":21}},{"start":{"line":26,"column":25},"end":{"line":26,"column":33}},{"start":{"line":26,"column":37},"end":{"line":26,"column":46}},{"start":{"line":26,"column":50},"end":{"line":26,"column":57}}],"line":26},"2":{"loc":{"start":{"line":31,"column":2},"end":{"line":33,"column":3}},"type":"if","locations":[{"start":{"line":31,"column":2},"end":{"line":33,"column":3}},{"start":{},"end":{}}],"line":31},"3":{"loc":{"start":{"line":49,"column":17},"end":{"line":49,"column":51}},"type":"binary-expr","locations":[{"start":{"line":49,"column":17},"end":{"line":49,"column":43}},{"start":{"line":49,"column":47},"end":{"line":49,"column":51}}],"line":49},"4":{"loc":{"start":{"line":64,"column":2},"end":{"line":66,"column":3}},"type":"if","locations":[{"start":{"line":64,"column":2},"end":{"line":66,"column":3}},{"start":{},"end":{}}],"line":64},"5":{"loc":{"start":{"line":64,"column":6},"end":{"line":64,"column":25}},"type":"binary-expr","locations":[{"start":{"line":64,"column":6},"end":{"line":64,"column":12}},{"start":{"line":64,"column":16},"end":{"line":64,"column":25}}],"line":64},"6":{"loc":{"start":{"line":69,"column":2},"end":{"line":71,"column":3}},"type":"if","locations":[{"start":{"line":69,"column":2},"end":{"line":71,"column":3}},{"start":{},"end":{}}],"line":69},"7":{"loc":{"start":{"line":77,"column":2},"end":{"line":88,"column":3}},"type":"if","locations":[{"start":{"line":77,"column":2},"end":{"line":88,"column":3}},{"start":{},"end":{}}],"line":77},"8":{"loc":{"start":{"line":79,"column":4},"end":{"line":87,"column":5}},"type":"if","locations":[{"start":{"line":79,"column":4},"end":{"line":87,"column":5}},{"start":{"line":82,"column":11},"end":{"line":87,"column":5}}],"line":79},"9":{"loc":{"start":{"line":91,"column":2},"end":{"line":110,"column":3}},"type":"if","locations":[{"start":{"line":91,"column":2},"end":{"line":110,"column":3}},{"start":{},"end":{}}],"line":91},"10":{"loc":{"start":{"line":95,"column":4},"end":{"line":97,"column":5}},"type":"if","locations":[{"start":{"line":95,"column":4},"end":{"line":97,"column":5}},{"start":{},"end":{}}],"line":95},"11":{"loc":{"start":{"line":102,"column":4},"end":{"line":105,"column":5}},"type":"if","locations":[{"start":{"line":102,"column":4},"end":{"line":105,"column":5}},{"start":{},"end":{}}],"line":102},"12":{"loc":{"start":{"line":128,"column":2},"end":{"line":130,"column":3}},"type":"if","locations":[{"start":{"line":128,"column":2},"end":{"line":130,"column":3}},{"start":{},"end":{}}],"line":128},"13":{"loc":{"start":{"line":128,"column":6},"end":{"line":128,"column":22}},"type":"binary-expr","locations":[{"start":{"line":128,"column":6},"end":{"line":128,"column":9}},{"start":{"line":128,"column":13},"end":{"line":128,"column":22}}],"line":128},"14":{"loc":{"start":{"line":133,"column":2},"end":{"line":135,"column":3}},"type":"if","locations":[{"start":{"line":133,"column":2},"end":{"line":135,"column":3}},{"start":{},"end":{}}],"line":133},"15":{"loc":{"start":{"line":142,"column":2},"end":{"line":144,"column":3}},"type":"if","locations":[{"start":{"line":142,"column":2},"end":{"line":144,"column":3}},{"start":{},"end":{}}],"line":142},"16":{"loc":{"start":{"line":152,"column":2},"end":{"line":154,"column":3}},"type":"if","locations":[{"start":{"line":152,"column":2},"end":{"line":154,"column":3}},{"start":{},"end":{}}],"line":152},"17":{"loc":{"start":{"line":158,"column":2},"end":{"line":160,"column":3}},"type":"if","locations":[{"start":{"line":158,"column":2},"end":{"line":160,"column":3}},{"start":{},"end":{}}],"line":158},"18":{"loc":{"start":{"line":170,"column":2},"end":{"line":170,"column":47}},"type":"if","locations":[{"start":{"line":170,"column":2},"end":{"line":170,"column":47}},{"start":{},"end":{}}],"line":170},"19":{"loc":{"start":{"line":200,"column":2},"end":{"line":200,"column":61}},"type":"if","locations":[{"start":{"line":200,"column":2},"end":{"line":200,"column":61}},{"start":{},"end":{}}],"line":200},"20":{"loc":{"start":{"line":216,"column":4},"end":{"line":218,"column":5}},"type":"if","locations":[{"start":{"line":216,"column":4},"end":{"line":218,"column":5}},{"start":{},"end":{}}],"line":216},"21":{"loc":{"start":{"line":216,"column":8},"end":{"line":216,"column":59}},"type":"binary-expr","locations":[{"start":{"line":216,"column":8},"end":{"line":216,"column":15}},{"start":{"line":216,"column":19},"end":{"line":216,"column":31}},{"start":{"line":216,"column":35},"end":{"line":216,"column":59}}],"line":216},"22":{"loc":{"start":{"line":265,"column":4},"end":{"line":265,"column":34}},"type":"if","locations":[{"start":{"line":265,"column":4},"end":{"line":265,"column":34}},{"start":{},"end":{}}],"line":265},"23":{"loc":{"start":{"line":265,"column":8},"end":{"line":265,"column":23}},"type":"binary-expr","locations":[{"start":{"line":265,"column":8},"end":{"line":265,"column":13}},{"start":{"line":265,"column":17},"end":{"line":265,"column":23}}],"line":265}},"s":{"0":24,"1":24,"2":24,"3":24,"4":24,"5":24,"6":24,"7":24,"8":24,"9":24,"10":24,"11":24,"12":24,"13":24,"14":24,"15":24,"16":24,"17":24,"18":24,"19":2,"20":2,"21":1,"22":1,"23":1,"24":1,"25":0,"26":0,"27":0,"28":0,"29":24,"30":0,"31":24,"32":5,"33":1,"34":4,"35":4,"36":1,"37":3,"38":3,"39":3,"40":1,"41":1,"42":1,"43":1,"44":0,"45":0,"46":2,"47":2,"48":1,"49":1,"50":1,"51":0,"52":1,"53":1,"54":0,"55":0,"56":1,"57":1,"58":1,"59":1,"60":24,"61":0,"62":24,"63":0,"64":0,"65":0,"66":0,"67":0,"68":0,"69":24,"70":2,"71":2,"72":1,"73":1,"74":1,"75":24,"76":3,"77":3,"78":1,"79":2,"80":2,"81":1,"82":1,"83":24,"84":4,"85":4,"86":4,"87":2,"88":2,"89":2,"90":2,"91":2,"92":2,"93":2,"94":24,"95":1,"96":24,"97":0,"98":24,"99":0,"100":24,"101":2,"102":2,"103":1,"104":1,"105":24,"106":0,"107":24,"108":2,"109":2,"110":2,"111":1,"112":1,"113":1,"114":24,"115":0,"116":24,"117":0,"118":24,"119":0,"120":24,"121":0,"122":24,"123":0,"124":0,"125":0,"126":24,"127":0,"128":0,"129":0,"130":0,"131":0,"132":0,"133":0,"134":0,"135":24,"136":0,"137":24,"138":1,"139":1,"140":0,"141":24},"f":{"0":2,"1":0,"2":5,"3":0,"4":0,"5":2,"6":3,"7":4,"8":1,"9":0,"10":0,"11":2,"12":0,"13":2,"14":0,"15":0,"16":0,"17":0,"18":0,"19":0,"20":0,"21":1},"b":{"0":[1,1],"1":[2,1,1,1,1],"2":[1,0],"3":[0,0],"4":[1,4],"5":[5,4],"6":[1,3],"7":[1,2],"8":[1,0],"9":[1,1],"10":[0,1],"11":[0,1],"12":[0,0],"13":[0,0],"14":[0,0],"15":[1,1],"16":[1,2],"17":[1,1],"18":[2,2],"19":[1,1],"20":[1,1],"21":[2,2,2],"22":[0,0],"23":[0,0]},"_coverageSchema":"1a1c01bbd47fc00a2c39e90264f33305004495a9","hash":"b281f1dda372fbe70c2145d70775452c9cec213e","contentHash":"67bf3ebd97c61a6afb062b16abe43c8fb8f910f87c134db6e864fe8b337e3de5"},"D:\\backup(m)\\node-project-git\\node-js-project\\src\\utils\\EmailService.js":{"path":"D:\\backup(m)\\node-project-git\\node-js-project\\src\\utils\\EmailService.js","statementMap":{"0":{"start":{"line":1,"column":19},"end":{"line":1,"column":40}},"1":{"start":{"line":3,"column":20},"end":{"line":9,"column":2}},"2":{"start":{"line":11,"column":18},"end":{"line":19,"column":1}},"3":{"start":{"line":12,"column":22},"end":{"line":17,"column":3}},"4":{"start":{"line":18,"column":2},"end":{"line":18,"column":49}},"5":{"start":{"line":21,"column":0},"end":{"line":21,"column":31}}},"fnMap":{"0":{"name":"(anonymous_0)","decl":{"start":{"line":11,"column":18},"end":{"line":11,"column":19}},"loc":{"start":{"line":11,"column":47},"end":{"line":19,"column":1}},"line":11}},"branchMap":{},"s":{"0":1,"1":1,"2":1,"3":0,"4":0,"5":1},"f":{"0":0},"b":{},"_coverageSchema":"1a1c01bbd47fc00a2c39e90264f33305004495a9","hash":"11f116b369b0928a563c7e5633731b2f04aa9274","contentHash":"249f7d82245ec5ebd9749101e4cefa95f86782e29e718adfe8b39410e22431cd"},"D:\\backup(m)\\node-project-git\\node-js-project\\src\\utils\\errors.js":{"path":"D:\\backup(m)\\node-project-git\\node-js-project\\src\\utils\\errors.js","statementMap":{"0":{"start":{"line":67,"column":39},"end":{"line":67,"column":67}},"1":{"start":{"line":71,"column":4},"end":{"line":71,"column":19}},"2":{"start":{"line":72,"column":4},"end":{"line":72,"column":33}},"3":{"start":{"line":73,"column":4},"end":{"line":73,"column":52}},"4":{"start":{"line":79,"column":4},"end":{"line":79,"column":44}},"5":{"start":{"line":85,"column":4},"end":{"line":85,"column":42}},"6":{"start":{"line":91,"column":4},"end":{"line":91,"column":45}},"7":{"start":{"line":97,"column":4},"end":{"line":97,"column":42}},"8":{"start":{"line":103,"column":4},"end":{"line":103,"column":41}},"9":{"start":{"line":109,"column":4},"end":{"line":109,"column":53}},"10":{"start":{"line":115,"column":4},"end":{"line":115,"column":54}},"11":{"start":{"line":121,"column":4},"end":{"line":121,"column":43}},"12":{"start":{"line":127,"column":4},"end":{"line":127,"column":39}},"13":{"start":{"line":131,"column":0},"end":{"line":142,"column":2}}},"fnMap":{"0":{"name":"(anonymous_0)","decl":{"start":{"line":70,"column":2},"end":{"line":70,"column":3}},"loc":{"start":{"line":70,"column":109},"end":{"line":74,"column":3}},"line":70},"1":{"name":"(anonymous_1)","decl":{"start":{"line":78,"column":2},"end":{"line":78,"column":3}},"loc":{"start":{"line":78,"column":51},"end":{"line":80,"column":3}},"line":78},"2":{"name":"(anonymous_2)","decl":{"start":{"line":84,"column":2},"end":{"line":84,"column":3}},"loc":{"start":{"line":84,"column":49},"end":{"line":86,"column":3}},"line":84},"3":{"name":"(anonymous_3)","decl":{"start":{"line":90,"column":2},"end":{"line":90,"column":3}},"loc":{"start":{"line":90,"column":52},"end":{"line":92,"column":3}},"line":90},"4":{"name":"(anonymous_4)","decl":{"start":{"line":96,"column":2},"end":{"line":96,"column":3}},"loc":{"start":{"line":96,"column":49},"end":{"line":98,"column":3}},"line":96},"5":{"name":"(anonymous_5)","decl":{"start":{"line":102,"column":2},"end":{"line":102,"column":3}},"loc":{"start":{"line":102,"column":48},"end":{"line":104,"column":3}},"line":102},"6":{"name":"(anonymous_6)","decl":{"start":{"line":108,"column":2},"end":{"line":108,"column":3}},"loc":{"start":{"line":108,"column":60},"end":{"line":110,"column":3}},"line":108},"7":{"name":"(anonymous_7)","decl":{"start":{"line":114,"column":2},"end":{"line":114,"column":3}},"loc":{"start":{"line":114,"column":61},"end":{"line":116,"column":3}},"line":114},"8":{"name":"(anonymous_8)","decl":{"start":{"line":120,"column":2},"end":{"line":120,"column":3}},"loc":{"start":{"line":120,"column":50},"end":{"line":122,"column":3}},"line":120},"9":{"name":"(anonymous_9)","decl":{"start":{"line":126,"column":2},"end":{"line":126,"column":3}},"loc":{"start":{"line":126,"column":46},"end":{"line":128,"column":3}},"line":126}},"branchMap":{"0":{"loc":{"start":{"line":70,"column":14},"end":{"line":70,"column":59}},"type":"default-arg","locations":[{"start":{"line":70,"column":24},"end":{"line":70,"column":59}}],"line":70},"1":{"loc":{"start":{"line":70,"column":61},"end":{"line":70,"column":107}},"type":"default-arg","locations":[{"start":{"line":70,"column":74},"end":{"line":70,"column":107}}],"line":70},"2":{"loc":{"start":{"line":78,"column":14},"end":{"line":78,"column":49}},"type":"default-arg","locations":[{"start":{"line":78,"column":24},"end":{"line":78,"column":49}}],"line":78},"3":{"loc":{"start":{"line":84,"column":14},"end":{"line":84,"column":47}},"type":"default-arg","locations":[{"start":{"line":84,"column":24},"end":{"line":84,"column":47}}],"line":84},"4":{"loc":{"start":{"line":90,"column":14},"end":{"line":90,"column":50}},"type":"default-arg","locations":[{"start":{"line":90,"column":24},"end":{"line":90,"column":50}}],"line":90},"5":{"loc":{"start":{"line":96,"column":14},"end":{"line":96,"column":47}},"type":"default-arg","locations":[{"start":{"line":96,"column":24},"end":{"line":96,"column":47}}],"line":96},"6":{"loc":{"start":{"line":102,"column":14},"end":{"line":102,"column":46}},"type":"default-arg","locations":[{"start":{"line":102,"column":24},"end":{"line":102,"column":46}}],"line":102},"7":{"loc":{"start":{"line":108,"column":14},"end":{"line":108,"column":58}},"type":"default-arg","locations":[{"start":{"line":108,"column":24},"end":{"line":108,"column":58}}],"line":108},"8":{"loc":{"start":{"line":114,"column":14},"end":{"line":114,"column":59}},"type":"default-arg","locations":[{"start":{"line":114,"column":24},"end":{"line":114,"column":59}}],"line":114},"9":{"loc":{"start":{"line":120,"column":14},"end":{"line":120,"column":48}},"type":"default-arg","locations":[{"start":{"line":120,"column":24},"end":{"line":120,"column":48}}],"line":120},"10":{"loc":{"start":{"line":126,"column":14},"end":{"line":126,"column":44}},"type":"default-arg","locations":[{"start":{"line":126,"column":24},"end":{"line":126,"column":44}}],"line":126}},"s":{"0":1,"1":8,"2":8,"3":8,"4":8,"5":0,"6":0,"7":0,"8":0,"9":0,"10":0,"11":0,"12":0,"13":1},"f":{"0":8,"1":8,"2":0,"3":0,"4":0,"5":0,"6":0,"7":0,"8":0,"9":0},"b":{"0":[0],"1":[0],"2":[0],"3":[0],"4":[0],"5":[0],"6":[0],"7":[0],"8":[0],"9":[0],"10":[0]},"_coverageSchema":"1a1c01bbd47fc00a2c39e90264f33305004495a9","hash":"251cb12c7bd8483f616c2de589f8056276335ba6","contentHash":"9fa154bc6af8754e0c81fcca84fb4cf44ce927734981fa31bbea7e1d346171bf"},"D:\\backup(m)\\node-project-git\\node-js-project\\src\\utils\\mailtemplate.js":{"path":"D:\\backup(m)\\node-project-git\\node-js-project\\src\\utils\\mailtemplate.js","statementMap":{"0":{"start":{"line":1,"column":20},"end":{"line":3,"column":1}},"1":{"start":{"line":2,"column":2},"end":{"line":2,"column":50}},"2":{"start":{"line":5,"column":0},"end":{"line":5,"column":29}}},"fnMap":{"0":{"name":"(anonymous_0)","decl":{"start":{"line":1,"column":20},"end":{"line":1,"column":21}},"loc":{"start":{"line":1,"column":30},"end":{"line":3,"column":1}},"line":1}},"branchMap":{},"s":{"0":1,"1":0,"2":1},"f":{"0":0},"b":{},"_coverageSchema":"1a1c01bbd47fc00a2c39e90264f33305004495a9","hash":"5c648b756760f34f5e00a43703eab6e1dafba200","contentHash":"5e2c7c871f51dceaa53543a81d57952888229ddbda5151be5c344108523cbf6a"},"D:\\backup(m)\\node-project-git\\node-js-project\\src\\utils\\jwt.js":{"path":"D:\\backup(m)\\node-project-git\\node-js-project\\src\\utils\\jwt.js","statementMap":{"0":{"start":{"line":2,"column":12},"end":{"line":2,"column":35}},"1":{"start":{"line":3,"column":0},"end":{"line":3,"column":27}},"2":{"start":{"line":5,"column":22},"end":{"line":9,"column":1}},"3":{"start":{"line":6,"column":2},"end":{"line":8,"column":5}},"4":{"start":{"line":11,"column":20},"end":{"line":13,"column":1}},"5":{"start":{"line":12,"column":2},"end":{"line":12,"column":51}},"6":{"start":{"line":15,"column":0},"end":{"line":18,"column":2}}},"fnMap":{"0":{"name":"(anonymous_0)","decl":{"start":{"line":5,"column":22},"end":{"line":5,"column":23}},"loc":{"start":{"line":5,"column":35},"end":{"line":9,"column":1}},"line":5},"1":{"name":"(anonymous_1)","decl":{"start":{"line":11,"column":20},"end":{"line":11,"column":21}},"loc":{"start":{"line":11,"column":31},"end":{"line":13,"column":1}},"line":11}},"branchMap":{"0":{"loc":{"start":{"line":7,"column":15},"end":{"line":7,"column":49}},"type":"binary-expr","locations":[{"start":{"line":7,"column":15},"end":{"line":7,"column":41}},{"start":{"line":7,"column":45},"end":{"line":7,"column":49}}],"line":7}},"s":{"0":1,"1":1,"2":1,"3":0,"4":1,"5":0,"6":1},"f":{"0":0,"1":0},"b":{"0":[0,0]},"_coverageSchema":"1a1c01bbd47fc00a2c39e90264f33305004495a9","hash":"e1557c2def60c9f61b3a4ea0fd137a96de89bdd7","contentHash":"67ab7c9bb1c94b7bc72f7e001bf32b5bd23cca88129cbb5d470ae23f3020599f"},"D:\\backup(m)\\node-project-git\\node-js-project\\src\\models\\index.js":{"path":"D:\\backup(m)\\node-project-git\\node-js-project\\src\\models\\index.js","statementMap":{"0":{"start":{"line":1,"column":13},"end":{"line":1,"column":30}},"1":{"start":{"line":2,"column":16},"end":{"line":2,"column":36}},"2":{"start":{"line":3,"column":13},"end":{"line":3,"column":30}},"3":{"start":{"line":4,"column":17},"end":{"line":4,"column":38}},"4":{"start":{"line":7,"column":0},"end":{"line":7,"column":48}},"5":{"start":{"line":8,"column":0},"end":{"line":8,"column":50}},"6":{"start":{"line":10,"column":0},"end":{"line":10,"column":53}},"7":{"start":{"line":13,"column":0},"end":{"line":23,"column":2}},"8":{"start":{"line":14,"column":2},"end":{"line":17,"column":5}},"9":{"start":{"line":19,"column":2},"end":{"line":22,"column":5}},"10":{"start":{"line":26,"column":11},"end":{"line":26,"column":46}},"11":{"start":{"line":29,"column":0},"end":{"line":33,"column":3}},"12":{"start":{"line":30,"column":2},"end":{"line":32,"column":3}},"13":{"start":{"line":31,"column":4},"end":{"line":31,"column":24}},"14":{"start":{"line":35,"column":0},"end":{"line":35,"column":20}}},"fnMap":{"0":{"name":"(anonymous_0)","decl":{"start":{"line":13,"column":17},"end":{"line":13,"column":18}},"loc":{"start":{"line":13,"column":35},"end":{"line":23,"column":1}},"line":13},"1":{"name":"(anonymous_1)","decl":{"start":{"line":29,"column":26},"end":{"line":29,"column":27}},"loc":{"start":{"line":29,"column":35},"end":{"line":33,"column":1}},"line":29}},"branchMap":{"0":{"loc":{"start":{"line":30,"column":2},"end":{"line":32,"column":3}},"type":"if","locations":[{"start":{"line":30,"column":2},"end":{"line":32,"column":3}},{"start":{},"end":{}}],"line":30}},"s":{"0":1,"1":1,"2":1,"3":1,"4":1,"5":1,"6":1,"7":1,"8":1,"9":1,"10":1,"11":1,"12":4,"13":1,"14":1},"f":{"0":1,"1":4},"b":{"0":[1,3]},"_coverageSchema":"1a1c01bbd47fc00a2c39e90264f33305004495a9","hash":"7c32d41c309a8c5fc88738e7cfefa6b4bf625835","contentHash":"1053cee0e9b6b4701f3400643dcccb179e14344cb07b3cac7872b3f4fc4e85a3"},"D:\\backup(m)\\node-project-git\\node-js-project\\src\\models\\product.js":{"path":"D:\\backup(m)\\node-project-git\\node-js-project\\src\\models\\product.js","statementMap":{"0":{"start":{"line":1,"column":22},"end":{"line":1,"column":42}},"1":{"start":{"line":2,"column":11},"end":{"line":2,"column":41}},"2":{"start":{"line":3,"column":13},"end":{"line":3,"column":38}},"3":{"start":{"line":5,"column":16},"end":{"line":36,"column":2}},"4":{"start":{"line":39,"column":0},"end":{"line":39,"column":25}}},"fnMap":{},"branchMap":{},"s":{"0":1,"1":1,"2":1,"3":1,"4":1},"f":{},"b":{},"_coverageSchema":"1a1c01bbd47fc00a2c39e90264f33305004495a9","hash":"7d0ffd0b83ad1de533c4273be17a6067f1ce4669","contentHash":"9b2786969d12a50c8de1770aeb380e2141de2b8d23f3898bdf3aa493e934d93c"}}