{"D:\\backup(m)\\node-project-git\\node-js-project\\src\\Service\\jsonapi.js": {"path":"D:\\backup(m)\\node-project-git\\node-js-project\\src\\Service\\jsonapi.js","statementMap":{"0":{"start":{"line":1,"column":14},"end":{"line":1,"column":30}},"1":{"start":{"line":2,"column":24},"end":{"line":2,"column":63}},"2":{"start":{"line":4,"column":22},"end":{"line":25,"column":1}},"3":{"start":{"line":5,"column":16},"end":{"line":5,"column":17}},"4":{"start":{"line":7,"column":2},"end":{"line":24,"column":3}},"5":{"start":{"line":8,"column":4},"end":{"line":23,"column":5}},"6":{"start":{"line":9,"column":21},"end":{"line":10,"column":63}},"7":{"start":{"line":12,"column":23},"end":{"line":12,"column":42}},"8":{"start":{"line":13,"column":6},"end":{"line":13,"column":27}},"9":{"start":{"line":16,"column":6},"end":{"line":16,"column":16}},"10":{"start":{"line":17,"column":6},"end":{"line":17,"column":60}},"11":{"start":{"line":19,"column":6},"end":{"line":22,"column":7}},"12":{"start":{"line":21,"column":8},"end":{"line":21,"column":56}},"13":{"start":{"line":27,"column":0},"end":{"line":27,"column":35}}},"fnMap":{"0":{"name":"(anonymous_0)","decl":{"start":{"line":4,"column":22},"end":{"line":4,"column":23}},"loc":{"start":{"line":4,"column":71},"end":{"line":25,"column":1}},"line":4}},"branchMap":{"0":{"loc":{"start":{"line":4,"column":42},"end":{"line":4,"column":53}},"type":"default-arg","locations":[{"start":{"line":4,"column":49},"end":{"line":4,"column":53}}],"line":4},"1":{"loc":{"start":{"line":4,"column":55},"end":{"line":4,"column":66}},"type":"default-arg","locations":[{"start":{"line":4,"column":65},"end":{"line":4,"column":66}}],"line":4},"2":{"loc":{"start":{"line":19,"column":6},"end":{"line":22,"column":7}},"type":"if","locations":[{"start":{"line":19,"column":6},"end":{"line":22,"column":7}},{"start":{},"end":{}}],"line":19}},"s":{"0":2,"1":2,"2":2,"3":3,"4":3,"5":5,"6":5,"7":5,"8":2,"9":3,"10":3,"11":3,"12":1,"13":2},"f":{"0":3},"b":{"0":[2],"1":[2],"2":[1,2]},"_coverageSchema":"1a1c01bbd47fc00a2c39e90264f33305004495a9","hash":"207e52d34c374f7d5466d70790448374052c93e5"}
,"D:\\backup(m)\\node-project-git\\node-js-project\\src\\Service\\mailService.js": {"path":"D:\\backup(m)\\node-project-git\\node-js-project\\src\\Service\\mailService.js","statementMap":{"0":{"start":{"line":2,"column":19},"end":{"line":2,"column":40}},"1":{"start":{"line":3,"column":19},"end":{"line":3,"column":48}},"2":{"start":{"line":5,"column":20},"end":{"line":7,"column":1}},"3":{"start":{"line":6,"column":2},"end":{"line":6,"column":76}},"4":{"start":{"line":9,"column":17},"end":{"line":27,"column":1}},"5":{"start":{"line":10,"column":20},"end":{"line":10,"column":40}},"6":{"start":{"line":11,"column":22},"end":{"line":11,"column":45}},"7":{"start":{"line":13,"column":22},"end":{"line":19,"column":4}},"8":{"start":{"line":21,"column":2},"end":{"line":26,"column":5}},"9":{"start":{"line":29,"column":0},"end":{"line":29,"column":43}}},"fnMap":{"0":{"name":"(anonymous_0)","decl":{"start":{"line":5,"column":20},"end":{"line":5,"column":21}},"loc":{"start":{"line":5,"column":30},"end":{"line":7,"column":1}},"line":5},"1":{"name":"(anonymous_1)","decl":{"start":{"line":9,"column":17},"end":{"line":9,"column":18}},"loc":{"start":{"line":9,"column":56},"end":{"line":27,"column":1}},"line":9}},"branchMap":{"0":{"loc":{"start":{"line":6,"column":22},"end":{"line":6,"column":36}},"type":"binary-expr","locations":[{"start":{"line":6,"column":22},"end":{"line":6,"column":26}},{"start":{"line":6,"column":30},"end":{"line":6,"column":36}}],"line":6},"1":{"loc":{"start":{"line":11,"column":22},"end":{"line":11,"column":45}},"type":"binary-expr","locations":[{"start":{"line":11,"column":22},"end":{"line":11,"column":29}},{"start":{"line":11,"column":33},"end":{"line":11,"column":45}}],"line":11},"2":{"loc":{"start":{"line":25,"column":10},"end":{"line":25,"column":35}},"type":"binary-expr","locations":[{"start":{"line":25,"column":10},"end":{"line":25,"column":14}},{"start":{"line":25,"column":18},"end":{"line":25,"column":35}}],"line":25}},"s":{"0":3,"1":3,"2":3,"3":2,"4":3,"5":2,"6":2,"7":2,"8":2,"9":3},"f":{"0":2,"1":2},"b":{"0":[2,0],"1":[2,1],"2":[2,1]},"_coverageSchema":"1a1c01bbd47fc00a2c39e90264f33305004495a9","hash":"650aa11ba4e2f44a19accad1bfc7bef55683add7"}
,"D:\\backup(m)\\node-project-git\\node-js-project\\src\\Service\\rmqService.js": {"path":"D:\\backup(m)\\node-project-git\\node-js-project\\src\\Service\\rmqService.js","statementMap":{"0":{"start":{"line":1,"column":13},"end":{"line":1,"column":31}},"1":{"start":{"line":2,"column":21},"end":{"line":2,"column":45}},"2":{"start":{"line":3,"column":14},"end":{"line":3,"column":26}},"3":{"start":{"line":5,"column":14},"end":{"line":5,"column":18}},"4":{"start":{"line":8,"column":21},"end":{"line":19,"column":1}},"5":{"start":{"line":9,"column":2},"end":{"line":18,"column":3}},"6":{"start":{"line":10,"column":23},"end":{"line":10,"column":61}},"7":{"start":{"line":11,"column":4},"end":{"line":11,"column":47}},"8":{"start":{"line":12,"column":4},"end":{"line":12,"column":56}},"9":{"start":{"line":13,"column":4},"end":{"line":13,"column":60}},"10":{"start":{"line":14,"column":4},"end":{"line":14,"column":23}},"11":{"start":{"line":16,"column":4},"end":{"line":16,"column":62}},"12":{"start":{"line":17,"column":4},"end":{"line":17,"column":35}},"13":{"start":{"line":22,"column":24},"end":{"line":31,"column":1}},"14":{"start":{"line":23,"column":2},"end":{"line":27,"column":3}},"15":{"start":{"line":24,"column":4},"end":{"line":24,"column":57}},"16":{"start":{"line":25,"column":4},"end":{"line":25,"column":50}},"17":{"start":{"line":25,"column":21},"end":{"line":25,"column":42}},"18":{"start":{"line":26,"column":4},"end":{"line":26,"column":11}},"19":{"start":{"line":29,"column":2},"end":{"line":29,"column":86}},"20":{"start":{"line":30,"column":2},"end":{"line":30,"column":39}},"21":{"start":{"line":34,"column":25},"end":{"line":52,"column":1}},"22":{"start":{"line":35,"column":2},"end":{"line":35,"column":23}},"23":{"start":{"line":35,"column":16},"end":{"line":35,"column":23}},"24":{"start":{"line":37,"column":2},"end":{"line":51,"column":5}},"25":{"start":{"line":38,"column":4},"end":{"line":50,"column":5}},"26":{"start":{"line":39,"column":22},"end":{"line":39,"column":56}},"27":{"start":{"line":40,"column":6},"end":{"line":40,"column":48}},"28":{"start":{"line":42,"column":6},"end":{"line":47,"column":7}},"29":{"start":{"line":43,"column":8},"end":{"line":43,"column":32}},"30":{"start":{"line":44,"column":8},"end":{"line":44,"column":49}},"31":{"start":{"line":46,"column":8},"end":{"line":46,"column":56}},"32":{"start":{"line":49,"column":6},"end":{"line":49,"column":23}},"33":{"start":{"line":54,"column":0},"end":{"line":57,"column":2}}},"fnMap":{"0":{"name":"(anonymous_0)","decl":{"start":{"line":8,"column":21},"end":{"line":8,"column":22}},"loc":{"start":{"line":8,"column":33},"end":{"line":19,"column":1}},"line":8},"1":{"name":"(anonymous_1)","decl":{"start":{"line":22,"column":24},"end":{"line":22,"column":25}},"loc":{"start":{"line":22,"column":40},"end":{"line":31,"column":1}},"line":22},"2":{"name":"(anonymous_2)","decl":{"start":{"line":25,"column":15},"end":{"line":25,"column":16}},"loc":{"start":{"line":25,"column":21},"end":{"line":25,"column":42}},"line":25},"3":{"name":"(anonymous_3)","decl":{"start":{"line":34,"column":25},"end":{"line":34,"column":26}},"loc":{"start":{"line":34,"column":31},"end":{"line":52,"column":1}},"line":34},"4":{"name":"(anonymous_4)","decl":{"start":{"line":37,"column":25},"end":{"line":37,"column":26}},"loc":{"start":{"line":37,"column":40},"end":{"line":51,"column":3}},"line":37}},"branchMap":{"0":{"loc":{"start":{"line":23,"column":2},"end":{"line":27,"column":3}},"type":"if","locations":[{"start":{"line":23,"column":2},"end":{"line":27,"column":3}},{"start":{},"end":{}}],"line":23},"1":{"loc":{"start":{"line":35,"column":2},"end":{"line":35,"column":23}},"type":"if","locations":[{"start":{"line":35,"column":2},"end":{"line":35,"column":23}},{"start":{},"end":{}}],"line":35},"2":{"loc":{"start":{"line":38,"column":4},"end":{"line":50,"column":5}},"type":"if","locations":[{"start":{"line":38,"column":4},"end":{"line":50,"column":5}},{"start":{},"end":{}}],"line":38}},"s":{"0":3,"1":3,"2":3,"3":3,"4":3,"5":2,"6":2,"7":2,"8":2,"9":2,"10":2,"11":0,"12":0,"13":3,"14":1,"15":0,"16":0,"17":0,"18":0,"19":1,"20":1,"21":3,"22":2,"23":0,"24":2,"25":2,"26":2,"27":2,"28":2,"29":2,"30":2,"31":0,"32":2,"33":3},"f":{"0":2,"1":1,"2":0,"3":2,"4":2},"b":{"0":[0,1],"1":[0,2],"2":[2,0]},"_coverageSchema":"1a1c01bbd47fc00a2c39e90264f33305004495a9","hash":"4abcc968c648eb147d3de320f44113cf6cfcc8ba"}
,"D:\\backup(m)\\node-project-git\\node-js-project\\src\\Service\\schedulerService.js": {"path":"D:\\backup(m)\\node-project-git\\node-js-project\\src\\Service\\schedulerService.js","statementMap":{"0":{"start":{"line":1,"column":17},"end":{"line":1,"column":41}},"1":{"start":{"line":2,"column":17},"end":{"line":2,"column":56}},"2":{"start":{"line":4,"column":21},"end":{"line":4,"column":25}},"3":{"start":{"line":6,"column":28},"end":{"line":33,"column":1}},"4":{"start":{"line":7,"column":17},"end":{"line":7,"column":53}},"5":{"start":{"line":9,"column":19},"end":{"line":23,"column":3}},"6":{"start":{"line":10,"column":4},"end":{"line":10,"column":63}},"7":{"start":{"line":12,"column":17},"end":{"line":12,"column":55}},"8":{"start":{"line":13,"column":4},"end":{"line":16,"column":5}},"9":{"start":{"line":14,"column":6},"end":{"line":14,"column":51}},"10":{"start":{"line":15,"column":6},"end":{"line":15,"column":13}},"11":{"start":{"line":18,"column":4},"end":{"line":20,"column":7}},"12":{"start":{"line":22,"column":4},"end":{"line":22,"column":56}},"13":{"start":{"line":26,"column":2},"end":{"line":28,"column":3}},"14":{"start":{"line":27,"column":4},"end":{"line":27,"column":30}},"15":{"start":{"line":30,"column":2},"end":{"line":30,"column":54}},"16":{"start":{"line":32,"column":2},"end":{"line":32,"column":16}},"17":{"start":{"line":36,"column":36},"end":{"line":40,"column":1}},"18":{"start":{"line":37,"column":2},"end":{"line":39,"column":3}},"19":{"start":{"line":38,"column":4},"end":{"line":38,"column":27}},"20":{"start":{"line":42,"column":0},"end":{"line":45,"column":2}}},"fnMap":{"0":{"name":"(anonymous_0)","decl":{"start":{"line":6,"column":28},"end":{"line":6,"column":29}},"loc":{"start":{"line":6,"column":57},"end":{"line":33,"column":1}},"line":6},"1":{"name":"(anonymous_1)","decl":{"start":{"line":9,"column":19},"end":{"line":9,"column":20}},"loc":{"start":{"line":9,"column":31},"end":{"line":23,"column":3}},"line":9},"2":{"name":"(anonymous_2)","decl":{"start":{"line":36,"column":36},"end":{"line":36,"column":37}},"loc":{"start":{"line":36,"column":48},"end":{"line":40,"column":1}},"line":36}},"branchMap":{"0":{"loc":{"start":{"line":13,"column":4},"end":{"line":16,"column":5}},"type":"if","locations":[{"start":{"line":13,"column":4},"end":{"line":16,"column":5}},{"start":{},"end":{}}],"line":13},"1":{"loc":{"start":{"line":26,"column":2},"end":{"line":28,"column":3}},"type":"if","locations":[{"start":{"line":26,"column":2},"end":{"line":28,"column":3}},{"start":{},"end":{}}],"line":26},"2":{"loc":{"start":{"line":37,"column":2},"end":{"line":39,"column":3}},"type":"if","locations":[{"start":{"line":37,"column":2},"end":{"line":39,"column":3}},{"start":{},"end":{}}],"line":37}},"s":{"0":3,"1":3,"2":3,"3":3,"4":2,"5":2,"6":3,"7":3,"8":3,"9":2,"10":2,"11":1,"12":1,"13":2,"14":2,"15":2,"16":2,"17":3,"18":2,"19":2,"20":3},"f":{"0":2,"1":3,"2":2},"b":{"0":[2,1],"1":[2,0],"2":[2,0]},"_coverageSchema":"1a1c01bbd47fc00a2c39e90264f33305004495a9","hash":"a5bbdcc1d20cac85eae617ef2ed78cd16e439e8e"}
,"D:\\backup(m)\\node-project-git\\node-js-project\\src\\Service\\userService.js": {"path":"D:\\backup(m)\\node-project-git\\node-js-project\\src\\Service\\userService.js","statementMap":{"0":{"start":{"line":2,"column":17},"end":{"line":2,"column":56}},"1":{"start":{"line":3,"column":24},"end":{"line":3,"column":63}},"2":{"start":{"line":4,"column":22},"end":{"line":4,"column":54}},"3":{"start":{"line":5,"column":12},"end":{"line":5,"column":35}},"4":{"start":{"line":6,"column":19},"end":{"line":6,"column":36}},"5":{"start":{"line":7,"column":51},"end":{"line":7,"column":77}},"6":{"start":{"line":8,"column":20},"end":{"line":8,"column":52}},"7":{"start":{"line":9,"column":28},"end":{"line":9,"column":60}},"8":{"start":{"line":10,"column":17},"end":{"line":10,"column":37}},"9":{"start":{"line":11,"column":26},"end":{"line":11,"column":58}},"10":{"start":{"line":12,"column":26},"end":{"line":12,"column":49}},"11":{"start":{"line":13,"column":17},"end":{"line":13,"column":41}},"12":{"start":{"line":14,"column":15},"end":{"line":14,"column":32}},"13":{"start":{"line":15,"column":32},"end":{"line":15,"column":61}},"14":{"start":{"line":16,"column":21},"end":{"line":16,"column":41}},"15":{"start":{"line":19,"column":19},"end":{"line":49,"column":1}},"16":{"start":{"line":20,"column":53},"end":{"line":20,"column":57}},"17":{"start":{"line":22,"column":2},"end":{"line":24,"column":3}},"18":{"start":{"line":23,"column":4},"end":{"line":23,"column":76}},"19":{"start":{"line":26,"column":23},"end":{"line":26,"column":70}},"20":{"start":{"line":27,"column":2},"end":{"line":29,"column":3}},"21":{"start":{"line":28,"column":4},"end":{"line":28,"column":69}},"22":{"start":{"line":31,"column":25},"end":{"line":31,"column":56}},"23":{"start":{"line":33,"column":18},"end":{"line":40,"column":4}},"24":{"start":{"line":42,"column":16},"end":{"line":46,"column":3}},"25":{"start":{"line":48,"column":2},"end":{"line":48,"column":34}},"26":{"start":{"line":52,"column":32},"end":{"line":54,"column":1}},"27":{"start":{"line":53,"column":2},"end":{"line":53,"column":45}},"28":{"start":{"line":59,"column":14},"end":{"line":113,"column":1}},"29":{"start":{"line":60,"column":2},"end":{"line":62,"column":3}},"30":{"start":{"line":61,"column":4},"end":{"line":61,"column":76}},"31":{"start":{"line":64,"column":15},"end":{"line":64,"column":48}},"32":{"start":{"line":65,"column":2},"end":{"line":67,"column":3}},"33":{"start":{"line":66,"column":4},"end":{"line":66,"column":82}},"34":{"start":{"line":69,"column":43},"end":{"line":69,"column":64}},"35":{"start":{"line":70,"column":14},"end":{"line":70,"column":24}},"36":{"start":{"line":73,"column":2},"end":{"line":84,"column":3}},"37":{"start":{"line":74,"column":24},"end":{"line":74,"column":76}},"38":{"start":{"line":75,"column":4},"end":{"line":83,"column":5}},"39":{"start":{"line":76,"column":27},"end":{"line":76,"column":65}},"40":{"start":{"line":77,"column":6},"end":{"line":77,"column":89}},"41":{"start":{"line":80,"column":6},"end":{"line":80,"column":70}},"42":{"start":{"line":81,"column":6},"end":{"line":81,"column":30}},"43":{"start":{"line":86,"column":18},"end":{"line":86,"column":63}},"44":{"start":{"line":87,"column":2},"end":{"line":106,"column":3}},"45":{"start":{"line":88,"column":21},"end":{"line":88,"column":44}},"46":{"start":{"line":89,"column":20},"end":{"line":89,"column":48}},"47":{"start":{"line":91,"column":4},"end":{"line":93,"column":5}},"48":{"start":{"line":92,"column":6},"end":{"line":92,"column":37}},"49":{"start":{"line":95,"column":4},"end":{"line":95,"column":54}},"50":{"start":{"line":98,"column":4},"end":{"line":101,"column":5}},"51":{"start":{"line":99,"column":26},"end":{"line":99,"column":64}},"52":{"start":{"line":100,"column":6},"end":{"line":100,"column":51}},"53":{"start":{"line":103,"column":4},"end":{"line":105,"column":6}},"54":{"start":{"line":109,"column":2},"end":{"line":109,"column":83}},"55":{"start":{"line":111,"column":16},"end":{"line":111,"column":50}},"56":{"start":{"line":112,"column":2},"end":{"line":112,"column":25}},"57":{"start":{"line":117,"column":20},"end":{"line":119,"column":1}},"58":{"start":{"line":118,"column":2},"end":{"line":118,"column":34}},"59":{"start":{"line":123,"column":20},"end":{"line":134,"column":1}},"60":{"start":{"line":124,"column":2},"end":{"line":126,"column":3}},"61":{"start":{"line":125,"column":4},"end":{"line":125,"column":67}},"62":{"start":{"line":128,"column":15},"end":{"line":128,"column":45}},"63":{"start":{"line":129,"column":2},"end":{"line":131,"column":3}},"64":{"start":{"line":130,"column":4},"end":{"line":130,"column":79}},"65":{"start":{"line":133,"column":2},"end":{"line":133,"column":14}},"66":{"start":{"line":136,"column":19},"end":{"line":143,"column":1}},"67":{"start":{"line":137,"column":15},"end":{"line":137,"column":42}},"68":{"start":{"line":138,"column":2},"end":{"line":140,"column":3}},"69":{"start":{"line":139,"column":4},"end":{"line":139,"column":52}},"70":{"start":{"line":141,"column":2},"end":{"line":141,"column":34}},"71":{"start":{"line":142,"column":2},"end":{"line":142,"column":27}},"72":{"start":{"line":145,"column":20},"end":{"line":159,"column":1}},"73":{"start":{"line":146,"column":20},"end":{"line":146,"column":23}},"74":{"start":{"line":148,"column":2},"end":{"line":150,"column":3}},"75":{"start":{"line":149,"column":4},"end":{"line":149,"column":71}},"76":{"start":{"line":152,"column":15},"end":{"line":152,"column":48}},"77":{"start":{"line":154,"column":2},"end":{"line":156,"column":3}},"78":{"start":{"line":155,"column":4},"end":{"line":155,"column":66}},"79":{"start":{"line":158,"column":2},"end":{"line":158,"column":14}},"80":{"start":{"line":163,"column":23},"end":{"line":172,"column":1}},"81":{"start":{"line":164,"column":15},"end":{"line":164,"column":42}},"82":{"start":{"line":165,"column":2},"end":{"line":165,"column":47}},"83":{"start":{"line":165,"column":13},"end":{"line":165,"column":47}},"84":{"start":{"line":168,"column":25},"end":{"line":168,"column":59}},"85":{"start":{"line":169,"column":2},"end":{"line":169,"column":33}},"86":{"start":{"line":171,"column":2},"end":{"line":171,"column":20}},"87":{"start":{"line":175,"column":19},"end":{"line":177,"column":1}},"88":{"start":{"line":176,"column":2},"end":{"line":176,"column":43}},"89":{"start":{"line":179,"column":29},"end":{"line":181,"column":1}},"90":{"start":{"line":180,"column":2},"end":{"line":180,"column":51}},"91":{"start":{"line":183,"column":22},"end":{"line":185,"column":1}},"92":{"start":{"line":184,"column":2},"end":{"line":184,"column":44}},"93":{"start":{"line":187,"column":26},"end":{"line":192,"column":1}},"94":{"start":{"line":188,"column":15},"end":{"line":188,"column":50}},"95":{"start":{"line":189,"column":2},"end":{"line":189,"column":61}},"96":{"start":{"line":189,"column":13},"end":{"line":189,"column":61}},"97":{"start":{"line":191,"column":2},"end":{"line":191,"column":55}},"98":{"start":{"line":194,"column":29},"end":{"line":196,"column":1}},"99":{"start":{"line":195,"column":2},"end":{"line":195,"column":48}},"100":{"start":{"line":200,"column":17},"end":{"line":213,"column":1}},"101":{"start":{"line":201,"column":2},"end":{"line":212,"column":3}},"102":{"start":{"line":202,"column":19},"end":{"line":202,"column":66}},"103":{"start":{"line":205,"column":4},"end":{"line":207,"column":5}},"104":{"start":{"line":206,"column":6},"end":{"line":206,"column":48}},"105":{"start":{"line":209,"column":4},"end":{"line":209,"column":18}},"106":{"start":{"line":211,"column":4},"end":{"line":211,"column":16}},"107":{"start":{"line":217,"column":19},"end":{"line":219,"column":1}},"108":{"start":{"line":218,"column":2},"end":{"line":218,"column":41}},"109":{"start":{"line":222,"column":25},"end":{"line":224,"column":1}},"110":{"start":{"line":223,"column":2},"end":{"line":223,"column":43}},"111":{"start":{"line":227,"column":24},"end":{"line":229,"column":1}},"112":{"start":{"line":228,"column":2},"end":{"line":228,"column":45}},"113":{"start":{"line":234,"column":17},"end":{"line":236,"column":1}},"114":{"start":{"line":235,"column":2},"end":{"line":235,"column":43}},"115":{"start":{"line":240,"column":22},"end":{"line":246,"column":1}},"116":{"start":{"line":241,"column":2},"end":{"line":245,"column":3}},"117":{"start":{"line":242,"column":4},"end":{"line":242,"column":40}},"118":{"start":{"line":244,"column":4},"end":{"line":244,"column":16}},"119":{"start":{"line":248,"column":35},"end":{"line":267,"column":1}},"120":{"start":{"line":249,"column":16},"end":{"line":249,"column":44}},"121":{"start":{"line":251,"column":2},"end":{"line":266,"column":3}},"122":{"start":{"line":252,"column":28},"end":{"line":252,"column":32}},"123":{"start":{"line":254,"column":4},"end":{"line":254,"column":34}},"124":{"start":{"line":254,"column":25},"end":{"line":254,"column":34}},"125":{"start":{"line":256,"column":24},"end":{"line":261,"column":5}},"126":{"start":{"line":262,"column":4},"end":{"line":262,"column":61}},"127":{"start":{"line":264,"column":4},"end":{"line":264,"column":39}},"128":{"start":{"line":269,"column":33},"end":{"line":271,"column":1}},"129":{"start":{"line":270,"column":2},"end":{"line":270,"column":51}},"130":{"start":{"line":274,"column":0},"end":{"line":297,"column":2}}},"fnMap":{"0":{"name":"(anonymous_0)","decl":{"start":{"line":19,"column":19},"end":{"line":19,"column":20}},"loc":{"start":{"line":19,"column":49},"end":{"line":49,"column":1}},"line":19},"1":{"name":"(anonymous_1)","decl":{"start":{"line":52,"column":32},"end":{"line":52,"column":33}},"loc":{"start":{"line":52,"column":44},"end":{"line":54,"column":1}},"line":52},"2":{"name":"(anonymous_2)","decl":{"start":{"line":59,"column":14},"end":{"line":59,"column":15}},"loc":{"start":{"line":59,"column":45},"end":{"line":113,"column":1}},"line":59},"3":{"name":"(anonymous_3)","decl":{"start":{"line":117,"column":20},"end":{"line":117,"column":21}},"loc":{"start":{"line":117,"column":32},"end":{"line":119,"column":1}},"line":117},"4":{"name":"(anonymous_4)","decl":{"start":{"line":123,"column":20},"end":{"line":123,"column":21}},"loc":{"start":{"line":123,"column":34},"end":{"line":134,"column":1}},"line":123},"5":{"name":"(anonymous_5)","decl":{"start":{"line":136,"column":19},"end":{"line":136,"column":20}},"loc":{"start":{"line":136,"column":45},"end":{"line":143,"column":1}},"line":136},"6":{"name":"(anonymous_6)","decl":{"start":{"line":145,"column":20},"end":{"line":145,"column":21}},"loc":{"start":{"line":145,"column":35},"end":{"line":159,"column":1}},"line":145},"7":{"name":"(anonymous_7)","decl":{"start":{"line":163,"column":23},"end":{"line":163,"column":24}},"loc":{"start":{"line":163,"column":54},"end":{"line":172,"column":1}},"line":163},"8":{"name":"(anonymous_8)","decl":{"start":{"line":175,"column":19},"end":{"line":175,"column":20}},"loc":{"start":{"line":175,"column":33},"end":{"line":177,"column":1}},"line":175},"9":{"name":"(anonymous_9)","decl":{"start":{"line":179,"column":29},"end":{"line":179,"column":30}},"loc":{"start":{"line":179,"column":51},"end":{"line":181,"column":1}},"line":179},"10":{"name":"(anonymous_10)","decl":{"start":{"line":183,"column":22},"end":{"line":183,"column":23}},"loc":{"start":{"line":183,"column":37},"end":{"line":185,"column":1}},"line":183},"11":{"name":"(anonymous_11)","decl":{"start":{"line":187,"column":26},"end":{"line":187,"column":27}},"loc":{"start":{"line":187,"column":53},"end":{"line":192,"column":1}},"line":187},"12":{"name":"(anonymous_12)","decl":{"start":{"line":194,"column":29},"end":{"line":194,"column":30}},"loc":{"start":{"line":194,"column":41},"end":{"line":196,"column":1}},"line":194},"13":{"name":"(anonymous_13)","decl":{"start":{"line":200,"column":17},"end":{"line":200,"column":18}},"loc":{"start":{"line":200,"column":51},"end":{"line":213,"column":1}},"line":200},"14":{"name":"(anonymous_14)","decl":{"start":{"line":217,"column":19},"end":{"line":217,"column":20}},"loc":{"start":{"line":217,"column":35},"end":{"line":219,"column":1}},"line":217},"15":{"name":"(anonymous_15)","decl":{"start":{"line":222,"column":25},"end":{"line":222,"column":26}},"loc":{"start":{"line":222,"column":37},"end":{"line":224,"column":1}},"line":222},"16":{"name":"(anonymous_16)","decl":{"start":{"line":227,"column":24},"end":{"line":227,"column":25}},"loc":{"start":{"line":227,"column":41},"end":{"line":229,"column":1}},"line":227},"17":{"name":"(anonymous_17)","decl":{"start":{"line":234,"column":17},"end":{"line":234,"column":18}},"loc":{"start":{"line":234,"column":37},"end":{"line":236,"column":1}},"line":234},"18":{"name":"(anonymous_18)","decl":{"start":{"line":240,"column":22},"end":{"line":240,"column":23}},"loc":{"start":{"line":240,"column":34},"end":{"line":246,"column":1}},"line":240},"19":{"name":"(anonymous_19)","decl":{"start":{"line":248,"column":35},"end":{"line":248,"column":36}},"loc":{"start":{"line":248,"column":47},"end":{"line":267,"column":1}},"line":248},"20":{"name":"(anonymous_20)","decl":{"start":{"line":269,"column":33},"end":{"line":269,"column":34}},"loc":{"start":{"line":269,"column":45},"end":{"line":271,"column":1}},"line":269}},"branchMap":{"0":{"loc":{"start":{"line":22,"column":2},"end":{"line":24,"column":3}},"type":"if","locations":[{"start":{"line":22,"column":2},"end":{"line":24,"column":3}},{"start":{},"end":{}}],"line":22},"1":{"loc":{"start":{"line":22,"column":6},"end":{"line":22,"column":57}},"type":"binary-expr","locations":[{"start":{"line":22,"column":6},"end":{"line":22,"column":11}},{"start":{"line":22,"column":15},"end":{"line":22,"column":21}},{"start":{"line":22,"column":25},"end":{"line":22,"column":33}},{"start":{"line":22,"column":37},"end":{"line":22,"column":46}},{"start":{"line":22,"column":50},"end":{"line":22,"column":57}}],"line":22},"2":{"loc":{"start":{"line":27,"column":2},"end":{"line":29,"column":3}},"type":"if","locations":[{"start":{"line":27,"column":2},"end":{"line":29,"column":3}},{"start":{},"end":{}}],"line":27},"3":{"loc":{"start":{"line":45,"column":17},"end":{"line":45,"column":51}},"type":"binary-expr","locations":[{"start":{"line":45,"column":17},"end":{"line":45,"column":43}},{"start":{"line":45,"column":47},"end":{"line":45,"column":51}}],"line":45},"4":{"loc":{"start":{"line":60,"column":2},"end":{"line":62,"column":3}},"type":"if","locations":[{"start":{"line":60,"column":2},"end":{"line":62,"column":3}},{"start":{},"end":{}}],"line":60},"5":{"loc":{"start":{"line":60,"column":6},"end":{"line":60,"column":25}},"type":"binary-expr","locations":[{"start":{"line":60,"column":6},"end":{"line":60,"column":12}},{"start":{"line":60,"column":16},"end":{"line":60,"column":25}}],"line":60},"6":{"loc":{"start":{"line":65,"column":2},"end":{"line":67,"column":3}},"type":"if","locations":[{"start":{"line":65,"column":2},"end":{"line":67,"column":3}},{"start":{},"end":{}}],"line":65},"7":{"loc":{"start":{"line":73,"column":2},"end":{"line":84,"column":3}},"type":"if","locations":[{"start":{"line":73,"column":2},"end":{"line":84,"column":3}},{"start":{},"end":{}}],"line":73},"8":{"loc":{"start":{"line":75,"column":4},"end":{"line":83,"column":5}},"type":"if","locations":[{"start":{"line":75,"column":4},"end":{"line":83,"column":5}},{"start":{"line":78,"column":11},"end":{"line":83,"column":5}}],"line":75},"9":{"loc":{"start":{"line":87,"column":2},"end":{"line":106,"column":3}},"type":"if","locations":[{"start":{"line":87,"column":2},"end":{"line":106,"column":3}},{"start":{},"end":{}}],"line":87},"10":{"loc":{"start":{"line":91,"column":4},"end":{"line":93,"column":5}},"type":"if","locations":[{"start":{"line":91,"column":4},"end":{"line":93,"column":5}},{"start":{},"end":{}}],"line":91},"11":{"loc":{"start":{"line":98,"column":4},"end":{"line":101,"column":5}},"type":"if","locations":[{"start":{"line":98,"column":4},"end":{"line":101,"column":5}},{"start":{},"end":{}}],"line":98},"12":{"loc":{"start":{"line":124,"column":2},"end":{"line":126,"column":3}},"type":"if","locations":[{"start":{"line":124,"column":2},"end":{"line":126,"column":3}},{"start":{},"end":{}}],"line":124},"13":{"loc":{"start":{"line":124,"column":6},"end":{"line":124,"column":22}},"type":"binary-expr","locations":[{"start":{"line":124,"column":6},"end":{"line":124,"column":9}},{"start":{"line":124,"column":13},"end":{"line":124,"column":22}}],"line":124},"14":{"loc":{"start":{"line":129,"column":2},"end":{"line":131,"column":3}},"type":"if","locations":[{"start":{"line":129,"column":2},"end":{"line":131,"column":3}},{"start":{},"end":{}}],"line":129},"15":{"loc":{"start":{"line":138,"column":2},"end":{"line":140,"column":3}},"type":"if","locations":[{"start":{"line":138,"column":2},"end":{"line":140,"column":3}},{"start":{},"end":{}}],"line":138},"16":{"loc":{"start":{"line":148,"column":2},"end":{"line":150,"column":3}},"type":"if","locations":[{"start":{"line":148,"column":2},"end":{"line":150,"column":3}},{"start":{},"end":{}}],"line":148},"17":{"loc":{"start":{"line":154,"column":2},"end":{"line":156,"column":3}},"type":"if","locations":[{"start":{"line":154,"column":2},"end":{"line":156,"column":3}},{"start":{},"end":{}}],"line":154},"18":{"loc":{"start":{"line":165,"column":2},"end":{"line":165,"column":47}},"type":"if","locations":[{"start":{"line":165,"column":2},"end":{"line":165,"column":47}},{"start":{},"end":{}}],"line":165},"19":{"loc":{"start":{"line":189,"column":2},"end":{"line":189,"column":61}},"type":"if","locations":[{"start":{"line":189,"column":2},"end":{"line":189,"column":61}},{"start":{},"end":{}}],"line":189},"20":{"loc":{"start":{"line":205,"column":4},"end":{"line":207,"column":5}},"type":"if","locations":[{"start":{"line":205,"column":4},"end":{"line":207,"column":5}},{"start":{},"end":{}}],"line":205},"21":{"loc":{"start":{"line":205,"column":8},"end":{"line":205,"column":59}},"type":"binary-expr","locations":[{"start":{"line":205,"column":8},"end":{"line":205,"column":15}},{"start":{"line":205,"column":19},"end":{"line":205,"column":31}},{"start":{"line":205,"column":35},"end":{"line":205,"column":59}}],"line":205},"22":{"loc":{"start":{"line":254,"column":4},"end":{"line":254,"column":34}},"type":"if","locations":[{"start":{"line":254,"column":4},"end":{"line":254,"column":34}},{"start":{},"end":{}}],"line":254},"23":{"loc":{"start":{"line":254,"column":8},"end":{"line":254,"column":23}},"type":"binary-expr","locations":[{"start":{"line":254,"column":8},"end":{"line":254,"column":13}},{"start":{"line":254,"column":17},"end":{"line":254,"column":23}}],"line":254}},"s":{"0":2,"1":2,"2":2,"3":2,"4":2,"5":2,"6":2,"7":2,"8":2,"9":2,"10":2,"11":2,"12":2,"13":2,"14":2,"15":2,"16":0,"17":0,"18":0,"19":0,"20":0,"21":0,"22":0,"23":0,"24":0,"25":0,"26":2,"27":0,"28":2,"29":0,"30":0,"31":0,"32":0,"33":0,"34":0,"35":0,"36":0,"37":0,"38":0,"39":0,"40":0,"41":0,"42":0,"43":0,"44":0,"45":0,"46":0,"47":0,"48":0,"49":0,"50":0,"51":0,"52":0,"53":0,"54":0,"55":0,"56":0,"57":2,"58":0,"59":2,"60":3,"61":1,"62":2,"63":2,"64":1,"65":1,"66":2,"67":0,"68":0,"69":0,"70":0,"71":0,"72":2,"73":3,"74":3,"75":1,"76":2,"77":2,"78":1,"79":1,"80":2,"81":2,"82":2,"83":1,"84":1,"85":1,"86":1,"87":2,"88":1,"89":2,"90":0,"91":2,"92":0,"93":2,"94":0,"95":0,"96":0,"97":0,"98":2,"99":0,"100":2,"101":0,"102":0,"103":0,"104":0,"105":0,"106":0,"107":2,"108":0,"109":2,"110":0,"111":2,"112":0,"113":2,"114":0,"115":2,"116":0,"117":0,"118":0,"119":2,"120":1,"121":1,"122":4,"123":4,"124":2,"125":2,"126":2,"127":2,"128":2,"129":0,"130":2},"f":{"0":0,"1":0,"2":0,"3":0,"4":3,"5":0,"6":3,"7":2,"8":1,"9":0,"10":0,"11":0,"12":0,"13":0,"14":0,"15":0,"16":0,"17":0,"18":0,"19":1,"20":0},"b":{"0":[0,0],"1":[0,0,0,0,0],"2":[0,0],"3":[0,0],"4":[0,0],"5":[0,0],"6":[0,0],"7":[0,0],"8":[0,0],"9":[0,0],"10":[0,0],"11":[0,0],"12":[1,2],"13":[3,3],"14":[1,1],"15":[0,0],"16":[1,2],"17":[1,1],"18":[1,1],"19":[0,0],"20":[0,0],"21":[0,0,0],"22":[2,2],"23":[4,3]},"_coverageSchema":"1a1c01bbd47fc00a2c39e90264f33305004495a9","hash":"1bfd780171a19b38868079801c13c42142c1615c"}
,"D:\\backup(m)\\node-project-git\\node-js-project\\src\\constants\\MessageConstant.js": {"path":"D:\\backup(m)\\node-project-git\\node-js-project\\src\\constants\\MessageConstant.js","statementMap":{"0":{"start":{"line":3,"column":0},"end":{"line":61,"column":2}},"1":{"start":{"line":36,"column":39},"end":{"line":36,"column":81}},"2":{"start":{"line":37,"column":54},"end":{"line":37,"column":97}},"3":{"start":{"line":38,"column":37},"end":{"line":38,"column":93}}},"fnMap":{"0":{"name":"(anonymous_0)","decl":{"start":{"line":36,"column":26},"end":{"line":36,"column":27}},"loc":{"start":{"line":36,"column":39},"end":{"line":36,"column":81}},"line":36},"1":{"name":"(anonymous_1)","decl":{"start":{"line":37,"column":35},"end":{"line":37,"column":36}},"loc":{"start":{"line":37,"column":54},"end":{"line":37,"column":97}},"line":37},"2":{"name":"(anonymous_2)","decl":{"start":{"line":38,"column":24},"end":{"line":38,"column":25}},"loc":{"start":{"line":38,"column":37},"end":{"line":38,"column":93}},"line":38}},"branchMap":{},"s":{"0":5,"1":1,"2":1,"3":1},"f":{"0":1,"1":1,"2":1},"b":{},"_coverageSchema":"1a1c01bbd47fc00a2c39e90264f33305004495a9","hash":"a82ac66f34446e7a3b9153ed6999c7d26d0ff798"}
,"D:\\backup(m)\\node-project-git\\node-js-project\\src\\controllers\\UserController.js": {"path":"D:\\backup(m)\\node-project-git\\node-js-project\\src\\controllers\\UserController.js","statementMap":{"0":{"start":{"line":3,"column":20},"end":{"line":3,"column":53}},"1":{"start":{"line":4,"column":13},"end":{"line":4,"column":38}},"2":{"start":{"line":5,"column":24},"end":{"line":5,"column":63}},"3":{"start":{"line":6,"column":32},"end":{"line":6,"column":58}},"4":{"start":{"line":7,"column":28},"end":{"line":7,"column":60}},"5":{"start":{"line":8,"column":12},"end":{"line":8,"column":35}},"6":{"start":{"line":9,"column":20},"end":{"line":9,"column":51}},"7":{"start":{"line":10,"column":14},"end":{"line":10,"column":30}},"8":{"start":{"line":11,"column":26},"end":{"line":11,"column":55}},"9":{"start":{"line":12,"column":37},"end":{"line":12,"column":70}},"10":{"start":{"line":13,"column":13},"end":{"line":13,"column":38}},"11":{"start":{"line":14,"column":12},"end":{"line":14,"column":35}},"12":{"start":{"line":15,"column":15},"end":{"line":15,"column":32}},"13":{"start":{"line":18,"column":12},"end":{"line":18,"column":16}},"14":{"start":{"line":19,"column":0},"end":{"line":24,"column":1}},"15":{"start":{"line":21,"column":2},"end":{"line":21,"column":37}},"16":{"start":{"line":23,"column":2},"end":{"line":23,"column":15}},"17":{"start":{"line":33,"column":19},"end":{"line":49,"column":1}},"18":{"start":{"line":34,"column":2},"end":{"line":48,"column":3}},"19":{"start":{"line":35,"column":26},"end":{"line":35,"column":66}},"20":{"start":{"line":36,"column":4},"end":{"line":38,"column":5}},"21":{"start":{"line":37,"column":6},"end":{"line":37,"column":92}},"22":{"start":{"line":40,"column":17},"end":{"line":40,"column":70}},"23":{"start":{"line":43,"column":49},"end":{"line":43,"column":59}},"24":{"start":{"line":45,"column":4},"end":{"line":45,"column":96}},"25":{"start":{"line":47,"column":4},"end":{"line":47,"column":16}},"26":{"start":{"line":52,"column":21},"end":{"line":62,"column":1}},"27":{"start":{"line":53,"column":2},"end":{"line":61,"column":3}},"28":{"start":{"line":54,"column":18},"end":{"line":54,"column":61}},"29":{"start":{"line":55,"column":4},"end":{"line":55,"column":71}},"30":{"start":{"line":59,"column":4},"end":{"line":59,"column":62}},"31":{"start":{"line":60,"column":4},"end":{"line":60,"column":14}},"32":{"start":{"line":65,"column":20},"end":{"line":74,"column":1}},"33":{"start":{"line":66,"column":2},"end":{"line":73,"column":3}},"34":{"start":{"line":67,"column":18},"end":{"line":67,"column":49}},"35":{"start":{"line":68,"column":4},"end":{"line":68,"column":71}},"36":{"start":{"line":71,"column":4},"end":{"line":71,"column":65}},"37":{"start":{"line":72,"column":4},"end":{"line":72,"column":16}},"38":{"start":{"line":77,"column":20},"end":{"line":88,"column":1}},"39":{"start":{"line":78,"column":2},"end":{"line":87,"column":3}},"40":{"start":{"line":79,"column":15},"end":{"line":79,"column":29}},"41":{"start":{"line":80,"column":4},"end":{"line":82,"column":5}},"42":{"start":{"line":81,"column":6},"end":{"line":81,"column":89}},"43":{"start":{"line":83,"column":17},"end":{"line":83,"column":50}},"44":{"start":{"line":84,"column":4},"end":{"line":84,"column":70}},"45":{"start":{"line":86,"column":4},"end":{"line":86,"column":16}},"46":{"start":{"line":91,"column":14},"end":{"line":98,"column":1}},"47":{"start":{"line":92,"column":2},"end":{"line":97,"column":3}},"48":{"start":{"line":93,"column":21},"end":{"line":93,"column":54}},"49":{"start":{"line":94,"column":4},"end":{"line":94,"column":74}},"50":{"start":{"line":96,"column":4},"end":{"line":96,"column":23}},"51":{"start":{"line":100,"column":33},"end":{"line":111,"column":1}},"52":{"start":{"line":101,"column":2},"end":{"line":110,"column":3}},"53":{"start":{"line":102,"column":36},"end":{"line":102,"column":50}},"54":{"start":{"line":103,"column":4},"end":{"line":105,"column":5}},"55":{"start":{"line":104,"column":6},"end":{"line":104,"column":110}},"56":{"start":{"line":106,"column":4},"end":{"line":106,"column":58}},"57":{"start":{"line":107,"column":4},"end":{"line":107,"column":78}},"58":{"start":{"line":109,"column":4},"end":{"line":109,"column":16}},"59":{"start":{"line":114,"column":19},"end":{"line":143,"column":1}},"60":{"start":{"line":115,"column":2},"end":{"line":142,"column":3}},"61":{"start":{"line":116,"column":28},"end":{"line":116,"column":44}},"62":{"start":{"line":117,"column":41},"end":{"line":117,"column":55}},"63":{"start":{"line":119,"column":4},"end":{"line":121,"column":5}},"64":{"start":{"line":120,"column":6},"end":{"line":120,"column":93}},"65":{"start":{"line":123,"column":4},"end":{"line":125,"column":5}},"66":{"start":{"line":124,"column":6},"end":{"line":124,"column":108}},"67":{"start":{"line":127,"column":17},"end":{"line":127,"column":63}},"68":{"start":{"line":128,"column":4},"end":{"line":130,"column":5}},"69":{"start":{"line":129,"column":6},"end":{"line":129,"column":85}},"70":{"start":{"line":132,"column":20},"end":{"line":132,"column":68}},"71":{"start":{"line":133,"column":4},"end":{"line":135,"column":5}},"72":{"start":{"line":134,"column":6},"end":{"line":134,"column":102}},"73":{"start":{"line":137,"column":4},"end":{"line":137,"column":77}},"74":{"start":{"line":139,"column":4},"end":{"line":139,"column":73}},"75":{"start":{"line":141,"column":4},"end":{"line":141,"column":16}},"76":{"start":{"line":146,"column":20},"end":{"line":156,"column":1}},"77":{"start":{"line":147,"column":2},"end":{"line":155,"column":3}},"78":{"start":{"line":148,"column":4},"end":{"line":150,"column":5}},"79":{"start":{"line":149,"column":6},"end":{"line":149,"column":92}},"80":{"start":{"line":151,"column":17},"end":{"line":151,"column":56}},"81":{"start":{"line":152,"column":4},"end":{"line":152,"column":68}},"82":{"start":{"line":154,"column":4},"end":{"line":154,"column":16}},"83":{"start":{"line":159,"column":19},"end":{"line":169,"column":1}},"84":{"start":{"line":160,"column":2},"end":{"line":168,"column":3}},"85":{"start":{"line":161,"column":20},"end":{"line":161,"column":63}},"86":{"start":{"line":162,"column":4},"end":{"line":164,"column":5}},"87":{"start":{"line":163,"column":6},"end":{"line":163,"column":73}},"88":{"start":{"line":165,"column":4},"end":{"line":165,"column":63}},"89":{"start":{"line":167,"column":4},"end":{"line":167,"column":23}},"90":{"start":{"line":172,"column":30},"end":{"line":182,"column":1}},"91":{"start":{"line":173,"column":2},"end":{"line":181,"column":3}},"92":{"start":{"line":174,"column":4},"end":{"line":176,"column":5}},"93":{"start":{"line":175,"column":6},"end":{"line":175,"column":92}},"94":{"start":{"line":177,"column":18},"end":{"line":177,"column":66}},"95":{"start":{"line":178,"column":4},"end":{"line":178,"column":77}},"96":{"start":{"line":180,"column":4},"end":{"line":180,"column":16}},"97":{"start":{"line":184,"column":22},"end":{"line":197,"column":1}},"98":{"start":{"line":185,"column":2},"end":{"line":196,"column":3}},"99":{"start":{"line":186,"column":20},"end":{"line":186,"column":34}},"100":{"start":{"line":187,"column":4},"end":{"line":189,"column":5}},"101":{"start":{"line":188,"column":6},"end":{"line":188,"column":57}},"102":{"start":{"line":191,"column":18},"end":{"line":191,"column":54}},"103":{"start":{"line":193,"column":4},"end":{"line":193,"column":75}},"104":{"start":{"line":195,"column":4},"end":{"line":195,"column":16}},"105":{"start":{"line":199,"column":26},"end":{"line":211,"column":1}},"106":{"start":{"line":200,"column":2},"end":{"line":210,"column":3}},"107":{"start":{"line":201,"column":32},"end":{"line":201,"column":46}},"108":{"start":{"line":202,"column":4},"end":{"line":204,"column":5}},"109":{"start":{"line":203,"column":6},"end":{"line":203,"column":110}},"110":{"start":{"line":206,"column":4},"end":{"line":206,"column":57}},"111":{"start":{"line":207,"column":4},"end":{"line":207,"column":77}},"112":{"start":{"line":209,"column":4},"end":{"line":209,"column":16}},"113":{"start":{"line":213,"column":31},"end":{"line":221,"column":1}},"114":{"start":{"line":214,"column":2},"end":{"line":220,"column":3}},"115":{"start":{"line":215,"column":20},"end":{"line":215,"column":34}},"116":{"start":{"line":216,"column":19},"end":{"line":216,"column":68}},"117":{"start":{"line":217,"column":4},"end":{"line":217,"column":77}},"118":{"start":{"line":219,"column":4},"end":{"line":219,"column":16}},"119":{"start":{"line":223,"column":25},"end":{"line":231,"column":1}},"120":{"start":{"line":224,"column":2},"end":{"line":230,"column":3}},"121":{"start":{"line":225,"column":20},"end":{"line":225,"column":34}},"122":{"start":{"line":226,"column":19},"end":{"line":226,"column":62}},"123":{"start":{"line":227,"column":4},"end":{"line":227,"column":77}},"124":{"start":{"line":229,"column":4},"end":{"line":229,"column":16}},"125":{"start":{"line":233,"column":17},"end":{"line":262,"column":1}},"126":{"start":{"line":234,"column":15},"end":{"line":234,"column":31}},"127":{"start":{"line":235,"column":16},"end":{"line":235,"column":34}},"128":{"start":{"line":236,"column":17},"end":{"line":236,"column":35}},"129":{"start":{"line":239,"column":18},"end":{"line":239,"column":20}},"130":{"start":{"line":240,"column":2},"end":{"line":246,"column":3}},"131":{"start":{"line":241,"column":4},"end":{"line":245,"column":7}},"132":{"start":{"line":248,"column":17},"end":{"line":253,"column":4}},"133":{"start":{"line":255,"column":2},"end":{"line":261,"column":4}},"134":{"start":{"line":264,"column":19},"end":{"line":272,"column":1}},"135":{"start":{"line":265,"column":2},"end":{"line":271,"column":3}},"136":{"start":{"line":266,"column":30},"end":{"line":266,"column":68}},"137":{"start":{"line":267,"column":20},"end":{"line":267,"column":103}},"138":{"start":{"line":268,"column":4},"end":{"line":268,"column":43}},"139":{"start":{"line":270,"column":4},"end":{"line":270,"column":16}},"140":{"start":{"line":274,"column":24},"end":{"line":292,"column":1}},"141":{"start":{"line":275,"column":2},"end":{"line":291,"column":3}},"142":{"start":{"line":277,"column":22},"end":{"line":277,"column":30}},"143":{"start":{"line":278,"column":4},"end":{"line":280,"column":5}},"144":{"start":{"line":279,"column":6},"end":{"line":279,"column":71}},"145":{"start":{"line":282,"column":18},"end":{"line":282,"column":37}},"146":{"start":{"line":283,"column":4},"end":{"line":285,"column":5}},"147":{"start":{"line":284,"column":6},"end":{"line":284,"column":71}},"148":{"start":{"line":287,"column":19},"end":{"line":287,"column":59}},"149":{"start":{"line":288,"column":4},"end":{"line":288,"column":76}},"150":{"start":{"line":290,"column":4},"end":{"line":290,"column":16}},"151":{"start":{"line":294,"column":17},"end":{"line":301,"column":1}},"152":{"start":{"line":295,"column":2},"end":{"line":300,"column":3}},"153":{"start":{"line":296,"column":17},"end":{"line":296,"column":53}},"154":{"start":{"line":297,"column":4},"end":{"line":297,"column":71}},"155":{"start":{"line":299,"column":4},"end":{"line":299,"column":16}},"156":{"start":{"line":303,"column":22},"end":{"line":310,"column":1}},"157":{"start":{"line":304,"column":2},"end":{"line":309,"column":3}},"158":{"start":{"line":305,"column":18},"end":{"line":305,"column":51}},"159":{"start":{"line":306,"column":4},"end":{"line":306,"column":75}},"160":{"start":{"line":308,"column":4},"end":{"line":308,"column":16}},"161":{"start":{"line":312,"column":21},"end":{"line":319,"column":1}},"162":{"start":{"line":313,"column":2},"end":{"line":318,"column":3}},"163":{"start":{"line":314,"column":4},"end":{"line":314,"column":51}},"164":{"start":{"line":315,"column":4},"end":{"line":315,"column":30}},"165":{"start":{"line":317,"column":4},"end":{"line":317,"column":16}},"166":{"start":{"line":321,"column":27},"end":{"line":341,"column":1}},"167":{"start":{"line":322,"column":2},"end":{"line":340,"column":3}},"168":{"start":{"line":323,"column":34},"end":{"line":323,"column":48}},"169":{"start":{"line":325,"column":4},"end":{"line":327,"column":5}},"170":{"start":{"line":326,"column":6},"end":{"line":326,"column":108}},"171":{"start":{"line":329,"column":27},"end":{"line":329,"column":68}},"172":{"start":{"line":330,"column":4},"end":{"line":332,"column":5}},"173":{"start":{"line":331,"column":6},"end":{"line":331,"column":95}},"174":{"start":{"line":334,"column":19},"end":{"line":334,"column":57}},"175":{"start":{"line":335,"column":4},"end":{"line":335,"column":72}},"176":{"start":{"line":338,"column":4},"end":{"line":338,"column":78}},"177":{"start":{"line":339,"column":4},"end":{"line":339,"column":96}},"178":{"start":{"line":343,"column":26},"end":{"line":352,"column":1}},"179":{"start":{"line":344,"column":2},"end":{"line":351,"column":3}},"180":{"start":{"line":345,"column":19},"end":{"line":345,"column":63}},"181":{"start":{"line":346,"column":4},"end":{"line":346,"column":72}},"182":{"start":{"line":349,"column":4},"end":{"line":349,"column":69}},"183":{"start":{"line":350,"column":4},"end":{"line":350,"column":102}},"184":{"start":{"line":354,"column":33},"end":{"line":386,"column":1}},"185":{"start":{"line":355,"column":2},"end":{"line":385,"column":3}},"186":{"start":{"line":356,"column":4},"end":{"line":358,"column":5}},"187":{"start":{"line":357,"column":6},"end":{"line":357,"column":49}},"188":{"start":{"line":359,"column":4},"end":{"line":361,"column":5}},"189":{"start":{"line":360,"column":6},"end":{"line":360,"column":40}},"190":{"start":{"line":364,"column":20},"end":{"line":364,"column":78}},"191":{"start":{"line":365,"column":28},"end":{"line":365,"column":58}},"192":{"start":{"line":367,"column":4},"end":{"line":369,"column":5}},"193":{"start":{"line":368,"column":6},"end":{"line":368,"column":57}},"194":{"start":{"line":372,"column":27},"end":{"line":375,"column":5}},"195":{"start":{"line":377,"column":4},"end":{"line":379,"column":5}},"196":{"start":{"line":378,"column":6},"end":{"line":378,"column":64}},"197":{"start":{"line":381,"column":4},"end":{"line":381,"column":54}},"198":{"start":{"line":384,"column":4},"end":{"line":384,"column":16}},"199":{"start":{"line":388,"column":0},"end":{"line":412,"column":2}}},"fnMap":{"0":{"name":"(anonymous_0)","decl":{"start":{"line":33,"column":19},"end":{"line":33,"column":20}},"loc":{"start":{"line":33,"column":45},"end":{"line":49,"column":1}},"line":33},"1":{"name":"(anonymous_1)","decl":{"start":{"line":52,"column":21},"end":{"line":52,"column":22}},"loc":{"start":{"line":52,"column":47},"end":{"line":62,"column":1}},"line":52},"2":{"name":"(anonymous_2)","decl":{"start":{"line":65,"column":20},"end":{"line":65,"column":21}},"loc":{"start":{"line":65,"column":46},"end":{"line":74,"column":1}},"line":65},"3":{"name":"(anonymous_3)","decl":{"start":{"line":77,"column":20},"end":{"line":77,"column":21}},"loc":{"start":{"line":77,"column":46},"end":{"line":88,"column":1}},"line":77},"4":{"name":"(anonymous_4)","decl":{"start":{"line":91,"column":14},"end":{"line":91,"column":15}},"loc":{"start":{"line":91,"column":40},"end":{"line":98,"column":1}},"line":91},"5":{"name":"(anonymous_5)","decl":{"start":{"line":100,"column":33},"end":{"line":100,"column":34}},"loc":{"start":{"line":100,"column":59},"end":{"line":111,"column":1}},"line":100},"6":{"name":"(anonymous_6)","decl":{"start":{"line":114,"column":19},"end":{"line":114,"column":20}},"loc":{"start":{"line":114,"column":45},"end":{"line":143,"column":1}},"line":114},"7":{"name":"(anonymous_7)","decl":{"start":{"line":146,"column":20},"end":{"line":146,"column":21}},"loc":{"start":{"line":146,"column":46},"end":{"line":156,"column":1}},"line":146},"8":{"name":"(anonymous_8)","decl":{"start":{"line":159,"column":19},"end":{"line":159,"column":20}},"loc":{"start":{"line":159,"column":45},"end":{"line":169,"column":1}},"line":159},"9":{"name":"(anonymous_9)","decl":{"start":{"line":172,"column":30},"end":{"line":172,"column":31}},"loc":{"start":{"line":172,"column":56},"end":{"line":182,"column":1}},"line":172},"10":{"name":"(anonymous_10)","decl":{"start":{"line":184,"column":22},"end":{"line":184,"column":23}},"loc":{"start":{"line":184,"column":48},"end":{"line":197,"column":1}},"line":184},"11":{"name":"(anonymous_11)","decl":{"start":{"line":199,"column":26},"end":{"line":199,"column":27}},"loc":{"start":{"line":199,"column":52},"end":{"line":211,"column":1}},"line":199},"12":{"name":"(anonymous_12)","decl":{"start":{"line":213,"column":31},"end":{"line":213,"column":32}},"loc":{"start":{"line":213,"column":57},"end":{"line":221,"column":1}},"line":213},"13":{"name":"(anonymous_13)","decl":{"start":{"line":223,"column":25},"end":{"line":223,"column":26}},"loc":{"start":{"line":223,"column":51},"end":{"line":231,"column":1}},"line":223},"14":{"name":"(anonymous_14)","decl":{"start":{"line":233,"column":17},"end":{"line":233,"column":18}},"loc":{"start":{"line":233,"column":40},"end":{"line":262,"column":1}},"line":233},"15":{"name":"(anonymous_15)","decl":{"start":{"line":264,"column":19},"end":{"line":264,"column":20}},"loc":{"start":{"line":264,"column":45},"end":{"line":272,"column":1}},"line":264},"16":{"name":"(anonymous_16)","decl":{"start":{"line":274,"column":24},"end":{"line":274,"column":25}},"loc":{"start":{"line":274,"column":50},"end":{"line":292,"column":1}},"line":274},"17":{"name":"(anonymous_17)","decl":{"start":{"line":294,"column":17},"end":{"line":294,"column":18}},"loc":{"start":{"line":294,"column":43},"end":{"line":301,"column":1}},"line":294},"18":{"name":"(anonymous_18)","decl":{"start":{"line":303,"column":22},"end":{"line":303,"column":23}},"loc":{"start":{"line":303,"column":48},"end":{"line":310,"column":1}},"line":303},"19":{"name":"(anonymous_19)","decl":{"start":{"line":312,"column":21},"end":{"line":312,"column":22}},"loc":{"start":{"line":312,"column":47},"end":{"line":319,"column":1}},"line":312},"20":{"name":"(anonymous_20)","decl":{"start":{"line":321,"column":27},"end":{"line":321,"column":28}},"loc":{"start":{"line":321,"column":53},"end":{"line":341,"column":1}},"line":321},"21":{"name":"(anonymous_21)","decl":{"start":{"line":343,"column":26},"end":{"line":343,"column":27}},"loc":{"start":{"line":343,"column":52},"end":{"line":352,"column":1}},"line":343},"22":{"name":"(anonymous_22)","decl":{"start":{"line":354,"column":33},"end":{"line":354,"column":34}},"loc":{"start":{"line":354,"column":64},"end":{"line":386,"column":1}},"line":354}},"branchMap":{"0":{"loc":{"start":{"line":35,"column":26},"end":{"line":35,"column":66}},"type":"binary-expr","locations":[{"start":{"line":35,"column":26},"end":{"line":35,"column":42}},{"start":{"line":35,"column":46},"end":{"line":35,"column":58}},{"start":{"line":35,"column":62},"end":{"line":35,"column":66}}],"line":35},"1":{"loc":{"start":{"line":36,"column":4},"end":{"line":38,"column":5}},"type":"if","locations":[{"start":{"line":36,"column":4},"end":{"line":38,"column":5}},{"start":{},"end":{}}],"line":36},"2":{"loc":{"start":{"line":36,"column":8},"end":{"line":36,"column":49}},"type":"binary-expr","locations":[{"start":{"line":36,"column":8},"end":{"line":36,"column":17}},{"start":{"line":36,"column":21},"end":{"line":36,"column":49}}],"line":36},"3":{"loc":{"start":{"line":37,"column":28},"end":{"line":37,"column":85}},"type":"binary-expr","locations":[{"start":{"line":37,"column":28},"end":{"line":37,"column":64}},{"start":{"line":37,"column":68},"end":{"line":37,"column":85}}],"line":37},"4":{"loc":{"start":{"line":43,"column":49},"end":{"line":43,"column":59}},"type":"binary-expr","locations":[{"start":{"line":43,"column":49},"end":{"line":43,"column":53}},{"start":{"line":43,"column":57},"end":{"line":43,"column":59}}],"line":43},"5":{"loc":{"start":{"line":59,"column":41},"end":{"line":59,"column":60}},"type":"binary-expr","locations":[{"start":{"line":59,"column":41},"end":{"line":59,"column":53}},{"start":{"line":59,"column":57},"end":{"line":59,"column":60}}],"line":59},"6":{"loc":{"start":{"line":71,"column":40},"end":{"line":71,"column":63}},"type":"binary-expr","locations":[{"start":{"line":71,"column":40},"end":{"line":71,"column":54}},{"start":{"line":71,"column":58},"end":{"line":71,"column":63}}],"line":71},"7":{"loc":{"start":{"line":80,"column":4},"end":{"line":82,"column":5}},"type":"if","locations":[{"start":{"line":80,"column":4},"end":{"line":82,"column":5}},{"start":{},"end":{}}],"line":80},"8":{"loc":{"start":{"line":81,"column":28},"end":{"line":81,"column":82}},"type":"binary-expr","locations":[{"start":{"line":81,"column":28},"end":{"line":81,"column":60}},{"start":{"line":81,"column":64},"end":{"line":81,"column":82}}],"line":81},"9":{"loc":{"start":{"line":102,"column":36},"end":{"line":102,"column":50}},"type":"binary-expr","locations":[{"start":{"line":102,"column":36},"end":{"line":102,"column":44}},{"start":{"line":102,"column":48},"end":{"line":102,"column":50}}],"line":102},"10":{"loc":{"start":{"line":103,"column":4},"end":{"line":105,"column":5}},"type":"if","locations":[{"start":{"line":103,"column":4},"end":{"line":105,"column":5}},{"start":{},"end":{}}],"line":103},"11":{"loc":{"start":{"line":103,"column":8},"end":{"line":103,"column":31}},"type":"binary-expr","locations":[{"start":{"line":103,"column":8},"end":{"line":103,"column":15}},{"start":{"line":103,"column":19},"end":{"line":103,"column":31}}],"line":103},"12":{"loc":{"start":{"line":104,"column":28},"end":{"line":104,"column":103}},"type":"binary-expr","locations":[{"start":{"line":104,"column":28},"end":{"line":104,"column":66}},{"start":{"line":104,"column":70},"end":{"line":104,"column":103}}],"line":104},"13":{"loc":{"start":{"line":117,"column":41},"end":{"line":117,"column":55}},"type":"binary-expr","locations":[{"start":{"line":117,"column":41},"end":{"line":117,"column":49}},{"start":{"line":117,"column":53},"end":{"line":117,"column":55}}],"line":117},"14":{"loc":{"start":{"line":119,"column":4},"end":{"line":121,"column":5}},"type":"if","locations":[{"start":{"line":119,"column":4},"end":{"line":121,"column":5}},{"start":{},"end":{}}],"line":119},"15":{"loc":{"start":{"line":120,"column":28},"end":{"line":120,"column":86}},"type":"binary-expr","locations":[{"start":{"line":120,"column":28},"end":{"line":120,"column":61}},{"start":{"line":120,"column":65},"end":{"line":120,"column":86}}],"line":120},"16":{"loc":{"start":{"line":123,"column":4},"end":{"line":125,"column":5}},"type":"if","locations":[{"start":{"line":123,"column":4},"end":{"line":125,"column":5}},{"start":{},"end":{}}],"line":123},"17":{"loc":{"start":{"line":123,"column":8},"end":{"line":123,"column":36}},"type":"binary-expr","locations":[{"start":{"line":123,"column":8},"end":{"line":123,"column":20}},{"start":{"line":123,"column":24},"end":{"line":123,"column":36}}],"line":123},"18":{"loc":{"start":{"line":124,"column":28},"end":{"line":124,"column":101}},"type":"binary-expr","locations":[{"start":{"line":124,"column":28},"end":{"line":124,"column":66}},{"start":{"line":124,"column":70},"end":{"line":124,"column":101}}],"line":124},"19":{"loc":{"start":{"line":128,"column":4},"end":{"line":130,"column":5}},"type":"if","locations":[{"start":{"line":128,"column":4},"end":{"line":130,"column":5}},{"start":{},"end":{}}],"line":128},"20":{"loc":{"start":{"line":129,"column":28},"end":{"line":129,"column":78}},"type":"binary-expr","locations":[{"start":{"line":129,"column":28},"end":{"line":129,"column":58}},{"start":{"line":129,"column":62},"end":{"line":129,"column":78}}],"line":129},"21":{"loc":{"start":{"line":133,"column":4},"end":{"line":135,"column":5}},"type":"if","locations":[{"start":{"line":133,"column":4},"end":{"line":135,"column":5}},{"start":{},"end":{}}],"line":133},"22":{"loc":{"start":{"line":134,"column":28},"end":{"line":134,"column":95}},"type":"binary-expr","locations":[{"start":{"line":134,"column":28},"end":{"line":134,"column":69}},{"start":{"line":134,"column":73},"end":{"line":134,"column":95}}],"line":134},"23":{"loc":{"start":{"line":148,"column":4},"end":{"line":150,"column":5}},"type":"if","locations":[{"start":{"line":148,"column":4},"end":{"line":150,"column":5}},{"start":{},"end":{}}],"line":148},"24":{"loc":{"start":{"line":148,"column":8},"end":{"line":148,"column":55}},"type":"binary-expr","locations":[{"start":{"line":148,"column":8},"end":{"line":148,"column":17}},{"start":{"line":148,"column":21},"end":{"line":148,"column":55}}],"line":148},"25":{"loc":{"start":{"line":149,"column":28},"end":{"line":149,"column":85}},"type":"binary-expr","locations":[{"start":{"line":149,"column":28},"end":{"line":149,"column":64}},{"start":{"line":149,"column":68},"end":{"line":149,"column":85}}],"line":149},"26":{"loc":{"start":{"line":162,"column":4},"end":{"line":164,"column":5}},"type":"if","locations":[{"start":{"line":162,"column":4},"end":{"line":164,"column":5}},{"start":{},"end":{}}],"line":162},"27":{"loc":{"start":{"line":174,"column":4},"end":{"line":176,"column":5}},"type":"if","locations":[{"start":{"line":174,"column":4},"end":{"line":176,"column":5}},{"start":{},"end":{}}],"line":174},"28":{"loc":{"start":{"line":175,"column":28},"end":{"line":175,"column":85}},"type":"binary-expr","locations":[{"start":{"line":175,"column":28},"end":{"line":175,"column":64}},{"start":{"line":175,"column":68},"end":{"line":175,"column":85}}],"line":175},"29":{"loc":{"start":{"line":186,"column":20},"end":{"line":186,"column":34}},"type":"binary-expr","locations":[{"start":{"line":186,"column":20},"end":{"line":186,"column":28}},{"start":{"line":186,"column":32},"end":{"line":186,"column":34}}],"line":186},"30":{"loc":{"start":{"line":187,"column":4},"end":{"line":189,"column":5}},"type":"if","locations":[{"start":{"line":187,"column":4},"end":{"line":189,"column":5}},{"start":{},"end":{}}],"line":187},"31":{"loc":{"start":{"line":201,"column":32},"end":{"line":201,"column":46}},"type":"binary-expr","locations":[{"start":{"line":201,"column":32},"end":{"line":201,"column":40}},{"start":{"line":201,"column":44},"end":{"line":201,"column":46}}],"line":201},"32":{"loc":{"start":{"line":202,"column":4},"end":{"line":204,"column":5}},"type":"if","locations":[{"start":{"line":202,"column":4},"end":{"line":204,"column":5}},{"start":{},"end":{}}],"line":202},"33":{"loc":{"start":{"line":202,"column":8},"end":{"line":202,"column":42}},"type":"binary-expr","locations":[{"start":{"line":202,"column":8},"end":{"line":202,"column":15}},{"start":{"line":202,"column":19},"end":{"line":202,"column":42}}],"line":202},"34":{"loc":{"start":{"line":203,"column":28},"end":{"line":203,"column":103}},"type":"binary-expr","locations":[{"start":{"line":203,"column":28},"end":{"line":203,"column":64}},{"start":{"line":203,"column":68},"end":{"line":203,"column":103}}],"line":203},"35":{"loc":{"start":{"line":215,"column":20},"end":{"line":215,"column":34}},"type":"binary-expr","locations":[{"start":{"line":215,"column":20},"end":{"line":215,"column":28}},{"start":{"line":215,"column":32},"end":{"line":215,"column":34}}],"line":215},"36":{"loc":{"start":{"line":225,"column":20},"end":{"line":225,"column":34}},"type":"binary-expr","locations":[{"start":{"line":225,"column":20},"end":{"line":225,"column":28}},{"start":{"line":225,"column":32},"end":{"line":225,"column":34}}],"line":225},"37":{"loc":{"start":{"line":233,"column":24},"end":{"line":233,"column":35}},"type":"default-arg","locations":[{"start":{"line":233,"column":33},"end":{"line":233,"column":35}}],"line":233},"38":{"loc":{"start":{"line":234,"column":15},"end":{"line":234,"column":31}},"type":"binary-expr","locations":[{"start":{"line":234,"column":15},"end":{"line":234,"column":26}},{"start":{"line":234,"column":30},"end":{"line":234,"column":31}}],"line":234},"39":{"loc":{"start":{"line":235,"column":16},"end":{"line":235,"column":34}},"type":"binary-expr","locations":[{"start":{"line":235,"column":16},"end":{"line":235,"column":28}},{"start":{"line":235,"column":32},"end":{"line":235,"column":34}}],"line":235},"40":{"loc":{"start":{"line":240,"column":2},"end":{"line":246,"column":3}},"type":"if","locations":[{"start":{"line":240,"column":2},"end":{"line":246,"column":3}},{"start":{},"end":{}}],"line":240},"41":{"loc":{"start":{"line":256,"column":10},"end":{"line":256,"column":27}},"type":"binary-expr","locations":[{"start":{"line":256,"column":10},"end":{"line":256,"column":21}},{"start":{"line":256,"column":25},"end":{"line":256,"column":27}}],"line":256},"42":{"loc":{"start":{"line":257,"column":16},"end":{"line":257,"column":33}},"type":"binary-expr","locations":[{"start":{"line":257,"column":16},"end":{"line":257,"column":28}},{"start":{"line":257,"column":32},"end":{"line":257,"column":33}}],"line":257},"43":{"loc":{"start":{"line":258,"column":27},"end":{"line":258,"column":44}},"type":"binary-expr","locations":[{"start":{"line":258,"column":27},"end":{"line":258,"column":39}},{"start":{"line":258,"column":43},"end":{"line":258,"column":44}}],"line":258},"44":{"loc":{"start":{"line":267,"column":20},"end":{"line":267,"column":103}},"type":"cond-expr","locations":[{"start":{"line":267,"column":30},"end":{"line":267,"column":65}},{"start":{"line":267,"column":68},"end":{"line":267,"column":103}}],"line":267},"45":{"loc":{"start":{"line":278,"column":4},"end":{"line":280,"column":5}},"type":"if","locations":[{"start":{"line":278,"column":4},"end":{"line":280,"column":5}},{"start":{},"end":{}}],"line":278},"46":{"loc":{"start":{"line":278,"column":8},"end":{"line":278,"column":59}},"type":"binary-expr","locations":[{"start":{"line":278,"column":8},"end":{"line":278,"column":33}},{"start":{"line":278,"column":37},"end":{"line":278,"column":59}}],"line":278},"47":{"loc":{"start":{"line":283,"column":4},"end":{"line":285,"column":5}},"type":"if","locations":[{"start":{"line":283,"column":4},"end":{"line":285,"column":5}},{"start":{},"end":{}}],"line":283},"48":{"loc":{"start":{"line":323,"column":34},"end":{"line":323,"column":48}},"type":"binary-expr","locations":[{"start":{"line":323,"column":34},"end":{"line":323,"column":42}},{"start":{"line":323,"column":46},"end":{"line":323,"column":48}}],"line":323},"49":{"loc":{"start":{"line":325,"column":4},"end":{"line":327,"column":5}},"type":"if","locations":[{"start":{"line":325,"column":4},"end":{"line":327,"column":5}},{"start":{},"end":{}}],"line":325},"50":{"loc":{"start":{"line":325,"column":8},"end":{"line":325,"column":23}},"type":"binary-expr","locations":[{"start":{"line":325,"column":8},"end":{"line":325,"column":15}},{"start":{"line":325,"column":19},"end":{"line":325,"column":23}}],"line":325},"51":{"loc":{"start":{"line":326,"column":28},"end":{"line":326,"column":101}},"type":"binary-expr","locations":[{"start":{"line":326,"column":28},"end":{"line":326,"column":72}},{"start":{"line":326,"column":76},"end":{"line":326,"column":101}}],"line":326},"52":{"loc":{"start":{"line":330,"column":4},"end":{"line":332,"column":5}},"type":"if","locations":[{"start":{"line":330,"column":4},"end":{"line":332,"column":5}},{"start":{},"end":{}}],"line":330},"53":{"loc":{"start":{"line":330,"column":8},"end":{"line":330,"column":84}},"type":"binary-expr","locations":[{"start":{"line":330,"column":8},"end":{"line":330,"column":34}},{"start":{"line":330,"column":38},"end":{"line":330,"column":84}}],"line":330},"54":{"loc":{"start":{"line":331,"column":28},"end":{"line":331,"column":88}},"type":"binary-expr","locations":[{"start":{"line":331,"column":28},"end":{"line":331,"column":63}},{"start":{"line":331,"column":67},"end":{"line":331,"column":88}}],"line":331},"55":{"loc":{"start":{"line":338,"column":53},"end":{"line":338,"column":76}},"type":"binary-expr","locations":[{"start":{"line":338,"column":53},"end":{"line":338,"column":67}},{"start":{"line":338,"column":71},"end":{"line":338,"column":76}}],"line":338},"56":{"loc":{"start":{"line":339,"column":26},"end":{"line":339,"column":89}},"type":"binary-expr","locations":[{"start":{"line":339,"column":26},"end":{"line":339,"column":65}},{"start":{"line":339,"column":69},"end":{"line":339,"column":89}}],"line":339},"57":{"loc":{"start":{"line":349,"column":44},"end":{"line":349,"column":67}},"type":"binary-expr","locations":[{"start":{"line":349,"column":44},"end":{"line":349,"column":58}},{"start":{"line":349,"column":62},"end":{"line":349,"column":67}}],"line":349},"58":{"loc":{"start":{"line":350,"column":26},"end":{"line":350,"column":95}},"type":"binary-expr","locations":[{"start":{"line":350,"column":26},"end":{"line":350,"column":68}},{"start":{"line":350,"column":72},"end":{"line":350,"column":95}}],"line":350},"59":{"loc":{"start":{"line":356,"column":4},"end":{"line":358,"column":5}},"type":"if","locations":[{"start":{"line":356,"column":4},"end":{"line":358,"column":5}},{"start":{},"end":{}}],"line":356},"60":{"loc":{"start":{"line":359,"column":4},"end":{"line":361,"column":5}},"type":"if","locations":[{"start":{"line":359,"column":4},"end":{"line":361,"column":5}},{"start":{},"end":{}}],"line":359},"61":{"loc":{"start":{"line":364,"column":38},"end":{"line":364,"column":77}},"type":"binary-expr","locations":[{"start":{"line":364,"column":38},"end":{"line":364,"column":60}},{"start":{"line":364,"column":64},"end":{"line":364,"column":77}}],"line":364},"62":{"loc":{"start":{"line":365,"column":28},"end":{"line":365,"column":58}},"type":"binary-expr","locations":[{"start":{"line":365,"column":28},"end":{"line":365,"column":39}},{"start":{"line":365,"column":43},"end":{"line":365,"column":58}}],"line":365},"63":{"loc":{"start":{"line":367,"column":4},"end":{"line":369,"column":5}},"type":"if","locations":[{"start":{"line":367,"column":4},"end":{"line":369,"column":5}},{"start":{},"end":{}}],"line":367},"64":{"loc":{"start":{"line":377,"column":4},"end":{"line":379,"column":5}},"type":"if","locations":[{"start":{"line":377,"column":4},"end":{"line":379,"column":5}},{"start":{},"end":{}}],"line":377},"65":{"loc":{"start":{"line":377,"column":8},"end":{"line":377,"column":43}},"type":"binary-expr","locations":[{"start":{"line":377,"column":8},"end":{"line":377,"column":21}},{"start":{"line":377,"column":25},"end":{"line":377,"column":43}}],"line":377}},"s":{"0":1,"1":1,"2":1,"3":1,"4":1,"5":1,"6":1,"7":1,"8":1,"9":1,"10":1,"11":1,"12":1,"13":1,"14":1,"15":1,"16":1,"17":1,"18":2,"19":2,"20":2,"21":0,"22":2,"23":1,"24":1,"25":1,"26":1,"27":0,"28":0,"29":0,"30":0,"31":0,"32":1,"33":2,"34":2,"35":1,"36":1,"37":1,"38":1,"39":0,"40":0,"41":0,"42":0,"43":0,"44":0,"45":0,"46":1,"47":2,"48":2,"49":1,"50":1,"51":1,"52":0,"53":0,"54":0,"55":0,"56":0,"57":0,"58":0,"59":1,"60":0,"61":0,"62":0,"63":0,"64":0,"65":0,"66":0,"67":0,"68":0,"69":0,"70":0,"71":0,"72":0,"73":0,"74":0,"75":0,"76":1,"77":0,"78":0,"79":0,"80":0,"81":0,"82":0,"83":1,"84":3,"85":3,"86":2,"87":1,"88":1,"89":1,"90":1,"91":0,"92":0,"93":0,"94":0,"95":0,"96":0,"97":1,"98":0,"99":0,"100":0,"101":0,"102":0,"103":0,"104":0,"105":1,"106":0,"107":0,"108":0,"109":0,"110":0,"111":0,"112":0,"113":1,"114":0,"115":0,"116":0,"117":0,"118":0,"119":1,"120":0,"121":0,"122":0,"123":0,"124":0,"125":1,"126":0,"127":0,"128":0,"129":0,"130":0,"131":0,"132":0,"133":0,"134":1,"135":0,"136":0,"137":0,"138":0,"139":0,"140":1,"141":0,"142":0,"143":0,"144":0,"145":0,"146":0,"147":0,"148":0,"149":0,"150":0,"151":1,"152":0,"153":0,"154":0,"155":0,"156":1,"157":0,"158":0,"159":0,"160":0,"161":1,"162":0,"163":0,"164":0,"165":0,"166":1,"167":0,"168":0,"169":0,"170":0,"171":0,"172":0,"173":0,"174":0,"175":0,"176":0,"177":0,"178":1,"179":0,"180":0,"181":0,"182":0,"183":0,"184":1,"185":0,"186":0,"187":0,"188":0,"189":0,"190":0,"191":0,"192":0,"193":0,"194":0,"195":0,"196":0,"197":0,"198":0,"199":1},"f":{"0":2,"1":0,"2":2,"3":0,"4":2,"5":0,"6":0,"7":0,"8":3,"9":0,"10":0,"11":0,"12":0,"13":0,"14":0,"15":0,"16":0,"17":0,"18":0,"19":0,"20":0,"21":0,"22":0},"b":{"0":[2,1,1],"1":[0,2],"2":[2,2],"3":[0,0],"4":[1,0],"5":[0,0],"6":[1,0],"7":[0,0],"8":[0,0],"9":[0,0],"10":[0,0],"11":[0,0],"12":[0,0],"13":[0,0],"14":[0,0],"15":[0,0],"16":[0,0],"17":[0,0],"18":[0,0],"19":[0,0],"20":[0,0],"21":[0,0],"22":[0,0],"23":[0,0],"24":[0,0],"25":[0,0],"26":[1,1],"27":[0,0],"28":[0,0],"29":[0,0],"30":[0,0],"31":[0,0],"32":[0,0],"33":[0,0],"34":[0,0],"35":[0,0],"36":[0,0],"37":[0],"38":[0,0],"39":[0,0],"40":[0,0],"41":[0,0],"42":[0,0],"43":[0,0],"44":[0,0],"45":[0,0],"46":[0,0],"47":[0,0],"48":[0,0],"49":[0,0],"50":[0,0],"51":[0,0],"52":[0,0],"53":[0,0],"54":[0,0],"55":[0,0],"56":[0,0],"57":[0,0],"58":[0,0],"59":[0,0],"60":[0,0],"61":[0,0],"62":[0,0],"63":[0,0],"64":[0,0],"65":[0,0]},"_coverageSchema":"1a1c01bbd47fc00a2c39e90264f33305004495a9","hash":"07b6e0b7ed50cdd056bce667bafaf5b1d009ef1a"}
,"D:\\backup(m)\\node-project-git\\node-js-project\\src\\models\\Settings.js": {"path":"D:\\backup(m)\\node-project-git\\node-js-project\\src\\models\\Settings.js","statementMap":{"0":{"start":{"line":1,"column":22},"end":{"line":1,"column":42}},"1":{"start":{"line":2,"column":11},"end":{"line":2,"column":41}},"2":{"start":{"line":4,"column":17},"end":{"line":22,"column":2}},"3":{"start":{"line":24,"column":0},"end":{"line":24,"column":26}}},"fnMap":{},"branchMap":{},"s":{"0":1,"1":1,"2":1,"3":1},"f":{},"b":{},"_coverageSchema":"1a1c01bbd47fc00a2c39e90264f33305004495a9","hash":"a35fa3f8616de2e1f7ef4d16e84cb0be65f3a3e9"}
,"D:\\backup(m)\\node-project-git\\node-js-project\\src\\models\\index.js": {"path":"D:\\backup(m)\\node-project-git\\node-js-project\\src\\models\\index.js","statementMap":{"0":{"start":{"line":1,"column":13},"end":{"line":1,"column":30}},"1":{"start":{"line":2,"column":16},"end":{"line":2,"column":36}},"2":{"start":{"line":3,"column":13},"end":{"line":3,"column":30}},"3":{"start":{"line":4,"column":17},"end":{"line":4,"column":38}},"4":{"start":{"line":7,"column":0},"end":{"line":7,"column":48}},"5":{"start":{"line":8,"column":0},"end":{"line":8,"column":50}},"6":{"start":{"line":10,"column":0},"end":{"line":10,"column":53}},"7":{"start":{"line":13,"column":0},"end":{"line":23,"column":2}},"8":{"start":{"line":14,"column":2},"end":{"line":17,"column":5}},"9":{"start":{"line":19,"column":2},"end":{"line":22,"column":5}},"10":{"start":{"line":26,"column":11},"end":{"line":26,"column":46}},"11":{"start":{"line":29,"column":0},"end":{"line":33,"column":3}},"12":{"start":{"line":30,"column":2},"end":{"line":32,"column":3}},"13":{"start":{"line":31,"column":4},"end":{"line":31,"column":24}},"14":{"start":{"line":35,"column":0},"end":{"line":35,"column":20}}},"fnMap":{"0":{"name":"(anonymous_0)","decl":{"start":{"line":13,"column":17},"end":{"line":13,"column":18}},"loc":{"start":{"line":13,"column":35},"end":{"line":23,"column":1}},"line":13},"1":{"name":"(anonymous_1)","decl":{"start":{"line":29,"column":26},"end":{"line":29,"column":27}},"loc":{"start":{"line":29,"column":35},"end":{"line":33,"column":1}},"line":29}},"branchMap":{"0":{"loc":{"start":{"line":30,"column":2},"end":{"line":32,"column":3}},"type":"if","locations":[{"start":{"line":30,"column":2},"end":{"line":32,"column":3}},{"start":{},"end":{}}],"line":30}},"s":{"0":1,"1":1,"2":1,"3":1,"4":1,"5":1,"6":1,"7":1,"8":1,"9":1,"10":1,"11":1,"12":4,"13":1,"14":1},"f":{"0":1,"1":4},"b":{"0":[1,3]},"_coverageSchema":"1a1c01bbd47fc00a2c39e90264f33305004495a9","hash":"7c32d41c309a8c5fc88738e7cfefa6b4bf625835"}
,"D:\\backup(m)\\node-project-git\\node-js-project\\src\\repository\\userRepository.js": {"path":"D:\\backup(m)\\node-project-git\\node-js-project\\src\\repository\\userRepository.js","statementMap":{"0":{"start":{"line":2,"column":24},"end":{"line":2,"column":44}},"1":{"start":{"line":3,"column":13},"end":{"line":3,"column":38}},"2":{"start":{"line":4,"column":17},"end":{"line":4,"column":42}},"3":{"start":{"line":5,"column":18},"end":{"line":5,"column":38}},"4":{"start":{"line":6,"column":15},"end":{"line":6,"column":32}},"5":{"start":{"line":8,"column":18},"end":{"line":8,"column":48}},"6":{"start":{"line":11,"column":19},"end":{"line":13,"column":1}},"7":{"start":{"line":12,"column":2},"end":{"line":12,"column":33}},"8":{"start":{"line":16,"column":16},"end":{"line":27,"column":1}},"9":{"start":{"line":17,"column":2},"end":{"line":26,"column":5}},"10":{"start":{"line":30,"column":27},"end":{"line":46,"column":1}},"11":{"start":{"line":31,"column":2},"end":{"line":45,"column":5}},"12":{"start":{"line":49,"column":17},"end":{"line":51,"column":1}},"13":{"start":{"line":50,"column":2},"end":{"line":50,"column":33}},"14":{"start":{"line":53,"column":19},"end":{"line":59,"column":1}},"15":{"start":{"line":54,"column":20},"end":{"line":57,"column":4}},"16":{"start":{"line":58,"column":2},"end":{"line":58,"column":17}},"17":{"start":{"line":62,"column":22},"end":{"line":68,"column":1}},"18":{"start":{"line":63,"column":20},"end":{"line":66,"column":4}},"19":{"start":{"line":67,"column":2},"end":{"line":67,"column":17}},"20":{"start":{"line":72,"column":23},"end":{"line":75,"column":1}},"21":{"start":{"line":73,"column":25},"end":{"line":73,"column":59}},"22":{"start":{"line":74,"column":2},"end":{"line":74,"column":76}},"23":{"start":{"line":78,"column":20},"end":{"line":85,"column":1}},"24":{"start":{"line":79,"column":2},"end":{"line":79,"column":55}},"25":{"start":{"line":79,"column":43},"end":{"line":79,"column":55}},"26":{"start":{"line":81,"column":2},"end":{"line":84,"column":5}},"27":{"start":{"line":88,"column":24},"end":{"line":90,"column":1}},"28":{"start":{"line":89,"column":2},"end":{"line":89,"column":69}},"29":{"start":{"line":93,"column":20},"end":{"line":95,"column":1}},"30":{"start":{"line":94,"column":2},"end":{"line":94,"column":66}},"31":{"start":{"line":100,"column":23},"end":{"line":109,"column":1}},"32":{"start":{"line":101,"column":2},"end":{"line":101,"column":25}},"33":{"start":{"line":102,"column":20},"end":{"line":105,"column":4}},"34":{"start":{"line":107,"column":2},"end":{"line":107,"column":35}},"35":{"start":{"line":108,"column":2},"end":{"line":108,"column":17}},"36":{"start":{"line":111,"column":27},"end":{"line":128,"column":1}},"37":{"start":{"line":112,"column":2},"end":{"line":127,"column":3}},"38":{"start":{"line":113,"column":4},"end":{"line":113,"column":27}},"39":{"start":{"line":113,"column":17},"end":{"line":113,"column":27}},"40":{"start":{"line":115,"column":18},"end":{"line":121,"column":5}},"41":{"start":{"line":123,"column":4},"end":{"line":123,"column":41}},"42":{"start":{"line":125,"column":4},"end":{"line":125,"column":23}},"43":{"start":{"line":126,"column":4},"end":{"line":126,"column":14}},"44":{"start":{"line":132,"column":23},"end":{"line":138,"column":1}},"45":{"start":{"line":133,"column":2},"end":{"line":137,"column":5}},"46":{"start":{"line":141,"column":21},"end":{"line":143,"column":1}},"47":{"start":{"line":142,"column":2},"end":{"line":142,"column":66}},"48":{"start":{"line":147,"column":24},"end":{"line":150,"column":1}},"49":{"start":{"line":148,"column":2},"end":{"line":148,"column":25}},"50":{"start":{"line":149,"column":2},"end":{"line":149,"column":27}},"51":{"start":{"line":152,"column":30},"end":{"line":154,"column":1}},"52":{"start":{"line":153,"column":2},"end":{"line":153,"column":58}},"53":{"start":{"line":156,"column":21},"end":{"line":160,"column":1}},"54":{"start":{"line":157,"column":2},"end":{"line":159,"column":5}},"55":{"start":{"line":162,"column":21},"end":{"line":166,"column":1}},"56":{"start":{"line":163,"column":2},"end":{"line":165,"column":5}},"57":{"start":{"line":168,"column":22},"end":{"line":174,"column":1}},"58":{"start":{"line":169,"column":2},"end":{"line":173,"column":5}},"59":{"start":{"line":177,"column":25},"end":{"line":198,"column":1}},"60":{"start":{"line":178,"column":2},"end":{"line":197,"column":3}},"61":{"start":{"line":179,"column":18},"end":{"line":191,"column":6}},"62":{"start":{"line":193,"column":4},"end":{"line":193,"column":17}},"63":{"start":{"line":195,"column":4},"end":{"line":195,"column":40}},"64":{"start":{"line":196,"column":4},"end":{"line":196,"column":61}},"65":{"start":{"line":201,"column":17},"end":{"line":254,"column":1}},"66":{"start":{"line":202,"column":2},"end":{"line":253,"column":3}},"67":{"start":{"line":203,"column":22},"end":{"line":203,"column":42}},"68":{"start":{"line":204,"column":23},"end":{"line":204,"column":44}},"69":{"start":{"line":206,"column":24},"end":{"line":206,"column":45}},"70":{"start":{"line":208,"column":4},"end":{"line":210,"column":5}},"71":{"start":{"line":209,"column":6},"end":{"line":209,"column":61}},"72":{"start":{"line":212,"column":4},"end":{"line":214,"column":5}},"73":{"start":{"line":213,"column":6},"end":{"line":213,"column":47}},"74":{"start":{"line":217,"column":22},"end":{"line":217,"column":41}},"75":{"start":{"line":218,"column":22},"end":{"line":218,"column":44}},"76":{"start":{"line":220,"column":19},"end":{"line":220,"column":41}},"77":{"start":{"line":222,"column":19},"end":{"line":238,"column":6}},"78":{"start":{"line":240,"column":23},"end":{"line":240,"column":58}},"79":{"start":{"line":242,"column":4},"end":{"line":248,"column":6}},"80":{"start":{"line":251,"column":4},"end":{"line":251,"column":40}},"81":{"start":{"line":252,"column":4},"end":{"line":252,"column":16}},"82":{"start":{"line":258,"column":19},"end":{"line":268,"column":1}},"83":{"start":{"line":259,"column":2},"end":{"line":267,"column":3}},"84":{"start":{"line":260,"column":28},"end":{"line":260,"column":72}},"85":{"start":{"line":261,"column":4},"end":{"line":261,"column":29}},"86":{"start":{"line":263,"column":4},"end":{"line":265,"column":5}},"87":{"start":{"line":264,"column":6},"end":{"line":264,"column":89}},"88":{"start":{"line":266,"column":4},"end":{"line":266,"column":16}},"89":{"start":{"line":271,"column":26},"end":{"line":278,"column":1}},"90":{"start":{"line":272,"column":2},"end":{"line":277,"column":5}},"91":{"start":{"line":280,"column":22},"end":{"line":298,"column":1}},"92":{"start":{"line":281,"column":12},"end":{"line":281,"column":41}},"93":{"start":{"line":283,"column":2},"end":{"line":297,"column":3}},"94":{"start":{"line":284,"column":23},"end":{"line":289,"column":6}},"95":{"start":{"line":291,"column":4},"end":{"line":291,"column":21}},"96":{"start":{"line":292,"column":4},"end":{"line":292,"column":22}},"97":{"start":{"line":295,"column":4},"end":{"line":295,"column":23}},"98":{"start":{"line":296,"column":4},"end":{"line":296,"column":16}},"99":{"start":{"line":301,"column":17},"end":{"line":317,"column":1}},"100":{"start":{"line":302,"column":2},"end":{"line":304,"column":3}},"101":{"start":{"line":303,"column":4},"end":{"line":303,"column":41}},"102":{"start":{"line":307,"column":2},"end":{"line":312,"column":3}},"103":{"start":{"line":308,"column":27},"end":{"line":308,"column":86}},"104":{"start":{"line":309,"column":4},"end":{"line":311,"column":5}},"105":{"start":{"line":310,"column":6},"end":{"line":310,"column":49}},"106":{"start":{"line":315,"column":18},"end":{"line":315,"column":45}},"107":{"start":{"line":316,"column":2},"end":{"line":316,"column":55}},"108":{"start":{"line":320,"column":20},"end":{"line":327,"column":1}},"109":{"sta
[...]
,"D:\\backup(m)\\node-project-git\\node-js-project\\src\\utils\\ApiResponse.js": {"path":"D:\\backup(m)\\node-project-git\\node-js-project\\src\\utils\\ApiResponse.js","statementMap":{"0":{"start":{"line":3,"column":4},"end":{"line":9,"column":6}},"1":{"start":{"line":13,"column":4},"end":{"line":19,"column":6}},"2":{"start":{"line":35,"column":0},"end":{"line":35,"column":29}}},"fnMap":{"0":{"name":"(anonymous_0)","decl":{"start":{"line":2,"column":2},"end":{"line":2,"column":3}},"loc":{"start":{"line":2,"column":49},"end":{"line":10,"column":3}},"line":2},"1":{"name":"(anonymous_1)","decl":{"start":{"line":12,"column":2},"end":{"line":12,"column":3}},"loc":{"start":{"line":12,"column":72},"end":{"line":20,"column":3}},"line":12}},"branchMap":{"0":{"loc":{"start":{"line":2,"column":17},"end":{"line":2,"column":26}},"type":"default-arg","locations":[{"start":{"line":2,"column":24},"end":{"line":2,"column":26}}],"line":2},"1":{"loc":{"start":{"line":2,"column":28},"end":{"line":2,"column":47}},"type":"default-arg","locations":[{"start":{"line":2,"column":38},"end":{"line":2,"column":47}}],"line":2},"2":{"loc":{"start":{"line":12,"column":15},"end":{"line":12,"column":47}},"type":"default-arg","locations":[{"start":{"line":12,"column":25},"end":{"line":12,"column":47}}],"line":12},"3":{"loc":{"start":{"line":12,"column":49},"end":{"line":12,"column":59}},"type":"default-arg","locations":[{"start":{"line":12,"column":56},"end":{"line":12,"column":59}}],"line":12},"4":{"loc":{"start":{"line":12,"column":61},"end":{"line":12,"column":70}},"type":"default-arg","locations":[{"start":{"line":12,"column":68},"end":{"line":12,"column":70}}],"line":12},"5":{"loc":{"start":{"line":17,"column":11},"end":{"line":17,"column":27}},"type":"binary-expr","locations":[{"start":{"line":17,"column":11},"end":{"line":17,"column":15}},{"start":{"line":17,"column":19},"end":{"line":17,"column":27}}],"line":17}},"s":{"0":2,"1":3,"2":2},"f":{"0":2,"1":3},"b":{"0":[1],"1":[1],"2":[1],"3":[1],"4":[1],"5":[3,2]},"_coverageSchema":"1a1c01bbd47fc00a2c39e90264f33305004495a9","hash":"aaf73db900abaae304fbd930d08080edf4b87a2c"}
,"D:\\backup(m)\\node-project-git\\node-js-project\\src\\utils\\EmailService.js": {"path":"D:\\backup(m)\\node-project-git\\node-js-project\\src\\utils\\EmailService.js","statementMap":{"0":{"start":{"line":1,"column":19},"end":{"line":1,"column":40}},"1":{"start":{"line":3,"column":20},"end":{"line":9,"column":2}},"2":{"start":{"line":11,"column":18},"end":{"line":19,"column":1}},"3":{"start":{"line":12,"column":22},"end":{"line":17,"column":3}},"4":{"start":{"line":18,"column":2},"end":{"line":18,"column":49}},"5":{"start":{"line":21,"column":0},"end":{"line":21,"column":31}}},"fnMap":{"0":{"name":"(anonymous_0)","decl":{"start":{"line":11,"column":18},"end":{"line":11,"column":19}},"loc":{"start":{"line":11,"column":47},"end":{"line":19,"column":1}},"line":11}},"branchMap":{},"s":{"0":2,"1":2,"2":2,"3":0,"4":0,"5":2},"f":{"0":0},"b":{},"_coverageSchema":"1a1c01bbd47fc00a2c39e90264f33305004495a9","hash":"11f116b369b0928a563c7e5633731b2f04aa9274"}
,"D:\\backup(m)\\node-project-git\\node-js-project\\src\\utils\\Res.js": {"path":"D:\\backup(m)\\node-project-git\\node-js-project\\src\\utils\\Res.js","statementMap":{"0":{"start":{"line":3,"column":4},"end":{"line":11,"column":7}},"1":{"start":{"line":15,"column":4},"end":{"line":22,"column":7}},"2":{"start":{"line":26,"column":4},"end":{"line":26,"column":53}},"3":{"start":{"line":30,"column":4},"end":{"line":30,"column":51}},"4":{"start":{"line":34,"column":4},"end":{"line":34,"column":51}},"5":{"start":{"line":38,"column":4},"end":{"line":38,"column":51}},"6":{"start":{"line":42,"column":4},"end":{"line":42,"column":65}},"7":{"start":{"line":47,"column":4},"end":{"line":54,"column":7}},"8":{"start":{"line":58,"column":0},"end":{"line":58,"column":21}}},"fnMap":{"0":{"name":"(anonymous_0)","decl":{"start":{"line":2,"column":2},"end":{"line":2,"column":3}},"loc":{"start":{"line":2,"column":90},"end":{"line":12,"column":3}},"line":2},"1":{"name":"(anonymous_1)","decl":{"start":{"line":14,"column":2},"end":{"line":14,"column":3}},"loc":{"start":{"line":14,"column":87},"end":{"line":23,"column":3}},"line":14},"2":{"name":"(anonymous_2)","decl":{"start":{"line":25,"column":2},"end":{"line":25,"column":3}},"loc":{"start":{"line":25,"column":58},"end":{"line":27,"column":3}},"line":25},"3":{"name":"(anonymous_3)","decl":{"start":{"line":29,"column":2},"end":{"line":29,"column":3}},"loc":{"start":{"line":29,"column":65},"end":{"line":31,"column":3}},"line":29},"4":{"name":"(anonymous_4)","decl":{"start":{"line":33,"column":2},"end":{"line":33,"column":3}},"loc":{"start":{"line":33,"column":68},"end":{"line":35,"column":3}},"line":33},"5":{"name":"(anonymous_5)","decl":{"start":{"line":37,"column":2},"end":{"line":37,"column":3}},"loc":{"start":{"line":37,"column":61},"end":{"line":39,"column":3}},"line":37},"6":{"name":"(anonymous_6)","decl":{"start":{"line":41,"column":2},"end":{"line":41,"column":3}},"loc":{"start":{"line":41,"column":40},"end":{"line":43,"column":3}},"line":41},"7":{"name":"(anonymous_7)","decl":{"start":{"line":46,"column":2},"end":{"line":46,"column":3}},"loc":{"start":{"line":46,"column":52},"end":{"line":55,"column":3}},"line":46}},"branchMap":{"0":{"loc":{"start":{"line":2,"column":22},"end":{"line":2,"column":31}},"type":"default-arg","locations":[{"start":{"line":2,"column":29},"end":{"line":2,"column":31}}],"line":2},"1":{"loc":{"start":{"line":2,"column":33},"end":{"line":2,"column":56}},"type":"default-arg","locations":[{"start":{"line":2,"column":47},"end":{"line":2,"column":56}}],"line":2},"2":{"loc":{"start":{"line":2,"column":58},"end":{"line":2,"column":74}},"type":"default-arg","locations":[{"start":{"line":2,"column":71},"end":{"line":2,"column":74}}],"line":2},"3":{"loc":{"start":{"line":2,"column":76},"end":{"line":2,"column":88}},"type":"default-arg","locations":[{"start":{"line":2,"column":84},"end":{"line":2,"column":88}}],"line":2},"4":{"loc":{"start":{"line":5,"column":10},"end":{"line":5,"column":28}},"type":"binary-expr","locations":[{"start":{"line":5,"column":10},"end":{"line":5,"column":15}},{"start":{"line":5,"column":19},"end":{"line":5,"column":28}}],"line":5},"5":{"loc":{"start":{"line":14,"column":20},"end":{"line":14,"column":56}},"type":"default-arg","locations":[{"start":{"line":14,"column":34},"end":{"line":14,"column":56}}],"line":14},"6":{"loc":{"start":{"line":14,"column":58},"end":{"line":14,"column":67}},"type":"default-arg","locations":[{"start":{"line":14,"column":65},"end":{"line":14,"column":67}}],"line":14},"7":{"loc":{"start":{"line":14,"column":69},"end":{"line":14,"column":85}},"type":"default-arg","locations":[{"start":{"line":14,"column":82},"end":{"line":14,"column":85}}],"line":14},"8":{"loc":{"start":{"line":25,"column":22},"end":{"line":25,"column":31}},"type":"default-arg","locations":[{"start":{"line":25,"column":29},"end":{"line":25,"column":31}}],"line":25},"9":{"loc":{"start":{"line":25,"column":33},"end":{"line":25,"column":56}},"type":"default-arg","locations":[{"start":{"line":25,"column":47},"end":{"line":25,"column":56}}],"line":25},"10":{"loc":{"start":{"line":29,"column":25},"end":{"line":29,"column":52}},"type":"default-arg","locations":[{"start":{"line":29,"column":39},"end":{"line":29,"column":52}}],"line":29},"11":{"loc":{"start":{"line":29,"column":54},"end":{"line":29,"column":63}},"type":"default-arg","locations":[{"start":{"line":29,"column":61},"end":{"line":29,"column":63}}],"line":29},"12":{"loc":{"start":{"line":33,"column":27},"end":{"line":33,"column":55}},"type":"default-arg","locations":[{"start":{"line":33,"column":41},"end":{"line":33,"column":55}}],"line":33},"13":{"loc":{"start":{"line":33,"column":57},"end":{"line":33,"column":66}},"type":"default-arg","locations":[{"start":{"line":33,"column":64},"end":{"line":33,"column":66}}],"line":33},"14":{"loc":{"start":{"line":37,"column":23},"end":{"line":37,"column":48}},"type":"default-arg","locations":[{"start":{"line":37,"column":37},"end":{"line":37,"column":48}}],"line":37},"15":{"loc":{"start":{"line":37,"column":50},"end":{"line":37,"column":59}},"type":"default-arg","locations":[{"start":{"line":37,"column":57},"end":{"line":37,"column":59}}],"line":37},"16":{"loc":{"start":{"line":46,"column":24},"end":{"line":46,"column":50}},"type":"default-arg","locations":[{"start":{"line":46,"column":38},"end":{"line":46,"column":50}}],"line":46}},"s":{"0":2,"1":4,"2":1,"3":1,"4":1,"5":1,"6":1,"7":1,"8":2},"f":{"0":2,"1":4,"2":1,"3":1,"4":1,"5":1,"6":1,"7":1},"b":{"0":[0],"1":[0],"2":[0],"3":[1],"4":[2,1],"5":[0],"6":[0],"7":[0],"8":[0],"9":[0],"10":[0],"11":[0],"12":[0],"13":[0],"14":[0],"15":[0],"16":[0]},"_coverageSchema":"1a1c01bbd47fc00a2c39e90264f33305004495a9","hash":"50f84d69cad4799d508dd652e774342dbc661099"}
,"D:\\backup(m)\\node-project-git\\node-js-project\\src\\utils\\envHelper.js": {"path":"D:\\backup(m)\\node-project-git\\node-js-project\\src\\utils\\envHelper.js","statementMap":{"0":{"start":{"line":1,"column":0},"end":{"line":1,"column":27}},"1":{"start":{"line":3,"column":15},"end":{"line":5,"column":1}},"2":{"start":{"line":4,"column":2},"end":{"line":4,"column":42}},"3":{"start":{"line":7,"column":0},"end":{"line":7,"column":28}}},"fnMap":{"0":{"name":"(anonymous_0)","decl":{"start":{"line":3,"column":15},"end":{"line":3,"column":16}},"loc":{"start":{"line":3,"column":45},"end":{"line":5,"column":1}},"line":3}},"branchMap":{"0":{"loc":{"start":{"line":3,"column":21},"end":{"line":3,"column":40}},"type":"default-arg","locations":[{"start":{"line":3,"column":36},"end":{"line":3,"column":40}}],"line":3},"1":{"loc":{"start":{"line":4,"column":9},"end":{"line":4,"column":41}},"type":"binary-expr","locations":[{"start":{"line":4,"column":9},"end":{"line":4,"column":25}},{"start":{"line":4,"column":29},"end":{"line":4,"column":41}}],"line":4}},"s":{"0":2,"1":2,"2":0,"3":2},"f":{"0":0},"b":{"0":[0],"1":[0,0]},"_coverageSchema":"1a1c01bbd47fc00a2c39e90264f33305004495a9","hash":"1dffc9b97a0d7f8d8e638bf15f5b0d5cbc8e985b"}
,"D:\\backup(m)\\node-project-git\\node-js-project\\src\\utils\\errors.js": {"path":"D:\\backup(m)\\node-project-git\\node-js-project\\src\\utils\\errors.js","statementMap":{"0":{"start":{"line":67,"column":39},"end":{"line":67,"column":67}},"1":{"start":{"line":71,"column":4},"end":{"line":71,"column":19}},"2":{"start":{"line":72,"column":4},"end":{"line":72,"column":33}},"3":{"start":{"line":73,"column":4},"end":{"line":73,"column":52}},"4":{"start":{"line":79,"column":4},"end":{"line":79,"column":44}},"5":{"start":{"line":85,"column":4},"end":{"line":85,"column":42}},"6":{"start":{"line":91,"column":4},"end":{"line":91,"column":45}},"7":{"start":{"line":97,"column":4},"end":{"line":97,"column":42}},"8":{"start":{"line":103,"column":4},"end":{"line":103,"column":41}},"9":{"start":{"line":109,"column":4},"end":{"line":109,"column":53}},"10":{"start":{"line":115,"column":4},"end":{"line":115,"column":54}},"11":{"start":{"line":121,"column":4},"end":{"line":121,"column":43}},"12":{"start":{"line":127,"column":4},"end":{"line":127,"column":39}},"13":{"start":{"line":131,"column":0},"end":{"line":142,"column":2}}},"fnMap":{"0":{"name":"(anonymous_0)","decl":{"start":{"line":70,"column":2},"end":{"line":70,"column":3}},"loc":{"start":{"line":70,"column":109},"end":{"line":74,"column":3}},"line":70},"1":{"name":"(anonymous_1)","decl":{"start":{"line":78,"column":2},"end":{"line":78,"column":3}},"loc":{"start":{"line":78,"column":51},"end":{"line":80,"column":3}},"line":78},"2":{"name":"(anonymous_2)","decl":{"start":{"line":84,"column":2},"end":{"line":84,"column":3}},"loc":{"start":{"line":84,"column":49},"end":{"line":86,"column":3}},"line":84},"3":{"name":"(anonymous_3)","decl":{"start":{"line":90,"column":2},"end":{"line":90,"column":3}},"loc":{"start":{"line":90,"column":52},"end":{"line":92,"column":3}},"line":90},"4":{"name":"(anonymous_4)","decl":{"start":{"line":96,"column":2},"end":{"line":96,"column":3}},"loc":{"start":{"line":96,"column":49},"end":{"line":98,"column":3}},"line":96},"5":{"name":"(anonymous_5)","decl":{"start":{"line":102,"column":2},"end":{"line":102,"column":3}},"loc":{"start":{"line":102,"column":48},"end":{"line":104,"column":3}},"line":102},"6":{"name":"(anonymous_6)","decl":{"start":{"line":108,"column":2},"end":{"line":108,"column":3}},"loc":{"start":{"line":108,"column":60},"end":{"line":110,"column":3}},"line":108},"7":{"name":"(anonymous_7)","decl":{"start":{"line":114,"column":2},"end":{"line":114,"column":3}},"loc":{"start":{"line":114,"column":61},"end":{"line":116,"column":3}},"line":114},"8":{"name":"(anonymous_8)","decl":{"start":{"line":120,"column":2},"end":{"line":120,"column":3}},"loc":{"start":{"line":120,"column":50},"end":{"line":122,"column":3}},"line":120},"9":{"name":"(anonymous_9)","decl":{"start":{"line":126,"column":2},"end":{"line":126,"column":3}},"loc":{"start":{"line":126,"column":46},"end":{"line":128,"column":3}},"line":126}},"branchMap":{"0":{"loc":{"start":{"line":70,"column":14},"end":{"line":70,"column":59}},"type":"default-arg","locations":[{"start":{"line":70,"column":24},"end":{"line":70,"column":59}}],"line":70},"1":{"loc":{"start":{"line":70,"column":61},"end":{"line":70,"column":107}},"type":"default-arg","locations":[{"start":{"line":70,"column":74},"end":{"line":70,"column":107}}],"line":70},"2":{"loc":{"start":{"line":78,"column":14},"end":{"line":78,"column":49}},"type":"default-arg","locations":[{"start":{"line":78,"column":24},"end":{"line":78,"column":49}}],"line":78},"3":{"loc":{"start":{"line":84,"column":14},"end":{"line":84,"column":47}},"type":"default-arg","locations":[{"start":{"line":84,"column":24},"end":{"line":84,"column":47}}],"line":84},"4":{"loc":{"start":{"line":90,"column":14},"end":{"line":90,"column":50}},"type":"default-arg","locations":[{"start":{"line":90,"column":24},"end":{"line":90,"column":50}}],"line":90},"5":{"loc":{"start":{"line":96,"column":14},"end":{"line":96,"column":47}},"type":"default-arg","locations":[{"start":{"line":96,"column":24},"end":{"line":96,"column":47}}],"line":96},"6":{"loc":{"start":{"line":102,"column":14},"end":{"line":102,"column":46}},"type":"default-arg","locations":[{"start":{"line":102,"column":24},"end":{"line":102,"column":46}}],"line":102},"7":{"loc":{"start":{"line":108,"column":14},"end":{"line":108,"column":58}},"type":"default-arg","locations":[{"start":{"line":108,"column":24},"end":{"line":108,"column":58}}],"line":108},"8":{"loc":{"start":{"line":114,"column":14},"end":{"line":114,"column":59}},"type":"default-arg","locations":[{"start":{"line":114,"column":24},"end":{"line":114,"column":59}}],"line":114},"9":{"loc":{"start":{"line":120,"column":14},"end":{"line":120,"column":48}},"type":"default-arg","locations":[{"start":{"line":120,"column":24},"end":{"line":120,"column":48}}],"line":120},"10":{"loc":{"start":{"line":126,"column":14},"end":{"line":126,"column":44}},"type":"default-arg","locations":[{"start":{"line":126,"column":24},"end":{"line":126,"column":44}}],"line":126}},"s":{"0":3,"1":4,"2":4,"3":4,"4":3,"5":1,"6":0,"7":0,"8":0,"9":0,"10":0,"11":0,"12":0,"13":3},"f":{"0":4,"1":3,"2":1,"3":0,"4":0,"5":0,"6":0,"7":0,"8":0,"9":0},"b":{"0":[0],"1":[0],"2":[0],"3":[0],"4":[0],"5":[0],"6":[0],"7":[0],"8":[0],"9":[0],"10":[0]},"_coverageSchema":"1a1c01bbd47fc00a2c39e90264f33305004495a9","hash":"251cb12c7bd8483f616c2de589f8056276335ba6"}
,"D:\\backup(m)\\node-project-git\\node-js-project\\src\\utils\\jwt.js": {"path":"D:\\backup(m)\\node-project-git\\node-js-project\\src\\utils\\jwt.js","statementMap":{"0":{"start":{"line":2,"column":12},"end":{"line":2,"column":35}},"1":{"start":{"line":3,"column":0},"end":{"line":3,"column":27}},"2":{"start":{"line":5,"column":22},"end":{"line":9,"column":1}},"3":{"start":{"line":6,"column":2},"end":{"line":8,"column":5}},"4":{"start":{"line":11,"column":20},"end":{"line":13,"column":1}},"5":{"start":{"line":12,"column":2},"end":{"line":12,"column":51}},"6":{"start":{"line":15,"column":0},"end":{"line":18,"column":2}}},"fnMap":{"0":{"name":"(anonymous_0)","decl":{"start":{"line":5,"column":22},"end":{"line":5,"column":23}},"loc":{"start":{"line":5,"column":35},"end":{"line":9,"column":1}},"line":5},"1":{"name":"(anonymous_1)","decl":{"start":{"line":11,"column":20},"end":{"line":11,"column":21}},"loc":{"start":{"line":11,"column":31},"end":{"line":13,"column":1}},"line":11}},"branchMap":{"0":{"loc":{"start":{"line":7,"column":15},"end":{"line":7,"column":49}},"type":"binary-expr","locations":[{"start":{"line":7,"column":15},"end":{"line":7,"column":41}},{"start":{"line":7,"column":45},"end":{"line":7,"column":49}}],"line":7}},"s":{"0":2,"1":2,"2":2,"3":0,"4":2,"5":0,"6":2},"f":{"0":0,"1":0},"b":{"0":[0,0]},"_coverageSchema":"1a1c01bbd47fc00a2c39e90264f33305004495a9","hash":"e1557c2def60c9f61b3a4ea0fd137a96de89bdd7"}
,"D:\\backup(m)\\node-project-git\\node-js-project\\src\\utils\\mailTemplate.js": {"path":"D:\\backup(m)\\node-project-git\\node-js-project\\src\\utils\\mailTemplate.js","statementMap":{"0":{"start":{"line":1,"column":20},"end":{"line":3,"column":1}},"1":{"start":{"line":2,"column":2},"end":{"line":2,"column":50}},"2":{"start":{"line":5,"column":0},"end":{"line":5,"column":29}}},"fnMap":{"0":{"name":"(anonymous_0)","decl":{"start":{"line":1,"column":20},"end":{"line":1,"column":21}},"loc":{"start":{"line":1,"column":30},"end":{"line":3,"column":1}},"line":1}},"branchMap":{},"s":{"0":2,"1":2,"2":2},"f":{"0":2},"b":{},"_coverageSchema":"1a1c01bbd47fc00a2c39e90264f33305004495a9","hash":"e0c1f1c290c69016fcd0dec222bea9c801d91c2c"}
,"D:\\backup(m)\\node-project-git\\node-js-project\\src\\utils\\settingsUtil.js": {"path":"D:\\backup(m)\\node-project-git\\node-js-project\\src\\utils\\settingsUtil.js","statementMap":{"0":{"start":{"line":2,"column":21},"end":{"line":2,"column":50}},"1":{"start":{"line":4,"column":22},"end":{"line":15,"column":1}},"2":{"start":{"line":5,"column":15},"end":{"line":5,"column":71}},"3":{"start":{"line":7,"column":19},"end":{"line":9,"column":3}},"4":{"start":{"line":8,"column":20},"end":{"line":8,"column":81}},"5":{"start":{"line":11,"column":2},"end":{"line":14,"column":4}},"6":{"start":{"line":17,"column":0},"end":{"line":17,"column":35}}},"fnMap":{"0":{"name":"(anonymous_0)","decl":{"start":{"line":4,"column":22},"end":{"line":4,"column":23}},"loc":{"start":{"line":4,"column":34},"end":{"line":15,"column":1}},"line":4},"1":{"name":"(anonymous_1)","decl":{"start":{"line":8,"column":13},"end":{"line":8,"column":14}},"loc":{"start":{"line":8,"column":20},"end":{"line":8,"column":81}},"line":8}},"branchMap":{"0":{"loc":{"start":{"line":8,"column":30},"end":{"line":8,"column":80}},"type":"cond-expr","locations":[{"start":{"line":8,"column":49},"end":{"line":8,"column":58}},{"start":{"line":8,"column":61},"end":{"line":8,"column":80}}],"line":8},"1":{"loc":{"start":{"line":12,"column":17},"end":{"line":12,"column":47}},"type":"binary-expr","locations":[{"start":{"line":12,"column":17},"end":{"line":12,"column":42}},{"start":{"line":12,"column":46},"end":{"line":12,"column":47}}],"line":12},"2":{"loc":{"start":{"line":13,"column":22},"end":{"line":13,"column":56}},"type":"binary-expr","locations":[{"start":{"line":13,"column":22},"end":{"line":13,"column":51}},{"start":{"line":13,"column":55},"end":{"line":13,"column":56}}],"line":13}},"s":{"0":3,"1":3,"2":3,"3":3,"4":4,"5":3,"6":3},"f":{"0":3,"1":4},"b":{"0":[2,2],"1":[3,1],"2":[3,1]},"_coverageSchema":"1a1c01bbd47fc00a2c39e90264f33305004495a9","hash":"dd1bdb3efad31692c3d72d20fa3fa8e7d6ad9054"}
}
