{"D:\\backup(m)\\node-project-git\\node-js-project\\src\\Service\\jsonapi.js": {"path":"D:\\backup(m)\\node-project-git\\node-js-project\\src\\Service\\jsonapi.js","statementMap":{"0":{"start":{"line":1,"column":14},"end":{"line":1,"column":30}},"1":{"start":{"line":2,"column":24},"end":{"line":2,"column":63}},"2":{"start":{"line":4,"column":22},"end":{"line":25,"column":1}},"3":{"start":{"line":5,"column":16},"end":{"line":5,"column":17}},"4":{"start":{"line":7,"column":2},"end":{"line":24,"column":3}},"5":{"start":{"line":8,"column":4},"end":{"line":23,"column":5}},"6":{"start":{"line":9,"column":21},"end":{"line":10,"column":63}},"7":{"start":{"line":12,"column":23},"end":{"line":12,"column":42}},"8":{"start":{"line":13,"column":6},"end":{"line":13,"column":27}},"9":{"start":{"line":16,"column":6},"end":{"line":16,"column":16}},"10":{"start":{"line":17,"column":6},"end":{"line":17,"column":60}},"11":{"start":{"line":19,"column":6},"end":{"line":22,"column":7}},"12":{"start":{"line":20,"column":8},"end":{"line":20,"column":57}},"13":{"start":{"line":21,"column":8},"end":{"line":21,"column":56}},"14":{"start":{"line":27,"column":0},"end":{"line":27,"column":35}}},"fnMap":{"0":{"name":"(anonymous_0)","decl":{"start":{"line":4,"column":22},"end":{"line":4,"column":23}},"loc":{"start":{"line":4,"column":71},"end":{"line":25,"column":1}},"line":4}},"branchMap":{"0":{"loc":{"start":{"line":4,"column":42},"end":{"line":4,"column":53}},"type":"default-arg","locations":[{"start":{"line":4,"column":49},"end":{"line":4,"column":53}}],"line":4},"1":{"loc":{"start":{"line":4,"column":55},"end":{"line":4,"column":66}},"type":"default-arg","locations":[{"start":{"line":4,"column":65},"end":{"line":4,"column":66}}],"line":4},"2":{"loc":{"start":{"line":19,"column":6},"end":{"line":22,"column":7}},"type":"if","locations":[{"start":{"line":19,"column":6},"end":{"line":22,"column":7}},{"start":{},"end":{}}],"line":19}},"s":{"0":1,"1":1,"2":1,"3":0,"4":0,"5":0,"6":0,"7":0,"8":0,"9":0,"10":0,"11":0,"12":0,"13":0,"14":1},"f":{"0":0},"b":{"0":[0],"1":[0],"2":[0,0]},"_coverageSchema":"1a1c01bbd47fc00a2c39e90264f33305004495a9","hash":"2548c693db441f9551094c43a391fa64c4f734bf"}
,"D:\\backup(m)\\node-project-git\\node-js-project\\src\\Service\\mailService.js": {"path":"D:\\backup(m)\\node-project-git\\node-js-project\\src\\Service\\mailService.js","statementMap":{"0":{"start":{"line":1,"column":19},"end":{"line":1,"column":40}},"1":{"start":{"line":2,"column":19},"end":{"line":2,"column":48}},"2":{"start":{"line":4,"column":17},"end":{"line":24,"column":1}},"3":{"start":{"line":5,"column":20},"end":{"line":5,"column":40}},"4":{"start":{"line":6,"column":22},"end":{"line":6,"column":45}},"5":{"start":{"line":8,"column":22},"end":{"line":14,"column":4}},"6":{"start":{"line":18,"column":2},"end":{"line":23,"column":5}},"7":{"start":{"line":26,"column":0},"end":{"line":26,"column":30}}},"fnMap":{"0":{"name":"(anonymous_0)","decl":{"start":{"line":4,"column":17},"end":{"line":4,"column":18}},"loc":{"start":{"line":4,"column":56},"end":{"line":24,"column":1}},"line":4}},"branchMap":{"0":{"loc":{"start":{"line":6,"column":22},"end":{"line":6,"column":45}},"type":"binary-expr","locations":[{"start":{"line":6,"column":22},"end":{"line":6,"column":29}},{"start":{"line":6,"column":33},"end":{"line":6,"column":45}}],"line":6}},"s":{"0":3,"1":3,"2":3,"3":0,"4":0,"5":0,"6":0,"7":3},"f":{"0":0},"b":{"0":[0,0]},"_coverageSchema":"1a1c01bbd47fc00a2c39e90264f33305004495a9","hash":"96fd9f0dbf75d66c618b8bc87599e9054f375920"}
,"D:\\backup(m)\\node-project-git\\node-js-project\\src\\Service\\rmqService.js": {"path":"D:\\backup(m)\\node-project-git\\node-js-project\\src\\Service\\rmqService.js","statementMap":{"0":{"start":{"line":60,"column":13},"end":{"line":60,"column":31}},"1":{"start":{"line":61,"column":21},"end":{"line":61,"column":45}},"2":{"start":{"line":62,"column":14},"end":{"line":62,"column":26}},"3":{"start":{"line":63,"column":20},"end":{"line":63,"column":52}},"4":{"start":{"line":65,"column":14},"end":{"line":65,"column":18}},"5":{"start":{"line":68,"column":21},"end":{"line":79,"column":1}},"6":{"start":{"line":69,"column":2},"end":{"line":78,"column":3}},"7":{"start":{"line":70,"column":23},"end":{"line":70,"column":61}},"8":{"start":{"line":71,"column":4},"end":{"line":71,"column":47}},"9":{"start":{"line":72,"column":4},"end":{"line":72,"column":56}},"10":{"start":{"line":73,"column":4},"end":{"line":73,"column":61}},"11":{"start":{"line":74,"column":4},"end":{"line":74,"column":23}},"12":{"start":{"line":76,"column":4},"end":{"line":76,"column":63}},"13":{"start":{"line":77,"column":4},"end":{"line":77,"column":35}},"14":{"start":{"line":82,"column":24},"end":{"line":91,"column":1}},"15":{"start":{"line":83,"column":2},"end":{"line":87,"column":3}},"16":{"start":{"line":84,"column":4},"end":{"line":84,"column":58}},"17":{"start":{"line":85,"column":4},"end":{"line":85,"column":50}},"18":{"start":{"line":85,"column":21},"end":{"line":85,"column":42}},"19":{"start":{"line":86,"column":4},"end":{"line":86,"column":11}},"20":{"start":{"line":89,"column":2},"end":{"line":89,"column":86}},"21":{"start":{"line":90,"column":2},"end":{"line":90,"column":40}},"22":{"start":{"line":94,"column":25},"end":{"line":113,"column":1}},"23":{"start":{"line":95,"column":2},"end":{"line":95,"column":23}},"24":{"start":{"line":95,"column":16},"end":{"line":95,"column":23}},"25":{"start":{"line":115,"column":0},"end":{"line":118,"column":2}}},"fnMap":{"0":{"name":"(anonymous_0)","decl":{"start":{"line":68,"column":21},"end":{"line":68,"column":22}},"loc":{"start":{"line":68,"column":33},"end":{"line":79,"column":1}},"line":68},"1":{"name":"(anonymous_1)","decl":{"start":{"line":82,"column":24},"end":{"line":82,"column":25}},"loc":{"start":{"line":82,"column":40},"end":{"line":91,"column":1}},"line":82},"2":{"name":"(anonymous_2)","decl":{"start":{"line":85,"column":15},"end":{"line":85,"column":16}},"loc":{"start":{"line":85,"column":21},"end":{"line":85,"column":42}},"line":85},"3":{"name":"(anonymous_3)","decl":{"start":{"line":94,"column":25},"end":{"line":94,"column":26}},"loc":{"start":{"line":94,"column":31},"end":{"line":113,"column":1}},"line":94}},"branchMap":{"0":{"loc":{"start":{"line":83,"column":2},"end":{"line":87,"column":3}},"type":"if","locations":[{"start":{"line":83,"column":2},"end":{"line":87,"column":3}},{"start":{},"end":{}}],"line":83},"1":{"loc":{"start":{"line":95,"column":2},"end":{"line":95,"column":23}},"type":"if","locations":[{"start":{"line":95,"column":2},"end":{"line":95,"column":23}},{"start":{},"end":{}}],"line":95}},"s":{"0":3,"1":3,"2":3,"3":3,"4":3,"5":3,"6":0,"7":0,"8":0,"9":0,"10":0,"11":0,"12":0,"13":0,"14":3,"15":0,"16":0,"17":0,"18":0,"19":0,"20":0,"21":0,"22":3,"23":0,"24":0,"25":3},"f":{"0":0,"1":0,"2":0,"3":0},"b":{"0":[0,0],"1":[0,0]},"_coverageSchema":"1a1c01bbd47fc00a2c39e90264f33305004495a9","hash":"3557541082dff7870a16f369988206e38732e139"}
,"D:\\backup(m)\\node-project-git\\node-js-project\\src\\Service\\schedulerService.js": {"path":"D:\\backup(m)\\node-project-git\\node-js-project\\src\\Service\\schedulerService.js","statementMap":{"0":{"start":{"line":1,"column":17},"end":{"line":1,"column":41}},"1":{"start":{"line":2,"column":17},"end":{"line":2,"column":56}},"2":{"start":{"line":4,"column":28},"end":{"line":24,"column":1}},"3":{"start":{"line":5,"column":17},"end":{"line":5,"column":53}},"4":{"start":{"line":7,"column":2},"end":{"line":21,"column":5}},"5":{"start":{"line":8,"column":4},"end":{"line":8,"column":63}},"6":{"start":{"line":10,"column":17},"end":{"line":10,"column":55}},"7":{"start":{"line":11,"column":4},"end":{"line":14,"column":5}},"8":{"start":{"line":12,"column":6},"end":{"line":12,"column":51}},"9":{"start":{"line":13,"column":6},"end":{"line":13,"column":13}},"10":{"start":{"line":16,"column":4},"end":{"line":18,"column":7}},"11":{"start":{"line":20,"column":4},"end":{"line":20,"column":56}},"12":{"start":{"line":23,"column":2},"end":{"line":23,"column":16}},"13":{"start":{"line":26,"column":0},"end":{"line":28,"column":2}}},"fnMap":{"0":{"name":"(anonymous_0)","decl":{"start":{"line":4,"column":28},"end":{"line":4,"column":29}},"loc":{"start":{"line":4,"column":57},"end":{"line":24,"column":1}},"line":4},"1":{"name":"(anonymous_1)","decl":{"start":{"line":7,"column":44},"end":{"line":7,"column":45}},"loc":{"start":{"line":7,"column":56},"end":{"line":21,"column":3}},"line":7}},"branchMap":{"0":{"loc":{"start":{"line":11,"column":4},"end":{"line":14,"column":5}},"type":"if","locations":[{"start":{"line":11,"column":4},"end":{"line":14,"column":5}},{"start":{},"end":{}}],"line":11}},"s":{"0":2,"1":2,"2":2,"3":0,"4":0,"5":0,"6":0,"7":0,"8":0,"9":0,"10":0,"11":0,"12":0,"13":2},"f":{"0":0,"1":0},"b":{"0":[0,0]},"_coverageSchema":"1a1c01bbd47fc00a2c39e90264f33305004495a9","hash":"113b0700735cfc63930f853d383e08957c484711"}
,"D:\\backup(m)\\node-project-git\\node-js-project\\src\\Service\\userService.js": {"path":"D:\\backup(m)\\node-project-git\\node-js-project\\src\\Service\\userService.js","statementMap":{"0":{"start":{"line":2,"column":17},"end":{"line":2,"column":56}},"1":{"start":{"line":3,"column":24},"end":{"line":3,"column":63}},"2":{"start":{"line":4,"column":22},"end":{"line":4,"column":54}},"3":{"start":{"line":5,"column":12},"end":{"line":5,"column":35}},"4":{"start":{"line":6,"column":19},"end":{"line":6,"column":36}},"5":{"start":{"line":7,"column":32},"end":{"line":7,"column":58}},"6":{"start":{"line":8,"column":20},"end":{"line":8,"column":52}},"7":{"start":{"line":9,"column":28},"end":{"line":9,"column":60}},"8":{"start":{"line":10,"column":17},"end":{"line":10,"column":37}},"9":{"start":{"line":12,"column":26},"end":{"line":12,"column":58}},"10":{"start":{"line":13,"column":26},"end":{"line":13,"column":49}},"11":{"start":{"line":14,"column":17},"end":{"line":14,"column":41}},"12":{"start":{"line":15,"column":15},"end":{"line":15,"column":32}},"13":{"start":{"line":16,"column":32},"end":{"line":16,"column":61}},"14":{"start":{"line":17,"column":21},"end":{"line":17,"column":41}},"15":{"start":{"line":21,"column":19},"end":{"line":51,"column":1}},"16":{"start":{"line":22,"column":53},"end":{"line":22,"column":57}},"17":{"start":{"line":24,"column":2},"end":{"line":26,"column":3}},"18":{"start":{"line":25,"column":4},"end":{"line":25,"column":76}},"19":{"start":{"line":28,"column":23},"end":{"line":28,"column":70}},"20":{"start":{"line":29,"column":2},"end":{"line":31,"column":3}},"21":{"start":{"line":30,"column":4},"end":{"line":30,"column":69}},"22":{"start":{"line":33,"column":25},"end":{"line":33,"column":56}},"23":{"start":{"line":35,"column":18},"end":{"line":42,"column":4}},"24":{"start":{"line":44,"column":16},"end":{"line":48,"column":3}},"25":{"start":{"line":50,"column":2},"end":{"line":50,"column":34}},"26":{"start":{"line":54,"column":32},"end":{"line":56,"column":1}},"27":{"start":{"line":55,"column":2},"end":{"line":55,"column":45}},"28":{"start":{"line":63,"column":14},"end":{"line":117,"column":1}},"29":{"start":{"line":64,"column":2},"end":{"line":66,"column":3}},"30":{"start":{"line":65,"column":4},"end":{"line":65,"column":76}},"31":{"start":{"line":68,"column":15},"end":{"line":68,"column":48}},"32":{"start":{"line":69,"column":2},"end":{"line":71,"column":3}},"33":{"start":{"line":70,"column":4},"end":{"line":70,"column":82}},"34":{"start":{"line":73,"column":43},"end":{"line":73,"column":64}},"35":{"start":{"line":74,"column":14},"end":{"line":74,"column":24}},"36":{"start":{"line":77,"column":2},"end":{"line":88,"column":3}},"37":{"start":{"line":78,"column":24},"end":{"line":78,"column":76}},"38":{"start":{"line":79,"column":4},"end":{"line":87,"column":5}},"39":{"start":{"line":80,"column":27},"end":{"line":80,"column":65}},"40":{"start":{"line":81,"column":6},"end":{"line":81,"column":89}},"41":{"start":{"line":84,"column":6},"end":{"line":84,"column":70}},"42":{"start":{"line":85,"column":6},"end":{"line":85,"column":30}},"43":{"start":{"line":90,"column":18},"end":{"line":90,"column":63}},"44":{"start":{"line":91,"column":2},"end":{"line":110,"column":3}},"45":{"start":{"line":92,"column":21},"end":{"line":92,"column":44}},"46":{"start":{"line":93,"column":20},"end":{"line":93,"column":48}},"47":{"start":{"line":95,"column":4},"end":{"line":97,"column":5}},"48":{"start":{"line":96,"column":6},"end":{"line":96,"column":37}},"49":{"start":{"line":99,"column":4},"end":{"line":99,"column":54}},"50":{"start":{"line":102,"column":4},"end":{"line":105,"column":5}},"51":{"start":{"line":103,"column":26},"end":{"line":103,"column":64}},"52":{"start":{"line":104,"column":6},"end":{"line":104,"column":51}},"53":{"start":{"line":107,"column":4},"end":{"line":109,"column":6}},"54":{"start":{"line":113,"column":2},"end":{"line":113,"column":83}},"55":{"start":{"line":115,"column":16},"end":{"line":115,"column":50}},"56":{"start":{"line":116,"column":2},"end":{"line":116,"column":25}},"57":{"start":{"line":123,"column":20},"end":{"line":125,"column":1}},"58":{"start":{"line":124,"column":2},"end":{"line":124,"column":34}},"59":{"start":{"line":129,"column":20},"end":{"line":140,"column":1}},"60":{"start":{"line":130,"column":2},"end":{"line":132,"column":3}},"61":{"start":{"line":131,"column":4},"end":{"line":131,"column":67}},"62":{"start":{"line":134,"column":15},"end":{"line":134,"column":45}},"63":{"start":{"line":135,"column":2},"end":{"line":137,"column":3}},"64":{"start":{"line":136,"column":4},"end":{"line":136,"column":79}},"65":{"start":{"line":139,"column":2},"end":{"line":139,"column":14}},"66":{"start":{"line":142,"column":19},"end":{"line":149,"column":1}},"67":{"start":{"line":143,"column":15},"end":{"line":143,"column":42}},"68":{"start":{"line":144,"column":2},"end":{"line":146,"column":3}},"69":{"start":{"line":145,"column":4},"end":{"line":145,"column":52}},"70":{"start":{"line":147,"column":2},"end":{"line":147,"column":34}},"71":{"start":{"line":148,"column":2},"end":{"line":148,"column":27}},"72":{"start":{"line":155,"column":20},"end":{"line":169,"column":1}},"73":{"start":{"line":156,"column":20},"end":{"line":156,"column":23}},"74":{"start":{"line":158,"column":2},"end":{"line":160,"column":3}},"75":{"start":{"line":159,"column":4},"end":{"line":159,"column":71}},"76":{"start":{"line":162,"column":15},"end":{"line":162,"column":48}},"77":{"start":{"line":164,"column":2},"end":{"line":166,"column":3}},"78":{"start":{"line":165,"column":4},"end":{"line":165,"column":66}},"79":{"start":{"line":168,"column":2},"end":{"line":168,"column":14}},"80":{"start":{"line":173,"column":23},"end":{"line":179,"column":1}},"81":{"start":{"line":174,"column":15},"end":{"line":174,"column":42}},"82":{"start":{"line":175,"column":2},"end":{"line":175,"column":47}},"83":{"start":{"line":175,"column":13},"end":{"line":175,"column":47}},"84":{"start":{"line":177,"column":2},"end":{"line":177,"column":30}},"85":{"start":{"line":178,"column":2},"end":{"line":178,"column":20}},"86":{"start":{"line":183,"column":19},"end":{"line":185,"column":1}},"87":{"start":{"line":184,"column":2},"end":{"line":184,"column":43}},"88":{"start":{"line":187,"column":29},"end":{"line":189,"column":1}},"89":{"start":{"line":188,"column":2},"end":{"line":188,"column":51}},"90":{"start":{"line":191,"column":22},"end":{"line":193,"column":1}},"91":{"start":{"line":192,"column":2},"end":{"line":192,"column":44}},"92":{"start":{"line":195,"column":26},"end":{"line":200,"column":1}},"93":{"start":{"line":196,"column":15},"end":{"line":196,"column":50}},"94":{"start":{"line":197,"column":2},"end":{"line":197,"column":61}},"95":{"start":{"line":197,"column":13},"end":{"line":197,"column":61}},"96":{"start":{"line":199,"column":2},"end":{"line":199,"column":55}},"97":{"start":{"line":202,"column":29},"end":{"line":204,"column":1}},"98":{"start":{"line":203,"column":2},"end":{"line":203,"column":48}},"99":{"start":{"line":209,"column":17},"end":{"line":222,"column":1}},"100":{"start":{"line":210,"column":2},"end":{"line":221,"column":3}},"101":{"start":{"line":211,"column":19},"end":{"line":211,"column":66}},"102":{"start":{"line":214,"column":4},"end":{"line":216,"column":5}},"103":{"start":{"line":215,"column":6},"end":{"line":215,"column":48}},"104":{"start":{"line":218,"column":4},"end":{"line":218,"column":18}},"105":{"start":{"line":220,"column":4},"end":{"line":220,"column":16}},"106":{"start":{"line":226,"column":19},"end":{"line":228,"column":1}},"107":{"start":{"line":227,"column":2},"end":{"line":227,"column":41}},"108":{"start":{"line":231,"column":25},"end":{"line":233,"column":1}},"109":{"start":{"line":232,"column":2},"end":{"line":232,"column":43}},"110":{"start":{"line":236,"column":24},"end":{"line":238,"column":1}},"111":{"start":{"line":237,"column":2},"end":{"line":237,"column":45}},"112":{"start":{"line":245,"column":17},"end":{"line":247,"column":1}},"113":{"start":{"line":246,"column":2},"end":{"line":246,"column":43}},"114":{"start":{"line":251,"column":22},"end":{"line":257,"column":1}},"115":{"start":{"line":252,"column":2},"end":{"line":256,"column":3}},"116":{"start":{"line":253,"column":4},"end":{"line":253,"column":40}},"117":{"start":{"line":255,"column":4},"end":{"line":255,"column":16}},"118":{"start":{"line":259,"column":35},"end":{"line":278,"column":3}},"119":{"start":{"line":260,"column":16},"end":{"line":260,"column":44}},"120":{"start":{"line":262,"column":2},"end":{"line":277,"column":3}},"121":{"start":{"line":263,"column":28},"end":{"line":263,"column":32}},"122":{"start":{"line":265,"column":4},"end":{"line":265,"column":34}},"123":{"start":{"line":265,"column":25},"end":{"line":265,"column":34}},"124":{"start":{"line":267,"column":24},"end":{"line":272,"column":5}},"125":{"start":{"line":273,"column":4},"end":{"line":273,"column":61}},"126":{"start":{"line":275,"column":4},"end":{"line":275,"column":39}},"127":{"start":{"line":280,"column":35},"end":{"line":282,"column":3}},"128":{"start":{"line":281,"column":4},"end":{"line":281,"column":53}},"129":{"start":{"line":308,"column":0},"end":{"line":332,"column":2}}},"fnMap":{"0":{"name":"(anonymous_0)","decl":{"start":{"line":21,"column":19},"end":{"line":21,"column":20}},"loc":{"start":{"line":21,"column":49},"end":{"line":51,"column":1}},"line":21},"1":{"name":"(anonymous_1)","decl":{"start":{"line":54,"column":32},"end":{"line":54,"column":33}},"loc":{"start":{"line":54,"column":44},"end":{"line":56,"column":1}},"line":54},"2":{"name":"(anonymous_2)","decl":{"start":{"line":63,"column":14},"end":{"line":63,"column":15}},"loc":{"start":{"line":63,"column":45},"end":{"line":117,"column":1}},"line":63},"3":{"name":"(anonymous_3)","decl":{"start":{"line":123,"column":20},"end":{"line":123,"column":21}},"loc":{"start":{"line":123,"column":32},"end":{"line":125,"column":1}},"line":123},"4":{"name":"(anonymous_4)","decl":{"start":{"line":129,"column":20},"end":{"line":129,"column":21}},"loc":{"start":{"line":129,"column":34},"end":{"line":140,"column":1}},"line":129},"5":{"name":"(anonymous_5)","decl":{"start":{"line":142,"column":19},"end":{"line":142,"column":20}},"loc":{"start":{"line":142,"column":45},"end":{"line":149,"column":1}},"line":142},"6":{"name":"(anonymous_6)","decl":{"start":{"line":155,"column":20},"end":{"line":155,"column":21}},"loc":{"start":{"line":155,"column":35},"end":{"line":169,"column":1}},"line":155},"7":{"name":"(anonymous_7)","decl":{"start":{"line":173,"column":23},"end":{"line":173,"column":24}},"loc":{"start":{"line":173,"column":54},"end":{"line":179,"column":1}},"line":173},"8":{"name":"(anonymous_8)","decl":{"start":{"line":183,"column":19},"end":{"line":183,"column":20}},"loc":{"start":{"line":183,"column":33},"end":{"line":185,"column":1}},"line":183},"9":{"name":"(anonymous_9)","decl":{"start":{"line":187,"column":29},"end":{"line":187,"column":30}},"loc":{"start":{"line":187,"column":51},"end":{"line":189,"column":1}},"line":187},"10":{"name":"(anonymous_10)","decl":{"start":{"line":191,"column":22},"end":{"line":191,"column":23}},"loc":{"start":{"line":191,"column":37},"end":{"line":193,"column":1}},"line":191},"11":{"name":"(anonymous_11)","decl":{"start":{"line":195,"column":26},"end":{"line":195,"column":27}},"loc":{"start":{"line":195,"column":53},"end":{"line":200,"column":1}},"line":195},"12":{"name":"(anonymous_12)","decl":{"start":{"line":202,"column":29},"end":{"line":202,"column":30}},"loc":{"start":{"line":202,"column":41},"end":{"line":204,"column":1}},"line":202},"13":{"name":"(anonymous_13)","decl":{"start":{"line":209,"column":17},"end":{"line":209,"column":18}},"loc":{"start":{"line":209,"column":51},"end":{"line":222,"column":1}},"line":209},"14":{"name":"(anonymous_14)","decl":{"start":{"line":226,"column":19},"end":{"line":226,"column":20}},"loc":{"start":{"line":226,"column":35},"end":{"line":228,"column":1}},"line":226},"15":{"name":"(anonymous_15)","decl":{"start":{"line":231,"column":25},"end":{"line":231,"column":26}},"loc":{"start":{"line":231,"column":37},"end":{"line":233,"column":1}},"line":231},"16":{"name":"(anonymous_16)","decl":{"start":{"line":236,"column":24},"end":{"line":236,"column":25}},"loc":{"start":{"line":236,"column":41},"end":{"line":238,"column":1}},"line":236},"17":{"name":"(anonymous_17)","decl":{"start":{"line":245,"column":17},"end":{"line":245,"column":18}},"loc":{"start":{"line":245,"column":37},"end":{"line":247,"column":1}},"line":245},"18":{"name":"(anonymous_18)","decl":{"start":{"line":251,"column":22},"end":{"line":251,"column":23}},"loc":{"start":{"line":251,"column":34},"end":{"line":257,"column":1}},"line":251},"19":{"name":"(anonymous_19)","decl":{"start":{"line":259,"column":35},"end":{"line":259,"column":36}},"loc":{"start":{"line":259,"column":47},"end":{"line":278,"column":3}},"line":259},"20":{"name":"(anonymous_20)","decl":{"start":{"line":280,"column":35},"end":{"line":280,"column":36}},"loc":{"start":{"line":280,"column":47},"end":{"line":282,"column":3}},"line":280}},"branchMap":{"0":{"loc":{"start":{"line":24,"column":2},"end":{"line":26,"column":3}},"type":"if","locations":[{"start":{"line":24,"column":2},"end":{"line":26,"column":3}},{"start":{},"end":{}}],"line":24},"1":{"loc":{"start":{"line":24,"column":6},"end":{"line":24,"column":57}},"type":"binary-expr","locations":[{"start":{"line":24,"column":6},"end":{"line":24,"column":11}},{"start":{"line":24,"column":15},"end":{"line":24,"column":21}},{"start":{"line":24,"column":25},"end":{"line":24,"column":33}},{"start":{"line":24,"column":37},"end":{"line":24,"column":46}},{"start":{"line":24,"column":50},"end":{"line":24,"column":57}}],"line":24},"2":{"loc":{"start":{"line":29,"column":2},"end":{"line":31,"column":3}},"type":"if","locations":[{"start":{"line":29,"column":2},"end":{"line":31,"column":3}},{"start":{},"end":{}}],"line":29},"3":{"loc":{"start":{"line":47,"column":17},"end":{"line":47,"column":51}},"type":"binary-expr","locations":[{"start":{"line":47,"column":17},"end":{"line":47,"column":43}},{"start":{"line":47,"column":47},"end":{"line":47,"column":51}}],"line":47},"4":{"loc":{"start":{"line":64,"column":2},"end":{"line":66,"column":3}},"type":"if","locations":[{"start":{"line":64,"column":2},"end":{"line":66,"column":3}},{"start":{},"end":{}}],"line":64},"5":{"loc":{"start":{"line":64,"column":6},"end":{"line":64,"column":25}},"type":"binary-expr","locations":[{"start":{"line":64,"column":6},"end":{"line":64,"column":12}},{"start":{"line":64,"column":16},"end":{"line":64,"column":25}}],"line":64},"6":{"loc":{"start":{"line":69,"column":2},"end":{"line":71,"column":3}},"type":"if","locations":[{"start":{"line":69,"column":2},"end":{"line":71,"column":3}},{"start":{},"end":{}}],"line":69},"7":{"loc":{"start":{"line":77,"column":2},"end":{"line":88,"column":3}},"type":"if","locations":[{"start":{"line":77,"column":2},"end":{"line":88,"column":3}},{"start":{},"end":{}}],"line":77},"8":{"loc":{"start":{"line":79,"column":4},"end":{"line":87,"column":5}},"type":"if","locations":[{"start":{"line":79,"column":4},"end":{"line":87,"column":5}},{"start":{"line":82,"column":11},"end":{"line":87,"column":5}}],"line":79},"9":{"loc":{"start":{"line":91,"column":2},"end":{"line":110,"column":3}},"type":"if","locations":[{"start":{"line":91,"column":2},"end":{"line":110,"column":3}},{"start":{},"end":{}}],"line":91},"10":{"loc":{"start":{"line":95,"column":4},"end":{"line":97,"column":5}},"type":"if","locations":[{"start":{"line":95,"column":4},"end":{"line":97,"column":5}},{"start":{},"end":{}}],"line":95},"11":{"loc":{"start":{"line":102,"column":4},"end":{"line":105,"column":5}},"type":"if","locations":[{"start":{"line":102,"column":4},"end":{"line":105,"column":5}},{"start":{},"end":{}}],"line":102},"12":{"loc":{"start":{"line":130,"column":2},"end":{"line":132,"column":3}},"type":"if","locations":[{"start":{"line":130,"column":2},"end":{"line":132,"column":3}},{"start":{},"end":{}}],"line":130},"13":{"loc":{"start":{"line":130,"column":6},"end":{"line":130,"column":22}},"type":"binary-expr","locations":[{"start":{"line":130,"column":6},"end":{"line":130,"column":9}},{"start":{"line":130,"column":13},"end":{"line":130,"column":22}}],"line":130},"14":{"loc":{"start":{"line":135,"column":2},"end":{"line":137,"column":3}},"type":"if","locations":[{"start":{"line":135,"column":2},"end":{"line":137,"column":3}},{"start":{},"end":{}}],"line":135},"15":{"loc":{"start":{"line":144,"column":2},"end":{"line":146,"column":3}},"type":"if","locations":[{"start":{"line":144,"column":2},"end":{"line":146,"column":3}},{"start":{},"end":{}}],"line":144},"16":{"loc":{"start":{"line":158,"column":2},"end":{"line":160,"column":3}},"type":"if","locations":[{"start":{"line":158,"column":2},"end":{"line":160,"column":3}},{"start":{},"end":{}}],"line":158},"17":{"loc":{"start":{"line":164,"column":2},"end":{"line":166,"column":3}},"type":"if","locations":[{"start":{"line":164,"column":2},"end":{"line":166,"column":3}},{"start":{},"end":{}}],"line":164},"18":{"loc":{"start":{"line":175,"column":2},"end":{"line":175,"column":47}},"type":"if","locations":[{"start":{"line":175,"column":2},"end":{"line":175,"column":47}},{"start":{},"end":{}}],"line":175},"19":{"loc":{"start":{"line":197,"column":2},"end":{"line":197,"column":61}},"type":"if","locations":[{"start":{"line":197,"column":2},"end":{"line":197,"column":61}},{"start":{},"end":{}}],"line":197},"20":{"loc":{"start":{"line":214,"column":4},"end":{"line":216,"column":5}},"type":"if","locations":[{"start":{"line":214,"column":4},"end":{"line":216,"column":5}},{"start":{},"end":{}}],"line":214},"21":{"loc":{"start":{"line":214,"column":8},"end":{"line":214,"column":59}},"type":"binary-expr","locations":[{"start":{"line":214,"column":8},"end":{"line":214,"column":15}},{"start":{"line":214,"column":19},"end":{"line":214,"column":31}},{"start":{"line":214,"column":35},"end":{"line":214,"column":59}}],"line":214},"22":{"loc":{"start":{"line":265,"column":4},"end":{"line":265,"column":34}},"type":"if","locations":[{"start":{"line":265,"column":4},"end":{"line":265,"column":34}},{"start":{},"end":{}}],"line":265},"23":{"loc":{"start":{"line":265,"column":8},"end":{"line":265,"column":23}},"type":"binary-expr","locations":[{"start":{"line":265,"column":8},"end":{"line":265,"column":13}},{"start":{"line":265,"column":17},"end":{"line":265,"column":23}}],"line":265}},"s":{"0":2,"1":2,"2":2,"3":2,"4":2,"5":2,"6":2,"7":2,"8":2,"9":2,"10":2,"11":2,"12":2,"13":2,"14":2,"15":2,"16":2,"17":2,"18":0,"19":2,"20":2,"21":1,"22":1,"23":1,"24":1,"25":1,"26":2,"27":0,"28":2,"29":3,"30":0,"31":3,"32":3,"33":1,"34":2,"35":2,"36":2,"37":0,"38":0,"39":0,"40":0,"41":0,"42":0,"43":2,"44":2,"45":1,"46":1,"47":1,"48":0,"49":1,"50":1,"51":0,"52":0,"53":1,"54":1,"55":1,"56":1,"57":2,"58":0,"59":2,"60":0,"61":0,"62":0,"63":0,"64":0,"65":0,"66":2,"67":0,"68":0,"69":0,"70":0,"71":0,"72":2,"73":0,"74":0,"75":0,"76":0,"77":0,"78":0,"79":0,"80":2,"81":0,"82":0,"83":0,"84":0,"85":0,"86":2,"87":0,"88":2,"89":0,"90":2,"91":0,"92":2,"93":0,"94":0,"95":0,"96":0,"97":2,"98":0,"99":2,"100":0,"101":0,"102":0,"103":0,"104":0,"105":0,"106":2,"107":0,"108":2,"109":0,"110":2,"111":0,"112":2,"113":0,"114":2,"115":0,"116":0,"117":0,"118":2,"119":0,"120":0,"121":0,"122":0,"123":0,"124":0,"125":0,"126":0,"127":2,"128":0,"129":2},"f":{"0":2,"1":0,"2":3,"3":0,"4":0,"5":0,"6":0,"7":0,"8":0,"9":0,"10":0,"11":0,"12":0,"13":0,"14":0,"15":0,"16":0,"17":0,"18":0,"19":0,"20":0},"b":{"0":[0,2],"1":[2,2,2,2,2],"2":[1,1],"3":[1,0],"4":[0,3],"5":[3,3],"6":[1,2],"7":[0,2],"8":[0,0],"9":[1,1],"10":[0,1],"11":[0,1],"12":[0,0],"13":[0,0],"14":[0,0],"15":[0,0],"16":[0,0],"17":[0,0],"18":[0,0],"19":[0,0],"20":[0,0],"21":[0,0,0],"22":[0,0],"23":[0,0]},"_coverageSchema":"1a1c01bbd47fc00a2c39e90264f33305004495a9","hash":"97c0345e360ef905a716e6838efeea596ffe0747"}
,"D:\\backup(m)\\node-project-git\\node-js-project\\src\\constants\\MessageConstant.js": {"path":"D:\\backup(m)\\node-project-git\\node-js-project\\src\\constants\\MessageConstant.js","statementMap":{"0":{"start":{"line":3,"column":0},"end":{"line":60,"column":2}},"1":{"start":{"line":38,"column":39},"end":{"line":38,"column":81}},"2":{"start":{"line":39,"column":51},"end":{"line":39,"column":94}},"3":{"start":{"line":40,"column":35},"end":{"line":40,"column":91}}},"fnMap":{"0":{"name":"(anonymous_0)","decl":{"start":{"line":38,"column":26},"end":{"line":38,"column":27}},"loc":{"start":{"line":38,"column":39},"end":{"line":38,"column":81}},"line":38},"1":{"name":"(anonymous_1)","decl":{"start":{"line":39,"column":32},"end":{"line":39,"column":33}},"loc":{"start":{"line":39,"column":51},"end":{"line":39,"column":94}},"line":39},"2":{"name":"(anonymous_2)","decl":{"start":{"line":40,"column":22},"end":{"line":40,"column":23}},"loc":{"start":{"line":40,"column":35},"end":{"line":40,"column":91}},"line":40}},"branchMap":{},"s":{"0":3,"1":0,"2":2,"3":0},"f":{"0":0,"1":2,"2":0},"b":{},"_coverageSchema":"1a1c01bbd47fc00a2c39e90264f33305004495a9","hash":"48b70ccb45c5953a235bdead285e774ebc522053"}
,"D:\\backup(m)\\node-project-git\\node-js-project\\src\\controllers\\UserController.js": {"path":"D:\\backup(m)\\node-project-git\\node-js-project\\src\\controllers\\UserController.js","statementMap":{"0":{"start":{"line":1,"column":20},"end":{"line":1,"column":53}},"1":{"start":{"line":3,"column":13},"end":{"line":3,"column":38}},"2":{"start":{"line":4,"column":24},"end":{"line":4,"column":63}},"3":{"start":{"line":5,"column":32},"end":{"line":5,"column":58}},"4":{"start":{"line":6,"column":28},"end":{"line":6,"column":60}},"5":{"start":{"line":7,"column":12},"end":{"line":7,"column":35}},"6":{"start":{"line":8,"column":20},"end":{"line":8,"column":51}},"7":{"start":{"line":9,"column":14},"end":{"line":9,"column":30}},"8":{"start":{"line":10,"column":26},"end":{"line":10,"column":55}},"9":{"start":{"line":11,"column":37},"end":{"line":11,"column":70}},"10":{"start":{"line":13,"column":13},"end":{"line":13,"column":38}},"11":{"start":{"line":14,"column":12},"end":{"line":14,"column":35}},"12":{"start":{"line":15,"column":15},"end":{"line":15,"column":32}},"13":{"start":{"line":18,"column":19},"end":{"line":31,"column":1}},"14":{"start":{"line":19,"column":2},"end":{"line":30,"column":3}},"15":{"start":{"line":20,"column":26},"end":{"line":20,"column":58}},"16":{"start":{"line":22,"column":4},"end":{"line":22,"column":36}},"17":{"start":{"line":23,"column":17},"end":{"line":23,"column":70}},"18":{"start":{"line":25,"column":49},"end":{"line":25,"column":53}},"19":{"start":{"line":27,"column":4},"end":{"line":27,"column":94}},"20":{"start":{"line":29,"column":4},"end":{"line":29,"column":16}},"21":{"start":{"line":34,"column":21},"end":{"line":42,"column":1}},"22":{"start":{"line":35,"column":2},"end":{"line":41,"column":3}},"23":{"start":{"line":36,"column":18},"end":{"line":36,"column":61}},"24":{"start":{"line":37,"column":4},"end":{"line":37,"column":71}},"25":{"start":{"line":39,"column":4},"end":{"line":39,"column":21}},"26":{"start":{"line":40,"column":4},"end":{"line":40,"column":14}},"27":{"start":{"line":46,"column":20},"end":{"line":54,"column":1}},"28":{"start":{"line":47,"column":2},"end":{"line":53,"column":3}},"29":{"start":{"line":48,"column":18},"end":{"line":48,"column":49}},"30":{"start":{"line":49,"column":4},"end":{"line":49,"column":72}},"31":{"start":{"line":51,"column":4},"end":{"line":51,"column":23}},"32":{"start":{"line":52,"column":4},"end":{"line":52,"column":16}},"33":{"start":{"line":56,"column":20},"end":{"line":63,"column":1}},"34":{"start":{"line":57,"column":2},"end":{"line":62,"column":3}},"35":{"start":{"line":58,"column":17},"end":{"line":58,"column":61}},"36":{"start":{"line":59,"column":4},"end":{"line":59,"column":70}},"37":{"start":{"line":61,"column":4},"end":{"line":61,"column":16}},"38":{"start":{"line":65,"column":14},"end":{"line":72,"column":1}},"39":{"start":{"line":66,"column":2},"end":{"line":71,"column":3}},"40":{"start":{"line":67,"column":21},"end":{"line":67,"column":54}},"41":{"start":{"line":68,"column":4},"end":{"line":68,"column":74}},"42":{"start":{"line":70,"column":4},"end":{"line":70,"column":14}},"43":{"start":{"line":75,"column":33},"end":{"line":83,"column":1}},"44":{"start":{"line":76,"column":2},"end":{"line":82,"column":3}},"45":{"start":{"line":77,"column":36},"end":{"line":77,"column":44}},"46":{"start":{"line":78,"column":4},"end":{"line":78,"column":58}},"47":{"start":{"line":79,"column":4},"end":{"line":79,"column":71}},"48":{"start":{"line":81,"column":4},"end":{"line":81,"column":16}},"49":{"start":{"line":85,"column":19},"end":{"line":110,"column":1}},"50":{"start":{"line":86,"column":2},"end":{"line":109,"column":3}},"51":{"start":{"line":87,"column":28},"end":{"line":87,"column":43}},"52":{"start":{"line":88,"column":41},"end":{"line":88,"column":49}},"53":{"start":{"line":90,"column":4},"end":{"line":92,"column":5}},"54":{"start":{"line":91,"column":6},"end":{"line":91,"column":68}},"55":{"start":{"line":94,"column":17},"end":{"line":94,"column":63}},"56":{"start":{"line":95,"column":4},"end":{"line":97,"column":5}},"57":{"start":{"line":96,"column":6},"end":{"line":96,"column":60}},"58":{"start":{"line":99,"column":20},"end":{"line":99,"column":68}},"59":{"start":{"line":100,"column":4},"end":{"line":102,"column":5}},"60":{"start":{"line":101,"column":6},"end":{"line":101,"column":71}},"61":{"start":{"line":104,"column":4},"end":{"line":104,"column":77}},"62":{"start":{"line":106,"column":4},"end":{"line":106,"column":73}},"63":{"start":{"line":108,"column":4},"end":{"line":108,"column":16}},"64":{"start":{"line":115,"column":20},"end":{"line":122,"column":1}},"65":{"start":{"line":116,"column":2},"end":{"line":121,"column":3}},"66":{"start":{"line":117,"column":17},"end":{"line":117,"column":56}},"67":{"start":{"line":118,"column":4},"end":{"line":118,"column":68}},"68":{"start":{"line":120,"column":4},"end":{"line":120,"column":16}},"69":{"start":{"line":124,"column":19},"end":{"line":135,"column":1}},"70":{"start":{"line":125,"column":2},"end":{"line":134,"column":3}},"71":{"start":{"line":126,"column":20},"end":{"line":126,"column":63}},"72":{"start":{"line":127,"column":4},"end":{"line":131,"column":5}},"73":{"start":{"line":128,"column":6},"end":{"line":128,"column":73}},"74":{"start":{"line":130,"column":6},"end":{"line":130,"column":65}},"75":{"start":{"line":133,"column":4},"end":{"line":133,"column":16}},"76":{"start":{"line":137,"column":30},"end":{"line":144,"column":1}},"77":{"start":{"line":138,"column":2},"end":{"line":143,"column":3}},"78":{"start":{"line":139,"column":18},"end":{"line":139,"column":66}},"79":{"start":{"line":140,"column":4},"end":{"line":140,"column":77}},"80":{"start":{"line":142,"column":4},"end":{"line":142,"column":16}},"81":{"start":{"line":146,"column":22},"end":{"line":158,"column":1}},"82":{"start":{"line":147,"column":2},"end":{"line":157,"column":3}},"83":{"start":{"line":148,"column":20},"end":{"line":148,"column":28}},"84":{"start":{"line":149,"column":4},"end":{"line":151,"column":5}},"85":{"start":{"line":150,"column":6},"end":{"line":150,"column":57}},"86":{"start":{"line":153,"column":18},"end":{"line":153,"column":54}},"87":{"start":{"line":154,"column":4},"end":{"line":154,"column":75}},"88":{"start":{"line":156,"column":4},"end":{"line":156,"column":16}},"89":{"start":{"line":160,"column":26},"end":{"line":168,"column":1}},"90":{"start":{"line":161,"column":2},"end":{"line":167,"column":3}},"91":{"start":{"line":162,"column":32},"end":{"line":162,"column":40}},"92":{"start":{"line":163,"column":4},"end":{"line":163,"column":57}},"93":{"start":{"line":164,"column":4},"end":{"line":164,"column":77}},"94":{"start":{"line":166,"column":4},"end":{"line":166,"column":16}},"95":{"start":{"line":170,"column":31},"end":{"line":177,"column":1}},"96":{"start":{"line":171,"column":2},"end":{"line":176,"column":3}},"97":{"start":{"line":172,"column":19},"end":{"line":172,"column":69}},"98":{"start":{"line":173,"column":4},"end":{"line":173,"column":77}},"99":{"start":{"line":175,"column":4},"end":{"line":175,"column":16}},"100":{"start":{"line":179,"column":25},"end":{"line":186,"column":1}},"101":{"start":{"line":180,"column":2},"end":{"line":185,"column":3}},"102":{"start":{"line":181,"column":19},"end":{"line":181,"column":63}},"103":{"start":{"line":182,"column":4},"end":{"line":182,"column":77}},"104":{"start":{"line":184,"column":4},"end":{"line":184,"column":16}},"105":{"start":{"line":188,"column":17},"end":{"line":214,"column":1}},"106":{"start":{"line":189,"column":15},"end":{"line":189,"column":31}},"107":{"start":{"line":190,"column":16},"end":{"line":190,"column":34}},"108":{"start":{"line":191,"column":17},"end":{"line":191,"column":35}},"109":{"start":{"line":194,"column":17},"end":{"line":205,"column":4}},"110":{"start":{"line":207,"column":2},"end":{"line":213,"column":4}},"111":{"start":{"line":216,"column":19},"end":{"line":224,"column":1}},"112":{"start":{"line":217,"column":2},"end":{"line":223,"column":3}},"113":{"start":{"line":218,"column":30},"end":{"line":218,"column":68}},"114":{"start":{"line":219,"column":20},"end":{"line":219,"column":103}},"115":{"start":{"line":220,"column":4},"end":{"line":220,"column":43}},"116":{"start":{"line":222,"column":4},"end":{"line":222,"column":16}},"117":{"start":{"line":226,"column":24},"end":{"line":240,"column":1}},"118":{"start":{"line":227,"column":2},"end":{"line":239,"column":3}},"119":{"start":{"line":228,"column":22},"end":{"line":228,"column":30}},"120":{"start":{"line":229,"column":18},"end":{"line":229,"column":37}},"121":{"start":{"line":231,"column":4},"end":{"line":233,"column":5}},"122":{"start":{"line":232,"column":6},"end":{"line":232,"column":71}},"123":{"start":{"line":235,"column":19},"end":{"line":235,"column":59}},"124":{"start":{"line":236,"column":4},"end":{"line":236,"column":76}},"125":{"start":{"line":238,"column":4},"end":{"line":238,"column":16}},"126":{"start":{"line":247,"column":17},"end":{"line":254,"column":1}},"127":{"start":{"line":248,"column":2},"end":{"line":253,"column":3}},"128":{"start":{"line":249,"column":17},"end":{"line":249,"column":53}},"129":{"start":{"line":250,"column":4},"end":{"line":250,"column":71}},"130":{"start":{"line":252,"column":4},"end":{"line":252,"column":16}},"131":{"start":{"line":256,"column":22},"end":{"line":263,"column":1}},"132":{"start":{"line":257,"column":2},"end":{"line":262,"column":3}},"133":{"start":{"line":258,"column":18},"end":{"line":258,"column":51}},"134":{"start":{"line":259,"column":4},"end":{"line":259,"column":75}},"135":{"start":{"line":261,"column":4},"end":{"line":261,"column":16}},"136":{"start":{"line":265,"column":21},"end":{"line":272,"column":1}},"137":{"start":{"line":266,"column":2},"end":{"line":271,"column":3}},"138":{"start":{"line":267,"column":4},"end":{"line":267,"column":51}},"139":{"start":{"line":268,"column":4},"end":{"line":268,"column":30}},"140":{"start":{"line":270,"column":4},"end":{"line":270,"column":16}},"141":{"start":{"line":284,"column":27},"end":{"line":298,"column":1}},"142":{"start":{"line":285,"column":2},"end":{"line":297,"column":3}},"143":{"start":{"line":286,"column":34},"end":{"line":286,"column":42}},"144":{"start":{"line":288,"column":4},"end":{"line":290,"column":5}},"145":{"start":{"line":289,"column":6},"end":{"line":289,"column":74}},"146":{"start":{"line":292,"column":19},"end":{"line":292,"column":57}},"147":{"start":{"line":293,"column":4},"end":{"line":293,"column":72}},"148":{"start":{"line":295,"column":4},"end":{"line":295,"column":49}},"149":{"start":{"line":296,"column":4},"end":{"line":296,"column":67}},"150":{"start":{"line":300,"column":26},"end":{"line":308,"column":1}},"151":{"start":{"line":301,"column":2},"end":{"line":307,"column":3}},"152":{"start":{"line":302,"column":19},"end":{"line":302,"column":63}},"153":{"start":{"line":303,"column":4},"end":{"line":303,"column":72}},"154":{"start":{"line":305,"column":4},"end":{"line":305,"column":59}},"155":{"start":{"line":306,"column":4},"end":{"line":306,"column":70}},"156":{"start":{"line":375,"column":33},"end":{"line":399,"column":1}},"157":{"start":{"line":376,"column":2},"end":{"line":398,"column":3}},"158":{"start":{"line":378,"column":20},"end":{"line":378,"column":61}},"159":{"start":{"line":379,"column":28},"end":{"line":379,"column":38}},"160":{"start":{"line":381,"column":4},"end":{"line":383,"column":5}},"161":{"start":{"line":382,"column":6},"end":{"line":382,"column":57}},"162":{"start":{"line":386,"column":27},"end":{"line":389,"column":5}},"163":{"start":{"line":391,"column":4},"end":{"line":393,"column":5}},"164":{"start":{"line":392,"column":6},"end":{"line":392,"column":64}},"165":{"start":{"line":395,"column":4},"end":{"line":395,"column":54}},"166":{"start":{"line":397,"column":4},"end":{"line":397,"column":16}},"167":{"start":{"line":403,"column":0},"end":{"line":429,"column":2}}},"fnMap":{"0":{"name":"(anonymous_0)","decl":{"start":{"line":18,"column":19},"end":{"line":18,"column":20}},"loc":{"start":{"line":18,"column":45},"end":{"line":31,"column":1}},"line":18},"1":{"name":"(anonymous_1)","decl":{"start":{"line":34,"column":21},"end":{"line":34,"column":22}},"loc":{"start":{"line":34,"column":47},"end":{"line":42,"column":1}},"line":34},"2":{"name":"(anonymous_2)","decl":{"start":{"line":46,"column":20},"end":{"line":46,"column":21}},"loc":{"start":{"line":46,"column":46},"end":{"line":54,"column":1}},"line":46},"3":{"name":"(anonymous_3)","decl":{"start":{"line":56,"column":20},"end":{"line":56,"column":21}},"loc":{"start":{"line":56,"column":46},"end":{"line":63,"column":1}},"line":56},"4":{"name":"(anonymous_4)","decl":{"start":{"line":65,"column":14},"end":{"line":65,"column":15}},"loc":{"start":{"line":65,"column":40},"end":{"line":72,"column":1}},"line":65},"5":{"name":"(anonymous_5)","decl":{"start":{"line":75,"column":33},"end":{"line":75,"column":34}},"loc":{"start":{"line":75,"column":59},"end":{"line":83,"column":1}},"line":75},"6":{"name":"(anonymous_6)","decl":{"start":{"line":85,"column":19},"end":{"line":85,"column":20}},"loc":{"start":{"line":85,"column":45},"end":{"line":110,"column":1}},"line":85},"7":{"name":"(anonymous_7)","decl":{"start":{"line":115,"column":20},"end":{"line":115,"column":21}},"loc":{"start":{"line":115,"column":46},"end":{"line":122,"column":1}},"line":115},"8":{"name":"(anonymous_8)","decl":{"start":{"line":124,"column":19},"end":{"line":124,"column":20}},"loc":{"start":{"line":124,"column":45},"end":{"line":135,"column":1}},"line":124},"9":{"name":"(anonymous_9)","decl":{"start":{"line":137,"column":30},"end":{"line":137,"column":31}},"loc":{"start":{"line":137,"column":56},"end":{"line":144,"column":1}},"line":137},"10":{"name":"(anonymous_10)","decl":{"start":{"line":146,"column":22},"end":{"line":146,"column":23}},"loc":{"start":{"line":146,"column":48},"end":{"line":158,"column":1}},"line":146},"11":{"name":"(anonymous_11)","decl":{"start":{"line":160,"column":26},"end":{"line":160,"column":27}},"loc":{"start":{"line":160,"column":52},"end":{"line":168,"column":1}},"line":160},"12":{"name":"(anonymous_12)","decl":{"start":{"line":170,"column":31},"end":{"line":170,"column":32}},"loc":{"start":{"line":170,"column":57},"end":{"line":177,"column":1}},"line":170},"13":{"name":"(anonymous_13)","decl":{"start":{"line":179,"column":25},"end":{"line":179,"column":26}},"loc":{"start":{"line":179,"column":51},"end":{"line":186,"column":1}},"line":179},"14":{"name":"(anonymous_14)","decl":{"start":{"line":188,"column":17},"end":{"line":188,"column":18}},"loc":{"start":{"line":188,"column":35},"end":{"line":214,"column":1}},"line":188},"15":{"name":"(anonymous_15)","decl":{"start":{"line":216,"column":19},"end":{"line":216,"column":20}},"loc":{"start":{"line":216,"column":45},"end":{"line":224,"column":1}},"line":216},"16":{"name":"(anonymous_16)","decl":{"start":{"line":226,"column":24},"end":{"line":226,"column":25}},"loc":{"start":{"line":226,"column":50},"end":{"line":240,"column":1}},"line":226},"17":{"name":"(anonymous_17)","decl":{"start":{"line":247,"column":17},"end":{"line":247,"column":18}},"loc":{"start":{"line":247,"column":43},"end":{"line":254,"column":1}},"line":247},"18":{"name":"(anonymous_18)","decl":{"start":{"line":256,"column":22},"end":{"line":256,"column":23}},"loc":{"start":{"line":256,"column":48},"end":{"line":263,"column":1}},"line":256},"19":{"name":"(anonymous_19)","decl":{"start":{"line":265,"column":21},"end":{"line":265,"column":22}},"loc":{"start":{"line":265,"column":47},"end":{"line":272,"column":1}},"line":265},"20":{"name":"(anonymous_20)","decl":{"start":{"line":284,"column":27},"end":{"line":284,"column":28}},"loc":{"start":{"line":284,"column":47},"end":{"line":298,"column":1}},"line":284},"21":{"name":"(anonymous_21)","decl":{"start":{"line":300,"column":26},"end":{"line":300,"column":27}},"loc":{"start":{"line":300,"column":46},"end":{"line":308,"column":1}},"line":300},"22":{"name":"(anonymous_22)","decl":{"start":{"line":375,"column":33},"end":{"line":375,"column":34}},"loc":{"start":{"line":375,"column":64},"end":{"line":399,"column":1}},"line":375}},"branchMap":{"0":{"loc":{"start":{"line":20,"column":26},"end":{"line":20,"column":58}},"type":"binary-expr","locations":[{"start":{"line":20,"column":26},"end":{"line":20,"column":42}},{"start":{"line":20,"column":46},"end":{"line":20,"column":58}}],"line":20},"1":{"loc":{"start":{"line":90,"column":4},"end":{"line":92,"column":5}},"type":"if","locations":[{"start":{"line":90,"column":4},"end":{"line":92,"column":5}},{"start":{},"end":{}}],"line":90},"2":{"loc":{"start":{"line":90,"column":8},"end":{"line":90,"column":36}},"type":"binary-expr","locations":[{"start":{"line":90,"column":8},"end":{"line":90,"column":20}},{"start":{"line":90,"column":24},"end":{"line":90,"column":36}}],"line":90},"3":{"loc":{"start":{"line":95,"column":4},"end":{"line":97,"column":5}},"type":"if","locations":[{"start":{"line":95,"column":4},"end":{"line":97,"column":5}},{"start":{},"end":{}}],"line":95},"4":{"loc":{"start":{"line":100,"column":4},"end":{"line":102,"column":5}},"type":"if","locations":[{"start":{"line":100,"column":4},"end":{"line":102,"column":5}},{"start":{},"end":{}}],"line":100},"5":{"loc":{"start":{"line":127,"column":4},"end":{"line":131,"column":5}},"type":"if","locations":[{"start":{"line":127,"column":4},"end":{"line":131,"column":5}},{"start":{"line":129,"column":11},"end":{"line":131,"column":5}}],"line":127},"6":{"loc":{"start":{"line":149,"column":4},"end":{"line":151,"column":5}},"type":"if","locations":[{"start":{"line":149,"column":4},"end":{"line":151,"column":5}},{"start":{},"end":{}}],"line":149},"7":{"loc":{"start":{"line":189,"column":15},"end":{"line":189,"column":31}},"type":"binary-expr","locations":[{"start":{"line":189,"column":15},"end":{"line":189,"column":26}},{"start":{"line":189,"column":30},"end":{"line":189,"column":31}}],"line":189},"8":{"loc":{"start":{"line":190,"column":16},"end":{"line":190,"column":34}},"type":"binary-expr","locations":[{"start":{"line":190,"column":16},"end":{"line":190,"column":28}},{"start":{"line":190,"column":32},"end":{"line":190,"column":34}}],"line":190},"9":{"loc":{"start":{"line":219,"column":20},"end":{"line":219,"column":103}},"type":"cond-expr","locations":[{"start":{"line":219,"column":30},"end":{"line":219,"column":65}},{"start":{"line":219,"column":68},"end":{"line":219,"column":103}}],"line":219},"10":{"loc":{"start":{"line":231,"column":4},"end":{"line":233,"column":5}},"type":"if","locations":[{"start":{"line":231,"column":4},"end":{"line":233,"column":5}},{"start":{},"end":{}}],"line":231},"11":{"loc":{"start":{"line":288,"column":4},"end":{"line":290,"column":5}},"type":"if","locations":[{"start":{"line":288,"column":4},"end":{"line":290,"column":5}},{"start":{},"end":{}}],"line":288},"12":{"loc":{"start":{"line":288,"column":8},"end":{"line":288,"column":23}},"type":"binary-expr","locations":[{"start":{"line":288,"column":8},"end":{"line":288,"column":15}},{"start":{"line":288,"column":19},"end":{"line":288,"column":23}}],"line":288},"13":{"loc":{"start":{"line":381,"column":4},"end":{"line":383,"column":5}},"type":"if","locations":[{"start":{"line":381,"column":4},"end":{"line":383,"column":5}},{"start":{},"end":{}}],"line":381},"14":{"loc":{"start":{"line":391,"column":4},"end":{"line":393,"column":5}},"type":"if","locations":[{"start":{"line":391,"column":4},"end":{"line":393,"column":5}},{"start":{},"end":{}}],"line":391}},"s":{"0":1,"1":1,"2":1,"3":1,"4":1,"5":1,"6":1,"7":1,"8":1,"9":1,"10":1,"11":1,"12":1,"13":1,"14":2,"15":2,"16":2,"17":2,"18":1,"19":1,"20":1,"21":1,"22":0,"23":0,"24":0,"25":0,"26":0,"27":1,"28":2,"29":2,"30":1,"31":1,"32":1,"33":1,"34":0,"35":0,"36":0,"37":0,"38":1,"39":2,"40":2,"41":1,"42":1,"43":1,"44":0,"45":0,"46":0,"47":0,"48":0,"49":1,"50":0,"51":0,"52":0,"53":0,"54":0,"55":0,"56":0,"57":0,"58":0,"59":0,"60":0,"61":0,"62":0,"63":0,"64":1,"65":0,"66":0,"67":0,"68":0,"69":1,"70":3,"71":3,"72":2,"73":1,"74":1,"75":1,"76":1,"77":0,"78":0,"79":0,"80":0,"81":1,"82":0,"83":0,"84":0,"85":0,"86":0,"87":0,"88":0,"89":1,"90":0,"91":0,"92":0,"93":0,"94":0,"95":1,"96":0,"97":0,"98":0,"99":0,"100":1,"101":0,"102":0,"103":0,"104":0,"105":1,"106":0,"107":0,"108":0,"109":0,"110":0,"111":1,"112":0,"113":0,"114":0,"115":0,"116":0,"117":1,"118":0,"119":0,"120":0,"121":0,"122":0,"123":0,"124":0,"125":0,"126":1,"127":0,"128":0,"129":0,"130":0,"131":1,"132":0,"133":0,"134":0,"135":0,"136":1,"137":0,"138":0,"139":0,"140":0,"141":1,"142":0,"143":0,"144":0,"145":0,"146":0,"147":0,"148":0,"149":0,"150":1,"151":0,"152":0,"153":0,"154":0,"155":0,"156":1,"157":0,"158":0,"159":0,"160":0,"161":0,"162":0,"163":0,"164":0,"165":0,"166":0,"167":1},"f":{"0":2,"1":0,"2":2,"3":0,"4":2,"5":0,"6":0,"7":0,"8":3,"9":0,"10":0,"11":0,"12":0,"13":0,"14":0,"15":0,"16":0,"17":0,"18":0,"19":0,"20":0,"21":0,"22":0},"b":{"0":[2,1],"1":[0,0],"2":[0,0],"3":[0,0],"4":[0,0],"5":[1,1],"6":[0,0],"7":[0,0],"8":[0,0],"9":[0,0],"10":[0,0],"11":[0,0],"12":[0,0],"13":[0,0],"14":[0,0]},"_coverageSchema":"1a1c01bbd47fc00a2c39e90264f33305004495a9","hash":"cbe60b27045b98308fa20fe134990e974f02a928"}
,"D:\\backup(m)\\node-project-git\\node-js-project\\src\\models\\index.js": {"path":"D:\\backup(m)\\node-project-git\\node-js-project\\src\\models\\index.js","statementMap":{"0":{"start":{"line":1,"column":13},"end":{"line":1,"column":30}},"1":{"start":{"line":2,"column":16},"end":{"line":2,"column":36}},"2":{"start":{"line":3,"column":13},"end":{"line":3,"column":30}},"3":{"start":{"line":4,"column":17},"end":{"line":4,"column":38}},"4":{"start":{"line":7,"column":0},"end":{"line":7,"column":48}},"5":{"start":{"line":8,"column":0},"end":{"line":8,"column":50}},"6":{"start":{"line":10,"column":0},"end":{"line":10,"column":53}},"7":{"start":{"line":13,"column":0},"end":{"line":23,"column":2}},"8":{"start":{"line":14,"column":2},"end":{"line":17,"column":5}},"9":{"start":{"line":19,"column":2},"end":{"line":22,"column":5}},"10":{"start":{"line":26,"column":11},"end":{"line":26,"column":46}},"11":{"start":{"line":29,"column":0},"end":{"line":33,"column":3}},"12":{"start":{"line":30,"column":2},"end":{"line":32,"column":3}},"13":{"start":{"line":31,"column":4},"end":{"line":31,"column":24}},"14":{"start":{"line":35,"column":0},"end":{"line":35,"column":20}}},"fnMap":{"0":{"name":"(anonymous_0)","decl":{"start":{"line":13,"column":17},"end":{"line":13,"column":18}},"loc":{"start":{"line":13,"column":35},"end":{"line":23,"column":1}},"line":13},"1":{"name":"(anonymous_1)","decl":{"start":{"line":29,"column":26},"end":{"line":29,"column":27}},"loc":{"start":{"line":29,"column":35},"end":{"line":33,"column":1}},"line":29}},"branchMap":{"0":{"loc":{"start":{"line":30,"column":2},"end":{"line":32,"column":3}},"type":"if","locations":[{"start":{"line":30,"column":2},"end":{"line":32,"column":3}},{"start":{},"end":{}}],"line":30}},"s":{"0":1,"1":1,"2":1,"3":1,"4":1,"5":1,"6":1,"7":1,"8":1,"9":1,"10":1,"11":1,"12":4,"13":1,"14":1},"f":{"0":1,"1":4},"b":{"0":[1,3]},"_coverageSchema":"1a1c01bbd47fc00a2c39e90264f33305004495a9","hash":"7c32d41c309a8c5fc88738e7cfefa6b4bf625835"}
,"D:\\backup(m)\\node-project-git\\node-js-project\\src\\models\\menu.js": {"path":"D:\\backup(m)\\node-project-git\\node-js-project\\src\\models\\menu.js","statementMap":{"0":{"start":{"line":1,"column":22},"end":{"line":1,"column":42}},"1":{"start":{"line":2,"column":11},"end":{"line":2,"column":41}},"2":{"start":{"line":4,"column":13},"end":{"line":28,"column":2}},"3":{"start":{"line":36,"column":0},"end":{"line":36,"column":22}}},"fnMap":{},"branchMap":{},"s":{"0":1,"1":1,"2":1,"3":1},"f":{},"b":{},"_coverageSchema":"1a1c01bbd47fc00a2c39e90264f33305004495a9","hash":"bbc12ef63b7fd7345430dcccad72b10616347779"}
,"D:\\backup(m)\\node-project-git\\node-js-project\\src\\repository\\userRepository.js": {"path":"D:\\backup(m)\\node-project-git\\node-js-project\\src\\repository\\userRepository.js","statementMap":{"0":{"start":{"line":2,"column":24},"end":{"line":2,"column":44}},"1":{"start":{"line":3,"column":13},"end":{"line":3,"column":38}},"2":{"start":{"line":4,"column":17},"end":{"line":4,"column":42}},"3":{"start":{"line":5,"column":18},"end":{"line":5,"column":38}},"4":{"start":{"line":6,"column":15},"end":{"line":6,"column":32}},"5":{"start":{"line":8,"column":18},"end":{"line":8,"column":48}},"6":{"start":{"line":11,"column":19},"end":{"line":13,"column":1}},"7":{"start":{"line":12,"column":2},"end":{"line":12,"column":33}},"8":{"start":{"line":16,"column":16},"end":{"line":27,"column":1}},"9":{"start":{"line":17,"column":2},"end":{"line":26,"column":5}},"10":{"start":{"line":30,"column":27},"end":{"line":46,"column":1}},"11":{"start":{"line":31,"column":2},"end":{"line":45,"column":5}},"12":{"start":{"line":49,"column":17},"end":{"line":51,"column":1}},"13":{"start":{"line":50,"column":2},"end":{"line":50,"column":33}},"14":{"start":{"line":53,"column":19},"end":{"line":59,"column":1}},"15":{"start":{"line":54,"column":20},"end":{"line":57,"column":4}},"16":{"start":{"line":58,"column":2},"end":{"line":58,"column":17}},"17":{"start":{"line":62,"column":22},"end":{"line":68,"column":1}},"18":{"start":{"line":63,"column":20},"end":{"line":66,"column":4}},"19":{"start":{"line":67,"column":2},"end":{"line":67,"column":17}},"20":{"start":{"line":72,"column":23},"end":{"line":75,"column":1}},"21":{"start":{"line":73,"column":25},"end":{"line":73,"column":59}},"22":{"start":{"line":74,"column":2},"end":{"line":74,"column":76}},"23":{"start":{"line":78,"column":20},"end":{"line":85,"column":1}},"24":{"start":{"line":79,"column":2},"end":{"line":79,"column":55}},"25":{"start":{"line":79,"column":43},"end":{"line":79,"column":55}},"26":{"start":{"line":81,"column":2},"end":{"line":84,"column":5}},"27":{"start":{"line":88,"column":24},"end":{"line":90,"column":1}},"28":{"start":{"line":89,"column":2},"end":{"line":89,"column":69}},"29":{"start":{"line":93,"column":20},"end":{"line":95,"column":1}},"30":{"start":{"line":94,"column":2},"end":{"line":94,"column":66}},"31":{"start":{"line":100,"column":23},"end":{"line":109,"column":1}},"32":{"start":{"line":101,"column":2},"end":{"line":101,"column":25}},"33":{"start":{"line":102,"column":20},"end":{"line":105,"column":4}},"34":{"start":{"line":107,"column":2},"end":{"line":107,"column":35}},"35":{"start":{"line":108,"column":2},"end":{"line":108,"column":17}},"36":{"start":{"line":111,"column":27},"end":{"line":128,"column":1}},"37":{"start":{"line":112,"column":2},"end":{"line":127,"column":3}},"38":{"start":{"line":113,"column":4},"end":{"line":113,"column":27}},"39":{"start":{"line":113,"column":17},"end":{"line":113,"column":27}},"40":{"start":{"line":115,"column":18},"end":{"line":121,"column":5}},"41":{"start":{"line":123,"column":4},"end":{"line":123,"column":41}},"42":{"start":{"line":125,"column":4},"end":{"line":125,"column":23}},"43":{"start":{"line":126,"column":4},"end":{"line":126,"column":14}},"44":{"start":{"line":132,"column":23},"end":{"line":138,"column":1}},"45":{"start":{"line":133,"column":2},"end":{"line":137,"column":5}},"46":{"start":{"line":141,"column":21},"end":{"line":143,"column":1}},"47":{"start":{"line":142,"column":2},"end":{"line":142,"column":66}},"48":{"start":{"line":147,"column":24},"end":{"line":150,"column":1}},"49":{"start":{"line":148,"column":2},"end":{"line":148,"column":25}},"50":{"start":{"line":149,"column":2},"end":{"line":149,"column":27}},"51":{"start":{"line":152,"column":30},"end":{"line":154,"column":1}},"52":{"start":{"line":153,"column":2},"end":{"line":153,"column":58}},"53":{"start":{"line":156,"column":21},"end":{"line":160,"column":1}},"54":{"start":{"line":157,"column":2},"end":{"line":159,"column":5}},"55":{"start":{"line":162,"column":21},"end":{"line":166,"column":1}},"56":{"start":{"line":163,"column":2},"end":{"line":165,"column":5}},"57":{"start":{"line":168,"column":22},"end":{"line":174,"column":1}},"58":{"start":{"line":169,"column":2},"end":{"line":173,"column":5}},"59":{"start":{"line":177,"column":25},"end":{"line":198,"column":1}},"60":{"start":{"line":178,"column":2},"end":{"line":197,"column":3}},"61":{"start":{"line":179,"column":18},"end":{"line":191,"column":6}},"62":{"start":{"line":193,"column":4},"end":{"line":193,"column":17}},"63":{"start":{"line":195,"column":4},"end":{"line":195,"column":40}},"64":{"start":{"line":196,"column":4},"end":{"line":196,"column":61}},"65":{"start":{"line":201,"column":17},"end":{"line":254,"column":1}},"66":{"start":{"line":202,"column":2},"end":{"line":253,"column":3}},"67":{"start":{"line":203,"column":22},"end":{"line":203,"column":42}},"68":{"start":{"line":204,"column":23},"end":{"line":204,"column":44}},"69":{"start":{"line":206,"column":24},"end":{"line":206,"column":45}},"70":{"start":{"line":208,"column":4},"end":{"line":210,"column":5}},"71":{"start":{"line":209,"column":6},"end":{"line":209,"column":61}},"72":{"start":{"line":212,"column":4},"end":{"line":214,"column":5}},"73":{"start":{"line":213,"column":6},"end":{"line":213,"column":47}},"74":{"start":{"line":217,"column":22},"end":{"line":217,"column":41}},"75":{"start":{"line":218,"column":22},"end":{"line":218,"column":44}},"76":{"start":{"line":220,"column":19},"end":{"line":220,"column":41}},"77":{"start":{"line":222,"column":19},"end":{"line":238,"column":6}},"78":{"start":{"line":240,"column":23},"end":{"line":240,"column":58}},"79":{"start":{"line":242,"column":4},"end":{"line":248,"column":6}},"80":{"start":{"line":251,"column":4},"end":{"line":251,"column":40}},"81":{"start":{"line":252,"column":4},"end":{"line":252,"column":16}},"82":{"start":{"line":258,"column":19},"end":{"line":268,"column":1}},"83":{"start":{"line":259,"column":2},"end":{"line":267,"column":3}},"84":{"start":{"line":260,"column":28},"end":{"line":260,"column":72}},"85":{"start":{"line":261,"column":4},"end":{"line":261,"column":29}},"86":{"start":{"line":263,"column":4},"end":{"line":265,"column":5}},"87":{"start":{"line":264,"column":6},"end":{"line":264,"column":89}},"88":{"start":{"line":266,"column":4},"end":{"line":266,"column":16}},"89":{"start":{"line":271,"column":26},"end":{"line":278,"column":1}},"90":{"start":{"line":272,"column":2},"end":{"line":277,"column":5}},"91":{"start":{"line":280,"column":22},"end":{"line":298,"column":1}},"92":{"start":{"line":281,"column":12},"end":{"line":281,"column":41}},"93":{"start":{"line":283,"column":2},"end":{"line":297,"column":3}},"94":{"start":{"line":284,"column":23},"end":{"line":289,"column":6}},"95":{"start":{"line":291,"column":4},"end":{"line":291,"column":21}},"96":{"start":{"line":292,"column":4},"end":{"line":292,"column":22}},"97":{"start":{"line":295,"column":4},"end":{"line":295,"column":23}},"98":{"start":{"line":296,"column":4},"end":{"line":296,"column":16}},"99":{"start":{"line":301,"column":17},"end":{"line":317,"column":1}},"100":{"start":{"line":302,"column":2},"end":{"line":304,"column":3}},"101":{"start":{"line":303,"column":4},"end":{"line":303,"column":41}},"102":{"start":{"line":307,"column":2},"end":{"line":312,"column":3}},"103":{"start":{"line":308,"column":27},"end":{"line":308,"column":86}},"104":{"start":{"line":309,"column":4},"end":{"line":311,"column":5}},"105":{"start":{"line":310,"column":6},"end":{"line":310,"column":49}},"106":{"start":{"line":315,"column":18},"end":{"line":315,"column":45}},"107":{"start":{"line":316,"column":2},"end":{"line":316,"column":55}},"108":{"start":{"line":320,"column":20},"end":{"line":327,"column":1}},"109":{"start":{"line":321,"column":2},"end":{"line":326,"column":3}},"110":{"start":{"line":322,"column":18},"end":{"line":322,"column":38}},"111":{"start":{"line":323,"column":4},"end":{"line":323,"column":17}},"112":{"start":{"line":325,"column":4},"end":{"line":325,"column":16}},"113":{"start":{"line":329,"column":33},"end":{"line":338,"column":1}},"114":{"start":{"line":330,"column":2},"end":{"line":337,"column":5}},"115":{"start":{"line":345,"column":0},"end":{"line":373,"column":1}}},"fnMap":{"0":{"name":"(anonymous_0)","decl":{"start":{"line":11,"column":19},"end":{"line":11,"column":20}},"loc":{"start":{"line":11,"column":35},"end":{"line":13,"column":1}},"line":11},"1":{"name":"(anonymous_1)","decl":{"start":{"line":16,"column":16},"end":{"line":16,"column":17}},"loc":{"start":{"line":16,"column":28},"end":{"line":27,"column":1}},"line":16},"2":{"name":"(anonymous_2)","decl":{"start":{"line":30,"column":27},"end":{"line":30,"column":28}},"loc":{"start":{"line":30,"column":39},"end":{"line":46,"column":1}},"line":30},"3":{"name":"(anonymous_3)","decl":{"start":{"line":49,"column":17},"end":{"line":49,"column":18}},"loc":{"start":{"line":49,"column":31},"end":{"line":51,"column":1}},"line":49},"4":{"name":"(anonymous_4)","decl":{"start":{"line":53,"column":19},"end":{"line":53,"column":20}},"loc":{"start":{"line":53,"column":39},"end":{"line":59,"column":1}},"line":53},"5":{"name":"(anonymous_5)","decl":{"start":{"line":62,"column":22},"end":{"line":62,"column":23}},"loc":{"start":{"line":62,"column":45},"end":{"line":68,"column":1}},"line":62},"6":{"name":"(anonymous_6)","decl":{"start":{"line":72,"column":23},"end":{"line":72,"column":24}},"loc":{"start":{"line":72,"column":50},"end":{"line":75,"column":1}},"line":72},"7":{"name":"(anonymous_7)","decl":{"start":{"line":78,"column":20},"end":{"line":78,"column":21}},"loc":{"start":{"line":78,"column":37},"end":{"line":85,"column":1}},"line":78},"8":{"name":"(anonymous_8)","decl":{"start":{"line":88,"column":24},"end":{"line":88,"column":25}},"loc":{"start":{"line":88,"column":41},"end":{"line":90,"column":1}},"line":88},"9":{"name":"(anonymous_9)","decl":{"start":{"line":93,"column":20},"end":{"line":93,"column":21}},"loc":{"start":{"line":93,"column":34},"end":{"line":95,"column":1}},"line":93},"10":{"name":"(anonymous_10)","decl":{"start":{"line":100,"column":23},"end":{"line":100,"column":24}},"loc":{"start":{"line":100,"column":37},"end":{"line":109,"column":1}},"line":100},"11":{"name":"(anonymous_11)","decl":{"start":{"line":111,"column":27},"end":{"line":111,"column":28}},"loc":{"start":{"line":111,"column":49},"end":{"line":128,"column":1}},"line":111},"12":{"name":"(anonymous_12)","decl":{"start":{"line":132,"column":23},"end":{"line":132,"column":24}},"loc":{"start":{"line":132,"column":38},"end":{"line":138,"column":1}},"line":132},"13":{"name":"(anonymous_13)","decl":{"start":{"line":141,"column":21},"end":{"line":141,"column":22}},"loc":{"start":{"line":141,"column":35},"end":{"line":143,"column":1}},"line":141},"14":{"name":"(anonymous_14)","decl":{"start":{"line":147,"column":24},"end":{"line":147,"column":25}},"loc":{"start":{"line":147,"column":49},"end":{"line":150,"column":1}},"line":147},"15":{"name":"(anonymous_15)","decl":{"start":{"line":152,"column":30},"end":{"line":152,"column":31}},"loc":{"start":{"line":152,"column":42},"end":{"line":154,"column":1}},"line":152},"16":{"name":"(anonymous_16)","decl":{"start":{"line":156,"column":21},"end":{"line":156,"column":22}},"loc":{"start":{"line":156,"column":33},"end":{"line":160,"column":1}},"line":156},"17":{"name":"(anonymous_17)","decl":{"start":{"line":162,"column":21},"end":{"line":162,"column":22}},"loc":{"start":{"line":162,"column":33},"end":{"line":166,"column":1}},"line":162},"18":{"name":"(anonymous_18)","decl":{"start":{"line":168,"column":22},"end":{"line":168,"column":23}},"loc":{"start":{"line":168,"column":41},"end":{"line":174,"column":1}},"line":168},"19":{"name":"(anonymous_19)","decl":{"start":{"line":177,"column":25},"end":{"line":177,"column":26}},"loc":{"start":{"line":177,"column":45},"end":{"line":198,"column":1}},"line":177},"20":{"name":"(anonymous_20)","decl":{"start":{"line":201,"column":17},"end":{"line":201,"column":18}},"loc":{"start":{"line":201,"column":66},"end":{"line":254,"column":1}},"line":201},"21":{"name":"(anonymous_21)","decl":{"start":{"line":258,"column":19},"end":{"line":258,"column":20}},"loc":{"start":{"line":258,"column":35},"end":{"line":268,"column":1}},"line":258},"22":{"name":"(anonymous_22)","decl":{"start":{"line":271,"column":26},"end":{"line":271,"column":27}},"loc":{"start":{"line":271,"column":44},"end":{"line":278,"column":1}},"line":271},"23":{"name":"(anonymous_23)","decl":{"start":{"line":280,"column":22},"end":{"line":280,"column":23}},"loc":{"start":{"line":280,"column":39},"end":{"line":298,"column":1}},"line":280},"24":{"name":"(anonymous_24)","decl":{"start":{"line":301,"column":17},"end":{"line":301,"column":18}},"loc":{"start":{"line":301,"column":37},"end":{"line":317,"column":1}},"line":301},"25":{"name":"(anonymous_25)","decl":{"start":{"line":320,"column":20},"end":{"line":320,"column":21}},"loc":{"start":{"line":320,"column":32},"end":{"line":327,"column":1}},"line":320},"26":{"name":"(anonymous_26)","decl":{"start":{"line":329,"column":33},"end":{"line":329,"column":34}},"loc":{"start":{"line":329,"column":45},"end":{"line":338,"column":1}},"line":329}},"branchMap":{"0":{"loc":{"start":{"line":79,"column":2},"end":{"line":79,"column":55}},"type":"if","locations":[{"start":{"line":79,"column":2},"end":{"line":79,"column":55}},{"start":{},"end":{}}],"line":79},"1":{"loc":{"start":{"line":79,"column":6},"end":{"line":79,"column":41}},"type":"binary-expr","locations":[{"start":{"line":79,"column":6},"end":{"line":79,"column":12}},{"start":{"line":79,"column":16},"end":{"line":79,"column":41}}],"line":79},"2":{"loc":{"start":{"line":113,"column":4},"end":{"line":113,"column":27}},"type":"if","locations":[{"start":{"line":113,"column":4},"end":{"line":113,"column":27}},{"start":{},"end":{}}],"line":113},"3":{"loc":{"start":{"line":201,"column":26},"end":{"line":201,"column":37}},"type":"default-arg","locations":[{"start":{"line":201,"column":35},"end":{"line":201,"column":37}}],"line":201},"4":{"loc":{"start":{"line":201,"column":39},"end":{"line":201,"column":48}},"type":"default-arg","locations":[{"start":{"line":201,"column":46},"end":{"line":201,"column":48}}],"line":201},"5":{"loc":{"start":{"line":201,"column":50},"end":{"line":201,"column":59}},"type":"default-arg","locations":[{"start":{"line":201,"column":57},"end":{"line":201,"column":59}}],"line":201},"6":{"loc":{"start":{"line":203,"column":22},"end":{"line":203,"column":42}},"type":"binary-expr","locations":[{"start":{"line":203,"column":22},"end":{"line":203,"column":37}},{"start":{"line":203,"column":41},"end":{"line":203,"column":42}}],"line":203},"7":{"loc":{"start":{"line":204,"column":23},"end":{"line":204,"column":44}},"type":"binary-expr","locations":[{"start":{"line":204,"column":23},"end":{"line":204,"column":39}},{"start":{"line":204,"column":43},"end":{"line":204,"column":44}}],"line":204},"8":{"loc":{"start":{"line":208,"column":4},"end":{"line":210,"column":5}},"type":"if","locations":[{"start":{"line":208,"column":4},"end":{"line":210,"column":5}},{"start":{},"end":{}}],"line":208},"9":{"loc":{"start":{"line":212,"column":4},"end":{"line":214,"column":5}},"type":"if","locations":[{"start":{"line":212,"column":4},"end":{"line":214,"column":5}},{"start":{},"end":{}}],"line":212},"10":{"loc":{"start":{"line":217,"column":22},"end":{"line":217,"column":41}},"type":"binary-expr","locations":[{"start":{"line":217,"column":22},"end":{"line":217,"column":33}},{"start":{"line":217,"column":37},"end":{"line":217,"column":41}}],"line":217},"11":{"loc":{"start":{"line":218,"column":22},"end":{"line":218,"column":44}},"type":"binary-expr","locations":[{"start":{"line":218,"column":22},"end":{"line":218,"column":34}},{"start":{"line":218,"column":38},"end":{"line":218,"column":44}}],"line":218},"12":{"loc":{"start":{"line":263,"column":4},"end":{"line":265,"column":5}},"type":"if","locations":[{"start":{"line":263,"column":4},"end":{"line":265,"column":5}},{"start":{},"end":{}}],"line":263},"13":{"loc":{"start":{"line":302,"column":2},"end":{"line":304,"column":3}},"type":"if","locations":[{"start":{"line":302,"column":2},"end":{"line":304,"column":3}},{"start":{},"end":{}}],"line":302},"14":{"loc":{"start":{"line":302,"column":6},"end":{"line":302,"column":47}},"type":"binary-expr","locations":[{"start":{"line":302,"column":6},"end":{"line":302,"column":15}},{"start":{"line":302,"column":19},"end":{"line":302,"column":47}}],"line":302},"15":{"loc":{"start":{"line":307,"column":2},"end":{"line":312,"column":3}},"type":"if","locations":[{"start":{"line":307,"column":2},"end":{"line":312,"column":3}},{"start":{},"end":{}}],"line":307},"16":{"loc":{"start":{"line":309,"column":4},"end":{"line":311,"column":5}},"type":"if","locations":[{"start":{"line":309,"column":4},"end":{"line":311,"column":5}},{"start":{},"end":{}}],"line":309}},"s":{"0":3,"1":3,"2":3,"3":3,"4":3,"5":3,"6":3,"7":1,"8":3,"9":1,"10":3,"11":0,"12":3,"13":0,"14":3,"15":0,"16":0,"17":3,"18":0,"19":0,"20":3,"21":1,"22":1,"23":3,"24":2,"25":1,"26":1,"27":3,"28":0,"29":3,"30":0,"31":3,"32":1,"33":1,"34":1,"35":1,"36":3,"37":0,"38":0,"39":0,"40":0,"41":0,"42":0,"43":0,"44":3,"45":0,"46":3,"47":0,"48":3,"49":0,"50":0,"51":3,"52":0,"53":3,"54":0,"55":3,"56":0,"57":3,"58":0,"59":3,"60":0,"61":0,"62":0,"63":0,"64":0,"65":3,"66":0,"67":0,"68":0,"69":0,"70":0,"71":0,"72":0,"73":0,"74":0,"75":0,"76":0,"77":0,"78":0,"79":0,"80":0,"81":0,"82":3,"83":0,"84":0,"85":0,"86":0,"87":0,"88":0,"89":3,"90":0,"91":3,"92":0,"93":0,"94":0,"95":0,"96":0,"97":0,"98":0,"99":3,"100":0,"101":0,"102":0,"103":0,"104":0,"105":0,"106":0,"107":0,"108":3,"109":0,"110":0,"111":0,"112":0,"113":3,"114":0,"115":3},"f":{"0":1,"1":1,"2":0,"3":0,"4":0,"5":0,"6":1,"7":2,"8":0,"9":0,"10":1,"11":0,"12":0,"13":0,"14":0,"15":0,"16":0,"17":0,"18":0,"19":0,"20":0,"21":0,"22":0,"23":0,"24":0,"25":0,"26":0},"b":{"0":[1,1],"1":[2,1],"2":[0,0],"3":[0],"4":[0],"5":[0],"6":[0,0],"7":[0,0],"8":[0,0],"9":[0,0],"10":[0,0],"11":[0,0],"12":[0,0],"13":[0,0],"14":[0,0],"15":[0,0],"16":[0,0]},"_coverageSchema":"1a1c01bbd47fc00a2c39e90264f33305004495a9","hash":"227906a8f20276b82b0c24ec8b7ff4b469a1d6f5"}
,"D:\\backup(m)\\node-project-git\\node-js-project\\src\\utils\\ApiResponse.js": {"path":"D:\\backup(m)\\node-project-git\\node-js-project\\src\\utils\\ApiResponse.js","statementMap":{"0":{"start":{"line":3,"column":4},"end":{"line":9,"column":6}},"1":{"start":{"line":13,"column":4},"end":{"line":19,"column":6}},"2":{"start":{"line":35,"column":0},"end":{"line":35,"column":29}}},"fnMap":{"0":{"name":"(anonymous_0)","decl":{"start":{"line":2,"column":2},"end":{"line":2,"column":3}},"loc":{"start":{"line":2,"column":49},"end":{"line":10,"column":3}},"line":2},"1":{"name":"(anonymous_1)","decl":{"start":{"line":12,"column":2},"end":{"line":12,"column":3}},"loc":{"start":{"line":12,"column":72},"end":{"line":20,"column":3}},"line":12}},"branchMap":{"0":{"loc":{"start":{"line":2,"column":17},"end":{"line":2,"column":26}},"type":"default-arg","locations":[{"start":{"line":2,"column":24},"end":{"line":2,"column":26}}],"line":2},"1":{"loc":{"start":{"line":2,"column":28},"end":{"line":2,"column":47}},"type":"default-arg","locations":[{"start":{"line":2,"column":38},"end":{"line":2,"column":47}}],"line":2},"2":{"loc":{"start":{"line":12,"column":15},"end":{"line":12,"column":47}},"type":"default-arg","locations":[{"start":{"line":12,"column":25},"end":{"line":12,"column":47}}],"line":12},"3":{"loc":{"start":{"line":12,"column":49},"end":{"line":12,"column":59}},"type":"default-arg","locations":[{"start":{"line":12,"column":56},"end":{"line":12,"column":59}}],"line":12},"4":{"loc":{"start":{"line":12,"column":61},"end":{"line":12,"column":70}},"type":"default-arg","locations":[{"start":{"line":12,"column":68},"end":{"line":12,"column":70}}],"line":12},"5":{"loc":{"start":{"line":17,"column":11},"end":{"line":17,"column":27}},"type":"binary-expr","locations":[{"start":{"line":17,"column":11},"end":{"line":17,"column":15}},{"start":{"line":17,"column":19},"end":{"line":17,"column":27}}],"line":17}},"s":{"0":0,"1":0,"2":1},"f":{"0":0,"1":0},"b":{"0":[0],"1":[0],"2":[0],"3":[0],"4":[0],"5":[0,0]},"_coverageSchema":"1a1c01bbd47fc00a2c39e90264f33305004495a9","hash":"aaf73db900abaae304fbd930d08080edf4b87a2c"}
,"D:\\backup(m)\\node-project-git\\node-js-project\\src\\utils\\EmailService.js": {"path":"D:\\backup(m)\\node-project-git\\node-js-project\\src\\utils\\EmailService.js","statementMap":{"0":{"start":{"line":1,"column":19},"end":{"line":1,"column":40}},"1":{"start":{"line":3,"column":20},"end":{"line":9,"column":2}},"2":{"start":{"line":11,"column":18},"end":{"line":19,"column":1}},"3":{"start":{"line":12,"column":22},"end":{"line":17,"column":3}},"4":{"start":{"line":18,"column":2},"end":{"line":18,"column":49}},"5":{"start":{"line":21,"column":0},"end":{"line":21,"column":31}}},"fnMap":{"0":{"name":"(anonymous_0)","decl":{"start":{"line":11,"column":18},"end":{"line":11,"column":19}},"loc":{"start":{"line":11,"column":47},"end":{"line":19,"column":1}},"line":11}},"branchMap":{},"s":{"0":2,"1":2,"2":2,"3":0,"4":0,"5":2},"f":{"0":0},"b":{},"_coverageSchema":"1a1c01bbd47fc00a2c39e90264f33305004495a9","hash":"11f116b369b0928a563c7e5633731b2f04aa9274"}
,"D:\\backup(m)\\node-project-git\\node-js-project\\src\\utils\\Res.js": {"path":"D:\\backup(m)\\node-project-git\\node-js-project\\src\\utils\\Res.js","statementMap":{"0":{"start":{"line":3,"column":4},"end":{"line":11,"column":7}},"1":{"start":{"line":15,"column":4},"end":{"line":22,"column":7}},"2":{"start":{"line":26,"column":4},"end":{"line":26,"column":53}},"3":{"start":{"line":30,"column":4},"end":{"line":30,"column":51}},"4":{"start":{"line":34,"column":4},"end":{"line":34,"column":51}},"5":{"start":{"line":38,"column":4},"end":{"line":38,"column":51}},"6":{"start":{"line":42,"column":4},"end":{"line":42,"column":65}},"7":{"start":{"line":47,"column":4},"end":{"line":54,"column":7}},"8":{"start":{"line":58,"column":0},"end":{"line":58,"column":21}}},"fnMap":{"0":{"name":"(anonymous_0)","decl":{"start":{"line":2,"column":2},"end":{"line":2,"column":3}},"loc":{"start":{"line":2,"column":90},"end":{"line":12,"column":3}},"line":2},"1":{"name":"(anonymous_1)","decl":{"start":{"line":14,"column":2},"end":{"line":14,"column":3}},"loc":{"start":{"line":14,"column":87},"end":{"line":23,"column":3}},"line":14},"2":{"name":"(anonymous_2)","decl":{"start":{"line":25,"column":2},"end":{"line":25,"column":3}},"loc":{"start":{"line":25,"column":58},"end":{"line":27,"column":3}},"line":25},"3":{"name":"(anonymous_3)","decl":{"start":{"line":29,"column":2},"end":{"line":29,"column":3}},"loc":{"start":{"line":29,"column":65},"end":{"line":31,"column":3}},"line":29},"4":{"name":"(anonymous_4)","decl":{"start":{"line":33,"column":2},"end":{"line":33,"column":3}},"loc":{"start":{"line":33,"column":68},"end":{"line":35,"column":3}},"line":33},"5":{"name":"(anonymous_5)","decl":{"start":{"line":37,"column":2},"end":{"line":37,"column":3}},"loc":{"start":{"line":37,"column":61},"end":{"line":39,"column":3}},"line":37},"6":{"name":"(anonymous_6)","decl":{"start":{"line":41,"column":2},"end":{"line":41,"column":3}},"loc":{"start":{"line":41,"column":40},"end":{"line":43,"column":3}},"line":41},"7":{"name":"(anonymous_7)","decl":{"start":{"line":46,"column":2},"end":{"line":46,"column":3}},"loc":{"start":{"line":46,"column":52},"end":{"line":55,"column":3}},"line":46}},"branchMap":{"0":{"loc":{"start":{"line":2,"column":22},"end":{"line":2,"column":31}},"type":"default-arg","locations":[{"start":{"line":2,"column":29},"end":{"line":2,"column":31}}],"line":2},"1":{"loc":{"start":{"line":2,"column":33},"end":{"line":2,"column":56}},"type":"default-arg","locations":[{"start":{"line":2,"column":47},"end":{"line":2,"column":56}}],"line":2},"2":{"loc":{"start":{"line":2,"column":58},"end":{"line":2,"column":74}},"type":"default-arg","locations":[{"start":{"line":2,"column":71},"end":{"line":2,"column":74}}],"line":2},"3":{"loc":{"start":{"line":2,"column":76},"end":{"line":2,"column":88}},"type":"default-arg","locations":[{"start":{"line":2,"column":84},"end":{"line":2,"column":88}}],"line":2},"4":{"loc":{"start":{"line":5,"column":10},"end":{"line":5,"column":28}},"type":"binary-expr","locations":[{"start":{"line":5,"column":10},"end":{"line":5,"column":15}},{"start":{"line":5,"column":19},"end":{"line":5,"column":28}}],"line":5},"5":{"loc":{"start":{"line":14,"column":20},"end":{"line":14,"column":56}},"type":"default-arg","locations":[{"start":{"line":14,"column":34},"end":{"line":14,"column":56}}],"line":14},"6":{"loc":{"start":{"line":14,"column":58},"end":{"line":14,"column":67}},"type":"default-arg","locations":[{"start":{"line":14,"column":65},"end":{"line":14,"column":67}}],"line":14},"7":{"loc":{"start":{"line":14,"column":69},"end":{"line":14,"column":85}},"type":"default-arg","locations":[{"start":{"line":14,"column":82},"end":{"line":14,"column":85}}],"line":14},"8":{"loc":{"start":{"line":25,"column":22},"end":{"line":25,"column":31}},"type":"default-arg","locations":[{"start":{"line":25,"column":29},"end":{"line":25,"column":31}}],"line":25},"9":{"loc":{"start":{"line":25,"column":33},"end":{"line":25,"column":56}},"type":"default-arg","locations":[{"start":{"line":25,"column":47},"end":{"line":25,"column":56}}],"line":25},"10":{"loc":{"start":{"line":29,"column":25},"end":{"line":29,"column":52}},"type":"default-arg","locations":[{"start":{"line":29,"column":39},"end":{"line":29,"column":52}}],"line":29},"11":{"loc":{"start":{"line":29,"column":54},"end":{"line":29,"column":63}},"type":"default-arg","locations":[{"start":{"line":29,"column":61},"end":{"line":29,"column":63}}],"line":29},"12":{"loc":{"start":{"line":33,"column":27},"end":{"line":33,"column":55}},"type":"default-arg","locations":[{"start":{"line":33,"column":41},"end":{"line":33,"column":55}}],"line":33},"13":{"loc":{"start":{"line":33,"column":57},"end":{"line":33,"column":66}},"type":"default-arg","locations":[{"start":{"line":33,"column":64},"end":{"line":33,"column":66}}],"line":33},"14":{"loc":{"start":{"line":37,"column":23},"end":{"line":37,"column":48}},"type":"default-arg","locations":[{"start":{"line":37,"column":37},"end":{"line":37,"column":48}}],"line":37},"15":{"loc":{"start":{"line":37,"column":50},"end":{"line":37,"column":59}},"type":"default-arg","locations":[{"start":{"line":37,"column":57},"end":{"line":37,"column":59}}],"line":37},"16":{"loc":{"start":{"line":46,"column":24},"end":{"line":46,"column":50}},"type":"default-arg","locations":[{"start":{"line":46,"column":38},"end":{"line":46,"column":50}}],"line":46}},"s":{"0":0,"1":0,"2":0,"3":0,"4":0,"5":0,"6":0,"7":0,"8":1},"f":{"0":0,"1":0,"2":0,"3":0,"4":0,"5":0,"6":0,"7":0},"b":{"0":[0],"1":[0],"2":[0],"3":[0],"4":[0,0],"5":[0],"6":[0],"7":[0],"8":[0],"9":[0],"10":[0],"11":[0],"12":[0],"13":[0],"14":[0],"15":[0],"16":[0]},"_coverageSchema":"1a1c01bbd47fc00a2c39e90264f33305004495a9","hash":"50f84d69cad4799d508dd652e774342dbc661099"}
,"D:\\backup(m)\\node-project-git\\node-js-project\\src\\utils\\envHelper.js": {"path":"D:\\backup(m)\\node-project-git\\node-js-project\\src\\utils\\envHelper.js","statementMap":{"0":{"start":{"line":1,"column":0},"end":{"line":1,"column":27}},"1":{"start":{"line":3,"column":15},"end":{"line":5,"column":1}},"2":{"start":{"line":4,"column":2},"end":{"line":4,"column":42}},"3":{"start":{"line":7,"column":0},"end":{"line":7,"column":28}}},"fnMap":{"0":{"name":"(anonymous_0)","decl":{"start":{"line":3,"column":15},"end":{"line":3,"column":16}},"loc":{"start":{"line":3,"column":45},"end":{"line":5,"column":1}},"line":3}},"branchMap":{"0":{"loc":{"start":{"line":3,"column":21},"end":{"line":3,"column":40}},"type":"default-arg","locations":[{"start":{"line":3,"column":36},"end":{"line":3,"column":40}}],"line":3},"1":{"loc":{"start":{"line":4,"column":9},"end":{"line":4,"column":41}},"type":"binary-expr","locations":[{"start":{"line":4,"column":9},"end":{"line":4,"column":25}},{"start":{"line":4,"column":29},"end":{"line":4,"column":41}}],"line":4}},"s":{"0":3,"1":3,"2":0,"3":3},"f":{"0":0},"b":{"0":[0],"1":[0,0]},"_coverageSchema":"1a1c01bbd47fc00a2c39e90264f33305004495a9","hash":"1dffc9b97a0d7f8d8e638bf15f5b0d5cbc8e985b"}
,"D:\\backup(m)\\node-project-git\\node-js-project\\src\\utils\\errors.js": {"path":"D:\\backup(m)\\node-project-git\\node-js-project\\src\\utils\\errors.js","statementMap":{"0":{"start":{"line":67,"column":39},"end":{"line":67,"column":67}},"1":{"start":{"line":71,"column":4},"end":{"line":71,"column":19}},"2":{"start":{"line":72,"column":4},"end":{"line":72,"column":33}},"3":{"start":{"line":73,"column":4},"end":{"line":73,"column":52}},"4":{"start":{"line":79,"column":4},"end":{"line":79,"column":44}},"5":{"start":{"line":85,"column":4},"end":{"line":85,"column":42}},"6":{"start":{"line":91,"column":4},"end":{"line":91,"column":45}},"7":{"start":{"line":97,"column":4},"end":{"line":97,"column":42}},"8":{"start":{"line":103,"column":4},"end":{"line":103,"column":41}},"9":{"start":{"line":109,"column":4},"end":{"line":109,"column":53}},"10":{"start":{"line":115,"column":4},"end":{"line":115,"column":54}},"11":{"start":{"line":121,"column":4},"end":{"line":121,"column":43}},"12":{"start":{"line":127,"column":4},"end":{"line":127,"column":39}},"13":{"start":{"line":131,"column":0},"end":{"line":142,"column":2}}},"fnMap":{"0":{"name":"(anonymous_0)","decl":{"start":{"line":70,"column":2},"end":{"line":70,"column":3}},"loc":{"start":{"line":70,"column":109},"end":{"line":74,"column":3}},"line":70},"1":{"name":"(anonymous_1)","decl":{"start":{"line":78,"column":2},"end":{"line":78,"column":3}},"loc":{"start":{"line":78,"column":51},"end":{"line":80,"column":3}},"line":78},"2":{"name":"(anonymous_2)","decl":{"start":{"line":84,"column":2},"end":{"line":84,"column":3}},"loc":{"start":{"line":84,"column":49},"end":{"line":86,"column":3}},"line":84},"3":{"name":"(anonymous_3)","decl":{"start":{"line":90,"column":2},"end":{"line":90,"column":3}},"loc":{"start":{"line":90,"column":52},"end":{"line":92,"column":3}},"line":90},"4":{"name":"(anonymous_4)","decl":{"start":{"line":96,"column":2},"end":{"line":96,"column":3}},"loc":{"start":{"line":96,"column":49},"end":{"line":98,"column":3}},"line":96},"5":{"name":"(anonymous_5)","decl":{"start":{"line":102,"column":2},"end":{"line":102,"column":3}},"loc":{"start":{"line":102,"column":48},"end":{"line":104,"column":3}},"line":102},"6":{"name":"(anonymous_6)","decl":{"start":{"line":108,"column":2},"end":{"line":108,"column":3}},"loc":{"start":{"line":108,"column":60},"end":{"line":110,"column":3}},"line":108},"7":{"name":"(anonymous_7)","decl":{"start":{"line":114,"column":2},"end":{"line":114,"column":3}},"loc":{"start":{"line":114,"column":61},"end":{"line":116,"column":3}},"line":114},"8":{"name":"(anonymous_8)","decl":{"start":{"line":120,"column":2},"end":{"line":120,"column":3}},"loc":{"start":{"line":120,"column":50},"end":{"line":122,"column":3}},"line":120},"9":{"name":"(anonymous_9)","decl":{"start":{"line":126,"column":2},"end":{"line":126,"column":3}},"loc":{"start":{"line":126,"column":46},"end":{"line":128,"column":3}},"line":126}},"branchMap":{"0":{"loc":{"start":{"line":70,"column":14},"end":{"line":70,"column":59}},"type":"default-arg","locations":[{"start":{"line":70,"column":24},"end":{"line":70,"column":59}}],"line":70},"1":{"loc":{"start":{"line":70,"column":61},"end":{"line":70,"column":107}},"type":"default-arg","locations":[{"start":{"line":70,"column":74},"end":{"line":70,"column":107}}],"line":70},"2":{"loc":{"start":{"line":78,"column":14},"end":{"line":78,"column":49}},"type":"default-arg","locations":[{"start":{"line":78,"column":24},"end":{"line":78,"column":49}}],"line":78},"3":{"loc":{"start":{"line":84,"column":14},"end":{"line":84,"column":47}},"type":"default-arg","locations":[{"start":{"line":84,"column":24},"end":{"line":84,"column":47}}],"line":84},"4":{"loc":{"start":{"line":90,"column":14},"end":{"line":90,"column":50}},"type":"default-arg","locations":[{"start":{"line":90,"column":24},"end":{"line":90,"column":50}}],"line":90},"5":{"loc":{"start":{"line":96,"column":14},"end":{"line":96,"column":47}},"type":"default-arg","locations":[{"start":{"line":96,"column":24},"end":{"line":96,"column":47}}],"line":96},"6":{"loc":{"start":{"line":102,"column":14},"end":{"line":102,"column":46}},"type":"default-arg","locations":[{"start":{"line":102,"column":24},"end":{"line":102,"column":46}}],"line":102},"7":{"loc":{"start":{"line":108,"column":14},"end":{"line":108,"column":58}},"type":"default-arg","locations":[{"start":{"line":108,"column":24},"end":{"line":108,"column":58}}],"line":108},"8":{"loc":{"start":{"line":114,"column":14},"end":{"line":114,"column":59}},"type":"default-arg","locations":[{"start":{"line":114,"column":24},"end":{"line":114,"column":59}}],"line":114},"9":{"loc":{"start":{"line":120,"column":14},"end":{"line":120,"column":48}},"type":"default-arg","locations":[{"start":{"line":120,"column":24},"end":{"line":120,"column":48}}],"line":120},"10":{"loc":{"start":{"line":126,"column":14},"end":{"line":126,"column":44}},"type":"default-arg","locations":[{"start":{"line":126,"column":24},"end":{"line":126,"column":44}}],"line":126}},"s":{"0":3,"1":3,"2":3,"3":3,"4":3,"5":0,"6":0,"7":0,"8":0,"9":0,"10":0,"11":0,"12":0,"13":3},"f":{"0":3,"1":3,"2":0,"3":0,"4":0,"5":0,"6":0,"7":0,"8":0,"9":0},"b":{"0":[0],"1":[0],"2":[0],"3":[0],"4":[0],"5":[0],"6":[0],"7":[0],"8":[0],"9":[0],"10":[0]},"_coverageSchema":"1a1c01bbd47fc00a2c39e90264f33305004495a9","hash":"251cb12c7bd8483f616c2de589f8056276335ba6"}
,"D:\\backup(m)\\node-project-git\\node-js-project\\src\\utils\\jwt.js": {"path":"D:\\backup(m)\\node-project-git\\node-js-project\\src\\utils\\jwt.js","statementMap":{"0":{"start":{"line":2,"column":12},"end":{"line":2,"column":35}},"1":{"start":{"line":3,"column":0},"end":{"line":3,"column":27}},"2":{"start":{"line":5,"column":22},"end":{"line":9,"column":1}},"3":{"start":{"line":6,"column":2},"end":{"line":8,"column":5}},"4":{"start":{"line":11,"column":20},"end":{"line":13,"column":1}},"5":{"start":{"line":12,"column":2},"end":{"line":12,"column":51}},"6":{"start":{"line":15,"column":0},"end":{"line":18,"column":2}}},"fnMap":{"0":{"name":"(anonymous_0)","decl":{"start":{"line":5,"column":22},"end":{"line":5,"column":23}},"loc":{"start":{"line":5,"column":35},"end":{"line":9,"column":1}},"line":5},"1":{"name":"(anonymous_1)","decl":{"start":{"line":11,"column":20},"end":{"line":11,"column":21}},"loc":{"start":{"line":11,"column":31},"end":{"line":13,"column":1}},"line":11}},"branchMap":{"0":{"loc":{"start":{"line":7,"column":15},"end":{"line":7,"column":49}},"type":"binary-expr","locations":[{"start":{"line":7,"column":15},"end":{"line":7,"column":41}},{"start":{"line":7,"column":45},"end":{"line":7,"column":49}}],"line":7}},"s":{"0":2,"1":2,"2":2,"3":1,"4":2,"5":0,"6":2},"f":{"0":1,"1":0},"b":{"0":[1,0]},"_coverageSchema":"1a1c01bbd47fc00a2c39e90264f33305004495a9","hash":"e1557c2def60c9f61b3a4ea0fd137a96de89bdd7"}
,"D:\\backup(m)\\node-project-git\\node-js-project\\src\\utils\\mailTemplate.js": {"path":"D:\\backup(m)\\node-project-git\\node-js-project\\src\\utils\\mailTemplate.js","statementMap":{"0":{"start":{"line":1,"column":20},"end":{"line":3,"column":1}},"1":{"start":{"line":2,"column":2},"end":{"line":2,"column":50}},"2":{"start":{"line":5,"column":0},"end":{"line":5,"column":29}}},"fnMap":{"0":{"name":"(anonymous_0)","decl":{"start":{"line":1,"column":20},"end":{"line":1,"column":21}},"loc":{"start":{"line":1,"column":30},"end":{"line":3,"column":1}},"line":1}},"branchMap":{},"s":{"0":3,"1":0,"2":3},"f":{"0":0},"b":{},"_coverageSchema":"1a1c01bbd47fc00a2c39e90264f33305004495a9","hash":"e0c1f1c290c69016fcd0dec222bea9c801d91c2c"}
,"D:\\backup(m)\\node-project-git\\node-js-project\\src\\utils\\settingsUtil.js": {"path":"D:\\backup(m)\\node-project-git\\node-js-project\\src\\utils\\settingsUtil.js","statementMap":{"0":{"start":{"line":2,"column":21},"end":{"line":2,"column":50}},"1":{"start":{"line":4,"column":22},"end":{"line":15,"column":1}},"2":{"start":{"line":5,"column":15},"end":{"line":5,"column":71}},"3":{"start":{"line":7,"column":19},"end":{"line":9,"column":3}},"4":{"start":{"line":8,"column":20},"end":{"line":8,"column":81}},"5":{"start":{"line":11,"column":2},"end":{"line":14,"column":4}},"6":{"start":{"line":17,"column":0},"end":{"line":17,"column":35}}},"fnMap":{"0":{"name":"(anonymous_0)","decl":{"start":{"line":4,"column":22},"end":{"line":4,"column":23}},"loc":{"start":{"line":4,"column":34},"end":{"line":15,"column":1}},"line":4},"1":{"name":"(anonymous_1)","decl":{"start":{"line":8,"column":13},"end":{"line":8,"column":14}},"loc":{"start":{"line":8,"column":20},"end":{"line":8,"column":81}},"line":8}},"branchMap":{"0":{"loc":{"start":{"line":8,"column":30},"end":{"line":8,"column":80}},"type":"cond-expr","locations":[{"start":{"line":8,"column":49},"end":{"line":8,"column":58}},{"start":{"line":8,"column":61},"end":{"line":8,"column":80}}],"line":8},"1":{"loc":{"start":{"line":12,"column":17},"end":{"line":12,"column":47}},"type":"binary-expr","locations":[{"start":{"line":12,"column":17},"end":{"line":12,"column":42}},{"start":{"line":12,"column":46},"end":{"line":12,"column":47}}],"line":12},"2":{"loc":{"start":{"line":13,"column":22},"end":{"line":13,"column":56}},"type":"binary-expr","locations":[{"start":{"line":13,"column":22},"end":{"line":13,"column":51}},{"start":{"line":13,"column":55},"end":{"line":13,"column":56}}],"line":13}},"s":{"0":1,"1":1,"2":0,"3":0,"4":0,"5":0,"6":1},"f":{"0":0,"1":0},"b":{"0":[0,0],"1":[0,0],"2":[0,0]},"_coverageSchema":"1a1c01bbd47fc00a2c39e90264f33305004495a9","hash":"dd1bdb3efad31692c3d72d20fa3fa8e7d6ad9054"}
}
