TN:
SF:src\Service\jsonapi.js
FN:4,(anonymous_0)
FNF:1
FNH:0
FNDA:0,(anonymous_0)
DA:1,1
DA:2,1
DA:4,1
DA:5,0
DA:7,0
DA:8,0
DA:9,0
DA:12,0
DA:13,0
DA:16,0
DA:17,0
DA:19,0
DA:20,0
DA:21,0
DA:27,1
LF:15
LH:4
BRDA:4,0,0,0
BRDA:4,1,0,0
BRDA:19,2,0,0
BRDA:19,2,1,0
BRF:4
BRH:0
end_of_record
TN:
SF:src\Service\mailService.js
FN:4,(anonymous_0)
FNF:1
FNH:0
FNDA:0,(anonymous_0)
DA:1,3
DA:2,3
DA:4,3
DA:5,0
DA:6,0
DA:8,0
DA:18,0
DA:26,3
LF:8
LH:4
BRDA:6,0,0,0
BRDA:6,0,1,0
BRF:2
BRH:0
end_of_record
TN:
SF:src\Service\rmqService.js
FN:68,(anonymous_0)
FN:82,(anonymous_1)
FN:85,(anonymous_2)
FN:94,(anonymous_3)
FNF:4
FNH:0
FNDA:0,(anonymous_0)
FNDA:0,(anonymous_1)
FNDA:0,(anonymous_2)
FNDA:0,(anonymous_3)
DA:60,3
DA:61,3
DA:62,3
DA:63,3
DA:65,3
DA:68,3
DA:69,0
DA:70,0
DA:71,0
DA:72,0
DA:73,0
DA:74,0
DA:76,0
DA:77,0
DA:82,3
DA:83,0
DA:84,0
DA:85,0
DA:86,0
DA:89,0
DA:90,0
DA:94,3
DA:95,0
DA:115,3
LF:24
LH:9
BRDA:83,0,0,0
BRDA:83,0,1,0
BRDA:95,1,0,0
BRDA:95,1,1,0
BRF:4
BRH:0
end_of_record
TN:
SF:src\Service\schedulerService.js
FN:4,(anonymous_0)
FN:7,(anonymous_1)
FNF:2
FNH:0
FNDA:0,(anonymous_0)
FNDA:0,(anonymous_1)
DA:1,2
DA:2,2
DA:4,2
DA:5,0
DA:7,0
DA:8,0
DA:10,0
DA:11,0
DA:12,0
DA:13,0
DA:16,0
DA:20,0
DA:23,0
DA:26,2
LF:14
LH:4
BRDA:11,0,0,0
BRDA:11,0,1,0
BRF:2
BRH:0
end_of_record
TN:
SF:src\Service\userService.js
FN:21,(anonymous_0)
FN:54,(anonymous_1)
FN:63,(anonymous_2)
FN:123,(anonymous_3)
FN:129,(anonymous_4)
FN:142,(anonymous_5)
FN:155,(anonymous_6)
FN:173,(anonymous_7)
FN:183,(anonymous_8)
FN:187,(anonymous_9)
FN:191,(anonymous_10)
FN:195,(anonymous_11)
FN:202,(anonymous_12)
FN:209,(anonymous_13)
FN:226,(anonymous_14)
FN:231,(anonymous_15)
FN:236,(anonymous_16)
FN:245,(anonymous_17)
FN:251,(anonymous_18)
FN:259,(anonymous_19)
FN:280,(anonymous_20)
FNF:21
FNH:2
FNDA:2,(anonymous_0)
FNDA:0,(anonymous_1)
FNDA:3,(anonymous_2)
FNDA:0,(anonymous_3)
FNDA:0,(anonymous_4)
FNDA:0,(anonymous_5)
FNDA:0,(anonymous_6)
FNDA:0,(anonymous_7)
FNDA:0,(anonymous_8)
FNDA:0,(anonymous_9)
FNDA:0,(anonymous_10)
FNDA:0,(anonymous_11)
FNDA:0,(anonymous_12)
FNDA:0,(anonymous_13)
FNDA:0,(anonymous_14)
FNDA:0,(anonymous_15)
FNDA:0,(anonymous_16)
FNDA:0,(anonymous_17)
FNDA:0,(anonymous_18)
FNDA:0,(anonymous_19)
FNDA:0,(anonymous_20)
DA:2,2
DA:3,2
DA:4,2
DA:5,2
DA:6,2
DA:7,2
DA:8,2
DA:9,2
DA:10,2
DA:12,2
DA:13,2
DA:14,2
DA:15,2
DA:16,2
DA:17,2
DA:21,2
DA:22,2
DA:24,2
DA:25,0
DA:28,2
DA:29,2
DA:30,1
DA:33,1
DA:35,1
DA:44,1
DA:50,1
DA:54,2
DA:55,0
DA:63,2
DA:64,3
DA:65,0
DA:68,3
DA:69,3
DA:70,1
DA:73,2
DA:74,2
DA:77,2
DA:78,0
DA:79,0
DA:80,0
DA:81,0
DA:84,0
DA:85,0
DA:90,2
DA:91,2
DA:92,1
DA:93,1
DA:95,1
DA:96,0
DA:99,1
DA:102,1
DA:103,0
DA:104,0
DA:107,1
DA:113,1
DA:115,1
DA:116,1
DA:123,2
DA:124,0
DA:129,2
DA:130,0
DA:131,0
DA:134,0
DA:135,0
DA:136,0
DA:139,0
DA:142,2
DA:143,0
DA:144,0
DA:145,0
DA:147,0
DA:148,0
DA:155,2
DA:156,0
DA:158,0
DA:159,0
DA:162,0
DA:164,0
DA:165,0
DA:168,0
DA:173,2
DA:174,0
DA:175,0
DA:177,0
DA:178,0
DA:183,2
DA:184,0
DA:187,2
DA:188,0
DA:191,2
DA:192,0
DA:195,2
DA:196,0
DA:197,0
DA:199,0
DA:202,2
DA:203,0
DA:209,2
DA:210,0
DA:211,0
DA:214,0
DA:215,0
DA:218,0
DA:220,0
DA:226,2
DA:227,0
DA:231,2
DA:232,0
DA:236,2
DA:237,0
DA:245,2
DA:246,0
DA:251,2
DA:252,0
DA:253,0
DA:255,0
DA:259,2
DA:260,0
DA:262,0
DA:263,0
DA:265,0
DA:267,0
DA:273,0
DA:275,0
DA:280,2
DA:281,0
DA:308,2
LF:127
LH:64
BRDA:24,0,0,0
BRDA:24,0,1,2
BRDA:24,1,0,2
BRDA:24,1,1,2
BRDA:24,1,2,2
BRDA:24,1,3,2
BRDA:24,1,4,2
BRDA:29,2,0,1
BRDA:29,2,1,1
BRDA:47,3,0,1
BRDA:47,3,1,0
BRDA:64,4,0,0
BRDA:64,4,1,3
BRDA:64,5,0,3
BRDA:64,5,1,3
BRDA:69,6,0,1
BRDA:69,6,1,2
BRDA:77,7,0,0
BRDA:77,7,1,2
BRDA:79,8,0,0
BRDA:79,8,1,0
BRDA:91,9,0,1
BRDA:91,9,1,1
BRDA:95,10,0,0
BRDA:95,10,1,1
BRDA:102,11,0,0
BRDA:102,11,1,1
BRDA:130,12,0,0
BRDA:130,12,1,0
BRDA:130,13,0,0
BRDA:130,13,1,0
BRDA:135,14,0,0
BRDA:135,14,1,0
BRDA:144,15,0,0
BRDA:144,15,1,0
BRDA:158,16,0,0
BRDA:158,16,1,0
BRDA:164,17,0,0
BRDA:164,17,1,0
BRDA:175,18,0,0
BRDA:175,18,1,0
BRDA:197,19,0,0
BRDA:197,19,1,0
BRDA:214,20,0,0
BRDA:214,20,1,0
BRDA:214,21,0,0
BRDA:214,21,1,0
BRDA:214,21,2,0
BRDA:265,22,0,0
BRDA:265,22,1,0
BRDA:265,23,0,0
BRDA:265,23,1,0
BRF:52
BRH:19
end_of_record
TN:
SF:src\constants\MessageConstant.js
FN:38,(anonymous_0)
FN:39,(anonymous_1)
FN:40,(anonymous_2)
FNF:3
FNH:1
FNDA:0,(anonymous_0)
FNDA:2,(anonymous_1)
FNDA:0,(anonymous_2)
DA:3,3
DA:38,0
DA:39,2
DA:40,0
LF:4
LH:2
BRF:0
BRH:0
end_of_record
TN:
SF:src\controllers\UserController.js
FN:18,(anonymous_0)
FN:34,(anonymous_1)
FN:46,(anonymous_2)
FN:56,(anonymous_3)
FN:65,(anonymous_4)
FN:75,(anonymous_5)
FN:85,(anonymous_6)
FN:115,(anonymous_7)
FN:124,(anonymous_8)
FN:137,(anonymous_9)
FN:146,(anonymous_10)
FN:160,(anonymous_11)
FN:170,(anonymous_12)
FN:179,(anonymous_13)
FN:188,(anonymous_14)
FN:216,(anonymous_15)
FN:226,(anonymous_16)
FN:247,(anonymous_17)
FN:256,(anonymous_18)
FN:265,(anonymous_19)
FN:284,(anonymous_20)
FN:300,(anonymous_21)
FN:375,(anonymous_22)
FNF:23
FNH:4
FNDA:2,(anonymous_0)
FNDA:0,(anonymous_1)
FNDA:2,(anonymous_2)
FNDA:0,(anonymous_3)
FNDA:2,(anonymous_4)
FNDA:0,(anonymous_5)
FNDA:0,(anonymous_6)
FNDA:0,(anonymous_7)
FNDA:3,(anonymous_8)
FNDA:0,(anonymous_9)
FNDA:0,(anonymous_10)
FNDA:0,(anonymous_11)
FNDA:0,(anonymous_12)
FNDA:0,(anonymous_13)
FNDA:0,(anonymous_14)
FNDA:0,(anonymous_15)
FNDA:0,(anonymous_16)
FNDA:0,(anonymous_17)
FNDA:0,(anonymous_18)
FNDA:0,(anonymous_19)
FNDA:0,(anonymous_20)
FNDA:0,(anonymous_21)
FNDA:0,(anonymous_22)
DA:1,1
DA:3,1
DA:4,1
DA:5,1
DA:6,1
DA:7,1
DA:8,1
DA:9,1
DA:10,1
DA:11,1
DA:13,1
DA:14,1
DA:15,1
DA:18,1
DA:19,2
DA:20,2
DA:22,2
DA:23,2
DA:25,1
DA:27,1
DA:29,1
DA:34,1
DA:35,0
DA:36,0
DA:37,0
DA:39,0
DA:40,0
DA:46,1
DA:47,2
DA:48,2
DA:49,1
DA:51,1
DA:52,1
DA:56,1
DA:57,0
DA:58,0
DA:59,0
DA:61,0
DA:65,1
DA:66,2
DA:67,2
DA:68,1
DA:70,1
DA:75,1
DA:76,0
DA:77,0
DA:78,0
DA:79,0
DA:81,0
DA:85,1
DA:86,0
DA:87,0
DA:88,0
DA:90,0
DA:91,0
DA:94,0
DA:95,0
DA:96,0
DA:99,0
DA:100,0
DA:101,0
DA:104,0
DA:106,0
DA:108,0
DA:115,1
DA:116,0
DA:117,0
DA:118,0
DA:120,0
DA:124,1
DA:125,3
DA:126,3
DA:127,2
DA:128,1
DA:130,1
DA:133,1
DA:137,1
DA:138,0
DA:139,0
DA:140,0
DA:142,0
DA:146,1
DA:147,0
DA:148,0
DA:149,0
DA:150,0
DA:153,0
DA:154,0
DA:156,0
DA:160,1
DA:161,0
DA:162,0
DA:163,0
DA:164,0
DA:166,0
DA:170,1
DA:171,0
DA:172,0
DA:173,0
DA:175,0
DA:179,1
DA:180,0
DA:181,0
DA:182,0
DA:184,0
DA:188,1
DA:189,0
DA:190,0
DA:191,0
DA:194,0
DA:207,0
DA:216,1
DA:217,0
DA:218,0
DA:219,0
DA:220,0
DA:222,0
DA:226,1
DA:227,0
DA:228,0
DA:229,0
DA:231,0
DA:232,0
DA:235,0
DA:236,0
DA:238,0
DA:247,1
DA:248,0
DA:249,0
DA:250,0
DA:252,0
DA:256,1
DA:257,0
DA:258,0
DA:259,0
DA:261,0
DA:265,1
DA:266,0
DA:267,0
DA:268,0
DA:270,0
DA:284,1
DA:285,0
DA:286,0
DA:288,0
DA:289,0
DA:292,0
DA:293,0
DA:295,0
DA:296,0
DA:300,1
DA:301,0
DA:302,0
DA:303,0
DA:305,0
DA:306,0
DA:375,1
DA:376,0
DA:378,0
DA:379,0
DA:381,0
DA:382,0
DA:386,0
DA:391,0
DA:392,0
DA:395,0
DA:397,0
DA:403,1
LF:168
LH:59
BRDA:20,0,0,2
BRDA:20,0,1,1
BRDA:90,1,0,0
BRDA:90,1,1,0
BRDA:90,2,0,0
BRDA:90,2,1,0
BRDA:95,3,0,0
BRDA:95,3,1,0
BRDA:100,4,0,0
BRDA:100,4,1,0
BRDA:127,5,0,1
BRDA:127,5,1,1
BRDA:149,6,0,0
BRDA:149,6,1,0
BRDA:189,7,0,0
BRDA:189,7,1,0
BRDA:190,8,0,0
BRDA:190,8,1,0
BRDA:219,9,0,0
BRDA:219,9,1,0
BRDA:231,10,0,0
BRDA:231,10,1,0
BRDA:288,11,0,0
BRDA:288,11,1,0
BRDA:288,12,0,0
BRDA:288,12,1,0
BRDA:381,13,0,0
BRDA:381,13,1,0
BRDA:391,14,0,0
BRDA:391,14,1,0
BRF:30
BRH:4
end_of_record
TN:
SF:src\models\index.js
FN:13,(anonymous_0)
FN:29,(anonymous_1)
FNF:2
FNH:2
FNDA:1,(anonymous_0)
FNDA:4,(anonymous_1)
DA:1,1
DA:2,1
DA:3,1
DA:4,1
DA:7,1
DA:8,1
DA:10,1
DA:13,1
DA:14,1
DA:19,1
DA:26,1
DA:29,1
DA:30,4
DA:31,1
DA:35,1
LF:15
LH:15
BRDA:30,0,0,1
BRDA:30,0,1,3
BRF:2
BRH:2
end_of_record
TN:
SF:src\models\menu.js
FNF:0
FNH:0
DA:1,1
DA:2,1
DA:4,1
DA:36,1
LF:4
LH:4
BRF:0
BRH:0
end_of_record
TN:
SF:src\repository\userRepository.js
FN:11,(anonymous_0)
FN:16,(anonymous_1)
FN:30,(anonymous_2)
FN:49,(anonymous_3)
FN:53,(anonymous_4)
FN:62,(anonymous_5)
FN:72,(anonymous_6)
FN:78,(anonymous_7)
FN:88,(anonymous_8)
FN:93,(anonymous_9)
FN:100,(anonymous_10)
FN:111,(anonymous_11)
FN:132,(anonymous_12)
FN:141,(anonymous_13)
FN:147,(anonymous_14)
FN:152,(anonymous_15)
FN:156,(anonymous_16)
FN:162,(anonymous_17)
FN:168,(anonymous_18)
FN:177,(anonymous_19)
FN:201,(anonymous_20)
FN:258,(anonymous_21)
FN:271,(anonymous_22)
FN:280,(anonymous_23)
FN:301,(anonymous_24)
FN:320,(anonymous_25)
FN:329,(anonymous_26)
FNF:27
FNH:5
FNDA:1,(anonymous_0)
FNDA:1,(anonymous_1)
FNDA:0,(anonymous_2)
FNDA:0,(anonymous_3)
FNDA:0,(anonymous_4)
FNDA:0,(anonymous_5)
FNDA:1,(anonymous_6)
FNDA:2,(anonymous_7)
FNDA:0,(anonymous_8)
FNDA:0,(anonymous_9)
FNDA:1,(anonymous_10)
FNDA:0,(anonymous_11)
FNDA:0,(anonymous_12)
FNDA:0,(anonymous_13)
FNDA:0,(anonymous_14)
FNDA:0,(anonymous_15)
FNDA:0,(anonymous_16)
FNDA:0,(anonymous_17)
FNDA:0,(anonymous_18)
FNDA:0,(anonymous_19)
FNDA:0,(anonymous_20)
FNDA:0,(anonymous_21)
FNDA:0,(anonymous_22)
FNDA:0,(anonymous_23)
FNDA:0,(anonymous_24)
FNDA:0,(anonymous_25)
FNDA:0,(anonymous_26)
DA:2,3
DA:3,3
DA:4,3
DA:5,3
DA:6,3
DA:8,3
DA:11,3
DA:12,1
DA:16,3
DA:17,1
DA:30,3
DA:31,0
DA:49,3
DA:50,0
DA:53,3
DA:54,0
DA:58,0
DA:62,3
DA:63,0
DA:67,0
DA:72,3
DA:73,1
DA:74,1
DA:78,3
DA:79,2
DA:81,1
DA:88,3
DA:89,0
DA:93,3
DA:94,0
DA:100,3
DA:101,1
DA:102,1
DA:107,1
DA:108,1
DA:111,3
DA:112,0
DA:113,0
DA:115,0
DA:123,0
DA:125,0
DA:126,0
DA:132,3
DA:133,0
DA:141,3
DA:142,0
DA:147,3
DA:148,0
DA:149,0
DA:152,3
DA:153,0
DA:156,3
DA:157,0
DA:162,3
DA:163,0
DA:168,3
DA:169,0
DA:177,3
DA:178,0
DA:179,0
DA:193,0
DA:195,0
DA:196,0
DA:201,3
DA:202,0
DA:203,0
DA:204,0
DA:206,0
DA:208,0
DA:209,0
DA:212,0
DA:213,0
DA:217,0
DA:218,0
DA:220,0
DA:222,0
DA:240,0
DA:242,0
DA:251,0
DA:252,0
DA:258,3
DA:259,0
DA:260,0
DA:261,0
DA:263,0
DA:264,0
DA:266,0
DA:271,3
DA:272,0
DA:280,3
DA:281,0
DA:283,0
DA:284,0
DA:291,0
DA:292,0
DA:295,0
DA:296,0
DA:301,3
DA:302,0
DA:303,0
DA:307,0
DA:308,0
DA:309,0
DA:310,0
DA:315,0
DA:316,0
DA:320,3
DA:321,0
DA:322,0
DA:323,0
DA:325,0
DA:329,3
DA:330,0
DA:345,3
LF:114
LH:44
BRDA:79,0,0,1
BRDA:79,0,1,1
BRDA:79,1,0,2
BRDA:79,1,1,1
BRDA:113,2,0,0
BRDA:113,2,1,0
BRDA:201,3,0,0
BRDA:201,4,0,0
BRDA:201,5,0,0
BRDA:203,6,0,0
BRDA:203,6,1,0
BRDA:204,7,0,0
BRDA:204,7,1,0
BRDA:208,8,0,0
BRDA:208,8,1,0
BRDA:212,9,0,0
BRDA:212,9,1,0
BRDA:217,10,0,0
BRDA:217,10,1,0
BRDA:218,11,0,0
BRDA:218,11,1,0
BRDA:263,12,0,0
BRDA:263,12,1,0
BRDA:302,13,0,0
BRDA:302,13,1,0
BRDA:302,14,0,0
BRDA:302,14,1,0
BRDA:307,15,0,0
BRDA:307,15,1,0
BRDA:309,16,0,0
BRDA:309,16,1,0
BRF:31
BRH:4
end_of_record
TN:
SF:src\utils\ApiResponse.js
FN:2,(anonymous_0)
FN:12,(anonymous_1)
FNF:2
FNH:0
FNDA:0,(anonymous_0)
FNDA:0,(anonymous_1)
DA:3,0
DA:13,0
DA:35,1
LF:3
LH:1
BRDA:2,0,0,0
BRDA:2,1,0,0
BRDA:12,2,0,0
BRDA:12,3,0,0
BRDA:12,4,0,0
BRDA:17,5,0,0
BRDA:17,5,1,0
BRF:7
BRH:0
end_of_record
TN:
SF:src\utils\EmailService.js
FN:11,(anonymous_0)
FNF:1
FNH:0
FNDA:0,(anonymous_0)
DA:1,2
DA:3,2
DA:11,2
DA:12,0
DA:18,0
DA:21,2
LF:6
LH:4
BRF:0
BRH:0
end_of_record
TN:
SF:src\utils\Res.js
FN:2,(anonymous_0)
FN:14,(anonymous_1)
FN:25,(anonymous_2)
FN:29,(anonymous_3)
FN:33,(anonymous_4)
FN:37,(anonymous_5)
FN:41,(anonymous_6)
FN:46,(anonymous_7)
FNF:8
FNH:0
FNDA:0,(anonymous_0)
FNDA:0,(anonymous_1)
FNDA:0,(anonymous_2)
FNDA:0,(anonymous_3)
FNDA:0,(anonymous_4)
FNDA:0,(anonymous_5)
FNDA:0,(anonymous_6)
FNDA:0,(anonymous_7)
DA:3,0
DA:15,0
DA:26,0
DA:30,0
DA:34,0
DA:38,0
DA:42,0
DA:47,0
DA:58,1
LF:9
LH:1
BRDA:2,0,0,0
BRDA:2,1,0,0
BRDA:2,2,0,0
BRDA:2,3,0,0
BRDA:5,4,0,0
BRDA:5,4,1,0
BRDA:14,5,0,0
BRDA:14,6,0,0
BRDA:14,7,0,0
BRDA:25,8,0,0
BRDA:25,9,0,0
BRDA:29,10,0,0
BRDA:29,11,0,0
BRDA:33,12,0,0
BRDA:33,13,0,0
BRDA:37,14,0,0
BRDA:37,15,0,0
BRDA:46,16,0,0
BRF:18
BRH:0
end_of_record
TN:
SF:src\utils\envHelper.js
FN:3,(anonymous_0)
FNF:1
FNH:0
FNDA:0,(anonymous_0)
DA:1,3
DA:3,3
DA:4,0
DA:7,3
LF:4
LH:3
BRDA:3,0,0,0
BRDA:4,1,0,0
BRDA:4,1,1,0
BRF:3
BRH:0
end_of_record
TN:
SF:src\utils\errors.js
FN:70,(anonymous_0)
FN:78,(anonymous_1)
FN:84,(anonymous_2)
FN:90,(anonymous_3)
FN:96,(anonymous_4)
FN:102,(anonymous_5)
FN:108,(anonymous_6)
FN:114,(anonymous_7)
FN:120,(anonymous_8)
FN:126,(anonymous_9)
FNF:10
FNH:2
FNDA:3,(anonymous_0)
FNDA:3,(anonymous_1)
FNDA:0,(anonymous_2)
FNDA:0,(anonymous_3)
FNDA:0,(anonymous_4)
FNDA:0,(anonymous_5)
FNDA:0,(anonymous_6)
FNDA:0,(anonymous_7)
FNDA:0,(anonymous_8)
FNDA:0,(anonymous_9)
DA:67,3
DA:71,3
DA:72,3
DA:73,3
DA:79,3
DA:85,0
DA:91,0
DA:97,0
DA:103,0
DA:109,0
DA:115,0
DA:121,0
DA:127,0
DA:131,3
LF:14
LH:6
BRDA:70,0,0,0
BRDA:70,1,0,0
BRDA:78,2,0,0
BRDA:84,3,0,0
BRDA:90,4,0,0
BRDA:96,5,0,0
BRDA:102,6,0,0
BRDA:108,7,0,0
BRDA:114,8,0,0
BRDA:120,9,0,0
BRDA:126,10,0,0
BRF:11
BRH:0
end_of_record
TN:
SF:src\utils\jwt.js
FN:5,(anonymous_0)
FN:11,(anonymous_1)
FNF:2
FNH:1
FNDA:1,(anonymous_0)
FNDA:0,(anonymous_1)
DA:2,2
DA:3,2
DA:5,2
DA:6,1
DA:11,2
DA:12,0
DA:15,2
LF:7
LH:6
BRDA:7,0,0,1
BRDA:7,0,1,0
BRF:2
BRH:1
end_of_record
TN:
SF:src\utils\mailTemplate.js
FN:1,(anonymous_0)
FNF:1
FNH:0
FNDA:0,(anonymous_0)
DA:1,3
DA:2,0
DA:5,3
LF:3
LH:2
BRF:0
BRH:0
end_of_record
TN:
SF:src\utils\settingsUtil.js
FN:4,(anonymous_0)
FN:8,(anonymous_1)
FNF:2
FNH:0
FNDA:0,(anonymous_0)
FNDA:0,(anonymous_1)
DA:2,1
DA:4,1
DA:5,0
DA:7,0
DA:8,0
DA:11,0
DA:17,1
LF:7
LH:3
BRDA:8,0,0,0
BRDA:8,0,1,0
BRDA:12,1,0,0
BRDA:12,1,1,0
BRDA:13,2,0,0
BRDA:13,2,1,0
BRF:6
BRH:0
end_of_record
