TN:
SF:src\Service\jsonapi.js
FN:4,(anonymous_0)
FNF:1
FNH:1
FNDA:3,(anonymous_0)
DA:1,2
DA:2,2
DA:4,2
DA:5,3
DA:7,3
DA:8,5
DA:9,5
DA:12,5
DA:13,2
DA:16,3
DA:17,3
DA:19,3
DA:21,1
DA:27,2
LF:14
LH:14
BRDA:4,0,0,2
BRDA:4,1,0,2
BRDA:19,2,0,1
BRDA:19,2,1,2
BRF:4
BRH:4
end_of_record
TN:
SF:src\Service\mailService.js
FN:5,(anonymous_0)
FN:9,(anonymous_1)
FNF:2
FNH:2
FNDA:2,(anonymous_0)
FNDA:2,(anonymous_1)
DA:2,3
DA:3,3
DA:5,3
DA:6,2
DA:9,3
DA:10,2
DA:11,2
DA:13,2
DA:21,2
DA:29,3
LF:10
LH:10
BRDA:6,0,0,2
BRDA:6,0,1,0
BRDA:11,1,0,2
BRDA:11,1,1,1
BRDA:25,2,0,2
BRDA:25,2,1,1
BRF:6
BRH:5
end_of_record
TN:
SF:src\Service\rmqService.js
FN:8,(anonymous_0)
FN:22,(anonymous_1)
FN:25,(anonymous_2)
FN:34,(anonymous_3)
FN:37,(anonymous_4)
FNF:5
FNH:4
FNDA:2,(anonymous_0)
FNDA:1,(anonymous_1)
FNDA:0,(anonymous_2)
FNDA:2,(anonymous_3)
FNDA:2,(anonymous_4)
DA:1,3
DA:2,3
DA:3,3
DA:5,3
DA:8,3
DA:9,2
DA:10,2
DA:11,2
DA:12,2
DA:13,2
DA:14,2
DA:16,0
DA:17,0
DA:22,3
DA:23,1
DA:24,0
DA:25,0
DA:26,0
DA:29,1
DA:30,1
DA:34,3
DA:35,2
DA:37,2
DA:38,2
DA:39,2
DA:40,2
DA:42,2
DA:43,2
DA:44,2
DA:46,0
DA:49,2
DA:54,3
LF:32
LH:26
BRDA:23,0,0,0
BRDA:23,0,1,1
BRDA:35,1,0,0
BRDA:35,1,1,2
BRDA:38,2,0,2
BRDA:38,2,1,0
BRF:6
BRH:3
end_of_record
TN:
SF:src\Service\schedulerService.js
FN:6,(anonymous_0)
FN:9,(anonymous_1)
FN:36,(anonymous_2)
FNF:3
FNH:3
FNDA:2,(anonymous_0)
FNDA:3,(anonymous_1)
FNDA:2,(anonymous_2)
DA:1,3
DA:2,3
DA:4,3
DA:6,3
DA:7,2
DA:9,2
DA:10,3
DA:12,3
DA:13,3
DA:14,2
DA:15,2
DA:18,1
DA:22,1
DA:26,2
DA:27,2
DA:30,2
DA:32,2
DA:36,3
DA:37,2
DA:38,2
DA:42,3
LF:21
LH:21
BRDA:13,0,0,2
BRDA:13,0,1,1
BRDA:26,1,0,2
BRDA:26,1,1,0
BRDA:37,2,0,2
BRDA:37,2,1,0
BRF:6
BRH:4
end_of_record
TN:
SF:src\Service\userService.js
FN:19,(anonymous_0)
FN:52,(anonymous_1)
FN:59,(anonymous_2)
FN:117,(anonymous_3)
FN:123,(anonymous_4)
FN:136,(anonymous_5)
FN:145,(anonymous_6)
FN:163,(anonymous_7)
FN:175,(anonymous_8)
FN:179,(anonymous_9)
FN:183,(anonymous_10)
FN:187,(anonymous_11)
FN:194,(anonymous_12)
FN:200,(anonymous_13)
FN:217,(anonymous_14)
FN:222,(anonymous_15)
FN:227,(anonymous_16)
FN:234,(anonymous_17)
FN:240,(anonymous_18)
FN:248,(anonymous_19)
FN:269,(anonymous_20)
FNF:21
FNH:5
FNDA:0,(anonymous_0)
FNDA:0,(anonymous_1)
FNDA:0,(anonymous_2)
FNDA:0,(anonymous_3)
FNDA:3,(anonymous_4)
FNDA:0,(anonymous_5)
FNDA:3,(anonymous_6)
FNDA:2,(anonymous_7)
FNDA:1,(anonymous_8)
FNDA:0,(anonymous_9)
FNDA:0,(anonymous_10)
FNDA:0,(anonymous_11)
FNDA:0,(anonymous_12)
FNDA:0,(anonymous_13)
FNDA:0,(anonymous_14)
FNDA:0,(anonymous_15)
FNDA:0,(anonymous_16)
FNDA:0,(anonymous_17)
FNDA:0,(anonymous_18)
FNDA:1,(anonymous_19)
FNDA:0,(anonymous_20)
DA:2,2
DA:3,2
DA:4,2
DA:5,2
DA:6,2
DA:7,2
DA:8,2
DA:9,2
DA:10,2
DA:11,2
DA:12,2
DA:13,2
DA:14,2
DA:15,2
DA:16,2
DA:19,2
DA:20,0
DA:22,0
DA:23,0
DA:26,0
DA:27,0
DA:28,0
DA:31,0
DA:33,0
DA:42,0
DA:48,0
DA:52,2
DA:53,0
DA:59,2
DA:60,0
DA:61,0
DA:64,0
DA:65,0
DA:66,0
DA:69,0
DA:70,0
DA:73,0
DA:74,0
DA:75,0
DA:76,0
DA:77,0
DA:80,0
DA:81,0
DA:86,0
DA:87,0
DA:88,0
DA:89,0
DA:91,0
DA:92,0
DA:95,0
DA:98,0
DA:99,0
DA:100,0
DA:103,0
DA:109,0
DA:111,0
DA:112,0
DA:117,2
DA:118,0
DA:123,2
DA:124,3
DA:125,1
DA:128,2
DA:129,2
DA:130,1
DA:133,1
DA:136,2
DA:137,0
DA:138,0
DA:139,0
DA:141,0
DA:142,0
DA:145,2
DA:146,3
DA:148,3
DA:149,1
DA:152,2
DA:154,2
DA:155,1
DA:158,1
DA:163,2
DA:164,2
DA:165,2
DA:168,1
DA:169,1
DA:171,1
DA:175,2
DA:176,1
DA:179,2
DA:180,0
DA:183,2
DA:184,0
DA:187,2
DA:188,0
DA:189,0
DA:191,0
DA:194,2
DA:195,0
DA:200,2
DA:201,0
DA:202,0
DA:205,0
DA:206,0
DA:209,0
DA:211,0
DA:217,2
DA:218,0
DA:222,2
DA:223,0
DA:227,2
DA:228,0
DA:234,2
DA:235,0
DA:240,2
DA:241,0
DA:242,0
DA:244,0
DA:248,2
DA:249,1
DA:251,1
DA:252,4
DA:254,4
DA:256,2
DA:262,2
DA:264,2
DA:269,2
DA:270,0
DA:274,2
LF:128
LH:63
BRDA:22,0,0,0
BRDA:22,0,1,0
BRDA:22,1,0,0
BRDA:22,1,1,0
BRDA:22,1,2,0
BRDA:22,1,3,0
BRDA:22,1,4,0
BRDA:27,2,0,0
BRDA:27,2,1,0
BRDA:45,3,0,0
BRDA:45,3,1,0
BRDA:60,4,0,0
BRDA:60,4,1,0
BRDA:60,5,0,0
BRDA:60,5,1,0
BRDA:65,6,0,0
BRDA:65,6,1,0
BRDA:73,7,0,0
BRDA:73,7,1,0
BRDA:75,8,0,0
BRDA:75,8,1,0
BRDA:87,9,0,0
BRDA:87,9,1,0
BRDA:91,10,0,0
BRDA:91,10,1,0
BRDA:98,11,0,0
BRDA:98,11,1,0
BRDA:124,12,0,1
BRDA:124,12,1,2
BRDA:124,13,0,3
BRDA:124,13,1,3
BRDA:129,14,0,1
BRDA:129,14,1,1
BRDA:138,15,0,0
BRDA:138,15,1,0
BRDA:148,16,0,1
BRDA:148,16,1,2
BRDA:154,17,0,1
BRDA:154,17,1,1
BRDA:165,18,0,1
BRDA:165,18,1,1
BRDA:189,19,0,0
BRDA:189,19,1,0
BRDA:205,20,0,0
BRDA:205,20,1,0
BRDA:205,21,0,0
BRDA:205,21,1,0
BRDA:205,21,2,0
BRDA:254,22,0,2
BRDA:254,22,1,2
BRDA:254,23,0,4
BRDA:254,23,1,3
BRF:52
BRH:16
end_of_record
TN:
SF:src\constants\MessageConstant.js
FN:36,(anonymous_0)
FN:37,(anonymous_1)
FN:38,(anonymous_2)
FNF:3
FNH:3
FNDA:1,(anonymous_0)
FNDA:1,(anonymous_1)
FNDA:1,(anonymous_2)
DA:3,5
DA:36,1
DA:37,1
DA:38,1
LF:4
LH:4
BRF:0
BRH:0
end_of_record
TN:
SF:src\controllers\UserController.js
FN:33,(anonymous_0)
FN:52,(anonymous_1)
FN:65,(anonymous_2)
FN:77,(anonymous_3)
FN:91,(anonymous_4)
FN:100,(anonymous_5)
FN:114,(anonymous_6)
FN:146,(anonymous_7)
FN:159,(anonymous_8)
FN:172,(anonymous_9)
FN:184,(anonymous_10)
FN:199,(anonymous_11)
FN:213,(anonymous_12)
FN:223,(anonymous_13)
FN:233,(anonymous_14)
FN:264,(anonymous_15)
FN:274,(anonymous_16)
FN:294,(anonymous_17)
FN:303,(anonymous_18)
FN:312,(anonymous_19)
FN:321,(anonymous_20)
FN:343,(anonymous_21)
FN:354,(anonymous_22)
FNF:23
FNH:4
FNDA:2,(anonymous_0)
FNDA:0,(anonymous_1)
FNDA:2,(anonymous_2)
FNDA:0,(anonymous_3)
FNDA:2,(anonymous_4)
FNDA:0,(anonymous_5)
FNDA:0,(anonymous_6)
FNDA:0,(anonymous_7)
FNDA:3,(anonymous_8)
FNDA:0,(anonymous_9)
FNDA:0,(anonymous_10)
FNDA:0,(anonymous_11)
FNDA:0,(anonymous_12)
FNDA:0,(anonymous_13)
FNDA:0,(anonymous_14)
FNDA:0,(anonymous_15)
FNDA:0,(anonymous_16)
FNDA:0,(anonymous_17)
FNDA:0,(anonymous_18)
FNDA:0,(anonymous_19)
FNDA:0,(anonymous_20)
FNDA:0,(anonymous_21)
FNDA:0,(anonymous_22)
DA:3,1
DA:4,1
DA:5,1
DA:6,1
DA:7,1
DA:8,1
DA:9,1
DA:10,1
DA:11,1
DA:12,1
DA:13,1
DA:14,1
DA:15,1
DA:18,1
DA:19,1
DA:21,1
DA:23,1
DA:33,1
DA:34,2
DA:35,2
DA:36,2
DA:37,0
DA:40,2
DA:43,1
DA:45,1
DA:47,1
DA:52,1
DA:53,0
DA:54,0
DA:55,0
DA:59,0
DA:60,0
DA:65,1
DA:66,2
DA:67,2
DA:68,1
DA:71,1
DA:72,1
DA:77,1
DA:78,0
DA:79,0
DA:80,0
DA:81,0
DA:83,0
DA:84,0
DA:86,0
DA:91,1
DA:92,2
DA:93,2
DA:94,1
DA:96,1
DA:100,1
DA:101,0
DA:102,0
DA:103,0
DA:104,0
DA:106,0
DA:107,0
DA:109,0
DA:114,1
DA:115,0
DA:116,0
DA:117,0
DA:119,0
DA:120,0
DA:123,0
DA:124,0
DA:127,0
DA:128,0
DA:129,0
DA:132,0
DA:133,0
DA:134,0
DA:137,0
DA:139,0
DA:141,0
DA:146,1
DA:147,0
DA:148,0
DA:149,0
DA:151,0
DA:152,0
DA:154,0
DA:159,1
DA:160,3
DA:161,3
DA:162,2
DA:163,1
DA:165,1
DA:167,1
DA:172,1
DA:173,0
DA:174,0
DA:175,0
DA:177,0
DA:178,0
DA:180,0
DA:184,1
DA:185,0
DA:186,0
DA:187,0
DA:188,0
DA:191,0
DA:193,0
DA:195,0
DA:199,1
DA:200,0
DA:201,0
DA:202,0
DA:203,0
DA:206,0
DA:207,0
DA:209,0
DA:213,1
DA:214,0
DA:215,0
DA:216,0
DA:217,0
DA:219,0
DA:223,1
DA:224,0
DA:225,0
DA:226,0
DA:227,0
DA:229,0
DA:233,1
DA:234,0
DA:235,0
DA:236,0
DA:239,0
DA:240,0
DA:241,0
DA:248,0
DA:255,0
DA:264,1
DA:265,0
DA:266,0
DA:267,0
DA:268,0
DA:270,0
DA:274,1
DA:275,0
DA:277,0
DA:278,0
DA:279,0
DA:282,0
DA:283,0
DA:284,0
DA:287,0
DA:288,0
DA:290,0
DA:294,1
DA:295,0
DA:296,0
DA:297,0
DA:299,0
DA:303,1
DA:304,0
DA:305,0
DA:306,0
DA:308,0
DA:312,1
DA:313,0
DA:314,0
DA:315,0
DA:317,0
DA:321,1
DA:322,0
DA:323,0
DA:325,0
DA:326,0
DA:329,0
DA:330,0
DA:331,0
DA:334,0
DA:335,0
DA:338,0
DA:339,0
DA:343,1
DA:344,0
DA:345,0
DA:346,0
DA:349,0
DA:350,0
DA:354,1
DA:355,0
DA:356,0
DA:357,0
DA:359,0
DA:360,0
DA:364,0
DA:365,0
DA:367,0
DA:368,0
DA:372,0
DA:377,0
DA:378,0
DA:381,0
DA:384,0
DA:388,1
LF:200
LH:63
BRDA:35,0,0,2
BRDA:35,0,1,1
BRDA:35,0,2,1
BRDA:36,1,0,0
BRDA:36,1,1,2
BRDA:36,2,0,2
BRDA:36,2,1,2
BRDA:37,3,0,0
BRDA:37,3,1,0
BRDA:43,4,0,1
BRDA:43,4,1,0
BRDA:59,5,0,0
BRDA:59,5,1,0
BRDA:71,6,0,1
BRDA:71,6,1,0
BRDA:80,7,0,0
BRDA:80,7,1,0
BRDA:81,8,0,0
BRDA:81,8,1,0
BRDA:102,9,0,0
BRDA:102,9,1,0
BRDA:103,10,0,0
BRDA:103,10,1,0
BRDA:103,11,0,0
BRDA:103,11,1,0
BRDA:104,12,0,0
BRDA:104,12,1,0
BRDA:117,13,0,0
BRDA:117,13,1,0
BRDA:119,14,0,0
BRDA:119,14,1,0
BRDA:120,15,0,0
BRDA:120,15,1,0
BRDA:123,16,0,0
BRDA:123,16,1,0
BRDA:123,17,0,0
BRDA:123,17,1,0
BRDA:124,18,0,0
BRDA:124,18,1,0
BRDA:128,19,0,0
BRDA:128,19,1,0
BRDA:129,20,0,0
BRDA:129,20,1,0
BRDA:133,21,0,0
BRDA:133,21,1,0
BRDA:134,22,0,0
BRDA:134,22,1,0
BRDA:148,23,0,0
BRDA:148,23,1,0
BRDA:148,24,0,0
BRDA:148,24,1,0
BRDA:149,25,0,0
BRDA:149,25,1,0
BRDA:162,26,0,1
BRDA:162,26,1,1
BRDA:174,27,0,0
BRDA:174,27,1,0
BRDA:175,28,0,0
BRDA:175,28,1,0
BRDA:186,29,0,0
BRDA:186,29,1,0
BRDA:187,30,0,0
BRDA:187,30,1,0
BRDA:201,31,0,0
BRDA:201,31,1,0
BRDA:202,32,0,0
BRDA:202,32,1,0
BRDA:202,33,0,0
BRDA:202,33,1,0
BRDA:203,34,0,0
BRDA:203,34,1,0
BRDA:215,35,0,0
BRDA:215,35,1,0
BRDA:225,36,0,0
BRDA:225,36,1,0
BRDA:233,37,0,0
BRDA:234,38,0,0
BRDA:234,38,1,0
BRDA:235,39,0,0
BRDA:235,39,1,0
BRDA:240,40,0,0
BRDA:240,40,1,0
BRDA:256,41,0,0
BRDA:256,41,1,0
BRDA:257,42,0,0
BRDA:257,42,1,0
BRDA:258,43,0,0
BRDA:258,43,1,0
BRDA:267,44,0,0
BRDA:267,44,1,0
BRDA:278,45,0,0
BRDA:278,45,1,0
BRDA:278,46,0,0
BRDA:278,46,1,0
BRDA:283,47,0,0
BRDA:283,47,1,0
BRDA:323,48,0,0
BRDA:323,48,1,0
BRDA:325,49,0,0
BRDA:325,49,1,0
BRDA:325,50,0,0
BRDA:325,50,1,0
BRDA:326,51,0,0
BRDA:326,51,1,0
BRDA:330,52,0,0
BRDA:330,52,1,0
BRDA:330,53,0,0
BRDA:330,53,1,0
BRDA:331,54,0,0
BRDA:331,54,1,0
BRDA:338,55,0,0
BRDA:338,55,1,0
BRDA:339,56,0,0
BRDA:339,56,1,0
BRDA:349,57,0,0
BRDA:349,57,1,0
BRDA:350,58,0,0
BRDA:350,58,1,0
BRDA:356,59,0,0
BRDA:356,59,1,0
BRDA:359,60,0,0
BRDA:359,60,1,0
BRDA:364,61,0,0
BRDA:364,61,1,0
BRDA:365,62,0,0
BRDA:365,62,1,0
BRDA:367,63,0,0
BRDA:367,63,1,0
BRDA:377,64,0,0
BRDA:377,64,1,0
BRDA:377,65,0,0
BRDA:377,65,1,0
BRF:132
BRH:10
end_of_record
TN:
SF:src\models\Settings.js
FNF:0
FNH:0
DA:1,1
DA:2,1
DA:4,1
DA:24,1
LF:4
LH:4
BRF:0
BRH:0
end_of_record
TN:
SF:src\models\index.js
FN:13,(anonymous_0)
FN:29,(anonymous_1)
FNF:2
FNH:2
FNDA:1,(anonymous_0)
FNDA:4,(anonymous_1)
DA:1,1
DA:2,1
DA:3,1
DA:4,1
DA:7,1
DA:8,1
DA:10,1
DA:13,1
DA:14,1
DA:19,1
DA:26,1
DA:29,1
DA:30,4
DA:31,1
DA:35,1
LF:15
LH:15
BRDA:30,0,0,1
BRDA:30,0,1,3
BRF:2
BRH:2
end_of_record
TN:
SF:src\repository\userRepository.js
FN:11,(anonymous_0)
FN:16,(anonymous_1)
FN:30,(anonymous_2)
FN:49,(anonymous_3)
FN:53,(anonymous_4)
FN:62,(anonymous_5)
FN:72,(anonymous_6)
FN:78,(anonymous_7)
FN:88,(anonymous_8)
FN:93,(anonymous_9)
FN:100,(anonymous_10)
FN:111,(anonymous_11)
FN:132,(anonymous_12)
FN:141,(anonymous_13)
FN:147,(anonymous_14)
FN:152,(anonymous_15)
FN:156,(anonymous_16)
FN:162,(anonymous_17)
FN:168,(anonymous_18)
FN:177,(anonymous_19)
FN:201,(anonymous_20)
FN:258,(anonymous_21)
FN:271,(anonymous_22)
FN:280,(anonymous_23)
FN:301,(anonymous_24)
FN:320,(anonymous_25)
FN:329,(anonymous_26)
FNF:27
FNH:5
FNDA:1,(anonymous_0)
FNDA:1,(anonymous_1)
FNDA:0,(anonymous_2)
FNDA:0,(anonymous_3)
FNDA:0,(anonymous_4)
FNDA:0,(anonymous_5)
FNDA:1,(anonymous_6)
FNDA:2,(anonymous_7)
FNDA:0,(anonymous_8)
FNDA:0,(anonymous_9)
FNDA:1,(anonymous_10)
FNDA:0,(anonymous_11)
FNDA:0,(anonymous_12)
FNDA:0,(anonymous_13)
FNDA:0,(anonymous_14)
FNDA:0,(anonymous_15)
FNDA:0,(anonymous_16)
FNDA:0,(anonymous_17)
FNDA:0,(anonymous_18)
FNDA:0,(anonymous_19)
FNDA:0,(anonymous_20)
FNDA:0,(anonymous_21)
FNDA:0,(anonymous_22)
FNDA:0,(anonymous_23)
FNDA:0,(anonymous_24)
FNDA:0,(anonymous_25)
FNDA:0,(anonymous_26)
DA:2,3
DA:3,3
DA:4,3
DA:5,3
DA:6,3
DA:8,3
DA:11,3
DA:12,1
DA:16,3
DA:17,1
DA:30,3
DA:31,0
DA:49,3
DA:50,0
DA:53,3
DA:54,0
DA:58,0
DA:62,3
DA:63,0
DA:67,0
DA:72,3
DA:73,1
DA:74,1
DA:78,3
DA:79,2
DA:81,1
DA:88,3
DA:89,0
DA:93,3
DA:94,0
DA:100,3
DA:101,1
DA:102,1
DA:107,1
DA:108,1
DA:111,3
DA:112,0
DA:113,0
DA:115,0
DA:123,0
DA:125,0
DA:126,0
DA:132,3
DA:133,0
DA:141,3
DA:142,0
DA:147,3
DA:148,0
DA:149,0
DA:152,3
DA:153,0
DA:156,3
DA:157,0
DA:162,3
DA:163,0
DA:168,3
DA:169,0
DA:177,3
DA:178,0
DA:179,0
DA:193,0
DA:195,0
DA:196,0
DA:201,3
DA:202,0
DA:203,0
DA:204,0
DA:206,0
DA:208,0
DA:209,0
DA:212,0
DA:213,0
DA:217,0
DA:218,0
DA:220,0
DA:222,0
DA:240,0
DA:242,0
DA:251,0
DA:252,0
DA:258,3
DA:259,0
DA:260,0
DA:261,0
DA:263,0
DA:264,0
DA:266,0
DA:271,3
DA:272,0
DA:280,3
DA:281,0
DA:283,0
DA:284,0
DA:291,0
DA:292,0
DA:295,0
DA:296,0
DA:301,3
DA:302,0
DA:303,0
DA:307,0
DA:308,0
DA:309,0
DA:310,0
DA:315,0
DA:316,0
DA:320,3
DA:321,0
DA:322,0
DA:323,0
DA:325,0
DA:329,3
DA:330,0
DA:345,3
LF:114
LH:44
BRDA:79,0,0,1
BRDA:79,0,1,1
BRDA:79,1,0,2
BRDA:79,1,1,1
BRDA:113,2,0,0
BRDA:113,2,1,0
BRDA:201,3,0,0
BRDA:201,4,0,0
BRDA:201,5,0,0
BRDA:203,6,0,0
BRDA:203,6,1,0
BRDA:204,7,0,0
BRDA:204,7,1,0
BRDA:208,8,0,0
BRDA:208,8,1,0
BRDA:212,9,0,0
BRDA:212,9,1,0
BRDA:217,10,0,0
BRDA:217,10,1,0
BRDA:218,11,0,0
BRDA:218,11,1,0
BRDA:263,12,0,0
BRDA:263,12,1,0
BRDA:302,13,0,0
BRDA:302,13,1,0
BRDA:302,14,0,0
BRDA:302,14,1,0
BRDA:307,15,0,0
BRDA:307,15,1,0
BRDA:309,16,0,0
BRDA:309,16,1,0
BRF:31
BRH:4
end_of_record
TN:
SF:src\utils\ApiResponse.js
FN:2,(anonymous_0)
FN:12,(anonymous_1)
FNF:2
FNH:2
FNDA:2,(anonymous_0)
FNDA:3,(anonymous_1)
DA:3,2
DA:13,3
DA:35,2
LF:3
LH:3
BRDA:2,0,0,1
BRDA:2,1,0,1
BRDA:12,2,0,1
BRDA:12,3,0,1
BRDA:12,4,0,1
BRDA:17,5,0,3
BRDA:17,5,1,2
BRF:7
BRH:7
end_of_record
TN:
SF:src\utils\EmailService.js
FN:11,(anonymous_0)
FNF:1
FNH:0
FNDA:0,(anonymous_0)
DA:1,2
DA:3,2
DA:11,2
DA:12,0
DA:18,0
DA:21,2
LF:6
LH:4
BRF:0
BRH:0
end_of_record
TN:
SF:src\utils\Res.js
FN:2,(anonymous_0)
FN:14,(anonymous_1)
FN:25,(anonymous_2)
FN:29,(anonymous_3)
FN:33,(anonymous_4)
FN:37,(anonymous_5)
FN:41,(anonymous_6)
FN:46,(anonymous_7)
FNF:8
FNH:8
FNDA:2,(anonymous_0)
FNDA:4,(anonymous_1)
FNDA:1,(anonymous_2)
FNDA:1,(anonymous_3)
FNDA:1,(anonymous_4)
FNDA:1,(anonymous_5)
FNDA:1,(anonymous_6)
FNDA:1,(anonymous_7)
DA:3,2
DA:15,4
DA:26,1
DA:30,1
DA:34,1
DA:38,1
DA:42,1
DA:47,1
DA:58,2
LF:9
LH:9
BRDA:2,0,0,0
BRDA:2,1,0,0
BRDA:2,2,0,0
BRDA:2,3,0,1
BRDA:5,4,0,2
BRDA:5,4,1,1
BRDA:14,5,0,0
BRDA:14,6,0,0
BRDA:14,7,0,0
BRDA:25,8,0,0
BRDA:25,9,0,0
BRDA:29,10,0,0
BRDA:29,11,0,0
BRDA:33,12,0,0
BRDA:33,13,0,0
BRDA:37,14,0,0
BRDA:37,15,0,0
BRDA:46,16,0,0
BRF:18
BRH:3
end_of_record
TN:
SF:src\utils\envHelper.js
FN:3,(anonymous_0)
FNF:1
FNH:0
FNDA:0,(anonymous_0)
DA:1,2
DA:3,2
DA:4,0
DA:7,2
LF:4
LH:3
BRDA:3,0,0,0
BRDA:4,1,0,0
BRDA:4,1,1,0
BRF:3
BRH:0
end_of_record
TN:
SF:src\utils\errors.js
FN:70,(anonymous_0)
FN:78,(anonymous_1)
FN:84,(anonymous_2)
FN:90,(anonymous_3)
FN:96,(anonymous_4)
FN:102,(anonymous_5)
FN:108,(anonymous_6)
FN:114,(anonymous_7)
FN:120,(anonymous_8)
FN:126,(anonymous_9)
FNF:10
FNH:3
FNDA:4,(anonymous_0)
FNDA:3,(anonymous_1)
FNDA:1,(anonymous_2)
FNDA:0,(anonymous_3)
FNDA:0,(anonymous_4)
FNDA:0,(anonymous_5)
FNDA:0,(anonymous_6)
FNDA:0,(anonymous_7)
FNDA:0,(anonymous_8)
FNDA:0,(anonymous_9)
DA:67,3
DA:71,4
DA:72,4
DA:73,4
DA:79,3
DA:85,1
DA:91,0
DA:97,0
DA:103,0
DA:109,0
DA:115,0
DA:121,0
DA:127,0
DA:131,3
LF:14
LH:7
BRDA:70,0,0,0
BRDA:70,1,0,0
BRDA:78,2,0,0
BRDA:84,3,0,0
BRDA:90,4,0,0
BRDA:96,5,0,0
BRDA:102,6,0,0
BRDA:108,7,0,0
BRDA:114,8,0,0
BRDA:120,9,0,0
BRDA:126,10,0,0
BRF:11
BRH:0
end_of_record
TN:
SF:src\utils\jwt.js
FN:5,(anonymous_0)
FN:11,(anonymous_1)
FNF:2
FNH:0
FNDA:0,(anonymous_0)
FNDA:0,(anonymous_1)
DA:2,2
DA:3,2
DA:5,2
DA:6,0
DA:11,2
DA:12,0
DA:15,2
LF:7
LH:5
BRDA:7,0,0,0
BRDA:7,0,1,0
BRF:2
BRH:0
end_of_record
TN:
SF:src\utils\mailTemplate.js
FN:1,(anonymous_0)
FNF:1
FNH:1
FNDA:2,(anonymous_0)
DA:1,2
DA:2,2
DA:5,2
LF:3
LH:3
BRF:0
BRH:0
end_of_record
TN:
SF:src\utils\settingsUtil.js
FN:4,(anonymous_0)
FN:8,(anonymous_1)
FNF:2
FNH:2
FNDA:3,(anonymous_0)
FNDA:4,(anonymous_1)
DA:2,3
DA:4,3
DA:5,3
DA:7,3
DA:8,4
DA:11,3
DA:17,3
LF:7
LH:7
BRDA:8,0,0,2
BRDA:8,0,1,2
BRDA:12,1,0,3
BRDA:12,1,1,1
BRDA:13,2,0,3
BRDA:13,2,1,1
BRF:6
BRH:6
end_of_record
